[0.018s] Invoking command in '/home/maryam-mahmood/sdaadof_ws/build/daadbot_controller': CMAKE_PREFIX_PATH=${CMAKE_PREFIX_PATH}:/opt/ros/jazzy DEBUGINFOD_URLS=https://debuginfod.ubuntu.com /usr/bin/cmake /home/maryam-mahmood/sdaadof_ws/src/daadbot_controller -DCMAKE_INSTALL_PREFIX=/home/maryam-mahmood/sdaadof_ws/install/daadbot_controller
[0.104s] -- The C compiler identification is GNU 13.3.0
[0.174s] -- The CXX compiler identification is GNU 13.3.0
[0.191s] -- Detecting C compiler ABI info
[0.265s] -- Detecting C compiler ABI info - done
[0.272s] -- Check for working C compiler: /usr/bin/cc - skipped
[0.272s] -- Detecting C compile features
[0.273s] -- Detecting C compile features - done
[0.281s] -- Detecting CXX compiler ABI info
[0.361s] -- Detecting CXX compiler ABI info - done
[0.367s] -- Check for working CXX compiler: /usr/bin/c++ - skipped
[0.368s] -- Detecting CXX compile features
[0.368s] -- Detecting CXX compile features - done
[0.373s] -- Found ament_cmake: 2.5.3 (/opt/ros/jazzy/share/ament_cmake/cmake)
[0.489s] -- Found Python3: /usr/bin/python3 (found version "3.12.3") found components: Interpreter 
[0.575s] -- Found ament_lint_auto: 0.17.1 (/opt/ros/jazzy/share/ament_lint_auto/cmake)
[0.657s] -- Added test 'lint_cmake' to check CMake code style
[0.658s] -- Added test 'xmllint' to check XML markup files
[0.659s] -- Configuring done (0.6s)
[0.660s] -- Generating done (0.0s)
[0.661s] -- Build files have been written to: /home/maryam-mahmood/sdaadof_ws/build/daadbot_controller
[0.665s] Invoked command in '/home/maryam-mahmood/sdaadof_ws/build/daadbot_controller' returned '0': CMAKE_PREFIX_PATH=${CMAKE_PREFIX_PATH}:/opt/ros/jazzy DEBUGINFOD_URLS=https://debuginfod.ubuntu.com /usr/bin/cmake /home/maryam-mahmood/sdaadof_ws/src/daadbot_controller -DCMAKE_INSTALL_PREFIX=/home/maryam-mahmood/sdaadof_ws/install/daadbot_controller
[0.666s] Invoking command in '/home/maryam-mahmood/sdaadof_ws/build/daadbot_controller': CMAKE_PREFIX_PATH=${CMAKE_PREFIX_PATH}:/opt/ros/jazzy DEBUGINFOD_URLS=https://debuginfod.ubuntu.com /usr/bin/cmake --build /home/maryam-mahmood/sdaadof_ws/build/daadbot_controller -- -j24 -l24
[0.700s] Invoked command in '/home/maryam-mahmood/sdaadof_ws/build/daadbot_controller' returned '0': CMAKE_PREFIX_PATH=${CMAKE_PREFIX_PATH}:/opt/ros/jazzy DEBUGINFOD_URLS=https://debuginfod.ubuntu.com /usr/bin/cmake --build /home/maryam-mahmood/sdaadof_ws/build/daadbot_controller -- -j24 -l24
[0.701s] Invoking command in '/home/maryam-mahmood/sdaadof_ws/build/daadbot_controller': CMAKE_PREFIX_PATH=${CMAKE_PREFIX_PATH}:/opt/ros/jazzy DEBUGINFOD_URLS=https://debuginfod.ubuntu.com /usr/bin/cmake --install /home/maryam-mahmood/sdaadof_ws/build/daadbot_controller
[0.708s] -- Install configuration: ""
[0.708s] -- Installing: /home/maryam-mahmood/sdaadof_ws/install/daadbot_controller/share/ament_index/resource_index/package_run_dependencies/daadbot_controller
[0.709s] -- Installing: /home/maryam-mahmood/sdaadof_ws/install/daadbot_controller/share/ament_index/resource_index/parent_prefix_path/daadbot_controller
[0.709s] -- Installing: /home/maryam-mahmood/sdaadof_ws/install/daadbot_controller/share/daadbot_controller/environment/ament_prefix_path.sh
[0.709s] -- Installing: /home/maryam-mahmood/sdaadof_ws/install/daadbot_controller/share/daadbot_controller/environment/ament_prefix_path.dsv
[0.709s] -- Installing: /home/maryam-mahmood/sdaadof_ws/install/daadbot_controller/share/daadbot_controller/environment/path.sh
[0.709s] -- Installing: /home/maryam-mahmood/sdaadof_ws/install/daadbot_controller/share/daadbot_controller/environment/path.dsv
[0.709s] -- Installing: /home/maryam-mahmood/sdaadof_ws/install/daadbot_controller/share/daadbot_controller/local_setup.bash
[0.709s] -- Installing: /home/maryam-mahmood/sdaadof_ws/install/daadbot_controller/share/daadbot_controller/local_setup.sh
[0.709s] -- Installing: /home/maryam-mahmood/sdaadof_ws/install/daadbot_controller/share/daadbot_controller/local_setup.zsh
[0.709s] -- Installing: /home/maryam-mahmood/sdaadof_ws/install/daadbot_controller/share/daadbot_controller/local_setup.dsv
[0.710s] -- Installing: /home/maryam-mahmood/sdaadof_ws/install/daadbot_controller/share/daadbot_controller/package.dsv
[0.710s] -- Installing: /home/maryam-mahmood/sdaadof_ws/install/daadbot_controller/share/ament_index/resource_index/packages/daadbot_controller
[0.710s] -- Installing: /home/maryam-mahmood/sdaadof_ws/install/daadbot_controller/share/daadbot_controller/cmake/daadbot_controllerConfig.cmake
[0.710s] -- Installing: /home/maryam-mahmood/sdaadof_ws/install/daadbot_controller/share/daadbot_controller/cmake/daadbot_controllerConfig-version.cmake
[0.710s] -- Installing: /home/maryam-mahmood/sdaadof_ws/install/daadbot_controller/share/daadbot_controller/package.xml
[0.710s] Invoked command in '/home/maryam-mahmood/sdaadof_ws/build/daadbot_controller' returned '0': CMAKE_PREFIX_PATH=${CMAKE_PREFIX_PATH}:/opt/ros/jazzy DEBUGINFOD_URLS=https://debuginfod.ubuntu.com /usr/bin/cmake --install /home/maryam-mahmood/sdaadof_ws/build/daadbot_controller
