[0.028s] Invoking command in '/home/maryam-mahmood/sdaadof_ws/build/daadbot_desc': CMAKE_PREFIX_PATH=${CMAKE_PREFIX_PATH}:/opt/ros/jazzy DEBUGINFOD_URLS=https://debuginfod.ubuntu.com /usr/bin/cmake --build /home/maryam-mahmood/sdaadof_ws/build/daadbot_desc -- -j24 -l24
[0.497s] Invoked command in '/home/maryam-mahmood/sdaadof_ws/build/daadbot_desc' returned '0': CMAKE_PREFIX_PATH=${CMAKE_PREFIX_PATH}:/opt/ros/jazzy DEBUGINFOD_URLS=https://debuginfod.ubuntu.com /usr/bin/cmake --build /home/maryam-mahmood/sdaadof_ws/build/daadbot_desc -- -j24 -l24
[0.499s] Invoking command in '/home/maryam-mahmood/sdaadof_ws/build/daadbot_desc': CMAKE_PREFIX_PATH=${CMAKE_PREFIX_PATH}:/opt/ros/jazzy DEBUGINFOD_URLS=https://debuginfod.ubuntu.com /usr/bin/cmake --install /home/maryam-mahmood/sdaadof_ws/build/daadbot_desc
[0.524s] -- Install configuration: ""
[0.527s] -- Up-to-date: /home/maryam-mahmood/sdaadof_ws/install/daadbot_desc/share/daadbot_desc/meshes
[0.527s] -- Up-to-date: /home/maryam-mahmood/sdaadof_ws/install/daadbot_desc/share/daadbot_desc/meshes/link_6.STL
[0.527s] -- Up-to-date: /home/maryam-mahmood/sdaadof_ws/install/daadbot_desc/share/daadbot_desc/meshes/base_claw_link1.STL
[0.528s] -- Up-to-date: /home/maryam-mahmood/sdaadof_ws/install/daadbot_desc/share/daadbot_desc/meshes/Link_2.STL
[0.528s] -- Up-to-date: /home/maryam-mahmood/sdaadof_ws/install/daadbot_desc/share/daadbot_desc/meshes/base_link.STL
[0.528s] -- Up-to-date: /home/maryam-mahmood/sdaadof_ws/install/daadbot_desc/share/daadbot_desc/meshes/gear2_link.STL
[0.528s] -- Up-to-date: /home/maryam-mahmood/sdaadof_ws/install/daadbot_desc/share/daadbot_desc/meshes/gear1.STL
[0.528s] -- Up-to-date: /home/maryam-mahmood/sdaadof_ws/install/daadbot_desc/share/daadbot_desc/meshes/Link_3.STL
[0.528s] -- Up-to-date: /home/maryam-mahmood/sdaadof_ws/install/daadbot_desc/share/daadbot_desc/meshes/Link_7.STL
[0.528s] -- Up-to-date: /home/maryam-mahmood/sdaadof_ws/install/daadbot_desc/share/daadbot_desc/meshes/Link_5.STL
[0.529s] -- Up-to-date: /home/maryam-mahmood/sdaadof_ws/install/daadbot_desc/share/daadbot_desc/meshes/Link_4.STL
[0.529s] -- Up-to-date: /home/maryam-mahmood/sdaadof_ws/install/daadbot_desc/share/daadbot_desc/meshes/base_claw_link2.STL
[0.529s] -- Up-to-date: /home/maryam-mahmood/sdaadof_ws/install/daadbot_desc/share/daadbot_desc/meshes/gear1_claw.STL
[0.529s] -- Up-to-date: /home/maryam-mahmood/sdaadof_ws/install/daadbot_desc/share/daadbot_desc/meshes/Link_1.STL
[0.529s] -- Up-to-date: /home/maryam-mahmood/sdaadof_ws/install/daadbot_desc/share/daadbot_desc/meshes/gear2_claw.STL
[0.529s] -- Up-to-date: /home/maryam-mahmood/sdaadof_ws/install/daadbot_desc/share/daadbot_desc/meshes/endeffector.STL
[0.529s] -- Up-to-date: /home/maryam-mahmood/sdaadof_ws/install/daadbot_desc/share/daadbot_desc/urdf
[0.530s] -- Up-to-date: /home/maryam-mahmood/sdaadof_ws/install/daadbot_desc/share/daadbot_desc/urdf/final_7dof_urdf_9oct2024.urdf
[0.530s] -- Up-to-date: /home/maryam-mahmood/sdaadof_ws/install/daadbot_desc/share/daadbot_desc/urdf/daadbotrviz.urdf.xacro
[0.530s] -- Up-to-date: /home/maryam-mahmood/sdaadof_ws/install/daadbot_desc/share/daadbot_desc/urdf/daadbot.urdf.xacro
[0.530s] -- Up-to-date: /home/maryam-mahmood/sdaadof_ws/install/daadbot_desc/share/daadbot_desc/urdf/without_control.urdf.xacro
[0.530s] -- Up-to-date: /home/maryam-mahmood/sdaadof_ws/install/daadbot_desc/share/daadbot_desc/urdf/daadbot_gazebo.xacro
[0.530s] -- Up-to-date: /home/maryam-mahmood/sdaadof_ws/install/daadbot_desc/share/daadbot_desc/urdf/daadbot_ros2_control.xacro
[0.532s] -- Up-to-date: /home/maryam-mahmood/sdaadof_ws/install/daadbot_desc/share/daadbot_desc/urdf/four_dof.urdf.xacro
[0.532s] -- Up-to-date: /home/maryam-mahmood/sdaadof_ws/install/daadbot_desc/share/daadbot_desc/urdf/previous_full.urdf.xacro
[0.533s] -- Up-to-date: /home/maryam-mahmood/sdaadof_ws/install/daadbot_desc/share/daadbot_desc/launch
[0.533s] -- Up-to-date: /home/maryam-mahmood/sdaadof_ws/install/daadbot_desc/share/daadbot_desc/launch/gazebo.launch.py
[0.533s] -- Up-to-date: /home/maryam-mahmood/sdaadof_ws/install/daadbot_desc/share/daadbot_desc/launch/display.launch.py
[0.533s] -- Up-to-date: /home/maryam-mahmood/sdaadof_ws/install/daadbot_desc/share/daadbot_desc/rviz
[0.534s] -- Up-to-date: /home/maryam-mahmood/sdaadof_ws/install/daadbot_desc/share/daadbot_desc/rviz/display.rviz
[0.534s] -- Up-to-date: /home/maryam-mahmood/sdaadof_ws/install/daadbot_desc/share/ament_index/resource_index/package_run_dependencies/daadbot_desc
[0.534s] -- Up-to-date: /home/maryam-mahmood/sdaadof_ws/install/daadbot_desc/share/ament_index/resource_index/parent_prefix_path/daadbot_desc
[0.534s] -- Up-to-date: /home/maryam-mahmood/sdaadof_ws/install/daadbot_desc/share/daadbot_desc/environment/ament_prefix_path.sh
[0.535s] -- Up-to-date: /home/maryam-mahmood/sdaadof_ws/install/daadbot_desc/share/daadbot_desc/environment/ament_prefix_path.dsv
[0.535s] -- Up-to-date: /home/maryam-mahmood/sdaadof_ws/install/daadbot_desc/share/daadbot_desc/environment/path.sh
[0.535s] -- Up-to-date: /home/maryam-mahmood/sdaadof_ws/install/daadbot_desc/share/daadbot_desc/environment/path.dsv
[0.536s] -- Up-to-date: /home/maryam-mahmood/sdaadof_ws/install/daadbot_desc/share/daadbot_desc/local_setup.bash
[0.536s] -- Up-to-date: /home/maryam-mahmood/sdaadof_ws/install/daadbot_desc/share/daadbot_desc/local_setup.sh
[0.536s] -- Up-to-date: /home/maryam-mahmood/sdaadof_ws/install/daadbot_desc/share/daadbot_desc/local_setup.zsh
[0.537s] -- Up-to-date: /home/maryam-mahmood/sdaadof_ws/install/daadbot_desc/share/daadbot_desc/local_setup.dsv
[0.537s] -- Installing: /home/maryam-mahmood/sdaadof_ws/install/daadbot_desc/share/daadbot_desc/package.dsv
[0.537s] -- Up-to-date: /home/maryam-mahmood/sdaadof_ws/install/daadbot_desc/share/ament_index/resource_index/packages/daadbot_desc
[0.537s] -- Up-to-date: /home/maryam-mahmood/sdaadof_ws/install/daadbot_desc/share/daadbot_desc/cmake/daadbot_descConfig.cmake
[0.537s] -- Up-to-date: /home/maryam-mahmood/sdaadof_ws/install/daadbot_desc/share/daadbot_desc/cmake/daadbot_descConfig-version.cmake
[0.537s] -- Up-to-date: /home/maryam-mahmood/sdaadof_ws/install/daadbot_desc/share/daadbot_desc/package.xml
[0.595s] Invoked command in '/home/maryam-mahmood/sdaadof_ws/build/daadbot_desc' returned '0': CMAKE_PREFIX_PATH=${CMAKE_PREFIX_PATH}:/opt/ros/jazzy DEBUGINFOD_URLS=https://debuginfod.ubuntu.com /usr/bin/cmake --install /home/maryam-mahmood/sdaadof_ws/build/daadbot_desc
