[ 50%] [32mBuilding CXX object CMakeFiles/simple_publisher.dir/src/simple_publisher.cpp.o[0m
[100%] [32m[1mLinking CXX executable simple_publisher[0m
[100%] Built target simple_publisher
-- Install configuration: ""
-- Installing: /home/maryam-mahmood/sdaadof_ws/install/some_examples_cpp/lib/some_examples_cpp/simple_publisher
-- Set non-toolchain portion of runtime path of "/home/maryam-mahmood/sdaadof_ws/install/some_examples_cpp/lib/some_examples_cpp/simple_publisher" to ""
-- Installing: /home/maryam-mahmood/sdaadof_ws/install/some_examples_cpp/share/ament_index/resource_index/package_run_dependencies/some_examples_cpp
-- Installing: /home/maryam-mahmood/sdaadof_ws/install/some_examples_cpp/share/ament_index/resource_index/parent_prefix_path/some_examples_cpp
-- Up-to-date: /home/maryam-mahmood/sdaadof_ws/install/some_examples_cpp/share/some_examples_cpp/environment/ament_prefix_path.sh
-- Up-to-date: /home/maryam-mahmood/sdaadof_ws/install/some_examples_cpp/share/some_examples_cpp/environment/ament_prefix_path.dsv
-- Up-to-date: /home/maryam-mahmood/sdaadof_ws/install/some_examples_cpp/share/some_examples_cpp/environment/path.sh
-- Up-to-date: /home/maryam-mahmood/sdaadof_ws/install/some_examples_cpp/share/some_examples_cpp/environment/path.dsv
-- Up-to-date: /home/maryam-mahmood/sdaadof_ws/install/some_examples_cpp/share/some_examples_cpp/local_setup.bash
-- Up-to-date: /home/maryam-mahmood/sdaadof_ws/install/some_examples_cpp/share/some_examples_cpp/local_setup.sh
-- Up-to-date: /home/maryam-mahmood/sdaadof_ws/install/some_examples_cpp/share/some_examples_cpp/local_setup.zsh
-- Up-to-date: /home/maryam-mahmood/sdaadof_ws/install/some_examples_cpp/share/some_examples_cpp/local_setup.dsv
-- Installing: /home/maryam-mahmood/sdaadof_ws/install/some_examples_cpp/share/some_examples_cpp/package.dsv
-- Up-to-date: /home/maryam-mahmood/sdaadof_ws/install/some_examples_cpp/share/ament_index/resource_index/packages/some_examples_cpp
-- Up-to-date: /home/maryam-mahmood/sdaadof_ws/install/some_examples_cpp/share/some_examples_cpp/cmake/some_examples_cppConfig.cmake
-- Up-to-date: /home/maryam-mahmood/sdaadof_ws/install/some_examples_cpp/share/some_examples_cpp/cmake/some_examples_cppConfig-version.cmake
-- Installing: /home/maryam-mahmood/sdaadof_ws/install/some_examples_cpp/share/some_examples_cpp/package.xml
