running egg_info
writing ../../build/some_examples_py/some_examples_py.egg-info/PKG-INFO
writing dependency_links to ../../build/some_examples_py/some_examples_py.egg-info/dependency_links.txt
writing requirements to ../../build/some_examples_py/some_examples_py.egg-info/requires.txt
writing top-level names to ../../build/some_examples_py/some_examples_py.egg-info/top_level.txt
reading manifest file '../../build/some_examples_py/some_examples_py.egg-info/SOURCES.txt'
writing manifest file '../../build/some_examples_py/some_examples_py.egg-info/SOURCES.txt'
running build
running build_py
copying some_examples_py/simple_publisher.py -> /home/maryam-mahmood/sdaadof_ws/build/some_examples_py/build/lib/some_examples_py
running install
running install_lib
copying /home/maryam-mahmood/sdaadof_ws/build/some_examples_py/build/lib/some_examples_py/simple_publisher.py -> /home/maryam-mahmood/sdaadof_ws/install/some_examples_py/lib/python3.12/site-packages/some_examples_py
byte-compiling /home/maryam-mahmood/sdaadof_ws/install/some_examples_py/lib/python3.12/site-packages/some_examples_py/simple_publisher.py to simple_publisher.cpython-312.pyc
running install_data
running install_egg_info
removing '/home/maryam-mahmood/sdaadof_ws/install/some_examples_py/lib/python3.12/site-packages/some_examples_py-0.0.0-py3.12.egg-info' (and everything under it)
Copying ../../build/some_examples_py/some_examples_py.egg-info to /home/maryam-mahmood/sdaadof_ws/install/some_examples_py/lib/python3.12/site-packages/some_examples_py-0.0.0-py3.12.egg-info
running install_scripts
writing list of installed files to '/home/maryam-mahmood/sdaadof_ws/build/some_examples_py/install.log'
