[0.529s] Invoking command in '/home/maryam-mahmood/sdaadof_ws/src/some_examples_py': DEBUGINFOD_URLS=https://debuginfod.ubuntu.com PYTHONPATH=/home/maryam-mahmood/sdaadof_ws/build/some_examples_py/prefix_override:/usr/lib/python3/dist-packages/colcon_core/task/python/colcon_distutils_commands:/home/maryam-mahmood/sdaadof_ws/install/some_examples_py/lib/python3.12/site-packages:${PYTHONPATH} /usr/bin/python3 -W ignore:setup.py install is deprecated -W ignore:easy_install command is deprecated setup.py egg_info --egg-base ../../build/some_examples_py build --build-base /home/maryam-mahmood/sdaadof_ws/build/some_examples_py/build install --record /home/maryam-mahmood/sdaadof_ws/build/some_examples_py/install.log --single-version-externally-managed install_data
[0.702s] running egg_info
[0.714s] writing ../../build/some_examples_py/some_examples_py.egg-info/PKG-INFO
[0.714s] writing dependency_links to ../../build/some_examples_py/some_examples_py.egg-info/dependency_links.txt
[0.714s] writing requirements to ../../build/some_examples_py/some_examples_py.egg-info/requires.txt
[0.714s] writing top-level names to ../../build/some_examples_py/some_examples_py.egg-info/top_level.txt
[0.739s] reading manifest file '../../build/some_examples_py/some_examples_py.egg-info/SOURCES.txt'
[0.739s] writing manifest file '../../build/some_examples_py/some_examples_py.egg-info/SOURCES.txt'
[0.739s] running build
[0.740s] running build_py
[0.740s] copying some_examples_py/simple_publisher.py -> /home/maryam-mahmood/sdaadof_ws/build/some_examples_py/build/lib/some_examples_py
[0.740s] running install
[0.744s] running install_lib
[0.756s] copying /home/maryam-mahmood/sdaadof_ws/build/some_examples_py/build/lib/some_examples_py/simple_publisher.py -> /home/maryam-mahmood/sdaadof_ws/install/some_examples_py/lib/python3.12/site-packages/some_examples_py
[0.756s] byte-compiling /home/maryam-mahmood/sdaadof_ws/install/some_examples_py/lib/python3.12/site-packages/some_examples_py/simple_publisher.py to simple_publisher.cpython-312.pyc
[0.757s] running install_data
[0.757s] running install_egg_info
[0.770s] removing '/home/maryam-mahmood/sdaadof_ws/install/some_examples_py/lib/python3.12/site-packages/some_examples_py-0.0.0-py3.12.egg-info' (and everything under it)
[0.770s] Copying ../../build/some_examples_py/some_examples_py.egg-info to /home/maryam-mahmood/sdaadof_ws/install/some_examples_py/lib/python3.12/site-packages/some_examples_py-0.0.0-py3.12.egg-info
[0.770s] running install_scripts
[0.853s] writing list of installed files to '/home/maryam-mahmood/sdaadof_ws/build/some_examples_py/install.log'
[0.868s] Invoked command in '/home/maryam-mahmood/sdaadof_ws/src/some_examples_py' returned '0': DEBUGINFOD_URLS=https://debuginfod.ubuntu.com PYTHONPATH=/home/maryam-mahmood/sdaadof_ws/build/some_examples_py/prefix_override:/usr/lib/python3/dist-packages/colcon_core/task/python/colcon_distutils_commands:/home/maryam-mahmood/sdaadof_ws/install/some_examples_py/lib/python3.12/site-packages:${PYTHONPATH} /usr/bin/python3 -W ignore:setup.py install is deprecated -W ignore:easy_install command is deprecated setup.py egg_info --egg-base ../../build/some_examples_py build --build-base /home/maryam-mahmood/sdaadof_ws/build/some_examples_py/build install --record /home/maryam-mahmood/sdaadof_ws/build/some_examples_py/install.log --single-version-externally-managed install_data
