[2.135s] Invoking command in '/home/maryam-mahmood/sdaadof_ws/src/some_examples_py': DEBUGINFOD_URLS=https://debuginfod.ubuntu.com PYTHONPATH=/home/maryam-mahmood/sdaadof_ws/build/some_examples_py/prefix_override:/usr/lib/python3/dist-packages/colcon_core/task/python/colcon_distutils_commands:/home/maryam-mahmood/sdaadof_ws/install/some_examples_py/lib/python3.12/site-packages:${PYTHONPATH} /usr/bin/python3 -W ignore:setup.py install is deprecated -W ignore:easy_install command is deprecated setup.py egg_info --egg-base ../../build/some_examples_py build --build-base /home/maryam-mahmood/sdaadof_ws/build/some_examples_py/build install --record /home/maryam-mahmood/sdaadof_ws/build/some_examples_py/install.log --single-version-externally-managed install_data
[2.737s] running egg_info
[2.786s] writing ../../build/some_examples_py/some_examples_py.egg-info/PKG-INFO
[2.787s] writing dependency_links to ../../build/some_examples_py/some_examples_py.egg-info/dependency_links.txt
[2.787s] writing entry points to ../../build/some_examples_py/some_examples_py.egg-info/entry_points.txt
[2.787s] writing requirements to ../../build/some_examples_py/some_examples_py.egg-info/requires.txt
[2.787s] writing top-level names to ../../build/some_examples_py/some_examples_py.egg-info/top_level.txt
[2.901s] reading manifest file '../../build/some_examples_py/some_examples_py.egg-info/SOURCES.txt'
[2.902s] writing manifest file '../../build/some_examples_py/some_examples_py.egg-info/SOURCES.txt'
[2.902s] running build
[2.902s] running build_py
[2.902s] running install
[2.913s] running install_lib
[2.961s] running install_data
[2.961s] running install_egg_info
[3.057s] removing '/home/maryam-mahmood/sdaadof_ws/install/some_examples_py/lib/python3.12/site-packages/some_examples_py-0.0.0-py3.12.egg-info' (and everything under it)
[3.058s] Copying ../../build/some_examples_py/some_examples_py.egg-info to /home/maryam-mahmood/sdaadof_ws/install/some_examples_py/lib/python3.12/site-packages/some_examples_py-0.0.0-py3.12.egg-info
[3.060s] running install_scripts
[3.418s] Installing simple_publisher script to /home/maryam-mahmood/sdaadof_ws/install/some_examples_py/lib/some_examples_py
[3.418s] writing list of installed files to '/home/maryam-mahmood/sdaadof_ws/build/some_examples_py/install.log'
[3.457s] Invoked command in '/home/maryam-mahmood/sdaadof_ws/src/some_examples_py' returned '0': DEBUGINFOD_URLS=https://debuginfod.ubuntu.com PYTHONPATH=/home/maryam-mahmood/sdaadof_ws/build/some_examples_py/prefix_override:/usr/lib/python3/dist-packages/colcon_core/task/python/colcon_distutils_commands:/home/maryam-mahmood/sdaadof_ws/install/some_examples_py/lib/python3.12/site-packages:${PYTHONPATH} /usr/bin/python3 -W ignore:setup.py install is deprecated -W ignore:easy_install command is deprecated setup.py egg_info --egg-base ../../build/some_examples_py build --build-base /home/maryam-mahmood/sdaadof_ws/build/some_examples_py/build install --record /home/maryam-mahmood/sdaadof_ws/build/some_examples_py/install.log --single-version-externally-managed install_data
