[0.010s] Invoking command in '/home/maryam-mahmood/sdaadof_ws/build/some_examples_cpp': CMAKE_PREFIX_PATH=${CMAKE_PREFIX_PATH}:/opt/ros/jazzy DEBUGINFOD_URLS=https://debuginfod.ubuntu.com /usr/bin/cmake /home/maryam-mahmood/sdaadof_ws/src/some_examples_cpp -DCMAKE_INSTALL_PREFIX=/home/maryam-mahmood/sdaadof_ws/install/some_examples_cpp
[0.131s] -- The C compiler identification is GNU 13.3.0
[0.221s] -- The CXX compiler identification is GNU 13.3.0
[0.241s] -- Detecting C compiler ABI info
[0.321s] -- Detecting C compiler ABI info - done
[0.330s] -- Check for working C compiler: /usr/bin/cc - skipped
[0.330s] -- Detecting C compile features
[0.331s] -- Detecting C compile features - done
[0.340s] -- Detecting CXX compiler ABI info
[0.427s] -- Detecting CXX compiler ABI info - done
[0.434s] -- Check for working CXX compiler: /usr/bin/c++ - skipped
[0.434s] -- Detecting CXX compile features
[0.434s] -- Detecting CXX compile features - done
[0.441s] -- Found ament_cmake: 2.5.3 (/opt/ros/jazzy/share/ament_cmake/cmake)
[0.575s] -- Found Python3: /usr/bin/python3 (found version "3.12.3") found components: Interpreter 
[0.675s] -- Found ament_lint_auto: 0.17.1 (/opt/ros/jazzy/share/ament_lint_auto/cmake)
[0.758s] -- Added test 'lint_cmake' to check CMake code style
[0.759s] -- Added test 'xmllint' to check XML markup files
[0.760s] -- Configuring done (0.7s)
[0.762s] -- Generating done (0.0s)
[0.763s] -- Build files have been written to: /home/maryam-mahmood/sdaadof_ws/build/some_examples_cpp
[0.766s] Invoked command in '/home/maryam-mahmood/sdaadof_ws/build/some_examples_cpp' returned '0': CMAKE_PREFIX_PATH=${CMAKE_PREFIX_PATH}:/opt/ros/jazzy DEBUGINFOD_URLS=https://debuginfod.ubuntu.com /usr/bin/cmake /home/maryam-mahmood/sdaadof_ws/src/some_examples_cpp -DCMAKE_INSTALL_PREFIX=/home/maryam-mahmood/sdaadof_ws/install/some_examples_cpp
[0.767s] Invoking command in '/home/maryam-mahmood/sdaadof_ws/build/some_examples_cpp': CMAKE_PREFIX_PATH=${CMAKE_PREFIX_PATH}:/opt/ros/jazzy DEBUGINFOD_URLS=https://debuginfod.ubuntu.com /usr/bin/cmake --build /home/maryam-mahmood/sdaadof_ws/build/some_examples_cpp -- -j24 -l24
[0.799s] Invoked command in '/home/maryam-mahmood/sdaadof_ws/build/some_examples_cpp' returned '0': CMAKE_PREFIX_PATH=${CMAKE_PREFIX_PATH}:/opt/ros/jazzy DEBUGINFOD_URLS=https://debuginfod.ubuntu.com /usr/bin/cmake --build /home/maryam-mahmood/sdaadof_ws/build/some_examples_cpp -- -j24 -l24
[0.805s] Invoking command in '/home/maryam-mahmood/sdaadof_ws/build/some_examples_cpp': CMAKE_PREFIX_PATH=${CMAKE_PREFIX_PATH}:/opt/ros/jazzy DEBUGINFOD_URLS=https://debuginfod.ubuntu.com /usr/bin/cmake --install /home/maryam-mahmood/sdaadof_ws/build/some_examples_cpp
[0.814s] -- Install configuration: ""
[0.814s] -- Installing: /home/maryam-mahmood/sdaadof_ws/install/some_examples_cpp/share/ament_index/resource_index/package_run_dependencies/some_examples_cpp
[0.814s] -- Installing: /home/maryam-mahmood/sdaadof_ws/install/some_examples_cpp/share/ament_index/resource_index/parent_prefix_path/some_examples_cpp
[0.814s] -- Installing: /home/maryam-mahmood/sdaadof_ws/install/some_examples_cpp/share/some_examples_cpp/environment/ament_prefix_path.sh
[0.814s] -- Installing: /home/maryam-mahmood/sdaadof_ws/install/some_examples_cpp/share/some_examples_cpp/environment/ament_prefix_path.dsv
[0.814s] -- Installing: /home/maryam-mahmood/sdaadof_ws/install/some_examples_cpp/share/some_examples_cpp/environment/path.sh
[0.814s] -- Installing: /home/maryam-mahmood/sdaadof_ws/install/some_examples_cpp/share/some_examples_cpp/environment/path.dsv
[0.814s] -- Installing: /home/maryam-mahmood/sdaadof_ws/install/some_examples_cpp/share/some_examples_cpp/local_setup.bash
[0.814s] -- Installing: /home/maryam-mahmood/sdaadof_ws/install/some_examples_cpp/share/some_examples_cpp/local_setup.sh
[0.814s] -- Installing: /home/maryam-mahmood/sdaadof_ws/install/some_examples_cpp/share/some_examples_cpp/local_setup.zsh
[0.814s] -- Installing: /home/maryam-mahmood/sdaadof_ws/install/some_examples_cpp/share/some_examples_cpp/local_setup.dsv
[0.814s] -- Installing: /home/maryam-mahmood/sdaadof_ws/install/some_examples_cpp/share/some_examples_cpp/package.dsv
[0.814s] -- Installing: /home/maryam-mahmood/sdaadof_ws/install/some_examples_cpp/share/ament_index/resource_index/packages/some_examples_cpp
[0.814s] -- Installing: /home/maryam-mahmood/sdaadof_ws/install/some_examples_cpp/share/some_examples_cpp/cmake/some_examples_cppConfig.cmake
[0.815s] -- Installing: /home/maryam-mahmood/sdaadof_ws/install/some_examples_cpp/share/some_examples_cpp/cmake/some_examples_cppConfig-version.cmake
[0.815s] -- Installing: /home/maryam-mahmood/sdaadof_ws/install/some_examples_cpp/share/some_examples_cpp/package.xml
[0.816s] Invoked command in '/home/maryam-mahmood/sdaadof_ws/build/some_examples_cpp' returned '0': CMAKE_PREFIX_PATH=${CMAKE_PREFIX_PATH}:/opt/ros/jazzy DEBUGINFOD_URLS=https://debuginfod.ubuntu.com /usr/bin/cmake --install /home/maryam-mahmood/sdaadof_ws/build/some_examples_cpp
