[0.013s] Invoking command in '/home/maryam-mahmood/sdaadof_ws/build/daadbot_desc': CMAKE_PREFIX_PATH=${CMAKE_PREFIX_PATH}:/home/maryam-mahmood/sdaadof_ws/install/some_examples_py:/opt/ros/jazzy DEBUGINFOD_URLS=https://debuginfod.ubuntu.com /usr/bin/cmake --build /home/maryam-mahmood/sdaadof_ws/build/daadbot_desc -- -j24 -l24
[0.033s] -- Found ament_cmake: 2.5.3 (/opt/ros/jazzy/share/ament_cmake/cmake)
[0.197s] -- Found ament_lint_auto: 0.17.1 (/opt/ros/jazzy/share/ament_lint_auto/cmake)
[0.261s] -- Added test 'lint_cmake' to check CMake code style
[0.261s] -- Added test 'xmllint' to check XML markup files
[0.262s] -- Configuring done (0.2s)
[0.263s] -- Generating done (0.0s)
[0.264s] -- Build files have been written to: /home/maryam-mahmood/sdaadof_ws/build/daadbot_desc
[0.282s] Invoked command in '/home/maryam-mahmood/sdaadof_ws/build/daadbot_desc' returned '0': CMAKE_PREFIX_PATH=${CMAKE_PREFIX_PATH}:/home/maryam-mahmood/sdaadof_ws/install/some_examples_py:/opt/ros/jazzy DEBUGINFOD_URLS=https://debuginfod.ubuntu.com /usr/bin/cmake --build /home/maryam-mahmood/sdaadof_ws/build/daadbot_desc -- -j24 -l24
[0.283s] Invoking command in '/home/maryam-mahmood/sdaadof_ws/build/daadbot_desc': CMAKE_PREFIX_PATH=${CMAKE_PREFIX_PATH}:/home/maryam-mahmood/sdaadof_ws/install/some_examples_py:/opt/ros/jazzy DEBUGINFOD_URLS=https://debuginfod.ubuntu.com /usr/bin/cmake --install /home/maryam-mahmood/sdaadof_ws/build/daadbot_desc
[0.292s] -- Install configuration: ""
[0.292s] -- Installing: /home/maryam-mahmood/sdaadof_ws/install/daadbot_desc/share/daadbot_desc/meshes
[0.292s] -- Installing: /home/maryam-mahmood/sdaadof_ws/install/daadbot_desc/share/daadbot_desc/meshes/link_6.STL
[0.292s] -- Installing: /home/maryam-mahmood/sdaadof_ws/install/daadbot_desc/share/daadbot_desc/meshes/base_claw_link1.STL
[0.292s] -- Installing: /home/maryam-mahmood/sdaadof_ws/install/daadbot_desc/share/daadbot_desc/meshes/Link_2.STL
[0.296s] -- Installing: /home/maryam-mahmood/sdaadof_ws/install/daadbot_desc/share/daadbot_desc/meshes/base_link.STL
[0.298s] -- Installing: /home/maryam-mahmood/sdaadof_ws/install/daadbot_desc/share/daadbot_desc/meshes/gear2_link.STL
[0.298s] -- Installing: /home/maryam-mahmood/sdaadof_ws/install/daadbot_desc/share/daadbot_desc/meshes/gear1.STL
[0.300s] -- Installing: /home/maryam-mahmood/sdaadof_ws/install/daadbot_desc/share/daadbot_desc/meshes/Link_3.STL
[0.300s] -- Installing: /home/maryam-mahmood/sdaadof_ws/install/daadbot_desc/share/daadbot_desc/meshes/Link_7.STL
[0.300s] -- Installing: /home/maryam-mahmood/sdaadof_ws/install/daadbot_desc/share/daadbot_desc/meshes/Link_5.STL
[0.300s] -- Installing: /home/maryam-mahmood/sdaadof_ws/install/daadbot_desc/share/daadbot_desc/meshes/Link_4.STL
[0.301s] -- Installing: /home/maryam-mahmood/sdaadof_ws/install/daadbot_desc/share/daadbot_desc/meshes/base_claw_link2.STL
[0.301s] -- Installing: /home/maryam-mahmood/sdaadof_ws/install/daadbot_desc/share/daadbot_desc/meshes/gear1_claw.STL
[0.301s] -- Installing: /home/maryam-mahmood/sdaadof_ws/install/daadbot_desc/share/daadbot_desc/meshes/Link_1.STL
[0.303s] -- Installing: /home/maryam-mahmood/sdaadof_ws/install/daadbot_desc/share/daadbot_desc/meshes/gear2_claw.STL
[0.303s] -- Installing: /home/maryam-mahmood/sdaadof_ws/install/daadbot_desc/share/daadbot_desc/meshes/endeffector.STL
[0.303s] -- Installing: /home/maryam-mahmood/sdaadof_ws/install/daadbot_desc/share/daadbot_desc/urdf
[0.303s] -- Installing: /home/maryam-mahmood/sdaadof_ws/install/daadbot_desc/share/daadbot_desc/urdf/final_7dof_urdf_9oct2024.urdf
[0.303s] -- Installing: /home/maryam-mahmood/sdaadof_ws/install/daadbot_desc/share/daadbot_desc/urdf/daadbot.urdf.xacro
[0.303s] -- Installing: /home/maryam-mahmood/sdaadof_ws/install/daadbot_desc/share/daadbot_desc/urdf/four_dof.urdf.xacro
[0.303s] -- Up-to-date: /home/maryam-mahmood/sdaadof_ws/install/daadbot_desc/share/ament_index/resource_index/package_run_dependencies/daadbot_desc
[0.303s] -- Up-to-date: /home/maryam-mahmood/sdaadof_ws/install/daadbot_desc/share/ament_index/resource_index/parent_prefix_path/daadbot_desc
[0.303s] -- Up-to-date: /home/maryam-mahmood/sdaadof_ws/install/daadbot_desc/share/daadbot_desc/environment/ament_prefix_path.sh
[0.303s] -- Up-to-date: /home/maryam-mahmood/sdaadof_ws/install/daadbot_desc/share/daadbot_desc/environment/ament_prefix_path.dsv
[0.303s] -- Up-to-date: /home/maryam-mahmood/sdaadof_ws/install/daadbot_desc/share/daadbot_desc/environment/path.sh
[0.303s] -- Up-to-date: /home/maryam-mahmood/sdaadof_ws/install/daadbot_desc/share/daadbot_desc/environment/path.dsv
[0.304s] -- Up-to-date: /home/maryam-mahmood/sdaadof_ws/install/daadbot_desc/share/daadbot_desc/local_setup.bash
[0.304s] -- Up-to-date: /home/maryam-mahmood/sdaadof_ws/install/daadbot_desc/share/daadbot_desc/local_setup.sh
[0.304s] -- Up-to-date: /home/maryam-mahmood/sdaadof_ws/install/daadbot_desc/share/daadbot_desc/local_setup.zsh
[0.304s] -- Up-to-date: /home/maryam-mahmood/sdaadof_ws/install/daadbot_desc/share/daadbot_desc/local_setup.dsv
[0.304s] -- Up-to-date: /home/maryam-mahmood/sdaadof_ws/install/daadbot_desc/share/daadbot_desc/package.dsv
[0.304s] -- Up-to-date: /home/maryam-mahmood/sdaadof_ws/install/daadbot_desc/share/ament_index/resource_index/packages/daadbot_desc
[0.304s] -- Up-to-date: /home/maryam-mahmood/sdaadof_ws/install/daadbot_desc/share/daadbot_desc/cmake/daadbot_descConfig.cmake
[0.305s] -- Up-to-date: /home/maryam-mahmood/sdaadof_ws/install/daadbot_desc/share/daadbot_desc/cmake/daadbot_descConfig-version.cmake
[0.305s] -- Up-to-date: /home/maryam-mahmood/sdaadof_ws/install/daadbot_desc/share/daadbot_desc/package.xml
[0.305s] Invoked command in '/home/maryam-mahmood/sdaadof_ws/build/daadbot_desc' returned '0': CMAKE_PREFIX_PATH=${CMAKE_PREFIX_PATH}:/home/maryam-mahmood/sdaadof_ws/install/some_examples_py:/opt/ros/jazzy DEBUGINFOD_URLS=https://debuginfod.ubuntu.com /usr/bin/cmake --install /home/maryam-mahmood/sdaadof_ws/build/daadbot_desc
