[0.010s] Invoking command in '/home/maryam-mahmood/sdaadof_ws/build/some_examples_cpp': CMAKE_PREFIX_PATH=${CMAKE_PREFIX_PATH}:/home/maryam-mahmood/sdaadof_ws/install/some_examples_py:/opt/ros/jazzy DEBUGINFOD_URLS=https://debuginfod.ubuntu.com /usr/bin/cmake --build /home/maryam-mahmood/sdaadof_ws/build/some_examples_cpp -- -j24 -l24
[0.029s] -- Found ament_cmake: 2.5.3 (/opt/ros/jazzy/share/ament_cmake/cmake)
[0.194s] -- Found rclcpp: 28.1.6 (/opt/ros/jazzy/share/rclcpp/cmake)
[0.239s] -- Found rosidl_generator_c: 4.6.5 (/opt/ros/jazzy/share/rosidl_generator_c/cmake)
[0.253s] -- Found rosidl_generator_cpp: 4.6.5 (/opt/ros/jazzy/share/rosidl_generator_cpp/cmake)
[0.271s] -- Using all available rosidl_typesupport_c: rosidl_typesupport_fastrtps_c;rosidl_typesupport_introspection_c
[0.289s] -- Using all available rosidl_typesupport_cpp: rosidl_typesupport_fastrtps_cpp;rosidl_typesupport_introspection_cpp
[0.375s] -- Found rmw_implementation_cmake: 7.3.1 (/opt/ros/jazzy/share/rmw_implementation_cmake/cmake)
[0.379s] -- Found rmw_fastrtps_cpp: 8.4.1 (/opt/ros/jazzy/share/rmw_fastrtps_cpp/cmake)
[0.466s] -- Found OpenSSL: /usr/lib/x86_64-linux-gnu/libcrypto.so (found version "3.0.13")  
[0.487s] -- Found FastRTPS: /opt/ros/jazzy/include (Required is at least version "2.13") 
[0.512s] -- Using RMW implementation 'rmw_fastrtps_cpp' as default
[0.584s] -- Found std_msgs: 5.3.5 (/opt/ros/jazzy/share/std_msgs/cmake)
[0.598s] [31mCMake Error at CMakeLists.txt:16 (install):
[0.598s]   install does not recognize sub-command TARGET
[0.598s] 
[0.598s] [0m
[0.598s] -- Found ament_lint_auto: 0.17.1 (/opt/ros/jazzy/share/ament_lint_auto/cmake)
[0.663s] -- Added test 'cppcheck' to perform static code analysis on C / C++ code
[0.663s] -- Configured cppcheck include dirs: 
[0.663s] -- Configured cppcheck exclude dirs and/or files: 
[0.663s] -- Added test 'lint_cmake' to check CMake code style
[0.664s] -- Added test 'uncrustify' to check C / C++ code style
[0.664s] -- Configured uncrustify additional arguments: 
[0.664s] -- Added test 'xmllint' to check XML markup files
[0.665s] -- Configuring incomplete, errors occurred!
[0.670s] gmake: *** [Makefile:226: cmake_check_build_system] Error 1
[0.671s] Invoked command in '/home/maryam-mahmood/sdaadof_ws/build/some_examples_cpp' returned '2': CMAKE_PREFIX_PATH=${CMAKE_PREFIX_PATH}:/home/maryam-mahmood/sdaadof_ws/install/some_examples_py:/opt/ros/jazzy DEBUGINFOD_URLS=https://debuginfod.ubuntu.com /usr/bin/cmake --build /home/maryam-mahmood/sdaadof_ws/build/some_examples_cpp -- -j24 -l24
