-- Install configuration: ""
-- Up-to-date: /home/maryam-mahmood/sdaadof_ws/install/daadbot_moveit/share/daadbot_moveit/config
-- Up-to-date: /home/maryam-mahmood/sdaadof_ws/install/daadbot_moveit/share/daadbot_moveit/config/daadbot.srdf
-- Up-to-date: /home/maryam-mahmood/sdaadof_ws/install/daadbot_moveit/share/daadbot_moveit/config/kinematics.yaml
-- Up-to-date: /home/maryam-mahmood/sdaadof_ws/install/daadbot_moveit/share/daadbot_moveit/config/pilz_cartesian_limits.yaml
-- Installing: /home/maryam-mahmood/sdaadof_ws/install/daadbot_moveit/share/daadbot_moveit/config/joint_limits.yaml
-- Up-to-date: /home/maryam-mahmood/sdaadof_ws/install/daadbot_moveit/share/daadbot_moveit/config/moveit_controllers.yaml
-- Up-to-date: /home/maryam-mahmood/sdaadof_ws/install/daadbot_moveit/share/daadbot_moveit/config/initial_positions.yaml
-- Up-to-date: /home/maryam-mahmood/sdaadof_ws/install/daadbot_moveit/share/daadbot_moveit/launch
-- Up-to-date: /home/maryam-mahmood/sdaadof_ws/install/daadbot_moveit/share/daadbot_moveit/launch/moveit.launch.py
-- Up-to-date: /home/maryam-mahmood/sdaadof_ws/install/daadbot_moveit/share/ament_index/resource_index/package_run_dependencies/daadbot_moveit
-- Up-to-date: /home/maryam-mahmood/sdaadof_ws/install/daadbot_moveit/share/ament_index/resource_index/parent_prefix_path/daadbot_moveit
-- Up-to-date: /home/maryam-mahmood/sdaadof_ws/install/daadbot_moveit/share/daadbot_moveit/environment/ament_prefix_path.sh
-- Up-to-date: /home/maryam-mahmood/sdaadof_ws/install/daadbot_moveit/share/daadbot_moveit/environment/ament_prefix_path.dsv
-- Up-to-date: /home/maryam-mahmood/sdaadof_ws/install/daadbot_moveit/share/daadbot_moveit/environment/path.sh
-- Up-to-date: /home/maryam-mahmood/sdaadof_ws/install/daadbot_moveit/share/daadbot_moveit/environment/path.dsv
-- Up-to-date: /home/maryam-mahmood/sdaadof_ws/install/daadbot_moveit/share/daadbot_moveit/local_setup.bash
-- Up-to-date: /home/maryam-mahmood/sdaadof_ws/install/daadbot_moveit/share/daadbot_moveit/local_setup.sh
-- Up-to-date: /home/maryam-mahmood/sdaadof_ws/install/daadbot_moveit/share/daadbot_moveit/local_setup.zsh
-- Up-to-date: /home/maryam-mahmood/sdaadof_ws/install/daadbot_moveit/share/daadbot_moveit/local_setup.dsv
-- Installing: /home/maryam-mahmood/sdaadof_ws/install/daadbot_moveit/share/daadbot_moveit/package.dsv
-- Up-to-date: /home/maryam-mahmood/sdaadof_ws/install/daadbot_moveit/share/ament_index/resource_index/packages/daadbot_moveit
-- Up-to-date: /home/maryam-mahmood/sdaadof_ws/install/daadbot_moveit/share/daadbot_moveit/cmake/daadbot_moveitConfig.cmake
-- Up-to-date: /home/maryam-mahmood/sdaadof_ws/install/daadbot_moveit/share/daadbot_moveit/cmake/daadbot_moveitConfig-version.cmake
-- Up-to-date: /home/maryam-mahmood/sdaadof_ws/install/daadbot_moveit/share/daadbot_moveit/package.xml
