[0.388s] DEBUG:colcon:Command line arguments: ['/usr/bin/colcon', 'build']
[0.388s] DEBUG:colcon:Parsed command line arguments: Namespace(log_base=None, log_level=None, verb_name='build', build_base='build', install_base='install', merge_install=False, symlink_install=False, test_result_base=None, continue_on_error=False, executor='parallel', parallel_workers=24, event_handlers=None, ignore_user_meta=False, metas=['./colcon.meta'], base_paths=['.'], packages_ignore=None, packages_ignore_regex=None, paths=None, packages_up_to=None, packages_up_to_regex=None, packages_above=None, packages_above_and_dependencies=None, packages_above_depth=None, packages_select_by_dep=None, packages_skip_by_dep=None, packages_skip_up_to=None, packages_select_build_failed=False, packages_skip_build_finished=False, packages_select_test_failures=False, packages_skip_test_passed=False, packages_select=None, packages_skip=None, packages_select_regex=None, packages_skip_regex=None, packages_start=None, packages_end=None, allow_overriding=[], cmake_args=None, cmake_target=None, cmake_target_skip_unavailable=False, cmake_clean_cache=False, cmake_clean_first=False, cmake_force_configure=False, ament_cmake_args=None, catkin_cmake_args=None, catkin_skip_building_tests=False, mixin_files=None, mixin=None, verb_parser=<colcon_mixin.mixin.mixin_argument.MixinArgumentDecorator object at 0x72d69c5cf620>, verb_extension=<colcon_core.verb.build.BuildVerb object at 0x72d69b8fe240>, main=<bound method BuildVerb.main of <colcon_core.verb.build.BuildVerb object at 0x72d69b8fe240>>, mixin_verb=('build',))
[0.491s] Level 1:colcon.colcon_core.package_discovery:discover_packages(colcon_meta) check parameters
[0.491s] Level 1:colcon.colcon_core.package_discovery:discover_packages(recursive) check parameters
[0.492s] Level 1:colcon.colcon_core.package_discovery:discover_packages(ignore) check parameters
[0.492s] Level 1:colcon.colcon_core.package_discovery:discover_packages(path) check parameters
[0.492s] Level 1:colcon.colcon_core.package_discovery:discover_packages(colcon_meta) discover
[0.492s] Level 1:colcon.colcon_core.package_discovery:discover_packages(recursive) discover
[0.492s] INFO:colcon.colcon_core.package_discovery:Crawling recursively for packages in '/home/maryam-mahmood/sdaadof_ws'
[0.493s] Level 1:colcon.colcon_core.package_identification:_identify(.) by extensions ['ignore', 'ignore_ament_install']
[0.493s] Level 1:colcon.colcon_core.package_identification:_identify(.) by extension 'ignore'
[0.494s] Level 1:colcon.colcon_core.package_identification:_identify(.) by extension 'ignore_ament_install'
[0.494s] Level 1:colcon.colcon_core.package_identification:_identify(.) by extensions ['colcon_pkg']
[0.494s] Level 1:colcon.colcon_core.package_identification:_identify(.) by extension 'colcon_pkg'
[0.494s] Level 1:colcon.colcon_core.package_identification:_identify(.) by extensions ['colcon_meta']
[0.494s] Level 1:colcon.colcon_core.package_identification:_identify(.) by extension 'colcon_meta'
[0.494s] Level 1:colcon.colcon_core.package_identification:_identify(.) by extensions ['ros']
[0.495s] Level 1:colcon.colcon_core.package_identification:_identify(.) by extension 'ros'
[0.576s] Level 1:colcon.colcon_core.package_identification:_identify(.) by extensions ['cmake', 'python']
[0.576s] Level 1:colcon.colcon_core.package_identification:_identify(.) by extension 'cmake'
[0.576s] Level 1:colcon.colcon_core.package_identification:_identify(.) by extension 'python'
[0.576s] Level 1:colcon.colcon_core.package_identification:_identify(.) by extensions ['python_setup_py']
[0.576s] Level 1:colcon.colcon_core.package_identification:_identify(.) by extension 'python_setup_py'
[0.577s] Level 1:colcon.colcon_core.package_identification:_identify(build) by extensions ['ignore', 'ignore_ament_install']
[0.577s] Level 1:colcon.colcon_core.package_identification:_identify(build) by extension 'ignore'
[0.577s] Level 1:colcon.colcon_core.package_identification:_identify(build) ignored
[0.577s] Level 1:colcon.colcon_core.package_identification:_identify(install) by extensions ['ignore', 'ignore_ament_install']
[0.577s] Level 1:colcon.colcon_core.package_identification:_identify(install) by extension 'ignore'
[0.578s] Level 1:colcon.colcon_core.package_identification:_identify(install) ignored
[0.578s] Level 1:colcon.colcon_core.package_identification:_identify(log) by extensions ['ignore', 'ignore_ament_install']
[0.578s] Level 1:colcon.colcon_core.package_identification:_identify(log) by extension 'ignore'
[0.578s] Level 1:colcon.colcon_core.package_identification:_identify(log) ignored
[0.578s] Level 1:colcon.colcon_core.package_identification:_identify(src) by extensions ['ignore', 'ignore_ament_install']
[0.579s] Level 1:colcon.colcon_core.package_identification:_identify(src) by extension 'ignore'
[0.579s] Level 1:colcon.colcon_core.package_identification:_identify(src) by extension 'ignore_ament_install'
[0.579s] Level 1:colcon.colcon_core.package_identification:_identify(src) by extensions ['colcon_pkg']
[0.579s] Level 1:colcon.colcon_core.package_identification:_identify(src) by extension 'colcon_pkg'
[0.579s] Level 1:colcon.colcon_core.package_identification:_identify(src) by extensions ['colcon_meta']
[0.579s] Level 1:colcon.colcon_core.package_identification:_identify(src) by extension 'colcon_meta'
[0.579s] Level 1:colcon.colcon_core.package_identification:_identify(src) by extensions ['ros']
[0.579s] Level 1:colcon.colcon_core.package_identification:_identify(src) by extension 'ros'
[0.580s] Level 1:colcon.colcon_core.package_identification:_identify(src) by extensions ['cmake', 'python']
[0.580s] Level 1:colcon.colcon_core.package_identification:_identify(src) by extension 'cmake'
[0.580s] Level 1:colcon.colcon_core.package_identification:_identify(src) by extension 'python'
[0.580s] Level 1:colcon.colcon_core.package_identification:_identify(src) by extensions ['python_setup_py']
[0.581s] Level 1:colcon.colcon_core.package_identification:_identify(src) by extension 'python_setup_py'
[0.581s] Level 1:colcon.colcon_core.package_identification:_identify(src/daadbot_controller) by extensions ['ignore', 'ignore_ament_install']
[0.581s] Level 1:colcon.colcon_core.package_identification:_identify(src/daadbot_controller) by extension 'ignore'
[0.581s] Level 1:colcon.colcon_core.package_identification:_identify(src/daadbot_controller) by extension 'ignore_ament_install'
[0.582s] Level 1:colcon.colcon_core.package_identification:_identify(src/daadbot_controller) by extensions ['colcon_pkg']
[0.582s] Level 1:colcon.colcon_core.package_identification:_identify(src/daadbot_controller) by extension 'colcon_pkg'
[0.582s] Level 1:colcon.colcon_core.package_identification:_identify(src/daadbot_controller) by extensions ['colcon_meta']
[0.582s] Level 1:colcon.colcon_core.package_identification:_identify(src/daadbot_controller) by extension 'colcon_meta'
[0.582s] Level 1:colcon.colcon_core.package_identification:_identify(src/daadbot_controller) by extensions ['ros']
[0.582s] Level 1:colcon.colcon_core.package_identification:_identify(src/daadbot_controller) by extension 'ros'
[0.590s] DEBUG:colcon.colcon_core.package_identification:Package 'src/daadbot_controller' with type 'ros.ament_cmake' and name 'daadbot_controller'
[0.591s] Level 1:colcon.colcon_core.package_identification:_identify(src/daadbot_desc) by extensions ['ignore', 'ignore_ament_install']
[0.591s] Level 1:colcon.colcon_core.package_identification:_identify(src/daadbot_desc) by extension 'ignore'
[0.591s] Level 1:colcon.colcon_core.package_identification:_identify(src/daadbot_desc) by extension 'ignore_ament_install'
[0.591s] Level 1:colcon.colcon_core.package_identification:_identify(src/daadbot_desc) by extensions ['colcon_pkg']
[0.591s] Level 1:colcon.colcon_core.package_identification:_identify(src/daadbot_desc) by extension 'colcon_pkg'
[0.591s] Level 1:colcon.colcon_core.package_identification:_identify(src/daadbot_desc) by extensions ['colcon_meta']
[0.591s] Level 1:colcon.colcon_core.package_identification:_identify(src/daadbot_desc) by extension 'colcon_meta'
[0.592s] Level 1:colcon.colcon_core.package_identification:_identify(src/daadbot_desc) by extensions ['ros']
[0.592s] Level 1:colcon.colcon_core.package_identification:_identify(src/daadbot_desc) by extension 'ros'
[0.601s] DEBUG:colcon.colcon_core.package_identification:Package 'src/daadbot_desc' with type 'ros.ament_cmake' and name 'daadbot_desc'
[0.602s] Level 1:colcon.colcon_core.package_identification:_identify(src/daadbot_moveit) by extensions ['ignore', 'ignore_ament_install']
[0.602s] Level 1:colcon.colcon_core.package_identification:_identify(src/daadbot_moveit) by extension 'ignore'
[0.602s] Level 1:colcon.colcon_core.package_identification:_identify(src/daadbot_moveit) by extension 'ignore_ament_install'
[0.603s] Level 1:colcon.colcon_core.package_identification:_identify(src/daadbot_moveit) by extensions ['colcon_pkg']
[0.603s] Level 1:colcon.colcon_core.package_identification:_identify(src/daadbot_moveit) by extension 'colcon_pkg'
[0.603s] Level 1:colcon.colcon_core.package_identification:_identify(src/daadbot_moveit) by extensions ['colcon_meta']
[0.603s] Level 1:colcon.colcon_core.package_identification:_identify(src/daadbot_moveit) by extension 'colcon_meta'
[0.603s] Level 1:colcon.colcon_core.package_identification:_identify(src/daadbot_moveit) by extensions ['ros']
[0.603s] Level 1:colcon.colcon_core.package_identification:_identify(src/daadbot_moveit) by extension 'ros'
[0.604s] DEBUG:colcon.colcon_core.package_identification:Package 'src/daadbot_moveit' with type 'ros.ament_cmake' and name 'daadbot_moveit'
[0.605s] Level 1:colcon.colcon_core.package_identification:_identify(src/some_examples_cpp) by extensions ['ignore', 'ignore_ament_install']
[0.605s] Level 1:colcon.colcon_core.package_identification:_identify(src/some_examples_cpp) by extension 'ignore'
[0.605s] Level 1:colcon.colcon_core.package_identification:_identify(src/some_examples_cpp) by extension 'ignore_ament_install'
[0.605s] Level 1:colcon.colcon_core.package_identification:_identify(src/some_examples_cpp) by extensions ['colcon_pkg']
[0.605s] Level 1:colcon.colcon_core.package_identification:_identify(src/some_examples_cpp) by extension 'colcon_pkg'
[0.605s] Level 1:colcon.colcon_core.package_identification:_identify(src/some_examples_cpp) by extensions ['colcon_meta']
[0.605s] Level 1:colcon.colcon_core.package_identification:_identify(src/some_examples_cpp) by extension 'colcon_meta'
[0.606s] Level 1:colcon.colcon_core.package_identification:_identify(src/some_examples_cpp) by extensions ['ros']
[0.606s] Level 1:colcon.colcon_core.package_identification:_identify(src/some_examples_cpp) by extension 'ros'
[0.608s] DEBUG:colcon.colcon_core.package_identification:Package 'src/some_examples_cpp' with type 'ros.ament_cmake' and name 'some_examples_cpp'
[0.608s] Level 1:colcon.colcon_core.package_identification:_identify(src/some_examples_py) by extensions ['ignore', 'ignore_ament_install']
[0.608s] Level 1:colcon.colcon_core.package_identification:_identify(src/some_examples_py) by extension 'ignore'
[0.609s] Level 1:colcon.colcon_core.package_identification:_identify(src/some_examples_py) by extension 'ignore_ament_install'
[0.609s] Level 1:colcon.colcon_core.package_identification:_identify(src/some_examples_py) by extensions ['colcon_pkg']
[0.609s] Level 1:colcon.colcon_core.package_identification:_identify(src/some_examples_py) by extension 'colcon_pkg'
[0.609s] Level 1:colcon.colcon_core.package_identification:_identify(src/some_examples_py) by extensions ['colcon_meta']
[0.609s] Level 1:colcon.colcon_core.package_identification:_identify(src/some_examples_py) by extension 'colcon_meta'
[0.610s] Level 1:colcon.colcon_core.package_identification:_identify(src/some_examples_py) by extensions ['ros']
[0.610s] Level 1:colcon.colcon_core.package_identification:_identify(src/some_examples_py) by extension 'ros'
[0.611s] DEBUG:colcon.colcon_core.package_identification:Package 'src/some_examples_py' with type 'ros.ament_python' and name 'some_examples_py'
[0.612s] Level 1:colcon.colcon_core.package_discovery:discover_packages(recursive) using defaults
[0.612s] Level 1:colcon.colcon_core.package_discovery:discover_packages(ignore) discover
[0.612s] Level 1:colcon.colcon_core.package_discovery:discover_packages(ignore) using defaults
[0.612s] Level 1:colcon.colcon_core.package_discovery:discover_packages(path) discover
[0.612s] Level 1:colcon.colcon_core.package_discovery:discover_packages(path) using defaults
[0.666s] Level 1:colcon.colcon_core.package_discovery:discover_packages(prefix_path) check parameters
[0.666s] Level 1:colcon.colcon_core.package_discovery:discover_packages(prefix_path) discover
[0.683s] DEBUG:colcon.colcon_installed_package_information.package_discovery:Found 72 installed packages in /home/maryam-mahmood/ws_moveit/install
[0.688s] DEBUG:colcon.colcon_installed_package_information.package_discovery:Found 384 installed packages in /opt/ros/jazzy
[0.690s] Level 1:colcon.colcon_core.package_discovery:discover_packages(prefix_path) using defaults
[0.869s] Level 5:colcon.colcon_core.verb:set package 'daadbot_controller' build argument 'cmake_args' from command line to 'None'
[0.869s] Level 5:colcon.colcon_core.verb:set package 'daadbot_controller' build argument 'cmake_target' from command line to 'None'
[0.869s] Level 5:colcon.colcon_core.verb:set package 'daadbot_controller' build argument 'cmake_target_skip_unavailable' from command line to 'False'
[0.869s] Level 5:colcon.colcon_core.verb:set package 'daadbot_controller' build argument 'cmake_clean_cache' from command line to 'False'
[0.869s] Level 5:colcon.colcon_core.verb:set package 'daadbot_controller' build argument 'cmake_clean_first' from command line to 'False'
[0.869s] Level 5:colcon.colcon_core.verb:set package 'daadbot_controller' build argument 'cmake_force_configure' from command line to 'False'
[0.869s] Level 5:colcon.colcon_core.verb:set package 'daadbot_controller' build argument 'ament_cmake_args' from command line to 'None'
[0.870s] Level 5:colcon.colcon_core.verb:set package 'daadbot_controller' build argument 'catkin_cmake_args' from command line to 'None'
[0.870s] Level 5:colcon.colcon_core.verb:set package 'daadbot_controller' build argument 'catkin_skip_building_tests' from command line to 'False'
[0.870s] DEBUG:colcon.colcon_core.verb:Building package 'daadbot_controller' with the following arguments: {'ament_cmake_args': None, 'build_base': '/home/maryam-mahmood/sdaadof_ws/build/daadbot_controller', 'catkin_cmake_args': None, 'catkin_skip_building_tests': False, 'cmake_args': None, 'cmake_clean_cache': False, 'cmake_clean_first': False, 'cmake_force_configure': False, 'cmake_target': None, 'cmake_target_skip_unavailable': False, 'install_base': '/home/maryam-mahmood/sdaadof_ws/install/daadbot_controller', 'merge_install': False, 'path': '/home/maryam-mahmood/sdaadof_ws/src/daadbot_controller', 'symlink_install': False, 'test_result_base': None}
[0.870s] Level 5:colcon.colcon_core.verb:set package 'daadbot_desc' build argument 'cmake_args' from command line to 'None'
[0.871s] Level 5:colcon.colcon_core.verb:set package 'daadbot_desc' build argument 'cmake_target' from command line to 'None'
[0.871s] Level 5:colcon.colcon_core.verb:set package 'daadbot_desc' build argument 'cmake_target_skip_unavailable' from command line to 'False'
[0.871s] Level 5:colcon.colcon_core.verb:set package 'daadbot_desc' build argument 'cmake_clean_cache' from command line to 'False'
[0.871s] Level 5:colcon.colcon_core.verb:set package 'daadbot_desc' build argument 'cmake_clean_first' from command line to 'False'
[0.871s] Level 5:colcon.colcon_core.verb:set package 'daadbot_desc' build argument 'cmake_force_configure' from command line to 'False'
[0.871s] Level 5:colcon.colcon_core.verb:set package 'daadbot_desc' build argument 'ament_cmake_args' from command line to 'None'
[0.871s] Level 5:colcon.colcon_core.verb:set package 'daadbot_desc' build argument 'catkin_cmake_args' from command line to 'None'
[0.871s] Level 5:colcon.colcon_core.verb:set package 'daadbot_desc' build argument 'catkin_skip_building_tests' from command line to 'False'
[0.871s] DEBUG:colcon.colcon_core.verb:Building package 'daadbot_desc' with the following arguments: {'ament_cmake_args': None, 'build_base': '/home/maryam-mahmood/sdaadof_ws/build/daadbot_desc', 'catkin_cmake_args': None, 'catkin_skip_building_tests': False, 'cmake_args': None, 'cmake_clean_cache': False, 'cmake_clean_first': False, 'cmake_force_configure': False, 'cmake_target': None, 'cmake_target_skip_unavailable': False, 'install_base': '/home/maryam-mahmood/sdaadof_ws/install/daadbot_desc', 'merge_install': False, 'path': '/home/maryam-mahmood/sdaadof_ws/src/daadbot_desc', 'symlink_install': False, 'test_result_base': None}
[0.872s] Level 5:colcon.colcon_core.verb:set package 'daadbot_moveit' build argument 'cmake_args' from command line to 'None'
[0.872s] Level 5:colcon.colcon_core.verb:set package 'daadbot_moveit' build argument 'cmake_target' from command line to 'None'
[0.872s] Level 5:colcon.colcon_core.verb:set package 'daadbot_moveit' build argument 'cmake_target_skip_unavailable' from command line to 'False'
[0.872s] Level 5:colcon.colcon_core.verb:set package 'daadbot_moveit' build argument 'cmake_clean_cache' from command line to 'False'
[0.872s] Level 5:colcon.colcon_core.verb:set package 'daadbot_moveit' build argument 'cmake_clean_first' from command line to 'False'
[0.872s] Level 5:colcon.colcon_core.verb:set package 'daadbot_moveit' build argument 'cmake_force_configure' from command line to 'False'
[0.872s] Level 5:colcon.colcon_core.verb:set package 'daadbot_moveit' build argument 'ament_cmake_args' from command line to 'None'
[0.872s] Level 5:colcon.colcon_core.verb:set package 'daadbot_moveit' build argument 'catkin_cmake_args' from command line to 'None'
[0.872s] Level 5:colcon.colcon_core.verb:set package 'daadbot_moveit' build argument 'catkin_skip_building_tests' from command line to 'False'
[0.872s] DEBUG:colcon.colcon_core.verb:Building package 'daadbot_moveit' with the following arguments: {'ament_cmake_args': None, 'build_base': '/home/maryam-mahmood/sdaadof_ws/build/daadbot_moveit', 'catkin_cmake_args': None, 'catkin_skip_building_tests': False, 'cmake_args': None, 'cmake_clean_cache': False, 'cmake_clean_first': False, 'cmake_force_configure': False, 'cmake_target': None, 'cmake_target_skip_unavailable': False, 'install_base': '/home/maryam-mahmood/sdaadof_ws/install/daadbot_moveit', 'merge_install': False, 'path': '/home/maryam-mahmood/sdaadof_ws/src/daadbot_moveit', 'symlink_install': False, 'test_result_base': None}
[0.873s] Level 5:colcon.colcon_core.verb:set package 'some_examples_cpp' build argument 'cmake_args' from command line to 'None'
[0.873s] Level 5:colcon.colcon_core.verb:set package 'some_examples_cpp' build argument 'cmake_target' from command line to 'None'
[0.873s] Level 5:colcon.colcon_core.verb:set package 'some_examples_cpp' build argument 'cmake_target_skip_unavailable' from command line to 'False'
[0.874s] Level 5:colcon.colcon_core.verb:set package 'some_examples_cpp' build argument 'cmake_clean_cache' from command line to 'False'
[0.874s] Level 5:colcon.colcon_core.verb:set package 'some_examples_cpp' build argument 'cmake_clean_first' from command line to 'False'
[0.874s] Level 5:colcon.colcon_core.verb:set package 'some_examples_cpp' build argument 'cmake_force_configure' from command line to 'False'
[0.874s] Level 5:colcon.colcon_core.verb:set package 'some_examples_cpp' build argument 'ament_cmake_args' from command line to 'None'
[0.874s] Level 5:colcon.colcon_core.verb:set package 'some_examples_cpp' build argument 'catkin_cmake_args' from command line to 'None'
[0.874s] Level 5:colcon.colcon_core.verb:set package 'some_examples_cpp' build argument 'catkin_skip_building_tests' from command line to 'False'
[0.874s] DEBUG:colcon.colcon_core.verb:Building package 'some_examples_cpp' with the following arguments: {'ament_cmake_args': None, 'build_base': '/home/maryam-mahmood/sdaadof_ws/build/some_examples_cpp', 'catkin_cmake_args': None, 'catkin_skip_building_tests': False, 'cmake_args': None, 'cmake_clean_cache': False, 'cmake_clean_first': False, 'cmake_force_configure': False, 'cmake_target': None, 'cmake_target_skip_unavailable': False, 'install_base': '/home/maryam-mahmood/sdaadof_ws/install/some_examples_cpp', 'merge_install': False, 'path': '/home/maryam-mahmood/sdaadof_ws/src/some_examples_cpp', 'symlink_install': False, 'test_result_base': None}
[0.875s] Level 5:colcon.colcon_core.verb:set package 'some_examples_py' build argument 'cmake_args' from command line to 'None'
[0.875s] Level 5:colcon.colcon_core.verb:set package 'some_examples_py' build argument 'cmake_target' from command line to 'None'
[0.875s] Level 5:colcon.colcon_core.verb:set package 'some_examples_py' build argument 'cmake_target_skip_unavailable' from command line to 'False'
[0.875s] Level 5:colcon.colcon_core.verb:set package 'some_examples_py' build argument 'cmake_clean_cache' from command line to 'False'
[0.875s] Level 5:colcon.colcon_core.verb:set package 'some_examples_py' build argument 'cmake_clean_first' from command line to 'False'
[0.876s] Level 5:colcon.colcon_core.verb:set package 'some_examples_py' build argument 'cmake_force_configure' from command line to 'False'
[0.876s] Level 5:colcon.colcon_core.verb:set package 'some_examples_py' build argument 'ament_cmake_args' from command line to 'None'
[0.876s] Level 5:colcon.colcon_core.verb:set package 'some_examples_py' build argument 'catkin_cmake_args' from command line to 'None'
[0.876s] Level 5:colcon.colcon_core.verb:set package 'some_examples_py' build argument 'catkin_skip_building_tests' from command line to 'False'
[0.876s] DEBUG:colcon.colcon_core.verb:Building package 'some_examples_py' with the following arguments: {'ament_cmake_args': None, 'build_base': '/home/maryam-mahmood/sdaadof_ws/build/some_examples_py', 'catkin_cmake_args': None, 'catkin_skip_building_tests': False, 'cmake_args': None, 'cmake_clean_cache': False, 'cmake_clean_first': False, 'cmake_force_configure': False, 'cmake_target': None, 'cmake_target_skip_unavailable': False, 'install_base': '/home/maryam-mahmood/sdaadof_ws/install/some_examples_py', 'merge_install': False, 'path': '/home/maryam-mahmood/sdaadof_ws/src/some_examples_py', 'symlink_install': False, 'test_result_base': None}
[0.876s] INFO:colcon.colcon_core.executor:Executing jobs using 'parallel' executor
[0.879s] DEBUG:colcon.colcon_parallel_executor.executor.parallel:run_until_complete
[0.879s] INFO:colcon.colcon_ros.task.ament_cmake.build:Building ROS package in '/home/maryam-mahmood/sdaadof_ws/src/daadbot_controller' with build type 'ament_cmake'
[0.880s] INFO:colcon.colcon_cmake.task.cmake.build:Building CMake package in '/home/maryam-mahmood/sdaadof_ws/src/daadbot_controller'
[0.884s] INFO:colcon.colcon_core.plugin_system:Skipping extension 'colcon_core.shell.bat': Not used on non-Windows systems
[0.885s] INFO:colcon.colcon_core.shell:Skip shell extension 'powershell' for command environment: Not usable outside of PowerShell
[0.885s] DEBUG:colcon.colcon_core.shell:Skip shell extension 'dsv' for command environment
[0.906s] INFO:colcon.colcon_ros.task.ament_cmake.build:Building ROS package in '/home/maryam-mahmood/sdaadof_ws/src/daadbot_desc' with build type 'ament_cmake'
[0.906s] INFO:colcon.colcon_cmake.task.cmake.build:Building CMake package in '/home/maryam-mahmood/sdaadof_ws/src/daadbot_desc'
[0.907s] INFO:colcon.colcon_core.shell:Skip shell extension 'powershell' for command environment: Not usable outside of PowerShell
[0.907s] DEBUG:colcon.colcon_core.shell:Skip shell extension 'dsv' for command environment
[0.930s] INFO:colcon.colcon_ros.task.ament_cmake.build:Building ROS package in '/home/maryam-mahmood/sdaadof_ws/src/daadbot_moveit' with build type 'ament_cmake'
[0.930s] INFO:colcon.colcon_cmake.task.cmake.build:Building CMake package in '/home/maryam-mahmood/sdaadof_ws/src/daadbot_moveit'
[0.931s] INFO:colcon.colcon_core.shell:Skip shell extension 'powershell' for command environment: Not usable outside of PowerShell
[0.931s] DEBUG:colcon.colcon_core.shell:Skip shell extension 'dsv' for command environment
[0.951s] INFO:colcon.colcon_ros.task.ament_cmake.build:Building ROS package in '/home/maryam-mahmood/sdaadof_ws/src/some_examples_cpp' with build type 'ament_cmake'
[0.952s] INFO:colcon.colcon_cmake.task.cmake.build:Building CMake package in '/home/maryam-mahmood/sdaadof_ws/src/some_examples_cpp'
[0.952s] INFO:colcon.colcon_core.shell:Skip shell extension 'powershell' for command environment: Not usable outside of PowerShell
[0.952s] DEBUG:colcon.colcon_core.shell:Skip shell extension 'dsv' for command environment
[0.973s] INFO:colcon.colcon_ros.task.ament_python.build:Building ROS package in '/home/maryam-mahmood/sdaadof_ws/src/some_examples_py' with build type 'ament_python'
[0.973s] Level 1:colcon.colcon_core.shell:create_environment_hook('some_examples_py', 'ament_prefix_path')
[0.973s] INFO:colcon.colcon_core.shell:Creating environment hook '/home/maryam-mahmood/sdaadof_ws/install/some_examples_py/share/some_examples_py/hook/ament_prefix_path.ps1'
[0.975s] INFO:colcon.colcon_core.shell:Creating environment descriptor '/home/maryam-mahmood/sdaadof_ws/install/some_examples_py/share/some_examples_py/hook/ament_prefix_path.dsv'
[0.976s] INFO:colcon.colcon_core.shell:Creating environment hook '/home/maryam-mahmood/sdaadof_ws/install/some_examples_py/share/some_examples_py/hook/ament_prefix_path.sh'
[0.979s] INFO:colcon.colcon_core.shell:Skip shell extension 'powershell' for command environment: Not usable outside of PowerShell
[0.979s] DEBUG:colcon.colcon_core.shell:Skip shell extension 'dsv' for command environment
[1.011s] DEBUG:colcon.colcon_core.event_handler.log_command:Invoking command in '/home/maryam-mahmood/sdaadof_ws/build/daadbot_controller': CMAKE_PREFIX_PATH=${CMAKE_PREFIX_PATH}:/home/maryam-mahmood/ws_moveit/install/moveit_configs_utils:/opt/ros/jazzy DEBUGINFOD_URLS=https://debuginfod.ubuntu.com /usr/bin/cmake --build /home/maryam-mahmood/sdaadof_ws/build/daadbot_controller -- -j24 -l24
[1.018s] DEBUG:colcon.colcon_core.event_handler.log_command:Invoking command in '/home/maryam-mahmood/sdaadof_ws/build/daadbot_desc': CMAKE_PREFIX_PATH=${CMAKE_PREFIX_PATH}:/home/maryam-mahmood/ws_moveit/install/moveit_configs_utils:/opt/ros/jazzy DEBUGINFOD_URLS=https://debuginfod.ubuntu.com /usr/bin/cmake --build /home/maryam-mahmood/sdaadof_ws/build/daadbot_desc -- -j24 -l24
[1.027s] DEBUG:colcon.colcon_core.event_handler.log_command:Invoking command in '/home/maryam-mahmood/sdaadof_ws/build/daadbot_moveit': CMAKE_PREFIX_PATH=${CMAKE_PREFIX_PATH}:/home/maryam-mahmood/ws_moveit/install/moveit_configs_utils:/opt/ros/jazzy DEBUGINFOD_URLS=https://debuginfod.ubuntu.com /usr/bin/cmake --build /home/maryam-mahmood/sdaadof_ws/build/daadbot_moveit -- -j24 -l24
[1.037s] DEBUG:colcon.colcon_core.event_handler.log_command:Invoking command in '/home/maryam-mahmood/sdaadof_ws/build/some_examples_cpp': CMAKE_PREFIX_PATH=${CMAKE_PREFIX_PATH}:/home/maryam-mahmood/ws_moveit/install/moveit_configs_utils:/opt/ros/jazzy DEBUGINFOD_URLS=https://debuginfod.ubuntu.com /usr/bin/cmake --build /home/maryam-mahmood/sdaadof_ws/build/some_examples_cpp -- -j24 -l24
[1.781s] INFO:colcon.colcon_core.task.python.build:Building Python package in '/home/maryam-mahmood/sdaadof_ws/src/some_examples_py'
[1.782s] INFO:colcon.colcon_core.shell:Skip shell extension 'powershell' for command environment: Not usable outside of PowerShell
[1.782s] DEBUG:colcon.colcon_core.shell:Skip shell extension 'dsv' for command environment
[1.811s] DEBUG:colcon.colcon_core.event_handler.log_command:Invoked command in '/home/maryam-mahmood/sdaadof_ws/build/daadbot_controller' returned '0': CMAKE_PREFIX_PATH=${CMAKE_PREFIX_PATH}:/home/maryam-mahmood/ws_moveit/install/moveit_configs_utils:/opt/ros/jazzy DEBUGINFOD_URLS=https://debuginfod.ubuntu.com /usr/bin/cmake --build /home/maryam-mahmood/sdaadof_ws/build/daadbot_controller -- -j24 -l24
[1.846s] DEBUG:colcon.colcon_core.event_handler.log_command:Invoking command in '/home/maryam-mahmood/sdaadof_ws/build/daadbot_controller': CMAKE_PREFIX_PATH=${CMAKE_PREFIX_PATH}:/home/maryam-mahmood/ws_moveit/install/moveit_configs_utils:/opt/ros/jazzy DEBUGINFOD_URLS=https://debuginfod.ubuntu.com /usr/bin/cmake --install /home/maryam-mahmood/sdaadof_ws/build/daadbot_controller
[1.848s] DEBUG:colcon.colcon_core.event_handler.log_command:Invoked command in '/home/maryam-mahmood/sdaadof_ws/build/daadbot_moveit' returned '0': CMAKE_PREFIX_PATH=${CMAKE_PREFIX_PATH}:/home/maryam-mahmood/ws_moveit/install/moveit_configs_utils:/opt/ros/jazzy DEBUGINFOD_URLS=https://debuginfod.ubuntu.com /usr/bin/cmake --build /home/maryam-mahmood/sdaadof_ws/build/daadbot_moveit -- -j24 -l24
[1.851s] DEBUG:colcon.colcon_core.event_handler.log_command:Invoking command in '/home/maryam-mahmood/sdaadof_ws/build/daadbot_moveit': CMAKE_PREFIX_PATH=${CMAKE_PREFIX_PATH}:/home/maryam-mahmood/ws_moveit/install/moveit_configs_utils:/opt/ros/jazzy DEBUGINFOD_URLS=https://debuginfod.ubuntu.com /usr/bin/cmake --install /home/maryam-mahmood/sdaadof_ws/build/daadbot_moveit
[1.852s] DEBUG:colcon.colcon_core.event_handler.log_command:Invoked command in '/home/maryam-mahmood/sdaadof_ws/build/daadbot_desc' returned '0': CMAKE_PREFIX_PATH=${CMAKE_PREFIX_PATH}:/home/maryam-mahmood/ws_moveit/install/moveit_configs_utils:/opt/ros/jazzy DEBUGINFOD_URLS=https://debuginfod.ubuntu.com /usr/bin/cmake --build /home/maryam-mahmood/sdaadof_ws/build/daadbot_desc -- -j24 -l24
[1.855s] DEBUG:colcon.colcon_core.event_handler.log_command:Invoking command in '/home/maryam-mahmood/sdaadof_ws/build/daadbot_desc': CMAKE_PREFIX_PATH=${CMAKE_PREFIX_PATH}:/home/maryam-mahmood/ws_moveit/install/moveit_configs_utils:/opt/ros/jazzy DEBUGINFOD_URLS=https://debuginfod.ubuntu.com /usr/bin/cmake --install /home/maryam-mahmood/sdaadof_ws/build/daadbot_desc
[1.857s] DEBUG:colcon.colcon_core.event_handler.log_command:Invoked command in '/home/maryam-mahmood/sdaadof_ws/build/some_examples_cpp' returned '0': CMAKE_PREFIX_PATH=${CMAKE_PREFIX_PATH}:/home/maryam-mahmood/ws_moveit/install/moveit_configs_utils:/opt/ros/jazzy DEBUGINFOD_URLS=https://debuginfod.ubuntu.com /usr/bin/cmake --build /home/maryam-mahmood/sdaadof_ws/build/some_examples_cpp -- -j24 -l24
[1.865s] DEBUG:colcon.colcon_core.event_handler.log_command:Invoking command in '/home/maryam-mahmood/sdaadof_ws/build/some_examples_cpp': CMAKE_PREFIX_PATH=${CMAKE_PREFIX_PATH}:/home/maryam-mahmood/ws_moveit/install/moveit_configs_utils:/opt/ros/jazzy DEBUGINFOD_URLS=https://debuginfod.ubuntu.com /usr/bin/cmake --install /home/maryam-mahmood/sdaadof_ws/build/some_examples_cpp
[1.884s] Level 1:colcon.colcon_core.environment:create_environment_scripts_only(daadbot_controller)
[1.895s] DEBUG:colcon.colcon_core.event_handler.log_command:Invoked command in '/home/maryam-mahmood/sdaadof_ws/build/daadbot_controller' returned '0': CMAKE_PREFIX_PATH=${CMAKE_PREFIX_PATH}:/home/maryam-mahmood/ws_moveit/install/moveit_configs_utils:/opt/ros/jazzy DEBUGINFOD_URLS=https://debuginfod.ubuntu.com /usr/bin/cmake --install /home/maryam-mahmood/sdaadof_ws/build/daadbot_controller
[1.909s] Level 1:colcon.colcon_core.environment:checking '/home/maryam-mahmood/sdaadof_ws/install/daadbot_controller' for CMake module files
[1.910s] Level 1:colcon.colcon_core.environment:checking '/home/maryam-mahmood/sdaadof_ws/install/daadbot_controller' for CMake config files
[1.910s] Level 1:colcon.colcon_core.shell:create_environment_hook('daadbot_controller', 'cmake_prefix_path')
[1.911s] INFO:colcon.colcon_core.shell:Creating environment hook '/home/maryam-mahmood/sdaadof_ws/install/daadbot_controller/share/daadbot_controller/hook/cmake_prefix_path.ps1'
[1.912s] INFO:colcon.colcon_core.shell:Creating environment descriptor '/home/maryam-mahmood/sdaadof_ws/install/daadbot_controller/share/daadbot_controller/hook/cmake_prefix_path.dsv'
[1.914s] INFO:colcon.colcon_core.shell:Creating environment hook '/home/maryam-mahmood/sdaadof_ws/install/daadbot_controller/share/daadbot_controller/hook/cmake_prefix_path.sh'
[1.916s] Level 1:colcon.colcon_core.environment:checking '/home/maryam-mahmood/sdaadof_ws/install/daadbot_controller/bin'
[1.916s] Level 1:colcon.colcon_core.environment:checking '/home/maryam-mahmood/sdaadof_ws/install/daadbot_controller/lib/pkgconfig/daadbot_controller.pc'
[1.917s] Level 1:colcon.colcon_core.environment:checking '/home/maryam-mahmood/sdaadof_ws/install/daadbot_controller/lib/python3.12/site-packages'
[1.917s] Level 1:colcon.colcon_core.environment:checking '/home/maryam-mahmood/sdaadof_ws/install/daadbot_controller/bin'
[1.918s] INFO:colcon.colcon_core.shell:Creating package script '/home/maryam-mahmood/sdaadof_ws/install/daadbot_controller/share/daadbot_controller/package.ps1'
[1.920s] INFO:colcon.colcon_core.shell:Creating package descriptor '/home/maryam-mahmood/sdaadof_ws/install/daadbot_controller/share/daadbot_controller/package.dsv'
[1.921s] INFO:colcon.colcon_core.shell:Creating package script '/home/maryam-mahmood/sdaadof_ws/install/daadbot_controller/share/daadbot_controller/package.sh'
[1.923s] INFO:colcon.colcon_core.shell:Creating package script '/home/maryam-mahmood/sdaadof_ws/install/daadbot_controller/share/daadbot_controller/package.bash'
[1.924s] INFO:colcon.colcon_core.shell:Creating package script '/home/maryam-mahmood/sdaadof_ws/install/daadbot_controller/share/daadbot_controller/package.zsh'
[1.925s] Level 1:colcon.colcon_core.environment:create_file_with_runtime_dependencies(/home/maryam-mahmood/sdaadof_ws/install/daadbot_controller/share/colcon-core/packages/daadbot_controller)
[1.926s] Level 1:colcon.colcon_core.environment:create_environment_scripts_only(daadbot_controller)
[1.927s] Level 1:colcon.colcon_core.environment:checking '/home/maryam-mahmood/sdaadof_ws/install/daadbot_controller' for CMake module files
[1.928s] Level 1:colcon.colcon_core.environment:checking '/home/maryam-mahmood/sdaadof_ws/install/daadbot_controller' for CMake config files
[1.928s] Level 1:colcon.colcon_core.shell:create_environment_hook('daadbot_controller', 'cmake_prefix_path')
[1.929s] INFO:colcon.colcon_core.shell:Creating environment hook '/home/maryam-mahmood/sdaadof_ws/install/daadbot_controller/share/daadbot_controller/hook/cmake_prefix_path.ps1'
[1.930s] INFO:colcon.colcon_core.shell:Creating environment descriptor '/home/maryam-mahmood/sdaadof_ws/install/daadbot_controller/share/daadbot_controller/hook/cmake_prefix_path.dsv'
[1.932s] INFO:colcon.colcon_core.shell:Creating environment hook '/home/maryam-mahmood/sdaadof_ws/install/daadbot_controller/share/daadbot_controller/hook/cmake_prefix_path.sh'
[1.933s] Level 1:colcon.colcon_core.environment:checking '/home/maryam-mahmood/sdaadof_ws/install/daadbot_controller/bin'
[1.933s] Level 1:colcon.colcon_core.environment:checking '/home/maryam-mahmood/sdaadof_ws/install/daadbot_controller/lib/pkgconfig/daadbot_controller.pc'
[1.934s] Level 1:colcon.colcon_core.environment:checking '/home/maryam-mahmood/sdaadof_ws/install/daadbot_controller/lib/python3.12/site-packages'
[1.934s] Level 1:colcon.colcon_core.environment:checking '/home/maryam-mahmood/sdaadof_ws/install/daadbot_controller/bin'
[1.935s] INFO:colcon.colcon_core.shell:Creating package script '/home/maryam-mahmood/sdaadof_ws/install/daadbot_controller/share/daadbot_controller/package.ps1'
[1.936s] INFO:colcon.colcon_core.shell:Creating package descriptor '/home/maryam-mahmood/sdaadof_ws/install/daadbot_controller/share/daadbot_controller/package.dsv'
[1.937s] INFO:colcon.colcon_core.shell:Creating package script '/home/maryam-mahmood/sdaadof_ws/install/daadbot_controller/share/daadbot_controller/package.sh'
[1.938s] INFO:colcon.colcon_core.shell:Creating package script '/home/maryam-mahmood/sdaadof_ws/install/daadbot_controller/share/daadbot_controller/package.bash'
[1.938s] INFO:colcon.colcon_core.shell:Creating package script '/home/maryam-mahmood/sdaadof_ws/install/daadbot_controller/share/daadbot_controller/package.zsh'
[1.938s] Level 1:colcon.colcon_core.environment:create_file_with_runtime_dependencies(/home/maryam-mahmood/sdaadof_ws/install/daadbot_controller/share/colcon-core/packages/daadbot_controller)
[1.940s] Level 1:colcon.colcon_core.environment:create_environment_scripts_only(daadbot_moveit)
[1.940s] Level 1:colcon.colcon_core.environment:checking '/home/maryam-mahmood/sdaadof_ws/install/daadbot_moveit' for CMake module files
[1.941s] DEBUG:colcon.colcon_core.event_handler.log_command:Invoked command in '/home/maryam-mahmood/sdaadof_ws/build/daadbot_moveit' returned '0': CMAKE_PREFIX_PATH=${CMAKE_PREFIX_PATH}:/home/maryam-mahmood/ws_moveit/install/moveit_configs_utils:/opt/ros/jazzy DEBUGINFOD_URLS=https://debuginfod.ubuntu.com /usr/bin/cmake --install /home/maryam-mahmood/sdaadof_ws/build/daadbot_moveit
[1.942s] Level 1:colcon.colcon_core.environment:checking '/home/maryam-mahmood/sdaadof_ws/install/daadbot_moveit' for CMake config files
[1.942s] Level 1:colcon.colcon_core.shell:create_environment_hook('daadbot_moveit', 'cmake_prefix_path')
[1.942s] INFO:colcon.colcon_core.shell:Creating environment hook '/home/maryam-mahmood/sdaadof_ws/install/daadbot_moveit/share/daadbot_moveit/hook/cmake_prefix_path.ps1'
[1.943s] INFO:colcon.colcon_core.shell:Creating environment descriptor '/home/maryam-mahmood/sdaadof_ws/install/daadbot_moveit/share/daadbot_moveit/hook/cmake_prefix_path.dsv'
[1.943s] INFO:colcon.colcon_core.shell:Creating environment hook '/home/maryam-mahmood/sdaadof_ws/install/daadbot_moveit/share/daadbot_moveit/hook/cmake_prefix_path.sh'
[1.945s] Level 1:colcon.colcon_core.environment:checking '/home/maryam-mahmood/sdaadof_ws/install/daadbot_moveit/bin'
[1.945s] Level 1:colcon.colcon_core.environment:checking '/home/maryam-mahmood/sdaadof_ws/install/daadbot_moveit/lib/pkgconfig/daadbot_moveit.pc'
[1.945s] Level 1:colcon.colcon_core.environment:checking '/home/maryam-mahmood/sdaadof_ws/install/daadbot_moveit/lib/python3.12/site-packages'
[1.946s] Level 1:colcon.colcon_core.environment:checking '/home/maryam-mahmood/sdaadof_ws/install/daadbot_moveit/bin'
[1.946s] INFO:colcon.colcon_core.shell:Creating package script '/home/maryam-mahmood/sdaadof_ws/install/daadbot_moveit/share/daadbot_moveit/package.ps1'
[1.947s] INFO:colcon.colcon_core.shell:Creating package descriptor '/home/maryam-mahmood/sdaadof_ws/install/daadbot_moveit/share/daadbot_moveit/package.dsv'
[1.947s] INFO:colcon.colcon_core.shell:Creating package script '/home/maryam-mahmood/sdaadof_ws/install/daadbot_moveit/share/daadbot_moveit/package.sh'
[1.947s] INFO:colcon.colcon_core.shell:Creating package script '/home/maryam-mahmood/sdaadof_ws/install/daadbot_moveit/share/daadbot_moveit/package.bash'
[1.948s] INFO:colcon.colcon_core.shell:Creating package script '/home/maryam-mahmood/sdaadof_ws/install/daadbot_moveit/share/daadbot_moveit/package.zsh'
[1.948s] Level 1:colcon.colcon_core.environment:create_file_with_runtime_dependencies(/home/maryam-mahmood/sdaadof_ws/install/daadbot_moveit/share/colcon-core/packages/daadbot_moveit)
[1.949s] Level 1:colcon.colcon_core.environment:create_environment_scripts_only(daadbot_moveit)
[1.949s] Level 1:colcon.colcon_core.environment:checking '/home/maryam-mahmood/sdaadof_ws/install/daadbot_moveit' for CMake module files
[1.949s] Level 1:colcon.colcon_core.environment:checking '/home/maryam-mahmood/sdaadof_ws/install/daadbot_moveit' for CMake config files
[1.950s] Level 1:colcon.colcon_core.shell:create_environment_hook('daadbot_moveit', 'cmake_prefix_path')
[1.950s] INFO:colcon.colcon_core.shell:Creating environment hook '/home/maryam-mahmood/sdaadof_ws/install/daadbot_moveit/share/daadbot_moveit/hook/cmake_prefix_path.ps1'
[1.950s] INFO:colcon.colcon_core.shell:Creating environment descriptor '/home/maryam-mahmood/sdaadof_ws/install/daadbot_moveit/share/daadbot_moveit/hook/cmake_prefix_path.dsv'
[1.951s] INFO:colcon.colcon_core.shell:Creating environment hook '/home/maryam-mahmood/sdaadof_ws/install/daadbot_moveit/share/daadbot_moveit/hook/cmake_prefix_path.sh'
[1.951s] Level 1:colcon.colcon_core.environment:checking '/home/maryam-mahmood/sdaadof_ws/install/daadbot_moveit/bin'
[1.952s] Level 1:colcon.colcon_core.environment:checking '/home/maryam-mahmood/sdaadof_ws/install/daadbot_moveit/lib/pkgconfig/daadbot_moveit.pc'
[1.952s] Level 1:colcon.colcon_core.environment:checking '/home/maryam-mahmood/sdaadof_ws/install/daadbot_moveit/lib/python3.12/site-packages'
[1.952s] Level 1:colcon.colcon_core.environment:checking '/home/maryam-mahmood/sdaadof_ws/install/daadbot_moveit/bin'
[1.952s] INFO:colcon.colcon_core.shell:Creating package script '/home/maryam-mahmood/sdaadof_ws/install/daadbot_moveit/share/daadbot_moveit/package.ps1'
[1.953s] INFO:colcon.colcon_core.shell:Creating package descriptor '/home/maryam-mahmood/sdaadof_ws/install/daadbot_moveit/share/daadbot_moveit/package.dsv'
[1.953s] INFO:colcon.colcon_core.shell:Creating package script '/home/maryam-mahmood/sdaadof_ws/install/daadbot_moveit/share/daadbot_moveit/package.sh'
[1.954s] INFO:colcon.colcon_core.shell:Creating package script '/home/maryam-mahmood/sdaadof_ws/install/daadbot_moveit/share/daadbot_moveit/package.bash'
[1.954s] INFO:colcon.colcon_core.shell:Creating package script '/home/maryam-mahmood/sdaadof_ws/install/daadbot_moveit/share/daadbot_moveit/package.zsh'
[1.954s] Level 1:colcon.colcon_core.environment:create_file_with_runtime_dependencies(/home/maryam-mahmood/sdaadof_ws/install/daadbot_moveit/share/colcon-core/packages/daadbot_moveit)
[1.955s] Level 1:colcon.colcon_core.environment:create_environment_scripts_only(some_examples_cpp)
[1.955s] Level 1:colcon.colcon_core.environment:checking '/home/maryam-mahmood/sdaadof_ws/install/some_examples_cpp' for CMake module files
[1.956s] Level 1:colcon.colcon_core.environment:checking '/home/maryam-mahmood/sdaadof_ws/install/some_examples_cpp' for CMake config files
[1.956s] DEBUG:colcon.colcon_core.event_handler.log_command:Invoked command in '/home/maryam-mahmood/sdaadof_ws/build/some_examples_cpp' returned '0': CMAKE_PREFIX_PATH=${CMAKE_PREFIX_PATH}:/home/maryam-mahmood/ws_moveit/install/moveit_configs_utils:/opt/ros/jazzy DEBUGINFOD_URLS=https://debuginfod.ubuntu.com /usr/bin/cmake --install /home/maryam-mahmood/sdaadof_ws/build/some_examples_cpp
[1.956s] Level 1:colcon.colcon_core.shell:create_environment_hook('some_examples_cpp', 'cmake_prefix_path')
[1.957s] INFO:colcon.colcon_core.shell:Creating environment hook '/home/maryam-mahmood/sdaadof_ws/install/some_examples_cpp/share/some_examples_cpp/hook/cmake_prefix_path.ps1'
[1.957s] INFO:colcon.colcon_core.shell:Creating environment descriptor '/home/maryam-mahmood/sdaadof_ws/install/some_examples_cpp/share/some_examples_cpp/hook/cmake_prefix_path.dsv'
[1.957s] INFO:colcon.colcon_core.shell:Creating environment hook '/home/maryam-mahmood/sdaadof_ws/install/some_examples_cpp/share/some_examples_cpp/hook/cmake_prefix_path.sh'
[1.958s] Level 1:colcon.colcon_core.environment:checking '/home/maryam-mahmood/sdaadof_ws/install/some_examples_cpp/lib'
[1.958s] Level 1:colcon.colcon_core.environment:checking '/home/maryam-mahmood/sdaadof_ws/install/some_examples_cpp/bin'
[1.959s] Level 1:colcon.colcon_core.environment:checking '/home/maryam-mahmood/sdaadof_ws/install/some_examples_cpp/lib/pkgconfig/some_examples_cpp.pc'
[1.959s] Level 1:colcon.colcon_core.environment:checking '/home/maryam-mahmood/sdaadof_ws/install/some_examples_cpp/lib/python3.12/site-packages'
[1.959s] Level 1:colcon.colcon_core.environment:checking '/home/maryam-mahmood/sdaadof_ws/install/some_examples_cpp/bin'
[1.959s] INFO:colcon.colcon_core.shell:Creating package script '/home/maryam-mahmood/sdaadof_ws/install/some_examples_cpp/share/some_examples_cpp/package.ps1'
[1.960s] INFO:colcon.colcon_core.shell:Creating package descriptor '/home/maryam-mahmood/sdaadof_ws/install/some_examples_cpp/share/some_examples_cpp/package.dsv'
[1.961s] INFO:colcon.colcon_core.shell:Creating package script '/home/maryam-mahmood/sdaadof_ws/install/some_examples_cpp/share/some_examples_cpp/package.sh'
[1.961s] INFO:colcon.colcon_core.shell:Creating package script '/home/maryam-mahmood/sdaadof_ws/install/some_examples_cpp/share/some_examples_cpp/package.bash'
[1.962s] INFO:colcon.colcon_core.shell:Creating package script '/home/maryam-mahmood/sdaadof_ws/install/some_examples_cpp/share/some_examples_cpp/package.zsh'
[1.962s] Level 1:colcon.colcon_core.environment:create_file_with_runtime_dependencies(/home/maryam-mahmood/sdaadof_ws/install/some_examples_cpp/share/colcon-core/packages/some_examples_cpp)
[1.963s] Level 1:colcon.colcon_core.environment:create_environment_scripts_only(some_examples_cpp)
[1.963s] Level 1:colcon.colcon_core.environment:checking '/home/maryam-mahmood/sdaadof_ws/install/some_examples_cpp' for CMake module files
[1.964s] Level 1:colcon.colcon_core.environment:checking '/home/maryam-mahmood/sdaadof_ws/install/some_examples_cpp' for CMake config files
[1.964s] Level 1:colcon.colcon_core.shell:create_environment_hook('some_examples_cpp', 'cmake_prefix_path')
[1.964s] INFO:colcon.colcon_core.shell:Creating environment hook '/home/maryam-mahmood/sdaadof_ws/install/some_examples_cpp/share/some_examples_cpp/hook/cmake_prefix_path.ps1'
[1.965s] INFO:colcon.colcon_core.shell:Creating environment descriptor '/home/maryam-mahmood/sdaadof_ws/install/some_examples_cpp/share/some_examples_cpp/hook/cmake_prefix_path.dsv'
[1.965s] INFO:colcon.colcon_core.shell:Creating environment hook '/home/maryam-mahmood/sdaadof_ws/install/some_examples_cpp/share/some_examples_cpp/hook/cmake_prefix_path.sh'
[1.966s] Level 1:colcon.colcon_core.environment:checking '/home/maryam-mahmood/sdaadof_ws/install/some_examples_cpp/lib'
[1.966s] Level 1:colcon.colcon_core.environment:checking '/home/maryam-mahmood/sdaadof_ws/install/some_examples_cpp/bin'
[1.966s] Level 1:colcon.colcon_core.environment:checking '/home/maryam-mahmood/sdaadof_ws/install/some_examples_cpp/lib/pkgconfig/some_examples_cpp.pc'
[1.966s] Level 1:colcon.colcon_core.environment:checking '/home/maryam-mahmood/sdaadof_ws/install/some_examples_cpp/lib/python3.12/site-packages'
[1.967s] Level 1:colcon.colcon_core.environment:checking '/home/maryam-mahmood/sdaadof_ws/install/some_examples_cpp/bin'
[1.967s] INFO:colcon.colcon_core.shell:Creating package script '/home/maryam-mahmood/sdaadof_ws/install/some_examples_cpp/share/some_examples_cpp/package.ps1'
[1.967s] INFO:colcon.colcon_core.shell:Creating package descriptor '/home/maryam-mahmood/sdaadof_ws/install/some_examples_cpp/share/some_examples_cpp/package.dsv'
[1.968s] INFO:colcon.colcon_core.shell:Creating package script '/home/maryam-mahmood/sdaadof_ws/install/some_examples_cpp/share/some_examples_cpp/package.sh'
[1.968s] INFO:colcon.colcon_core.shell:Creating package script '/home/maryam-mahmood/sdaadof_ws/install/some_examples_cpp/share/some_examples_cpp/package.bash'
[1.969s] INFO:colcon.colcon_core.shell:Creating package script '/home/maryam-mahmood/sdaadof_ws/install/some_examples_cpp/share/some_examples_cpp/package.zsh'
[1.969s] Level 1:colcon.colcon_core.environment:create_file_with_runtime_dependencies(/home/maryam-mahmood/sdaadof_ws/install/some_examples_cpp/share/colcon-core/packages/some_examples_cpp)
[1.969s] Level 1:colcon.colcon_core.environment:create_environment_scripts_only(daadbot_desc)
[1.970s] Level 1:colcon.colcon_core.environment:checking '/home/maryam-mahmood/sdaadof_ws/install/daadbot_desc' for CMake module files
[1.971s] Level 1:colcon.colcon_core.environment:checking '/home/maryam-mahmood/sdaadof_ws/install/daadbot_desc' for CMake config files
[1.971s] DEBUG:colcon.colcon_core.event_handler.log_command:Invoked command in '/home/maryam-mahmood/sdaadof_ws/build/daadbot_desc' returned '0': CMAKE_PREFIX_PATH=${CMAKE_PREFIX_PATH}:/home/maryam-mahmood/ws_moveit/install/moveit_configs_utils:/opt/ros/jazzy DEBUGINFOD_URLS=https://debuginfod.ubuntu.com /usr/bin/cmake --install /home/maryam-mahmood/sdaadof_ws/build/daadbot_desc
[1.971s] Level 1:colcon.colcon_core.shell:create_environment_hook('daadbot_desc', 'cmake_prefix_path')
[1.972s] INFO:colcon.colcon_core.shell:Creating environment hook '/home/maryam-mahmood/sdaadof_ws/install/daadbot_desc/share/daadbot_desc/hook/cmake_prefix_path.ps1'
[1.972s] INFO:colcon.colcon_core.shell:Creating environment descriptor '/home/maryam-mahmood/sdaadof_ws/install/daadbot_desc/share/daadbot_desc/hook/cmake_prefix_path.dsv'
[1.972s] INFO:colcon.colcon_core.shell:Creating environment hook '/home/maryam-mahmood/sdaadof_ws/install/daadbot_desc/share/daadbot_desc/hook/cmake_prefix_path.sh'
[1.973s] Level 1:colcon.colcon_core.environment:checking '/home/maryam-mahmood/sdaadof_ws/install/daadbot_desc/bin'
[1.973s] Level 1:colcon.colcon_core.environment:checking '/home/maryam-mahmood/sdaadof_ws/install/daadbot_desc/lib/pkgconfig/daadbot_desc.pc'
[1.973s] Level 1:colcon.colcon_core.environment:checking '/home/maryam-mahmood/sdaadof_ws/install/daadbot_desc/lib/python3.12/site-packages'
[1.973s] Level 1:colcon.colcon_core.environment:checking '/home/maryam-mahmood/sdaadof_ws/install/daadbot_desc/bin'
[1.974s] INFO:colcon.colcon_core.shell:Creating package script '/home/maryam-mahmood/sdaadof_ws/install/daadbot_desc/share/daadbot_desc/package.ps1'
[1.974s] INFO:colcon.colcon_core.shell:Creating package descriptor '/home/maryam-mahmood/sdaadof_ws/install/daadbot_desc/share/daadbot_desc/package.dsv'
[1.974s] INFO:colcon.colcon_core.shell:Creating package script '/home/maryam-mahmood/sdaadof_ws/install/daadbot_desc/share/daadbot_desc/package.sh'
[1.975s] INFO:colcon.colcon_core.shell:Creating package script '/home/maryam-mahmood/sdaadof_ws/install/daadbot_desc/share/daadbot_desc/package.bash'
[1.975s] INFO:colcon.colcon_core.shell:Creating package script '/home/maryam-mahmood/sdaadof_ws/install/daadbot_desc/share/daadbot_desc/package.zsh'
[1.976s] Level 1:colcon.colcon_core.environment:create_file_with_runtime_dependencies(/home/maryam-mahmood/sdaadof_ws/install/daadbot_desc/share/colcon-core/packages/daadbot_desc)
[1.976s] Level 1:colcon.colcon_core.environment:create_environment_scripts_only(daadbot_desc)
[1.977s] Level 1:colcon.colcon_core.environment:checking '/home/maryam-mahmood/sdaadof_ws/install/daadbot_desc' for CMake module files
[1.977s] Level 1:colcon.colcon_core.environment:checking '/home/maryam-mahmood/sdaadof_ws/install/daadbot_desc' for CMake config files
[1.977s] Level 1:colcon.colcon_core.shell:create_environment_hook('daadbot_desc', 'cmake_prefix_path')
[1.977s] INFO:colcon.colcon_core.shell:Creating environment hook '/home/maryam-mahmood/sdaadof_ws/install/daadbot_desc/share/daadbot_desc/hook/cmake_prefix_path.ps1'
[1.978s] INFO:colcon.colcon_core.shell:Creating environment descriptor '/home/maryam-mahmood/sdaadof_ws/install/daadbot_desc/share/daadbot_desc/hook/cmake_prefix_path.dsv'
[1.978s] INFO:colcon.colcon_core.shell:Creating environment hook '/home/maryam-mahmood/sdaadof_ws/install/daadbot_desc/share/daadbot_desc/hook/cmake_prefix_path.sh'
[1.979s] Level 1:colcon.colcon_core.environment:checking '/home/maryam-mahmood/sdaadof_ws/install/daadbot_desc/bin'
[1.979s] Level 1:colcon.colcon_core.environment:checking '/home/maryam-mahmood/sdaadof_ws/install/daadbot_desc/lib/pkgconfig/daadbot_desc.pc'
[1.980s] Level 1:colcon.colcon_core.environment:checking '/home/maryam-mahmood/sdaadof_ws/install/daadbot_desc/lib/python3.12/site-packages'
[1.980s] Level 1:colcon.colcon_core.environment:checking '/home/maryam-mahmood/sdaadof_ws/install/daadbot_desc/bin'
[1.980s] INFO:colcon.colcon_core.shell:Creating package script '/home/maryam-mahmood/sdaadof_ws/install/daadbot_desc/share/daadbot_desc/package.ps1'
[1.981s] INFO:colcon.colcon_core.shell:Creating package descriptor '/home/maryam-mahmood/sdaadof_ws/install/daadbot_desc/share/daadbot_desc/package.dsv'
[1.982s] INFO:colcon.colcon_core.shell:Creating package script '/home/maryam-mahmood/sdaadof_ws/install/daadbot_desc/share/daadbot_desc/package.sh'
[1.983s] INFO:colcon.colcon_core.shell:Creating package script '/home/maryam-mahmood/sdaadof_ws/install/daadbot_desc/share/daadbot_desc/package.bash'
[1.983s] INFO:colcon.colcon_core.shell:Creating package script '/home/maryam-mahmood/sdaadof_ws/install/daadbot_desc/share/daadbot_desc/package.zsh'
[1.984s] Level 1:colcon.colcon_core.environment:create_file_with_runtime_dependencies(/home/maryam-mahmood/sdaadof_ws/install/daadbot_desc/share/colcon-core/packages/daadbot_desc)
[3.791s] DEBUG:colcon.colcon_core.event_handler.log_command:Invoking command in '/home/maryam-mahmood/sdaadof_ws/src/some_examples_py': DEBUGINFOD_URLS=https://debuginfod.ubuntu.com PYTHONPATH=/home/maryam-mahmood/sdaadof_ws/build/some_examples_py/prefix_override:/usr/lib/python3/dist-packages/colcon_core/task/python/colcon_distutils_commands:/home/maryam-mahmood/sdaadof_ws/install/some_examples_py/lib/python3.12/site-packages:${PYTHONPATH} /usr/bin/python3 -W ignore:setup.py install is deprecated -W ignore:easy_install command is deprecated setup.py egg_info --egg-base ../../build/some_examples_py build --build-base /home/maryam-mahmood/sdaadof_ws/build/some_examples_py/build install --record /home/maryam-mahmood/sdaadof_ws/build/some_examples_py/install.log --single-version-externally-managed install_data
[5.720s] Level 1:colcon.colcon_core.environment:checking '/home/maryam-mahmood/sdaadof_ws/install/some_examples_py' for CMake module files
[5.721s] DEBUG:colcon.colcon_core.event_handler.log_command:Invoked command in '/home/maryam-mahmood/sdaadof_ws/src/some_examples_py' returned '0': DEBUGINFOD_URLS=https://debuginfod.ubuntu.com PYTHONPATH=/home/maryam-mahmood/sdaadof_ws/build/some_examples_py/prefix_override:/usr/lib/python3/dist-packages/colcon_core/task/python/colcon_distutils_commands:/home/maryam-mahmood/sdaadof_ws/install/some_examples_py/lib/python3.12/site-packages:${PYTHONPATH} /usr/bin/python3 -W ignore:setup.py install is deprecated -W ignore:easy_install command is deprecated setup.py egg_info --egg-base ../../build/some_examples_py build --build-base /home/maryam-mahmood/sdaadof_ws/build/some_examples_py/build install --record /home/maryam-mahmood/sdaadof_ws/build/some_examples_py/install.log --single-version-externally-managed install_data
[5.723s] Level 1:colcon.colcon_core.environment:checking '/home/maryam-mahmood/sdaadof_ws/install/some_examples_py' for CMake config files
[5.724s] Level 1:colcon.colcon_core.environment:checking '/home/maryam-mahmood/sdaadof_ws/install/some_examples_py/lib'
[5.724s] Level 1:colcon.colcon_core.environment:checking '/home/maryam-mahmood/sdaadof_ws/install/some_examples_py/bin'
[5.724s] Level 1:colcon.colcon_core.environment:checking '/home/maryam-mahmood/sdaadof_ws/install/some_examples_py/lib/pkgconfig/some_examples_py.pc'
[5.725s] Level 1:colcon.colcon_core.environment:checking '/home/maryam-mahmood/sdaadof_ws/install/some_examples_py/lib/python3.12/site-packages'
[5.726s] Level 1:colcon.colcon_core.shell:create_environment_hook('some_examples_py', 'pythonpath')
[5.726s] INFO:colcon.colcon_core.shell:Creating environment hook '/home/maryam-mahmood/sdaadof_ws/install/some_examples_py/share/some_examples_py/hook/pythonpath.ps1'
[5.728s] INFO:colcon.colcon_core.shell:Creating environment descriptor '/home/maryam-mahmood/sdaadof_ws/install/some_examples_py/share/some_examples_py/hook/pythonpath.dsv'
[5.728s] INFO:colcon.colcon_core.shell:Creating environment hook '/home/maryam-mahmood/sdaadof_ws/install/some_examples_py/share/some_examples_py/hook/pythonpath.sh'
[5.730s] Level 1:colcon.colcon_core.environment:checking '/home/maryam-mahmood/sdaadof_ws/install/some_examples_py/bin'
[5.730s] Level 1:colcon.colcon_core.environment:create_environment_scripts_only(some_examples_py)
[5.731s] INFO:colcon.colcon_core.shell:Creating package script '/home/maryam-mahmood/sdaadof_ws/install/some_examples_py/share/some_examples_py/package.ps1'
[5.732s] INFO:colcon.colcon_core.shell:Creating package descriptor '/home/maryam-mahmood/sdaadof_ws/install/some_examples_py/share/some_examples_py/package.dsv'
[5.733s] INFO:colcon.colcon_core.shell:Creating package script '/home/maryam-mahmood/sdaadof_ws/install/some_examples_py/share/some_examples_py/package.sh'
[5.733s] INFO:colcon.colcon_core.shell:Creating package script '/home/maryam-mahmood/sdaadof_ws/install/some_examples_py/share/some_examples_py/package.bash'
[5.734s] INFO:colcon.colcon_core.shell:Creating package script '/home/maryam-mahmood/sdaadof_ws/install/some_examples_py/share/some_examples_py/package.zsh'
[5.735s] Level 1:colcon.colcon_core.environment:create_file_with_runtime_dependencies(/home/maryam-mahmood/sdaadof_ws/install/some_examples_py/share/colcon-core/packages/some_examples_py)
[5.735s] DEBUG:colcon.colcon_parallel_executor.executor.parallel:closing loop
[5.737s] DEBUG:colcon.colcon_parallel_executor.executor.parallel:loop closed
[5.737s] DEBUG:colcon.colcon_parallel_executor.executor.parallel:run_until_complete finished with '0'
[5.737s] DEBUG:colcon.colcon_core.event_reactor:joining thread
[5.752s] INFO:colcon.colcon_core.plugin_system:Skipping extension 'colcon_notification.desktop_notification.terminal_notifier': Not used on non-Darwin systems
[5.753s] INFO:colcon.colcon_core.plugin_system:Skipping extension 'colcon_notification.desktop_notification.win32': Not used on non-Windows systems
[5.753s] INFO:colcon.colcon_notification.desktop_notification:Sending desktop notification using 'notify2'
[5.790s] DEBUG:colcon.colcon_core.event_reactor:joined thread
[5.790s] INFO:colcon.colcon_core.shell:Creating prefix script '/home/maryam-mahmood/sdaadof_ws/install/local_setup.ps1'
[5.793s] INFO:colcon.colcon_core.shell:Creating prefix util module '/home/maryam-mahmood/sdaadof_ws/install/_local_setup_util_ps1.py'
[5.795s] INFO:colcon.colcon_core.shell:Creating prefix chain script '/home/maryam-mahmood/sdaadof_ws/install/setup.ps1'
[5.805s] INFO:colcon.colcon_core.shell:Creating prefix script '/home/maryam-mahmood/sdaadof_ws/install/local_setup.sh'
[5.807s] INFO:colcon.colcon_core.shell:Creating prefix util module '/home/maryam-mahmood/sdaadof_ws/install/_local_setup_util_sh.py'
[5.809s] INFO:colcon.colcon_core.shell:Creating prefix chain script '/home/maryam-mahmood/sdaadof_ws/install/setup.sh'
[5.819s] INFO:colcon.colcon_core.shell:Creating prefix script '/home/maryam-mahmood/sdaadof_ws/install/local_setup.bash'
[5.821s] INFO:colcon.colcon_core.shell:Creating prefix chain script '/home/maryam-mahmood/sdaadof_ws/install/setup.bash'
[5.829s] INFO:colcon.colcon_core.shell:Creating prefix script '/home/maryam-mahmood/sdaadof_ws/install/local_setup.zsh'
[5.830s] INFO:colcon.colcon_core.shell:Creating prefix chain script '/home/maryam-mahmood/sdaadof_ws/install/setup.zsh'
