[0.081s] Invoking command in '/home/maryam-mahmood/sdaadof_ws/build/daadbot_controller': CMAKE_PREFIX_PATH=${CMAKE_PREFIX_PATH}:/home/maryam-mahmood/sdaadof_ws/install/some_examples_py:/opt/ros/jazzy DEBUGINFOD_URLS=https://debuginfod.ubuntu.com /usr/bin/cmake --build /home/maryam-mahmood/sdaadof_ws/build/daadbot_controller -- -j24 -l24
[0.566s] Invoked command in '/home/maryam-mahmood/sdaadof_ws/build/daadbot_controller' returned '0': CMAKE_PREFIX_PATH=${CMAKE_PREFIX_PATH}:/home/maryam-mahmood/sdaadof_ws/install/some_examples_py:/opt/ros/jazzy DEBUGINFOD_URLS=https://debuginfod.ubuntu.com /usr/bin/cmake --build /home/maryam-mahmood/sdaadof_ws/build/daadbot_controller -- -j24 -l24
[0.590s] Invoking command in '/home/maryam-mahmood/sdaadof_ws/build/daadbot_controller': CMAKE_PREFIX_PATH=${CMAKE_PREFIX_PATH}:/home/maryam-mahmood/sdaadof_ws/install/some_examples_py:/opt/ros/jazzy DEBUGINFOD_URLS=https://debuginfod.ubuntu.com /usr/bin/cmake --install /home/maryam-mahmood/sdaadof_ws/build/daadbot_controller
[0.614s] -- Install configuration: ""
[0.615s] -- Up-to-date: /home/maryam-mahmood/sdaadof_ws/install/daadbot_controller/share/daadbot_controller/config
[0.615s] -- Up-to-date: /home/maryam-mahmood/sdaadof_ws/install/daadbot_controller/share/daadbot_controller/config/daadbot_controllers.yaml
[0.616s] -- Up-to-date: /home/maryam-mahmood/sdaadof_ws/install/daadbot_controller/share/daadbot_controller/launch
[0.616s] -- Up-to-date: /home/maryam-mahmood/sdaadof_ws/install/daadbot_controller/share/daadbot_controller/launch/controller.launch.py
[0.616s] -- Up-to-date: /home/maryam-mahmood/sdaadof_ws/install/daadbot_controller/share/ament_index/resource_index/package_run_dependencies/daadbot_controller
[0.616s] -- Up-to-date: /home/maryam-mahmood/sdaadof_ws/install/daadbot_controller/share/ament_index/resource_index/parent_prefix_path/daadbot_controller
[0.616s] -- Up-to-date: /home/maryam-mahmood/sdaadof_ws/install/daadbot_controller/share/daadbot_controller/environment/ament_prefix_path.sh
[0.617s] -- Up-to-date: /home/maryam-mahmood/sdaadof_ws/install/daadbot_controller/share/daadbot_controller/environment/ament_prefix_path.dsv
[0.617s] -- Up-to-date: /home/maryam-mahmood/sdaadof_ws/install/daadbot_controller/share/daadbot_controller/environment/path.sh
[0.618s] -- Up-to-date: /home/maryam-mahmood/sdaadof_ws/install/daadbot_controller/share/daadbot_controller/environment/path.dsv
[0.618s] -- Up-to-date: /home/maryam-mahmood/sdaadof_ws/install/daadbot_controller/share/daadbot_controller/local_setup.bash
[0.618s] -- Up-to-date: /home/maryam-mahmood/sdaadof_ws/install/daadbot_controller/share/daadbot_controller/local_setup.sh
[0.619s] -- Up-to-date: /home/maryam-mahmood/sdaadof_ws/install/daadbot_controller/share/daadbot_controller/local_setup.zsh
[0.620s] -- Up-to-date: /home/maryam-mahmood/sdaadof_ws/install/daadbot_controller/share/daadbot_controller/local_setup.dsv
[0.620s] -- Installing: /home/maryam-mahmood/sdaadof_ws/install/daadbot_controller/share/daadbot_controller/package.dsv
[0.621s] -- Up-to-date: /home/maryam-mahmood/sdaadof_ws/install/daadbot_controller/share/ament_index/resource_index/packages/daadbot_controller
[0.622s] -- Up-to-date: /home/maryam-mahmood/sdaadof_ws/install/daadbot_controller/share/daadbot_controller/cmake/daadbot_controllerConfig.cmake
[0.623s] -- Up-to-date: /home/maryam-mahmood/sdaadof_ws/install/daadbot_controller/share/daadbot_controller/cmake/daadbot_controllerConfig-version.cmake
[0.624s] -- Up-to-date: /home/maryam-mahmood/sdaadof_ws/install/daadbot_controller/share/daadbot_controller/package.xml
[0.639s] Invoked command in '/home/maryam-mahmood/sdaadof_ws/build/daadbot_controller' returned '0': CMAKE_PREFIX_PATH=${CMAKE_PREFIX_PATH}:/home/maryam-mahmood/sdaadof_ws/install/some_examples_py:/opt/ros/jazzy DEBUGINFOD_URLS=https://debuginfod.ubuntu.com /usr/bin/cmake --install /home/maryam-mahmood/sdaadof_ws/build/daadbot_controller
