[0.014s] Invoking command in '/home/maryam-mahmood/sdaadof_ws/build/daadbot_moveit': CMAKE_PREFIX_PATH=${CMAKE_PREFIX_PATH}:/home/maryam-mahmood/sdaadof_ws/install/some_examples_py:/opt/ros/jazzy DEBUGINFOD_URLS=https://debuginfod.ubuntu.com /usr/bin/cmake --build /home/maryam-mahmood/sdaadof_ws/build/daadbot_moveit -- -j24 -l24
[0.035s] -- Found ament_cmake: 2.5.3 (/opt/ros/jazzy/share/ament_cmake/cmake)
[0.205s] -- Found ament_lint_auto: 0.17.1 (/opt/ros/jazzy/share/ament_lint_auto/cmake)
[0.271s] -- Added test 'flake8' to check Python code syntax and style conventions
[0.271s] -- Configured 'flake8' exclude dirs and/or files: 
[0.272s] -- Added test 'lint_cmake' to check CMake code style
[0.272s] -- Added test 'pep257' to check Python code against some of the docstring style conventions in PEP 257
[0.273s] -- Added test 'xmllint' to check XML markup files
[0.273s] -- Configuring done (0.2s)
[0.275s] -- Generating done (0.0s)
[0.276s] -- Build files have been written to: /home/maryam-mahmood/sdaadof_ws/build/daadbot_moveit
[0.293s] Invoked command in '/home/maryam-mahmood/sdaadof_ws/build/daadbot_moveit' returned '0': CMAKE_PREFIX_PATH=${CMAKE_PREFIX_PATH}:/home/maryam-mahmood/sdaadof_ws/install/some_examples_py:/opt/ros/jazzy DEBUGINFOD_URLS=https://debuginfod.ubuntu.com /usr/bin/cmake --build /home/maryam-mahmood/sdaadof_ws/build/daadbot_moveit -- -j24 -l24
[0.294s] Invoking command in '/home/maryam-mahmood/sdaadof_ws/build/daadbot_moveit': CMAKE_PREFIX_PATH=${CMAKE_PREFIX_PATH}:/home/maryam-mahmood/sdaadof_ws/install/some_examples_py:/opt/ros/jazzy DEBUGINFOD_URLS=https://debuginfod.ubuntu.com /usr/bin/cmake --install /home/maryam-mahmood/sdaadof_ws/build/daadbot_moveit
[0.301s] -- Install configuration: ""
[0.301s] -- Installing: /home/maryam-mahmood/sdaadof_ws/install/daadbot_moveit/share/daadbot_moveit/config
[0.301s] -- Installing: /home/maryam-mahmood/sdaadof_ws/install/daadbot_moveit/share/daadbot_moveit/config/daadbot.srdf
[0.301s] -- Installing: /home/maryam-mahmood/sdaadof_ws/install/daadbot_moveit/share/daadbot_moveit/config/joint_limits.yaml
[0.301s] -- Installing: /home/maryam-mahmood/sdaadof_ws/install/daadbot_moveit/share/daadbot_moveit/config/moveit_controllers.yaml
[0.301s] -- Installing: /home/maryam-mahmood/sdaadof_ws/install/daadbot_moveit/share/daadbot_moveit/config/pliz_cartesian_limits.yaml
[0.301s] -- Installing: /home/maryam-mahmood/sdaadof_ws/install/daadbot_moveit/share/daadbot_moveit/config/kinematic.yaml
[0.301s] -- Installing: /home/maryam-mahmood/sdaadof_ws/install/daadbot_moveit/share/daadbot_moveit/config/initial_positions.yaml
[0.301s] -- Installing: /home/maryam-mahmood/sdaadof_ws/install/daadbot_moveit/share/daadbot_moveit/launch
[0.302s] -- Installing: /home/maryam-mahmood/sdaadof_ws/install/daadbot_moveit/share/daadbot_moveit/launch/moveit.launch.py
[0.302s] -- Installing: /home/maryam-mahmood/sdaadof_ws/install/daadbot_moveit/share/ament_index/resource_index/package_run_dependencies/daadbot_moveit
[0.302s] -- Installing: /home/maryam-mahmood/sdaadof_ws/install/daadbot_moveit/share/ament_index/resource_index/parent_prefix_path/daadbot_moveit
[0.302s] -- Up-to-date: /home/maryam-mahmood/sdaadof_ws/install/daadbot_moveit/share/daadbot_moveit/environment/ament_prefix_path.sh
[0.302s] -- Up-to-date: /home/maryam-mahmood/sdaadof_ws/install/daadbot_moveit/share/daadbot_moveit/environment/ament_prefix_path.dsv
[0.302s] -- Up-to-date: /home/maryam-mahmood/sdaadof_ws/install/daadbot_moveit/share/daadbot_moveit/environment/path.sh
[0.302s] -- Up-to-date: /home/maryam-mahmood/sdaadof_ws/install/daadbot_moveit/share/daadbot_moveit/environment/path.dsv
[0.302s] -- Up-to-date: /home/maryam-mahmood/sdaadof_ws/install/daadbot_moveit/share/daadbot_moveit/local_setup.bash
[0.302s] -- Up-to-date: /home/maryam-mahmood/sdaadof_ws/install/daadbot_moveit/share/daadbot_moveit/local_setup.sh
[0.302s] -- Up-to-date: /home/maryam-mahmood/sdaadof_ws/install/daadbot_moveit/share/daadbot_moveit/local_setup.zsh
[0.302s] -- Up-to-date: /home/maryam-mahmood/sdaadof_ws/install/daadbot_moveit/share/daadbot_moveit/local_setup.dsv
[0.302s] -- Up-to-date: /home/maryam-mahmood/sdaadof_ws/install/daadbot_moveit/share/daadbot_moveit/package.dsv
[0.302s] -- Up-to-date: /home/maryam-mahmood/sdaadof_ws/install/daadbot_moveit/share/ament_index/resource_index/packages/daadbot_moveit
[0.302s] -- Up-to-date: /home/maryam-mahmood/sdaadof_ws/install/daadbot_moveit/share/daadbot_moveit/cmake/daadbot_moveitConfig.cmake
[0.302s] -- Up-to-date: /home/maryam-mahmood/sdaadof_ws/install/daadbot_moveit/share/daadbot_moveit/cmake/daadbot_moveitConfig-version.cmake
[0.302s] -- Installing: /home/maryam-mahmood/sdaadof_ws/install/daadbot_moveit/share/daadbot_moveit/package.xml
[0.303s] Invoked command in '/home/maryam-mahmood/sdaadof_ws/build/daadbot_moveit' returned '0': CMAKE_PREFIX_PATH=${CMAKE_PREFIX_PATH}:/home/maryam-mahmood/sdaadof_ws/install/some_examples_py:/opt/ros/jazzy DEBUGINFOD_URLS=https://debuginfod.ubuntu.com /usr/bin/cmake --install /home/maryam-mahmood/sdaadof_ws/build/daadbot_moveit
