[0.631s] Invoking command in '/home/maryam-mahmood/sdaadof_ws/src/some_examples_py': DEBUGINFOD_URLS=https://debuginfod.ubuntu.com PYTHONPATH=/home/maryam-mahmood/sdaadof_ws/build/some_examples_py/prefix_override:/usr/lib/python3/dist-packages/colcon_core/task/python/colcon_distutils_commands:/home/maryam-mahmood/sdaadof_ws/install/some_examples_py/lib/python3.12/site-packages:${PYTHONPATH} /usr/bin/python3 -W ignore:setup.py install is deprecated -W ignore:easy_install command is deprecated setup.py egg_info --egg-base ../../build/some_examples_py build --build-base /home/maryam-mahmood/sdaadof_ws/build/some_examples_py/build install --record /home/maryam-mahmood/sdaadof_ws/build/some_examples_py/install.log --single-version-externally-managed install_data
[0.806s] running egg_info
[0.806s] creating ../../build/some_examples_py/some_examples_py.egg-info
[0.819s] writing ../../build/some_examples_py/some_examples_py.egg-info/PKG-INFO
[0.819s] writing dependency_links to ../../build/some_examples_py/some_examples_py.egg-info/dependency_links.txt
[0.819s] writing requirements to ../../build/some_examples_py/some_examples_py.egg-info/requires.txt
[0.819s] writing top-level names to ../../build/some_examples_py/some_examples_py.egg-info/top_level.txt
[0.819s] writing manifest file '../../build/some_examples_py/some_examples_py.egg-info/SOURCES.txt'
[0.844s] reading manifest file '../../build/some_examples_py/some_examples_py.egg-info/SOURCES.txt'
[0.844s] writing manifest file '../../build/some_examples_py/some_examples_py.egg-info/SOURCES.txt'
[0.844s] running build
[0.844s] running build_py
[0.844s] creating /home/maryam-mahmood/sdaadof_ws/build/some_examples_py/build
[0.844s] creating /home/maryam-mahmood/sdaadof_ws/build/some_examples_py/build/lib
[0.844s] creating /home/maryam-mahmood/sdaadof_ws/build/some_examples_py/build/lib/some_examples_py
[0.844s] copying some_examples_py/__init__.py -> /home/maryam-mahmood/sdaadof_ws/build/some_examples_py/build/lib/some_examples_py
[0.844s] running install
[0.849s] running install_lib
[0.861s] creating /home/maryam-mahmood/sdaadof_ws/install/some_examples_py/lib/python3.12/site-packages/some_examples_py
[0.861s] copying /home/maryam-mahmood/sdaadof_ws/build/some_examples_py/build/lib/some_examples_py/__init__.py -> /home/maryam-mahmood/sdaadof_ws/install/some_examples_py/lib/python3.12/site-packages/some_examples_py
[0.861s] byte-compiling /home/maryam-mahmood/sdaadof_ws/install/some_examples_py/lib/python3.12/site-packages/some_examples_py/__init__.py to __init__.cpython-312.pyc
[0.861s] running install_data
[0.861s] creating /home/maryam-mahmood/sdaadof_ws/install/some_examples_py/share/ament_index
[0.861s] creating /home/maryam-mahmood/sdaadof_ws/install/some_examples_py/share/ament_index/resource_index
[0.861s] creating /home/maryam-mahmood/sdaadof_ws/install/some_examples_py/share/ament_index/resource_index/packages
[0.861s] copying resource/some_examples_py -> /home/maryam-mahmood/sdaadof_ws/install/some_examples_py/share/ament_index/resource_index/packages
[0.861s] copying package.xml -> /home/maryam-mahmood/sdaadof_ws/install/some_examples_py/share/some_examples_py
[0.861s] running install_egg_info
[0.874s] Copying ../../build/some_examples_py/some_examples_py.egg-info to /home/maryam-mahmood/sdaadof_ws/install/some_examples_py/lib/python3.12/site-packages/some_examples_py-0.0.0-py3.12.egg-info
[0.875s] running install_scripts
[0.956s] writing list of installed files to '/home/maryam-mahmood/sdaadof_ws/build/some_examples_py/install.log'
[0.972s] Invoked command in '/home/maryam-mahmood/sdaadof_ws/src/some_examples_py' returned '0': DEBUGINFOD_URLS=https://debuginfod.ubuntu.com PYTHONPATH=/home/maryam-mahmood/sdaadof_ws/build/some_examples_py/prefix_override:/usr/lib/python3/dist-packages/colcon_core/task/python/colcon_distutils_commands:/home/maryam-mahmood/sdaadof_ws/install/some_examples_py/lib/python3.12/site-packages:${PYTHONPATH} /usr/bin/python3 -W ignore:setup.py install is deprecated -W ignore:easy_install command is deprecated setup.py egg_info --egg-base ../../build/some_examples_py build --build-base /home/maryam-mahmood/sdaadof_ws/build/some_examples_py/build install --record /home/maryam-mahmood/sdaadof_ws/build/some_examples_py/install.log --single-version-externally-managed install_data
