[2.422s] Invoking command in '/home/maryam-mahmood/sdaadof_ws/src/some_examples_py': DEBUGINFOD_URLS=https://debuginfod.ubuntu.com PYTHONPATH=/home/maryam-mahmood/sdaadof_ws/build/some_examples_py/prefix_override:/usr/lib/python3/dist-packages/colcon_core/task/python/colcon_distutils_commands:/home/maryam-mahmood/sdaadof_ws/install/some_examples_py/lib/python3.12/site-packages:${PYTHONPATH} /usr/bin/python3 -W ignore:setup.py install is deprecated -W ignore:easy_install command is deprecated setup.py egg_info --egg-base ../../build/some_examples_py build --build-base /home/maryam-mahmood/sdaadof_ws/build/some_examples_py/build install --record /home/maryam-mahmood/sdaadof_ws/build/some_examples_py/install.log --single-version-externally-managed install_data
[3.200s] running egg_info
[3.288s] writing ../../build/some_examples_py/some_examples_py.egg-info/PKG-INFO
[3.289s] writing dependency_links to ../../build/some_examples_py/some_examples_py.egg-info/dependency_links.txt
[3.290s] writing entry points to ../../build/some_examples_py/some_examples_py.egg-info/entry_points.txt
[3.290s] writing requirements to ../../build/some_examples_py/some_examples_py.egg-info/requires.txt
[3.290s] writing top-level names to ../../build/some_examples_py/some_examples_py.egg-info/top_level.txt
[3.384s] reading manifest file '../../build/some_examples_py/some_examples_py.egg-info/SOURCES.txt'
[3.385s] writing manifest file '../../build/some_examples_py/some_examples_py.egg-info/SOURCES.txt'
[3.385s] running build
[3.385s] running build_py
[3.385s] running install
[3.395s] running install_lib
[3.443s] running install_data
[3.444s] running install_egg_info
[3.498s] removing '/home/maryam-mahmood/sdaadof_ws/install/some_examples_py/lib/python3.12/site-packages/some_examples_py-0.0.0-py3.12.egg-info' (and everything under it)
[3.499s] Copying ../../build/some_examples_py/some_examples_py.egg-info to /home/maryam-mahmood/sdaadof_ws/install/some_examples_py/lib/python3.12/site-packages/some_examples_py-0.0.0-py3.12.egg-info
[3.500s] running install_scripts
[3.929s] Installing simple_publisher script to /home/maryam-mahmood/sdaadof_ws/install/some_examples_py/lib/some_examples_py
[3.930s] writing list of installed files to '/home/maryam-mahmood/sdaadof_ws/build/some_examples_py/install.log'
[3.988s] Invoked command in '/home/maryam-mahmood/sdaadof_ws/src/some_examples_py' returned '0': DEBUGINFOD_URLS=https://debuginfod.ubuntu.com PYTHONPATH=/home/maryam-mahmood/sdaadof_ws/build/some_examples_py/prefix_override:/usr/lib/python3/dist-packages/colcon_core/task/python/colcon_distutils_commands:/home/maryam-mahmood/sdaadof_ws/install/some_examples_py/lib/python3.12/site-packages:${PYTHONPATH} /usr/bin/python3 -W ignore:setup.py install is deprecated -W ignore:easy_install command is deprecated setup.py egg_info --egg-base ../../build/some_examples_py build --build-base /home/maryam-mahmood/sdaadof_ws/build/some_examples_py/build install --record /home/maryam-mahmood/sdaadof_ws/build/some_examples_py/install.log --single-version-externally-managed install_data
