[0.518s] Invoking command in '/home/maryam-mahmood/sdaadof_ws/src/some_examples_py': DEBUGINFOD_URLS=https://debuginfod.ubuntu.com PYTHONPATH=/home/maryam-mahmood/sdaadof_ws/build/some_examples_py/prefix_override:/usr/lib/python3/dist-packages/colcon_core/task/python/colcon_distutils_commands:/home/maryam-mahmood/sdaadof_ws/install/some_examples_py/lib/python3.12/site-packages:${PYTHONPATH} /usr/bin/python3 -W ignore:setup.py install is deprecated -W ignore:easy_install command is deprecated setup.py egg_info --egg-base ../../build/some_examples_py build --build-base /home/maryam-mahmood/sdaadof_ws/build/some_examples_py/build install --record /home/maryam-mahmood/sdaadof_ws/build/some_examples_py/install.log --single-version-externally-managed install_data
[0.696s] running egg_info
[0.708s] writing ../../build/some_examples_py/some_examples_py.egg-info/PKG-INFO
[0.708s] writing dependency_links to ../../build/some_examples_py/some_examples_py.egg-info/dependency_links.txt
[0.708s] writing entry points to ../../build/some_examples_py/some_examples_py.egg-info/entry_points.txt
[0.709s] writing requirements to ../../build/some_examples_py/some_examples_py.egg-info/requires.txt
[0.709s] writing top-level names to ../../build/some_examples_py/some_examples_py.egg-info/top_level.txt
[0.733s] reading manifest file '../../build/some_examples_py/some_examples_py.egg-info/SOURCES.txt'
[0.733s] writing manifest file '../../build/some_examples_py/some_examples_py.egg-info/SOURCES.txt'
[0.734s] running build
[0.734s] running build_py
[0.734s] copying some_examples_py/simple_publisher.py -> /home/maryam-mahmood/sdaadof_ws/build/some_examples_py/build/lib/some_examples_py
[0.734s] running install
[0.738s] running install_lib
[0.750s] copying /home/maryam-mahmood/sdaadof_ws/build/some_examples_py/build/lib/some_examples_py/simple_publisher.py -> /home/maryam-mahmood/sdaadof_ws/install/some_examples_py/lib/python3.12/site-packages/some_examples_py
[0.750s] byte-compiling /home/maryam-mahmood/sdaadof_ws/install/some_examples_py/lib/python3.12/site-packages/some_examples_py/simple_publisher.py to simple_publisher.cpython-312.pyc
[0.751s] running install_data
[0.751s] running install_egg_info
[0.764s] removing '/home/maryam-mahmood/sdaadof_ws/install/some_examples_py/lib/python3.12/site-packages/some_examples_py-0.0.0-py3.12.egg-info' (and everything under it)
[0.764s] Copying ../../build/some_examples_py/some_examples_py.egg-info to /home/maryam-mahmood/sdaadof_ws/install/some_examples_py/lib/python3.12/site-packages/some_examples_py-0.0.0-py3.12.egg-info
[0.764s] running install_scripts
[0.847s] Installing simple_publisher script to /home/maryam-mahmood/sdaadof_ws/install/some_examples_py/lib/some_examples_py
[0.847s] writing list of installed files to '/home/maryam-mahmood/sdaadof_ws/build/some_examples_py/install.log'
