[0.110s] DEBUG:colcon:Command line arguments: ['/usr/bin/colcon', 'build']
[0.110s] DEBUG:colcon:Parsed command line arguments: Namespace(log_base=None, log_level=None, verb_name='build', build_base='build', install_base='install', merge_install=False, symlink_install=False, test_result_base=None, continue_on_error=False, executor='parallel', parallel_workers=24, event_handlers=None, ignore_user_meta=False, metas=['./colcon.meta'], base_paths=['.'], packages_ignore=None, packages_ignore_regex=None, paths=None, packages_up_to=None, packages_up_to_regex=None, packages_above=None, packages_above_and_dependencies=None, packages_above_depth=None, packages_select_by_dep=None, packages_skip_by_dep=None, packages_skip_up_to=None, packages_select_build_failed=False, packages_skip_build_finished=False, packages_select_test_failures=False, packages_skip_test_passed=False, packages_select=None, packages_skip=None, packages_select_regex=None, packages_skip_regex=None, packages_start=None, packages_end=None, allow_overriding=[], cmake_args=None, cmake_target=None, cmake_target_skip_unavailable=False, cmake_clean_cache=False, cmake_clean_first=False, cmake_force_configure=False, ament_cmake_args=None, catkin_cmake_args=None, catkin_skip_building_tests=False, mixin_files=None, mixin=None, verb_parser=<colcon_mixin.mixin.mixin_argument.MixinArgumentDecorator object at 0x7bb1ab2ac560>, verb_extension=<colcon_core.verb.build.BuildVerb object at 0x7bb1ab3d0a10>, main=<bound method BuildVerb.main of <colcon_core.verb.build.BuildVerb object at 0x7bb1ab3d0a10>>, mixin_verb=('build',))
[0.145s] Level 1:colcon.colcon_core.package_discovery:discover_packages(colcon_meta) check parameters
[0.145s] Level 1:colcon.colcon_core.package_discovery:discover_packages(recursive) check parameters
[0.145s] Level 1:colcon.colcon_core.package_discovery:discover_packages(ignore) check parameters
[0.145s] Level 1:colcon.colcon_core.package_discovery:discover_packages(path) check parameters
[0.145s] Level 1:colcon.colcon_core.package_discovery:discover_packages(colcon_meta) discover
[0.145s] Level 1:colcon.colcon_core.package_discovery:discover_packages(recursive) discover
[0.145s] INFO:colcon.colcon_core.package_discovery:Crawling recursively for packages in '/home/maryam-mahmood/sdaadof_ws'
[0.145s] Level 1:colcon.colcon_core.package_identification:_identify(.) by extensions ['ignore', 'ignore_ament_install']
[0.145s] Level 1:colcon.colcon_core.package_identification:_identify(.) by extension 'ignore'
[0.145s] Level 1:colcon.colcon_core.package_identification:_identify(.) by extension 'ignore_ament_install'
[0.145s] Level 1:colcon.colcon_core.package_identification:_identify(.) by extensions ['colcon_pkg']
[0.145s] Level 1:colcon.colcon_core.package_identification:_identify(.) by extension 'colcon_pkg'
[0.145s] Level 1:colcon.colcon_core.package_identification:_identify(.) by extensions ['colcon_meta']
[0.145s] Level 1:colcon.colcon_core.package_identification:_identify(.) by extension 'colcon_meta'
[0.145s] Level 1:colcon.colcon_core.package_identification:_identify(.) by extensions ['ros']
[0.145s] Level 1:colcon.colcon_core.package_identification:_identify(.) by extension 'ros'
[0.177s] Level 1:colcon.colcon_core.package_identification:_identify(.) by extensions ['cmake', 'python']
[0.177s] Level 1:colcon.colcon_core.package_identification:_identify(.) by extension 'cmake'
[0.177s] Level 1:colcon.colcon_core.package_identification:_identify(.) by extension 'python'
[0.177s] Level 1:colcon.colcon_core.package_identification:_identify(.) by extensions ['python_setup_py']
[0.177s] Level 1:colcon.colcon_core.package_identification:_identify(.) by extension 'python_setup_py'
[0.177s] Level 1:colcon.colcon_core.package_identification:_identify(build) by extensions ['ignore', 'ignore_ament_install']
[0.177s] Level 1:colcon.colcon_core.package_identification:_identify(build) by extension 'ignore'
[0.177s] Level 1:colcon.colcon_core.package_identification:_identify(build) ignored
[0.178s] Level 1:colcon.colcon_core.package_identification:_identify(install) by extensions ['ignore', 'ignore_ament_install']
[0.178s] Level 1:colcon.colcon_core.package_identification:_identify(install) by extension 'ignore'
[0.178s] Level 1:colcon.colcon_core.package_identification:_identify(install) ignored
[0.178s] Level 1:colcon.colcon_core.package_identification:_identify(log) by extensions ['ignore', 'ignore_ament_install']
[0.178s] Level 1:colcon.colcon_core.package_identification:_identify(log) by extension 'ignore'
[0.178s] Level 1:colcon.colcon_core.package_identification:_identify(log) ignored
[0.179s] Level 1:colcon.colcon_core.package_identification:_identify(src) by extensions ['ignore', 'ignore_ament_install']
[0.179s] Level 1:colcon.colcon_core.package_identification:_identify(src) by extension 'ignore'
[0.179s] Level 1:colcon.colcon_core.package_identification:_identify(src) by extension 'ignore_ament_install'
[0.179s] Level 1:colcon.colcon_core.package_identification:_identify(src) by extensions ['colcon_pkg']
[0.179s] Level 1:colcon.colcon_core.package_identification:_identify(src) by extension 'colcon_pkg'
[0.179s] Level 1:colcon.colcon_core.package_identification:_identify(src) by extensions ['colcon_meta']
[0.179s] Level 1:colcon.colcon_core.package_identification:_identify(src) by extension 'colcon_meta'
[0.179s] Level 1:colcon.colcon_core.package_identification:_identify(src) by extensions ['ros']
[0.179s] Level 1:colcon.colcon_core.package_identification:_identify(src) by extension 'ros'
[0.179s] Level 1:colcon.colcon_core.package_identification:_identify(src) by extensions ['cmake', 'python']
[0.179s] Level 1:colcon.colcon_core.package_identification:_identify(src) by extension 'cmake'
[0.179s] Level 1:colcon.colcon_core.package_identification:_identify(src) by extension 'python'
[0.179s] Level 1:colcon.colcon_core.package_identification:_identify(src) by extensions ['python_setup_py']
[0.179s] Level 1:colcon.colcon_core.package_identification:_identify(src) by extension 'python_setup_py'
[0.179s] Level 1:colcon.colcon_core.package_identification:_identify(src/daadbot_controller) by extensions ['ignore', 'ignore_ament_install']
[0.180s] Level 1:colcon.colcon_core.package_identification:_identify(src/daadbot_controller) by extension 'ignore'
[0.180s] Level 1:colcon.colcon_core.package_identification:_identify(src/daadbot_controller) by extension 'ignore_ament_install'
[0.180s] Level 1:colcon.colcon_core.package_identification:_identify(src/daadbot_controller) by extensions ['colcon_pkg']
[0.180s] Level 1:colcon.colcon_core.package_identification:_identify(src/daadbot_controller) by extension 'colcon_pkg'
[0.180s] Level 1:colcon.colcon_core.package_identification:_identify(src/daadbot_controller) by extensions ['colcon_meta']
[0.180s] Level 1:colcon.colcon_core.package_identification:_identify(src/daadbot_controller) by extension 'colcon_meta'
[0.180s] Level 1:colcon.colcon_core.package_identification:_identify(src/daadbot_controller) by extensions ['ros']
[0.180s] Level 1:colcon.colcon_core.package_identification:_identify(src/daadbot_controller) by extension 'ros'
[0.182s] DEBUG:colcon.colcon_core.package_identification:Package 'src/daadbot_controller' with type 'ros.ament_cmake' and name 'daadbot_controller'
[0.182s] Level 1:colcon.colcon_core.package_identification:_identify(src/daadbot_desc) by extensions ['ignore', 'ignore_ament_install']
[0.182s] Level 1:colcon.colcon_core.package_identification:_identify(src/daadbot_desc) by extension 'ignore'
[0.182s] Level 1:colcon.colcon_core.package_identification:_identify(src/daadbot_desc) by extension 'ignore_ament_install'
[0.182s] Level 1:colcon.colcon_core.package_identification:_identify(src/daadbot_desc) by extensions ['colcon_pkg']
[0.183s] Level 1:colcon.colcon_core.package_identification:_identify(src/daadbot_desc) by extension 'colcon_pkg'
[0.183s] Level 1:colcon.colcon_core.package_identification:_identify(src/daadbot_desc) by extensions ['colcon_meta']
[0.183s] Level 1:colcon.colcon_core.package_identification:_identify(src/daadbot_desc) by extension 'colcon_meta'
[0.183s] Level 1:colcon.colcon_core.package_identification:_identify(src/daadbot_desc) by extensions ['ros']
[0.183s] Level 1:colcon.colcon_core.package_identification:_identify(src/daadbot_desc) by extension 'ros'
[0.187s] DEBUG:colcon.colcon_core.package_identification:Package 'src/daadbot_desc' with type 'ros.ament_cmake' and name 'daadbot_desc'
[0.187s] Level 1:colcon.colcon_core.package_identification:_identify(src/daadbot_moveit) by extensions ['ignore', 'ignore_ament_install']
[0.187s] Level 1:colcon.colcon_core.package_identification:_identify(src/daadbot_moveit) by extension 'ignore'
[0.187s] Level 1:colcon.colcon_core.package_identification:_identify(src/daadbot_moveit) by extension 'ignore_ament_install'
[0.187s] Level 1:colcon.colcon_core.package_identification:_identify(src/daadbot_moveit) by extensions ['colcon_pkg']
[0.187s] Level 1:colcon.colcon_core.package_identification:_identify(src/daadbot_moveit) by extension 'colcon_pkg'
[0.187s] Level 1:colcon.colcon_core.package_identification:_identify(src/daadbot_moveit) by extensions ['colcon_meta']
[0.187s] Level 1:colcon.colcon_core.package_identification:_identify(src/daadbot_moveit) by extension 'colcon_meta'
[0.188s] Level 1:colcon.colcon_core.package_identification:_identify(src/daadbot_moveit) by extensions ['ros']
[0.188s] Level 1:colcon.colcon_core.package_identification:_identify(src/daadbot_moveit) by extension 'ros'
[0.188s] DEBUG:colcon.colcon_core.package_identification:Package 'src/daadbot_moveit' with type 'ros.ament_cmake' and name 'daadbot_moveit'
[0.188s] Level 1:colcon.colcon_core.package_identification:_identify(src/some_examples_cpp) by extensions ['ignore', 'ignore_ament_install']
[0.188s] Level 1:colcon.colcon_core.package_identification:_identify(src/some_examples_cpp) by extension 'ignore'
[0.188s] Level 1:colcon.colcon_core.package_identification:_identify(src/some_examples_cpp) by extension 'ignore_ament_install'
[0.188s] Level 1:colcon.colcon_core.package_identification:_identify(src/some_examples_cpp) by extensions ['colcon_pkg']
[0.188s] Level 1:colcon.colcon_core.package_identification:_identify(src/some_examples_cpp) by extension 'colcon_pkg'
[0.188s] Level 1:colcon.colcon_core.package_identification:_identify(src/some_examples_cpp) by extensions ['colcon_meta']
[0.188s] Level 1:colcon.colcon_core.package_identification:_identify(src/some_examples_cpp) by extension 'colcon_meta'
[0.189s] Level 1:colcon.colcon_core.package_identification:_identify(src/some_examples_cpp) by extensions ['ros']
[0.189s] Level 1:colcon.colcon_core.package_identification:_identify(src/some_examples_cpp) by extension 'ros'
[0.189s] DEBUG:colcon.colcon_core.package_identification:Package 'src/some_examples_cpp' with type 'ros.ament_cmake' and name 'some_examples_cpp'
[0.189s] Level 1:colcon.colcon_core.package_identification:_identify(src/some_examples_py) by extensions ['ignore', 'ignore_ament_install']
[0.189s] Level 1:colcon.colcon_core.package_identification:_identify(src/some_examples_py) by extension 'ignore'
[0.189s] Level 1:colcon.colcon_core.package_identification:_identify(src/some_examples_py) by extension 'ignore_ament_install'
[0.189s] Level 1:colcon.colcon_core.package_identification:_identify(src/some_examples_py) by extensions ['colcon_pkg']
[0.189s] Level 1:colcon.colcon_core.package_identification:_identify(src/some_examples_py) by extension 'colcon_pkg'
[0.189s] Level 1:colcon.colcon_core.package_identification:_identify(src/some_examples_py) by extensions ['colcon_meta']
[0.189s] Level 1:colcon.colcon_core.package_identification:_identify(src/some_examples_py) by extension 'colcon_meta'
[0.189s] Level 1:colcon.colcon_core.package_identification:_identify(src/some_examples_py) by extensions ['ros']
[0.190s] Level 1:colcon.colcon_core.package_identification:_identify(src/some_examples_py) by extension 'ros'
[0.190s] DEBUG:colcon.colcon_core.package_identification:Package 'src/some_examples_py' with type 'ros.ament_python' and name 'some_examples_py'
[0.190s] Level 1:colcon.colcon_core.package_discovery:discover_packages(recursive) using defaults
[0.190s] Level 1:colcon.colcon_core.package_discovery:discover_packages(ignore) discover
[0.190s] Level 1:colcon.colcon_core.package_discovery:discover_packages(ignore) using defaults
[0.190s] Level 1:colcon.colcon_core.package_discovery:discover_packages(path) discover
[0.190s] Level 1:colcon.colcon_core.package_discovery:discover_packages(path) using defaults
[0.208s] Level 1:colcon.colcon_core.package_discovery:discover_packages(prefix_path) check parameters
[0.208s] Level 1:colcon.colcon_core.package_discovery:discover_packages(prefix_path) discover
[0.210s] DEBUG:colcon.colcon_installed_package_information.package_discovery:Found 5 installed packages in /home/maryam-mahmood/sdaadof_ws/install
[0.212s] DEBUG:colcon.colcon_installed_package_information.package_discovery:Found 421 installed packages in /opt/ros/jazzy
[0.214s] Level 1:colcon.colcon_core.package_discovery:discover_packages(prefix_path) using defaults
[0.248s] Level 5:colcon.colcon_core.verb:set package 'daadbot_controller' build argument 'cmake_args' from command line to 'None'
[0.248s] Level 5:colcon.colcon_core.verb:set package 'daadbot_controller' build argument 'cmake_target' from command line to 'None'
[0.248s] Level 5:colcon.colcon_core.verb:set package 'daadbot_controller' build argument 'cmake_target_skip_unavailable' from command line to 'False'
[0.248s] Level 5:colcon.colcon_core.verb:set package 'daadbot_controller' build argument 'cmake_clean_cache' from command line to 'False'
[0.248s] Level 5:colcon.colcon_core.verb:set package 'daadbot_controller' build argument 'cmake_clean_first' from command line to 'False'
[0.248s] Level 5:colcon.colcon_core.verb:set package 'daadbot_controller' build argument 'cmake_force_configure' from command line to 'False'
[0.248s] Level 5:colcon.colcon_core.verb:set package 'daadbot_controller' build argument 'ament_cmake_args' from command line to 'None'
[0.248s] Level 5:colcon.colcon_core.verb:set package 'daadbot_controller' build argument 'catkin_cmake_args' from command line to 'None'
[0.248s] Level 5:colcon.colcon_core.verb:set package 'daadbot_controller' build argument 'catkin_skip_building_tests' from command line to 'False'
[0.248s] DEBUG:colcon.colcon_core.verb:Building package 'daadbot_controller' with the following arguments: {'ament_cmake_args': None, 'build_base': '/home/maryam-mahmood/sdaadof_ws/build/daadbot_controller', 'catkin_cmake_args': None, 'catkin_skip_building_tests': False, 'cmake_args': None, 'cmake_clean_cache': False, 'cmake_clean_first': False, 'cmake_force_configure': False, 'cmake_target': None, 'cmake_target_skip_unavailable': False, 'install_base': '/home/maryam-mahmood/sdaadof_ws/install/daadbot_controller', 'merge_install': False, 'path': '/home/maryam-mahmood/sdaadof_ws/src/daadbot_controller', 'symlink_install': False, 'test_result_base': None}
[0.249s] Level 5:colcon.colcon_core.verb:set package 'daadbot_desc' build argument 'cmake_args' from command line to 'None'
[0.249s] Level 5:colcon.colcon_core.verb:set package 'daadbot_desc' build argument 'cmake_target' from command line to 'None'
[0.249s] Level 5:colcon.colcon_core.verb:set package 'daadbot_desc' build argument 'cmake_target_skip_unavailable' from command line to 'False'
[0.249s] Level 5:colcon.colcon_core.verb:set package 'daadbot_desc' build argument 'cmake_clean_cache' from command line to 'False'
[0.249s] Level 5:colcon.colcon_core.verb:set package 'daadbot_desc' build argument 'cmake_clean_first' from command line to 'False'
[0.249s] Level 5:colcon.colcon_core.verb:set package 'daadbot_desc' build argument 'cmake_force_configure' from command line to 'False'
[0.249s] Level 5:colcon.colcon_core.verb:set package 'daadbot_desc' build argument 'ament_cmake_args' from command line to 'None'
[0.249s] Level 5:colcon.colcon_core.verb:set package 'daadbot_desc' build argument 'catkin_cmake_args' from command line to 'None'
[0.249s] Level 5:colcon.colcon_core.verb:set package 'daadbot_desc' build argument 'catkin_skip_building_tests' from command line to 'False'
[0.249s] DEBUG:colcon.colcon_core.verb:Building package 'daadbot_desc' with the following arguments: {'ament_cmake_args': None, 'build_base': '/home/maryam-mahmood/sdaadof_ws/build/daadbot_desc', 'catkin_cmake_args': None, 'catkin_skip_building_tests': False, 'cmake_args': None, 'cmake_clean_cache': False, 'cmake_clean_first': False, 'cmake_force_configure': False, 'cmake_target': None, 'cmake_target_skip_unavailable': False, 'install_base': '/home/maryam-mahmood/sdaadof_ws/install/daadbot_desc', 'merge_install': False, 'path': '/home/maryam-mahmood/sdaadof_ws/src/daadbot_desc', 'symlink_install': False, 'test_result_base': None}
[0.249s] Level 5:colcon.colcon_core.verb:set package 'daadbot_moveit' build argument 'cmake_args' from command line to 'None'
[0.249s] Level 5:colcon.colcon_core.verb:set package 'daadbot_moveit' build argument 'cmake_target' from command line to 'None'
[0.249s] Level 5:colcon.colcon_core.verb:set package 'daadbot_moveit' build argument 'cmake_target_skip_unavailable' from command line to 'False'
[0.249s] Level 5:colcon.colcon_core.verb:set package 'daadbot_moveit' build argument 'cmake_clean_cache' from command line to 'False'
[0.249s] Level 5:colcon.colcon_core.verb:set package 'daadbot_moveit' build argument 'cmake_clean_first' from command line to 'False'
[0.249s] Level 5:colcon.colcon_core.verb:set package 'daadbot_moveit' build argument 'cmake_force_configure' from command line to 'False'
[0.249s] Level 5:colcon.colcon_core.verb:set package 'daadbot_moveit' build argument 'ament_cmake_args' from command line to 'None'
[0.249s] Level 5:colcon.colcon_core.verb:set package 'daadbot_moveit' build argument 'catkin_cmake_args' from command line to 'None'
[0.249s] Level 5:colcon.colcon_core.verb:set package 'daadbot_moveit' build argument 'catkin_skip_building_tests' from command line to 'False'
[0.249s] DEBUG:colcon.colcon_core.verb:Building package 'daadbot_moveit' with the following arguments: {'ament_cmake_args': None, 'build_base': '/home/maryam-mahmood/sdaadof_ws/build/daadbot_moveit', 'catkin_cmake_args': None, 'catkin_skip_building_tests': False, 'cmake_args': None, 'cmake_clean_cache': False, 'cmake_clean_first': False, 'cmake_force_configure': False, 'cmake_target': None, 'cmake_target_skip_unavailable': False, 'install_base': '/home/maryam-mahmood/sdaadof_ws/install/daadbot_moveit', 'merge_install': False, 'path': '/home/maryam-mahmood/sdaadof_ws/src/daadbot_moveit', 'symlink_install': False, 'test_result_base': None}
[0.249s] Level 5:colcon.colcon_core.verb:set package 'some_examples_cpp' build argument 'cmake_args' from command line to 'None'
[0.249s] Level 5:colcon.colcon_core.verb:set package 'some_examples_cpp' build argument 'cmake_target' from command line to 'None'
[0.249s] Level 5:colcon.colcon_core.verb:set package 'some_examples_cpp' build argument 'cmake_target_skip_unavailable' from command line to 'False'
[0.249s] Level 5:colcon.colcon_core.verb:set package 'some_examples_cpp' build argument 'cmake_clean_cache' from command line to 'False'
[0.249s] Level 5:colcon.colcon_core.verb:set package 'some_examples_cpp' build argument 'cmake_clean_first' from command line to 'False'
[0.249s] Level 5:colcon.colcon_core.verb:set package 'some_examples_cpp' build argument 'cmake_force_configure' from command line to 'False'
[0.249s] Level 5:colcon.colcon_core.verb:set package 'some_examples_cpp' build argument 'ament_cmake_args' from command line to 'None'
[0.249s] Level 5:colcon.colcon_core.verb:set package 'some_examples_cpp' build argument 'catkin_cmake_args' from command line to 'None'
[0.249s] Level 5:colcon.colcon_core.verb:set package 'some_examples_cpp' build argument 'catkin_skip_building_tests' from command line to 'False'
[0.249s] DEBUG:colcon.colcon_core.verb:Building package 'some_examples_cpp' with the following arguments: {'ament_cmake_args': None, 'build_base': '/home/maryam-mahmood/sdaadof_ws/build/some_examples_cpp', 'catkin_cmake_args': None, 'catkin_skip_building_tests': False, 'cmake_args': None, 'cmake_clean_cache': False, 'cmake_clean_first': False, 'cmake_force_configure': False, 'cmake_target': None, 'cmake_target_skip_unavailable': False, 'install_base': '/home/maryam-mahmood/sdaadof_ws/install/some_examples_cpp', 'merge_install': False, 'path': '/home/maryam-mahmood/sdaadof_ws/src/some_examples_cpp', 'symlink_install': False, 'test_result_base': None}
[0.249s] Level 5:colcon.colcon_core.verb:set package 'some_examples_py' build argument 'cmake_args' from command line to 'None'
[0.249s] Level 5:colcon.colcon_core.verb:set package 'some_examples_py' build argument 'cmake_target' from command line to 'None'
[0.249s] Level 5:colcon.colcon_core.verb:set package 'some_examples_py' build argument 'cmake_target_skip_unavailable' from command line to 'False'
[0.249s] Level 5:colcon.colcon_core.verb:set package 'some_examples_py' build argument 'cmake_clean_cache' from command line to 'False'
[0.249s] Level 5:colcon.colcon_core.verb:set package 'some_examples_py' build argument 'cmake_clean_first' from command line to 'False'
[0.249s] Level 5:colcon.colcon_core.verb:set package 'some_examples_py' build argument 'cmake_force_configure' from command line to 'False'
[0.249s] Level 5:colcon.colcon_core.verb:set package 'some_examples_py' build argument 'ament_cmake_args' from command line to 'None'
[0.249s] Level 5:colcon.colcon_core.verb:set package 'some_examples_py' build argument 'catkin_cmake_args' from command line to 'None'
[0.249s] Level 5:colcon.colcon_core.verb:set package 'some_examples_py' build argument 'catkin_skip_building_tests' from command line to 'False'
[0.250s] DEBUG:colcon.colcon_core.verb:Building package 'some_examples_py' with the following arguments: {'ament_cmake_args': None, 'build_base': '/home/maryam-mahmood/sdaadof_ws/build/some_examples_py', 'catkin_cmake_args': None, 'catkin_skip_building_tests': False, 'cmake_args': None, 'cmake_clean_cache': False, 'cmake_clean_first': False, 'cmake_force_configure': False, 'cmake_target': None, 'cmake_target_skip_unavailable': False, 'install_base': '/home/maryam-mahmood/sdaadof_ws/install/some_examples_py', 'merge_install': False, 'path': '/home/maryam-mahmood/sdaadof_ws/src/some_examples_py', 'symlink_install': False, 'test_result_base': None}
[0.250s] INFO:colcon.colcon_core.executor:Executing jobs using 'parallel' executor
[0.250s] DEBUG:colcon.colcon_parallel_executor.executor.parallel:run_until_complete
[0.251s] INFO:colcon.colcon_ros.task.ament_cmake.build:Building ROS package in '/home/maryam-mahmood/sdaadof_ws/src/daadbot_controller' with build type 'ament_cmake'
[0.251s] INFO:colcon.colcon_cmake.task.cmake.build:Building CMake package in '/home/maryam-mahmood/sdaadof_ws/src/daadbot_controller'
[0.252s] INFO:colcon.colcon_core.plugin_system:Skipping extension 'colcon_core.shell.bat': Not used on non-Windows systems
[0.253s] INFO:colcon.colcon_core.shell:Skip shell extension 'powershell' for command environment: Not usable outside of PowerShell
[0.253s] DEBUG:colcon.colcon_core.shell:Skip shell extension 'dsv' for command environment
[0.255s] INFO:colcon.colcon_ros.task.ament_cmake.build:Building ROS package in '/home/maryam-mahmood/sdaadof_ws/src/daadbot_desc' with build type 'ament_cmake'
[0.255s] INFO:colcon.colcon_cmake.task.cmake.build:Building CMake package in '/home/maryam-mahmood/sdaadof_ws/src/daadbot_desc'
[0.256s] INFO:colcon.colcon_core.shell:Skip shell extension 'powershell' for command environment: Not usable outside of PowerShell
[0.256s] DEBUG:colcon.colcon_core.shell:Skip shell extension 'dsv' for command environment
[0.258s] INFO:colcon.colcon_ros.task.ament_cmake.build:Building ROS package in '/home/maryam-mahmood/sdaadof_ws/src/daadbot_moveit' with build type 'ament_cmake'
[0.258s] INFO:colcon.colcon_cmake.task.cmake.build:Building CMake package in '/home/maryam-mahmood/sdaadof_ws/src/daadbot_moveit'
[0.258s] INFO:colcon.colcon_core.shell:Skip shell extension 'powershell' for command environment: Not usable outside of PowerShell
[0.258s] DEBUG:colcon.colcon_core.shell:Skip shell extension 'dsv' for command environment
[0.261s] INFO:colcon.colcon_ros.task.ament_cmake.build:Building ROS package in '/home/maryam-mahmood/sdaadof_ws/src/some_examples_cpp' with build type 'ament_cmake'
[0.261s] INFO:colcon.colcon_cmake.task.cmake.build:Building CMake package in '/home/maryam-mahmood/sdaadof_ws/src/some_examples_cpp'
[0.261s] INFO:colcon.colcon_core.shell:Skip shell extension 'powershell' for command environment: Not usable outside of PowerShell
[0.261s] DEBUG:colcon.colcon_core.shell:Skip shell extension 'dsv' for command environment
[0.264s] INFO:colcon.colcon_ros.task.ament_python.build:Building ROS package in '/home/maryam-mahmood/sdaadof_ws/src/some_examples_py' with build type 'ament_python'
[0.264s] Level 1:colcon.colcon_core.shell:create_environment_hook('some_examples_py', 'ament_prefix_path')
[0.264s] INFO:colcon.colcon_core.shell:Creating environment hook '/home/maryam-mahmood/sdaadof_ws/install/some_examples_py/share/some_examples_py/hook/ament_prefix_path.ps1'
[0.264s] INFO:colcon.colcon_core.shell:Creating environment descriptor '/home/maryam-mahmood/sdaadof_ws/install/some_examples_py/share/some_examples_py/hook/ament_prefix_path.dsv'
[0.265s] INFO:colcon.colcon_core.shell:Creating environment hook '/home/maryam-mahmood/sdaadof_ws/install/some_examples_py/share/some_examples_py/hook/ament_prefix_path.sh'
[0.265s] INFO:colcon.colcon_core.shell:Skip shell extension 'powershell' for command environment: Not usable outside of PowerShell
[0.265s] DEBUG:colcon.colcon_core.shell:Skip shell extension 'dsv' for command environment
[0.271s] DEBUG:colcon.colcon_core.event_handler.log_command:Invoking command in '/home/maryam-mahmood/sdaadof_ws/build/daadbot_controller': CMAKE_PREFIX_PATH=${CMAKE_PREFIX_PATH}:/home/maryam-mahmood/sdaadof_ws/install/some_examples_py:/opt/ros/jazzy DEBUGINFOD_URLS=https://debuginfod.ubuntu.com /usr/bin/cmake --build /home/maryam-mahmood/sdaadof_ws/build/daadbot_controller -- -j24 -l24
[0.273s] DEBUG:colcon.colcon_core.event_handler.log_command:Invoking command in '/home/maryam-mahmood/sdaadof_ws/build/daadbot_desc': CMAKE_PREFIX_PATH=${CMAKE_PREFIX_PATH}:/home/maryam-mahmood/sdaadof_ws/install/some_examples_py:/opt/ros/jazzy DEBUGINFOD_URLS=https://debuginfod.ubuntu.com /usr/bin/cmake --build /home/maryam-mahmood/sdaadof_ws/build/daadbot_desc -- -j24 -l24
[0.274s] DEBUG:colcon.colcon_core.event_handler.log_command:Invoking command in '/home/maryam-mahmood/sdaadof_ws/build/daadbot_moveit': CMAKE_PREFIX_PATH=${CMAKE_PREFIX_PATH}:/home/maryam-mahmood/sdaadof_ws/install/some_examples_py:/opt/ros/jazzy DEBUGINFOD_URLS=https://debuginfod.ubuntu.com /usr/bin/cmake --build /home/maryam-mahmood/sdaadof_ws/build/daadbot_moveit -- -j24 -l24
[0.276s] DEBUG:colcon.colcon_core.event_handler.log_command:Invoking command in '/home/maryam-mahmood/sdaadof_ws/build/some_examples_cpp': CMAKE_PREFIX_PATH=${CMAKE_PREFIX_PATH}:/home/maryam-mahmood/sdaadof_ws/install/some_examples_py:/opt/ros/jazzy DEBUGINFOD_URLS=https://debuginfod.ubuntu.com /usr/bin/cmake --build /home/maryam-mahmood/sdaadof_ws/build/some_examples_cpp -- -j24 -l24
[0.457s] INFO:colcon.colcon_core.task.python.build:Building Python package in '/home/maryam-mahmood/sdaadof_ws/src/some_examples_py'
[0.457s] INFO:colcon.colcon_core.shell:Skip shell extension 'powershell' for command environment: Not usable outside of PowerShell
[0.457s] DEBUG:colcon.colcon_core.shell:Skip shell extension 'dsv' for command environment
[0.462s] DEBUG:colcon.colcon_core.event_handler.log_command:Invoked command in '/home/maryam-mahmood/sdaadof_ws/build/daadbot_moveit' returned '0': CMAKE_PREFIX_PATH=${CMAKE_PREFIX_PATH}:/home/maryam-mahmood/sdaadof_ws/install/some_examples_py:/opt/ros/jazzy DEBUGINFOD_URLS=https://debuginfod.ubuntu.com /usr/bin/cmake --build /home/maryam-mahmood/sdaadof_ws/build/daadbot_moveit -- -j24 -l24
[0.471s] DEBUG:colcon.colcon_core.event_handler.log_command:Invoking command in '/home/maryam-mahmood/sdaadof_ws/build/daadbot_moveit': CMAKE_PREFIX_PATH=${CMAKE_PREFIX_PATH}:/home/maryam-mahmood/sdaadof_ws/install/some_examples_py:/opt/ros/jazzy DEBUGINFOD_URLS=https://debuginfod.ubuntu.com /usr/bin/cmake --install /home/maryam-mahmood/sdaadof_ws/build/daadbot_moveit
[0.471s] DEBUG:colcon.colcon_core.event_handler.log_command:Invoked command in '/home/maryam-mahmood/sdaadof_ws/build/daadbot_desc' returned '0': CMAKE_PREFIX_PATH=${CMAKE_PREFIX_PATH}:/home/maryam-mahmood/sdaadof_ws/install/some_examples_py:/opt/ros/jazzy DEBUGINFOD_URLS=https://debuginfod.ubuntu.com /usr/bin/cmake --build /home/maryam-mahmood/sdaadof_ws/build/daadbot_desc -- -j24 -l24
[0.472s] DEBUG:colcon.colcon_core.event_handler.log_command:Invoking command in '/home/maryam-mahmood/sdaadof_ws/build/daadbot_desc': CMAKE_PREFIX_PATH=${CMAKE_PREFIX_PATH}:/home/maryam-mahmood/sdaadof_ws/install/some_examples_py:/opt/ros/jazzy DEBUGINFOD_URLS=https://debuginfod.ubuntu.com /usr/bin/cmake --install /home/maryam-mahmood/sdaadof_ws/build/daadbot_desc
[0.473s] DEBUG:colcon.colcon_core.event_handler.log_command:Invoked command in '/home/maryam-mahmood/sdaadof_ws/build/daadbot_controller' returned '0': CMAKE_PREFIX_PATH=${CMAKE_PREFIX_PATH}:/home/maryam-mahmood/sdaadof_ws/install/some_examples_py:/opt/ros/jazzy DEBUGINFOD_URLS=https://debuginfod.ubuntu.com /usr/bin/cmake --build /home/maryam-mahmood/sdaadof_ws/build/daadbot_controller -- -j24 -l24
[0.474s] DEBUG:colcon.colcon_core.event_handler.log_command:Invoking command in '/home/maryam-mahmood/sdaadof_ws/build/daadbot_controller': CMAKE_PREFIX_PATH=${CMAKE_PREFIX_PATH}:/home/maryam-mahmood/sdaadof_ws/install/some_examples_py:/opt/ros/jazzy DEBUGINFOD_URLS=https://debuginfod.ubuntu.com /usr/bin/cmake --install /home/maryam-mahmood/sdaadof_ws/build/daadbot_controller
[0.475s] DEBUG:colcon.colcon_core.event_handler.log_command:Invoked command in '/home/maryam-mahmood/sdaadof_ws/build/some_examples_cpp' returned '0': CMAKE_PREFIX_PATH=${CMAKE_PREFIX_PATH}:/home/maryam-mahmood/sdaadof_ws/install/some_examples_py:/opt/ros/jazzy DEBUGINFOD_URLS=https://debuginfod.ubuntu.com /usr/bin/cmake --build /home/maryam-mahmood/sdaadof_ws/build/some_examples_cpp -- -j24 -l24
[0.476s] DEBUG:colcon.colcon_core.event_handler.log_command:Invoking command in '/home/maryam-mahmood/sdaadof_ws/build/some_examples_cpp': CMAKE_PREFIX_PATH=${CMAKE_PREFIX_PATH}:/home/maryam-mahmood/sdaadof_ws/install/some_examples_py:/opt/ros/jazzy DEBUGINFOD_URLS=https://debuginfod.ubuntu.com /usr/bin/cmake --install /home/maryam-mahmood/sdaadof_ws/build/some_examples_cpp
[0.492s] Level 1:colcon.colcon_core.environment:create_environment_scripts_only(daadbot_moveit)
[0.511s] DEBUG:colcon.colcon_core.event_handler.log_command:Invoked command in '/home/maryam-mahmood/sdaadof_ws/build/daadbot_moveit' returned '0': CMAKE_PREFIX_PATH=${CMAKE_PREFIX_PATH}:/home/maryam-mahmood/sdaadof_ws/install/some_examples_py:/opt/ros/jazzy DEBUGINFOD_URLS=https://debuginfod.ubuntu.com /usr/bin/cmake --install /home/maryam-mahmood/sdaadof_ws/build/daadbot_moveit
[0.512s] Level 1:colcon.colcon_core.environment:checking '/home/maryam-mahmood/sdaadof_ws/install/daadbot_moveit' for CMake module files
[0.513s] Level 1:colcon.colcon_core.environment:checking '/home/maryam-mahmood/sdaadof_ws/install/daadbot_moveit' for CMake config files
[0.513s] Level 1:colcon.colcon_core.shell:create_environment_hook('daadbot_moveit', 'cmake_prefix_path')
[0.513s] INFO:colcon.colcon_core.shell:Creating environment hook '/home/maryam-mahmood/sdaadof_ws/install/daadbot_moveit/share/daadbot_moveit/hook/cmake_prefix_path.ps1'
[0.513s] INFO:colcon.colcon_core.shell:Creating environment descriptor '/home/maryam-mahmood/sdaadof_ws/install/daadbot_moveit/share/daadbot_moveit/hook/cmake_prefix_path.dsv'
[0.514s] INFO:colcon.colcon_core.shell:Creating environment hook '/home/maryam-mahmood/sdaadof_ws/install/daadbot_moveit/share/daadbot_moveit/hook/cmake_prefix_path.sh'
[0.514s] Level 1:colcon.colcon_core.environment:checking '/home/maryam-mahmood/sdaadof_ws/install/daadbot_moveit/bin'
[0.514s] Level 1:colcon.colcon_core.environment:checking '/home/maryam-mahmood/sdaadof_ws/install/daadbot_moveit/lib/pkgconfig/daadbot_moveit.pc'
[0.514s] Level 1:colcon.colcon_core.environment:checking '/home/maryam-mahmood/sdaadof_ws/install/daadbot_moveit/lib/python3.12/site-packages'
[0.514s] Level 1:colcon.colcon_core.environment:checking '/home/maryam-mahmood/sdaadof_ws/install/daadbot_moveit/bin'
[0.515s] INFO:colcon.colcon_core.shell:Creating package script '/home/maryam-mahmood/sdaadof_ws/install/daadbot_moveit/share/daadbot_moveit/package.ps1'
[0.515s] INFO:colcon.colcon_core.shell:Creating package descriptor '/home/maryam-mahmood/sdaadof_ws/install/daadbot_moveit/share/daadbot_moveit/package.dsv'
[0.516s] INFO:colcon.colcon_core.shell:Creating package script '/home/maryam-mahmood/sdaadof_ws/install/daadbot_moveit/share/daadbot_moveit/package.sh'
[0.516s] INFO:colcon.colcon_core.shell:Creating package script '/home/maryam-mahmood/sdaadof_ws/install/daadbot_moveit/share/daadbot_moveit/package.bash'
[0.517s] INFO:colcon.colcon_core.shell:Creating package script '/home/maryam-mahmood/sdaadof_ws/install/daadbot_moveit/share/daadbot_moveit/package.zsh'
[0.517s] Level 1:colcon.colcon_core.environment:create_file_with_runtime_dependencies(/home/maryam-mahmood/sdaadof_ws/install/daadbot_moveit/share/colcon-core/packages/daadbot_moveit)
[0.518s] Level 1:colcon.colcon_core.environment:create_environment_scripts_only(daadbot_moveit)
[0.518s] Level 1:colcon.colcon_core.environment:checking '/home/maryam-mahmood/sdaadof_ws/install/daadbot_moveit' for CMake module files
[0.519s] Level 1:colcon.colcon_core.environment:checking '/home/maryam-mahmood/sdaadof_ws/install/daadbot_moveit' for CMake config files
[0.519s] Level 1:colcon.colcon_core.shell:create_environment_hook('daadbot_moveit', 'cmake_prefix_path')
[0.519s] INFO:colcon.colcon_core.shell:Creating environment hook '/home/maryam-mahmood/sdaadof_ws/install/daadbot_moveit/share/daadbot_moveit/hook/cmake_prefix_path.ps1'
[0.519s] INFO:colcon.colcon_core.shell:Creating environment descriptor '/home/maryam-mahmood/sdaadof_ws/install/daadbot_moveit/share/daadbot_moveit/hook/cmake_prefix_path.dsv'
[0.519s] INFO:colcon.colcon_core.shell:Creating environment hook '/home/maryam-mahmood/sdaadof_ws/install/daadbot_moveit/share/daadbot_moveit/hook/cmake_prefix_path.sh'
[0.520s] Level 1:colcon.colcon_core.environment:checking '/home/maryam-mahmood/sdaadof_ws/install/daadbot_moveit/bin'
[0.520s] Level 1:colcon.colcon_core.environment:checking '/home/maryam-mahmood/sdaadof_ws/install/daadbot_moveit/lib/pkgconfig/daadbot_moveit.pc'
[0.520s] Level 1:colcon.colcon_core.environment:checking '/home/maryam-mahmood/sdaadof_ws/install/daadbot_moveit/lib/python3.12/site-packages'
[0.520s] Level 1:colcon.colcon_core.environment:checking '/home/maryam-mahmood/sdaadof_ws/install/daadbot_moveit/bin'
[0.520s] INFO:colcon.colcon_core.shell:Creating package script '/home/maryam-mahmood/sdaadof_ws/install/daadbot_moveit/share/daadbot_moveit/package.ps1'
[0.521s] INFO:colcon.colcon_core.shell:Creating package descriptor '/home/maryam-mahmood/sdaadof_ws/install/daadbot_moveit/share/daadbot_moveit/package.dsv'
[0.521s] INFO:colcon.colcon_core.shell:Creating package script '/home/maryam-mahmood/sdaadof_ws/install/daadbot_moveit/share/daadbot_moveit/package.sh'
[0.521s] INFO:colcon.colcon_core.shell:Creating package script '/home/maryam-mahmood/sdaadof_ws/install/daadbot_moveit/share/daadbot_moveit/package.bash'
[0.522s] INFO:colcon.colcon_core.shell:Creating package script '/home/maryam-mahmood/sdaadof_ws/install/daadbot_moveit/share/daadbot_moveit/package.zsh'
[0.522s] Level 1:colcon.colcon_core.environment:create_file_with_runtime_dependencies(/home/maryam-mahmood/sdaadof_ws/install/daadbot_moveit/share/colcon-core/packages/daadbot_moveit)
[0.523s] Level 1:colcon.colcon_core.environment:create_environment_scripts_only(daadbot_desc)
[0.523s] Level 1:colcon.colcon_core.environment:checking '/home/maryam-mahmood/sdaadof_ws/install/daadbot_desc' for CMake module files
[0.524s] DEBUG:colcon.colcon_core.event_handler.log_command:Invoked command in '/home/maryam-mahmood/sdaadof_ws/build/daadbot_desc' returned '0': CMAKE_PREFIX_PATH=${CMAKE_PREFIX_PATH}:/home/maryam-mahmood/sdaadof_ws/install/some_examples_py:/opt/ros/jazzy DEBUGINFOD_URLS=https://debuginfod.ubuntu.com /usr/bin/cmake --install /home/maryam-mahmood/sdaadof_ws/build/daadbot_desc
[0.524s] Level 1:colcon.colcon_core.environment:checking '/home/maryam-mahmood/sdaadof_ws/install/daadbot_desc' for CMake config files
[0.524s] Level 1:colcon.colcon_core.shell:create_environment_hook('daadbot_desc', 'cmake_prefix_path')
[0.524s] INFO:colcon.colcon_core.shell:Creating environment hook '/home/maryam-mahmood/sdaadof_ws/install/daadbot_desc/share/daadbot_desc/hook/cmake_prefix_path.ps1'
[0.525s] INFO:colcon.colcon_core.shell:Creating environment descriptor '/home/maryam-mahmood/sdaadof_ws/install/daadbot_desc/share/daadbot_desc/hook/cmake_prefix_path.dsv'
[0.525s] INFO:colcon.colcon_core.shell:Creating environment hook '/home/maryam-mahmood/sdaadof_ws/install/daadbot_desc/share/daadbot_desc/hook/cmake_prefix_path.sh'
[0.525s] Level 1:colcon.colcon_core.environment:checking '/home/maryam-mahmood/sdaadof_ws/install/daadbot_desc/bin'
[0.525s] Level 1:colcon.colcon_core.environment:checking '/home/maryam-mahmood/sdaadof_ws/install/daadbot_desc/lib/pkgconfig/daadbot_desc.pc'
[0.526s] Level 1:colcon.colcon_core.environment:checking '/home/maryam-mahmood/sdaadof_ws/install/daadbot_desc/lib/python3.12/site-packages'
[0.526s] Level 1:colcon.colcon_core.environment:checking '/home/maryam-mahmood/sdaadof_ws/install/daadbot_desc/bin'
[0.526s] INFO:colcon.colcon_core.shell:Creating package script '/home/maryam-mahmood/sdaadof_ws/install/daadbot_desc/share/daadbot_desc/package.ps1'
[0.526s] INFO:colcon.colcon_core.shell:Creating package descriptor '/home/maryam-mahmood/sdaadof_ws/install/daadbot_desc/share/daadbot_desc/package.dsv'
[0.527s] INFO:colcon.colcon_core.shell:Creating package script '/home/maryam-mahmood/sdaadof_ws/install/daadbot_desc/share/daadbot_desc/package.sh'
[0.527s] INFO:colcon.colcon_core.shell:Creating package script '/home/maryam-mahmood/sdaadof_ws/install/daadbot_desc/share/daadbot_desc/package.bash'
[0.527s] INFO:colcon.colcon_core.shell:Creating package script '/home/maryam-mahmood/sdaadof_ws/install/daadbot_desc/share/daadbot_desc/package.zsh'
[0.527s] Level 1:colcon.colcon_core.environment:create_file_with_runtime_dependencies(/home/maryam-mahmood/sdaadof_ws/install/daadbot_desc/share/colcon-core/packages/daadbot_desc)
[0.528s] Level 1:colcon.colcon_core.environment:create_environment_scripts_only(daadbot_desc)
[0.528s] Level 1:colcon.colcon_core.environment:checking '/home/maryam-mahmood/sdaadof_ws/install/daadbot_desc' for CMake module files
[0.528s] Level 1:colcon.colcon_core.environment:checking '/home/maryam-mahmood/sdaadof_ws/install/daadbot_desc' for CMake config files
[0.528s] Level 1:colcon.colcon_core.shell:create_environment_hook('daadbot_desc', 'cmake_prefix_path')
[0.528s] INFO:colcon.colcon_core.shell:Creating environment hook '/home/maryam-mahmood/sdaadof_ws/install/daadbot_desc/share/daadbot_desc/hook/cmake_prefix_path.ps1'
[0.529s] INFO:colcon.colcon_core.shell:Creating environment descriptor '/home/maryam-mahmood/sdaadof_ws/install/daadbot_desc/share/daadbot_desc/hook/cmake_prefix_path.dsv'
[0.529s] INFO:colcon.colcon_core.shell:Creating environment hook '/home/maryam-mahmood/sdaadof_ws/install/daadbot_desc/share/daadbot_desc/hook/cmake_prefix_path.sh'
[0.529s] Level 1:colcon.colcon_core.environment:checking '/home/maryam-mahmood/sdaadof_ws/install/daadbot_desc/bin'
[0.530s] Level 1:colcon.colcon_core.environment:checking '/home/maryam-mahmood/sdaadof_ws/install/daadbot_desc/lib/pkgconfig/daadbot_desc.pc'
[0.530s] Level 1:colcon.colcon_core.environment:checking '/home/maryam-mahmood/sdaadof_ws/install/daadbot_desc/lib/python3.12/site-packages'
[0.530s] Level 1:colcon.colcon_core.environment:checking '/home/maryam-mahmood/sdaadof_ws/install/daadbot_desc/bin'
[0.530s] INFO:colcon.colcon_core.shell:Creating package script '/home/maryam-mahmood/sdaadof_ws/install/daadbot_desc/share/daadbot_desc/package.ps1'
[0.530s] INFO:colcon.colcon_core.shell:Creating package descriptor '/home/maryam-mahmood/sdaadof_ws/install/daadbot_desc/share/daadbot_desc/package.dsv'
[0.531s] INFO:colcon.colcon_core.shell:Creating package script '/home/maryam-mahmood/sdaadof_ws/install/daadbot_desc/share/daadbot_desc/package.sh'
[0.531s] INFO:colcon.colcon_core.shell:Creating package script '/home/maryam-mahmood/sdaadof_ws/install/daadbot_desc/share/daadbot_desc/package.bash'
[0.531s] INFO:colcon.colcon_core.shell:Creating package script '/home/maryam-mahmood/sdaadof_ws/install/daadbot_desc/share/daadbot_desc/package.zsh'
[0.531s] Level 1:colcon.colcon_core.environment:create_file_with_runtime_dependencies(/home/maryam-mahmood/sdaadof_ws/install/daadbot_desc/share/colcon-core/packages/daadbot_desc)
[0.532s] Level 1:colcon.colcon_core.environment:create_environment_scripts_only(daadbot_controller)
[0.532s] Level 1:colcon.colcon_core.environment:checking '/home/maryam-mahmood/sdaadof_ws/install/daadbot_controller' for CMake module files
[0.533s] Level 1:colcon.colcon_core.environment:checking '/home/maryam-mahmood/sdaadof_ws/install/daadbot_controller' for CMake config files
[0.533s] DEBUG:colcon.colcon_core.event_handler.log_command:Invoked command in '/home/maryam-mahmood/sdaadof_ws/build/daadbot_controller' returned '0': CMAKE_PREFIX_PATH=${CMAKE_PREFIX_PATH}:/home/maryam-mahmood/sdaadof_ws/install/some_examples_py:/opt/ros/jazzy DEBUGINFOD_URLS=https://debuginfod.ubuntu.com /usr/bin/cmake --install /home/maryam-mahmood/sdaadof_ws/build/daadbot_controller
[0.533s] Level 1:colcon.colcon_core.shell:create_environment_hook('daadbot_controller', 'cmake_prefix_path')
[0.533s] INFO:colcon.colcon_core.shell:Creating environment hook '/home/maryam-mahmood/sdaadof_ws/install/daadbot_controller/share/daadbot_controller/hook/cmake_prefix_path.ps1'
[0.534s] INFO:colcon.colcon_core.shell:Creating environment descriptor '/home/maryam-mahmood/sdaadof_ws/install/daadbot_controller/share/daadbot_controller/hook/cmake_prefix_path.dsv'
[0.534s] INFO:colcon.colcon_core.shell:Creating environment hook '/home/maryam-mahmood/sdaadof_ws/install/daadbot_controller/share/daadbot_controller/hook/cmake_prefix_path.sh'
[0.534s] Level 1:colcon.colcon_core.environment:checking '/home/maryam-mahmood/sdaadof_ws/install/daadbot_controller/bin'
[0.534s] Level 1:colcon.colcon_core.environment:checking '/home/maryam-mahmood/sdaadof_ws/install/daadbot_controller/lib/pkgconfig/daadbot_controller.pc'
[0.535s] Level 1:colcon.colcon_core.environment:checking '/home/maryam-mahmood/sdaadof_ws/install/daadbot_controller/lib/python3.12/site-packages'
[0.535s] Level 1:colcon.colcon_core.environment:checking '/home/maryam-mahmood/sdaadof_ws/install/daadbot_controller/bin'
[0.535s] INFO:colcon.colcon_core.shell:Creating package script '/home/maryam-mahmood/sdaadof_ws/install/daadbot_controller/share/daadbot_controller/package.ps1'
[0.536s] INFO:colcon.colcon_core.shell:Creating package descriptor '/home/maryam-mahmood/sdaadof_ws/install/daadbot_controller/share/daadbot_controller/package.dsv'
[0.536s] INFO:colcon.colcon_core.shell:Creating package script '/home/maryam-mahmood/sdaadof_ws/install/daadbot_controller/share/daadbot_controller/package.sh'
[0.536s] INFO:colcon.colcon_core.shell:Creating package script '/home/maryam-mahmood/sdaadof_ws/install/daadbot_controller/share/daadbot_controller/package.bash'
[0.536s] INFO:colcon.colcon_core.shell:Creating package script '/home/maryam-mahmood/sdaadof_ws/install/daadbot_controller/share/daadbot_controller/package.zsh'
[0.536s] Level 1:colcon.colcon_core.environment:create_file_with_runtime_dependencies(/home/maryam-mahmood/sdaadof_ws/install/daadbot_controller/share/colcon-core/packages/daadbot_controller)
[0.537s] Level 1:colcon.colcon_core.environment:create_environment_scripts_only(daadbot_controller)
[0.537s] Level 1:colcon.colcon_core.environment:checking '/home/maryam-mahmood/sdaadof_ws/install/daadbot_controller' for CMake module files
[0.537s] Level 1:colcon.colcon_core.environment:checking '/home/maryam-mahmood/sdaadof_ws/install/daadbot_controller' for CMake config files
[0.537s] Level 1:colcon.colcon_core.shell:create_environment_hook('daadbot_controller', 'cmake_prefix_path')
[0.537s] INFO:colcon.colcon_core.shell:Creating environment hook '/home/maryam-mahmood/sdaadof_ws/install/daadbot_controller/share/daadbot_controller/hook/cmake_prefix_path.ps1'
[0.537s] INFO:colcon.colcon_core.shell:Creating environment descriptor '/home/maryam-mahmood/sdaadof_ws/install/daadbot_controller/share/daadbot_controller/hook/cmake_prefix_path.dsv'
[0.538s] INFO:colcon.colcon_core.shell:Creating environment hook '/home/maryam-mahmood/sdaadof_ws/install/daadbot_controller/share/daadbot_controller/hook/cmake_prefix_path.sh'
[0.538s] Level 1:colcon.colcon_core.environment:checking '/home/maryam-mahmood/sdaadof_ws/install/daadbot_controller/bin'
[0.538s] Level 1:colcon.colcon_core.environment:checking '/home/maryam-mahmood/sdaadof_ws/install/daadbot_controller/lib/pkgconfig/daadbot_controller.pc'
[0.538s] Level 1:colcon.colcon_core.environment:checking '/home/maryam-mahmood/sdaadof_ws/install/daadbot_controller/lib/python3.12/site-packages'
[0.538s] Level 1:colcon.colcon_core.environment:checking '/home/maryam-mahmood/sdaadof_ws/install/daadbot_controller/bin'
[0.538s] INFO:colcon.colcon_core.shell:Creating package script '/home/maryam-mahmood/sdaadof_ws/install/daadbot_controller/share/daadbot_controller/package.ps1'
[0.539s] INFO:colcon.colcon_core.shell:Creating package descriptor '/home/maryam-mahmood/sdaadof_ws/install/daadbot_controller/share/daadbot_controller/package.dsv'
[0.539s] INFO:colcon.colcon_core.shell:Creating package script '/home/maryam-mahmood/sdaadof_ws/install/daadbot_controller/share/daadbot_controller/package.sh'
[0.539s] INFO:colcon.colcon_core.shell:Creating package script '/home/maryam-mahmood/sdaadof_ws/install/daadbot_controller/share/daadbot_controller/package.bash'
[0.540s] INFO:colcon.colcon_core.shell:Creating package script '/home/maryam-mahmood/sdaadof_ws/install/daadbot_controller/share/daadbot_controller/package.zsh'
[0.540s] Level 1:colcon.colcon_core.environment:create_file_with_runtime_dependencies(/home/maryam-mahmood/sdaadof_ws/install/daadbot_controller/share/colcon-core/packages/daadbot_controller)
[0.540s] Level 1:colcon.colcon_core.environment:create_environment_scripts_only(some_examples_cpp)
[0.541s] Level 1:colcon.colcon_core.environment:checking '/home/maryam-mahmood/sdaadof_ws/install/some_examples_cpp' for CMake module files
[0.542s] DEBUG:colcon.colcon_core.event_handler.log_command:Invoked command in '/home/maryam-mahmood/sdaadof_ws/build/some_examples_cpp' returned '0': CMAKE_PREFIX_PATH=${CMAKE_PREFIX_PATH}:/home/maryam-mahmood/sdaadof_ws/install/some_examples_py:/opt/ros/jazzy DEBUGINFOD_URLS=https://debuginfod.ubuntu.com /usr/bin/cmake --install /home/maryam-mahmood/sdaadof_ws/build/some_examples_cpp
[0.542s] Level 1:colcon.colcon_core.environment:checking '/home/maryam-mahmood/sdaadof_ws/install/some_examples_cpp' for CMake config files
[0.542s] Level 1:colcon.colcon_core.shell:create_environment_hook('some_examples_cpp', 'cmake_prefix_path')
[0.542s] INFO:colcon.colcon_core.shell:Creating environment hook '/home/maryam-mahmood/sdaadof_ws/install/some_examples_cpp/share/some_examples_cpp/hook/cmake_prefix_path.ps1'
[0.543s] INFO:colcon.colcon_core.shell:Creating environment descriptor '/home/maryam-mahmood/sdaadof_ws/install/some_examples_cpp/share/some_examples_cpp/hook/cmake_prefix_path.dsv'
[0.544s] INFO:colcon.colcon_core.shell:Creating environment hook '/home/maryam-mahmood/sdaadof_ws/install/some_examples_cpp/share/some_examples_cpp/hook/cmake_prefix_path.sh'
[0.544s] Level 1:colcon.colcon_core.environment:checking '/home/maryam-mahmood/sdaadof_ws/install/some_examples_cpp/lib'
[0.544s] Level 1:colcon.colcon_core.environment:checking '/home/maryam-mahmood/sdaadof_ws/install/some_examples_cpp/bin'
[0.544s] Level 1:colcon.colcon_core.environment:checking '/home/maryam-mahmood/sdaadof_ws/install/some_examples_cpp/lib/pkgconfig/some_examples_cpp.pc'
[0.544s] Level 1:colcon.colcon_core.environment:checking '/home/maryam-mahmood/sdaadof_ws/install/some_examples_cpp/lib/python3.12/site-packages'
[0.544s] Level 1:colcon.colcon_core.environment:checking '/home/maryam-mahmood/sdaadof_ws/install/some_examples_cpp/bin'
[0.545s] INFO:colcon.colcon_core.shell:Creating package script '/home/maryam-mahmood/sdaadof_ws/install/some_examples_cpp/share/some_examples_cpp/package.ps1'
[0.545s] INFO:colcon.colcon_core.shell:Creating package descriptor '/home/maryam-mahmood/sdaadof_ws/install/some_examples_cpp/share/some_examples_cpp/package.dsv'
[0.545s] INFO:colcon.colcon_core.shell:Creating package script '/home/maryam-mahmood/sdaadof_ws/install/some_examples_cpp/share/some_examples_cpp/package.sh'
[0.545s] INFO:colcon.colcon_core.shell:Creating package script '/home/maryam-mahmood/sdaadof_ws/install/some_examples_cpp/share/some_examples_cpp/package.bash'
[0.546s] INFO:colcon.colcon_core.shell:Creating package script '/home/maryam-mahmood/sdaadof_ws/install/some_examples_cpp/share/some_examples_cpp/package.zsh'
[0.546s] Level 1:colcon.colcon_core.environment:create_file_with_runtime_dependencies(/home/maryam-mahmood/sdaadof_ws/install/some_examples_cpp/share/colcon-core/packages/some_examples_cpp)
[0.546s] Level 1:colcon.colcon_core.environment:create_environment_scripts_only(some_examples_cpp)
[0.546s] Level 1:colcon.colcon_core.environment:checking '/home/maryam-mahmood/sdaadof_ws/install/some_examples_cpp' for CMake module files
[0.546s] Level 1:colcon.colcon_core.environment:checking '/home/maryam-mahmood/sdaadof_ws/install/some_examples_cpp' for CMake config files
[0.547s] Level 1:colcon.colcon_core.shell:create_environment_hook('some_examples_cpp', 'cmake_prefix_path')
[0.547s] INFO:colcon.colcon_core.shell:Creating environment hook '/home/maryam-mahmood/sdaadof_ws/install/some_examples_cpp/share/some_examples_cpp/hook/cmake_prefix_path.ps1'
[0.547s] INFO:colcon.colcon_core.shell:Creating environment descriptor '/home/maryam-mahmood/sdaadof_ws/install/some_examples_cpp/share/some_examples_cpp/hook/cmake_prefix_path.dsv'
[0.547s] INFO:colcon.colcon_core.shell:Creating environment hook '/home/maryam-mahmood/sdaadof_ws/install/some_examples_cpp/share/some_examples_cpp/hook/cmake_prefix_path.sh'
[0.548s] Level 1:colcon.colcon_core.environment:checking '/home/maryam-mahmood/sdaadof_ws/install/some_examples_cpp/lib'
[0.548s] Level 1:colcon.colcon_core.environment:checking '/home/maryam-mahmood/sdaadof_ws/install/some_examples_cpp/bin'
[0.548s] Level 1:colcon.colcon_core.environment:checking '/home/maryam-mahmood/sdaadof_ws/install/some_examples_cpp/lib/pkgconfig/some_examples_cpp.pc'
[0.548s] Level 1:colcon.colcon_core.environment:checking '/home/maryam-mahmood/sdaadof_ws/install/some_examples_cpp/lib/python3.12/site-packages'
[0.548s] Level 1:colcon.colcon_core.environment:checking '/home/maryam-mahmood/sdaadof_ws/install/some_examples_cpp/bin'
[0.548s] INFO:colcon.colcon_core.shell:Creating package script '/home/maryam-mahmood/sdaadof_ws/install/some_examples_cpp/share/some_examples_cpp/package.ps1'
[0.549s] INFO:colcon.colcon_core.shell:Creating package descriptor '/home/maryam-mahmood/sdaadof_ws/install/some_examples_cpp/share/some_examples_cpp/package.dsv'
[0.549s] INFO:colcon.colcon_core.shell:Creating package script '/home/maryam-mahmood/sdaadof_ws/install/some_examples_cpp/share/some_examples_cpp/package.sh'
[0.549s] INFO:colcon.colcon_core.shell:Creating package script '/home/maryam-mahmood/sdaadof_ws/install/some_examples_cpp/share/some_examples_cpp/package.bash'
[0.550s] INFO:colcon.colcon_core.shell:Creating package script '/home/maryam-mahmood/sdaadof_ws/install/some_examples_cpp/share/some_examples_cpp/package.zsh'
[0.550s] Level 1:colcon.colcon_core.environment:create_file_with_runtime_dependencies(/home/maryam-mahmood/sdaadof_ws/install/some_examples_cpp/share/colcon-core/packages/some_examples_cpp)
[0.994s] DEBUG:colcon.colcon_core.event_handler.log_command:Invoking command in '/home/maryam-mahmood/sdaadof_ws/src/some_examples_py': DEBUGINFOD_URLS=https://debuginfod.ubuntu.com PYTHONPATH=/home/maryam-mahmood/sdaadof_ws/build/some_examples_py/prefix_override:/usr/lib/python3/dist-packages/colcon_core/task/python/colcon_distutils_commands:/home/maryam-mahmood/sdaadof_ws/install/some_examples_py/lib/python3.12/site-packages:${PYTHONPATH} /usr/bin/python3 -W ignore:setup.py install is deprecated -W ignore:easy_install command is deprecated setup.py egg_info --egg-base ../../build/some_examples_py build --build-base /home/maryam-mahmood/sdaadof_ws/build/some_examples_py/build install --record /home/maryam-mahmood/sdaadof_ws/build/some_examples_py/install.log --single-version-externally-managed install_data
[1.458s] Level 1:colcon.colcon_core.environment:checking '/home/maryam-mahmood/sdaadof_ws/install/some_examples_py' for CMake module files
[1.458s] DEBUG:colcon.colcon_core.event_handler.log_command:Invoked command in '/home/maryam-mahmood/sdaadof_ws/src/some_examples_py' returned '0': DEBUGINFOD_URLS=https://debuginfod.ubuntu.com PYTHONPATH=/home/maryam-mahmood/sdaadof_ws/build/some_examples_py/prefix_override:/usr/lib/python3/dist-packages/colcon_core/task/python/colcon_distutils_commands:/home/maryam-mahmood/sdaadof_ws/install/some_examples_py/lib/python3.12/site-packages:${PYTHONPATH} /usr/bin/python3 -W ignore:setup.py install is deprecated -W ignore:easy_install command is deprecated setup.py egg_info --egg-base ../../build/some_examples_py build --build-base /home/maryam-mahmood/sdaadof_ws/build/some_examples_py/build install --record /home/maryam-mahmood/sdaadof_ws/build/some_examples_py/install.log --single-version-externally-managed install_data
[1.458s] Level 1:colcon.colcon_core.environment:checking '/home/maryam-mahmood/sdaadof_ws/install/some_examples_py' for CMake config files
[1.459s] Level 1:colcon.colcon_core.environment:checking '/home/maryam-mahmood/sdaadof_ws/install/some_examples_py/lib'
[1.459s] Level 1:colcon.colcon_core.environment:checking '/home/maryam-mahmood/sdaadof_ws/install/some_examples_py/bin'
[1.459s] Level 1:colcon.colcon_core.environment:checking '/home/maryam-mahmood/sdaadof_ws/install/some_examples_py/lib/pkgconfig/some_examples_py.pc'
[1.459s] Level 1:colcon.colcon_core.environment:checking '/home/maryam-mahmood/sdaadof_ws/install/some_examples_py/lib/python3.12/site-packages'
[1.459s] Level 1:colcon.colcon_core.shell:create_environment_hook('some_examples_py', 'pythonpath')
[1.459s] INFO:colcon.colcon_core.shell:Creating environment hook '/home/maryam-mahmood/sdaadof_ws/install/some_examples_py/share/some_examples_py/hook/pythonpath.ps1'
[1.459s] INFO:colcon.colcon_core.shell:Creating environment descriptor '/home/maryam-mahmood/sdaadof_ws/install/some_examples_py/share/some_examples_py/hook/pythonpath.dsv'
[1.460s] INFO:colcon.colcon_core.shell:Creating environment hook '/home/maryam-mahmood/sdaadof_ws/install/some_examples_py/share/some_examples_py/hook/pythonpath.sh'
[1.460s] Level 1:colcon.colcon_core.environment:checking '/home/maryam-mahmood/sdaadof_ws/install/some_examples_py/bin'
[1.460s] Level 1:colcon.colcon_core.environment:create_environment_scripts_only(some_examples_py)
[1.460s] INFO:colcon.colcon_core.shell:Creating package script '/home/maryam-mahmood/sdaadof_ws/install/some_examples_py/share/some_examples_py/package.ps1'
[1.461s] INFO:colcon.colcon_core.shell:Creating package descriptor '/home/maryam-mahmood/sdaadof_ws/install/some_examples_py/share/some_examples_py/package.dsv'
[1.461s] INFO:colcon.colcon_core.shell:Creating package script '/home/maryam-mahmood/sdaadof_ws/install/some_examples_py/share/some_examples_py/package.sh'
[1.461s] INFO:colcon.colcon_core.shell:Creating package script '/home/maryam-mahmood/sdaadof_ws/install/some_examples_py/share/some_examples_py/package.bash'
[1.461s] INFO:colcon.colcon_core.shell:Creating package script '/home/maryam-mahmood/sdaadof_ws/install/some_examples_py/share/some_examples_py/package.zsh'
[1.462s] Level 1:colcon.colcon_core.environment:create_file_with_runtime_dependencies(/home/maryam-mahmood/sdaadof_ws/install/some_examples_py/share/colcon-core/packages/some_examples_py)
[1.462s] DEBUG:colcon.colcon_parallel_executor.executor.parallel:closing loop
[1.462s] DEBUG:colcon.colcon_parallel_executor.executor.parallel:loop closed
[1.462s] DEBUG:colcon.colcon_parallel_executor.executor.parallel:run_until_complete finished with '0'
[1.463s] DEBUG:colcon.colcon_core.event_reactor:joining thread
[1.475s] INFO:colcon.colcon_core.plugin_system:Skipping extension 'colcon_notification.desktop_notification.terminal_notifier': Not used on non-Darwin systems
[1.475s] INFO:colcon.colcon_core.plugin_system:Skipping extension 'colcon_notification.desktop_notification.win32': Not used on non-Windows systems
[1.475s] INFO:colcon.colcon_notification.desktop_notification:Sending desktop notification using 'notify2'
[1.484s] DEBUG:colcon.colcon_core.event_reactor:joined thread
[1.484s] INFO:colcon.colcon_core.shell:Creating prefix script '/home/maryam-mahmood/sdaadof_ws/install/local_setup.ps1'
[1.485s] INFO:colcon.colcon_core.shell:Creating prefix util module '/home/maryam-mahmood/sdaadof_ws/install/_local_setup_util_ps1.py'
[1.486s] INFO:colcon.colcon_core.shell:Creating prefix chain script '/home/maryam-mahmood/sdaadof_ws/install/setup.ps1'
[1.487s] INFO:colcon.colcon_core.shell:Creating prefix script '/home/maryam-mahmood/sdaadof_ws/install/local_setup.sh'
[1.487s] INFO:colcon.colcon_core.shell:Creating prefix util module '/home/maryam-mahmood/sdaadof_ws/install/_local_setup_util_sh.py'
[1.487s] INFO:colcon.colcon_core.shell:Creating prefix chain script '/home/maryam-mahmood/sdaadof_ws/install/setup.sh'
[1.488s] INFO:colcon.colcon_core.shell:Creating prefix script '/home/maryam-mahmood/sdaadof_ws/install/local_setup.bash'
[1.488s] INFO:colcon.colcon_core.shell:Creating prefix chain script '/home/maryam-mahmood/sdaadof_ws/install/setup.bash'
[1.489s] INFO:colcon.colcon_core.shell:Creating prefix script '/home/maryam-mahmood/sdaadof_ws/install/local_setup.zsh'
[1.490s] INFO:colcon.colcon_core.shell:Creating prefix chain script '/home/maryam-mahmood/sdaadof_ws/install/setup.zsh'
