[0.302s] DEBUG:colcon:Command line arguments: ['/usr/bin/colcon', 'build']
[0.303s] DEBUG:colcon:Parsed command line arguments: Namespace(log_base=None, log_level=None, verb_name='build', build_base='build', install_base='install', merge_install=False, symlink_install=False, test_result_base=None, continue_on_error=False, executor='parallel', parallel_workers=24, event_handlers=None, ignore_user_meta=False, metas=['./colcon.meta'], base_paths=['.'], packages_ignore=None, packages_ignore_regex=None, paths=None, packages_up_to=None, packages_up_to_regex=None, packages_above=None, packages_above_and_dependencies=None, packages_above_depth=None, packages_select_by_dep=None, packages_skip_by_dep=None, packages_skip_up_to=None, packages_select_build_failed=False, packages_skip_build_finished=False, packages_select_test_failures=False, packages_skip_test_passed=False, packages_select=None, packages_skip=None, packages_select_regex=None, packages_skip_regex=None, packages_start=None, packages_end=None, allow_overriding=[], cmake_args=None, cmake_target=None, cmake_target_skip_unavailable=False, cmake_clean_cache=False, cmake_clean_first=False, cmake_force_configure=False, ament_cmake_args=None, catkin_cmake_args=None, catkin_skip_building_tests=False, mixin_files=None, mixin=None, verb_parser=<colcon_mixin.mixin.mixin_argument.MixinArgumentDecorator object at 0x7af9245d9c10>, verb_extension=<colcon_core.verb.build.BuildVerb object at 0x7af9246fe240>, main=<bound method BuildVerb.main of <colcon_core.verb.build.BuildVerb object at 0x7af9246fe240>>, mixin_verb=('build',))
[0.399s] Level 1:colcon.colcon_core.package_discovery:discover_packages(colcon_meta) check parameters
[0.400s] Level 1:colcon.colcon_core.package_discovery:discover_packages(recursive) check parameters
[0.400s] Level 1:colcon.colcon_core.package_discovery:discover_packages(ignore) check parameters
[0.400s] Level 1:colcon.colcon_core.package_discovery:discover_packages(path) check parameters
[0.400s] Level 1:colcon.colcon_core.package_discovery:discover_packages(colcon_meta) discover
[0.400s] Level 1:colcon.colcon_core.package_discovery:discover_packages(recursive) discover
[0.400s] INFO:colcon.colcon_core.package_discovery:Crawling recursively for packages in '/home/maryam-mahmood/sdaadof_ws'
[0.400s] Level 1:colcon.colcon_core.package_identification:_identify(.) by extensions ['ignore', 'ignore_ament_install']
[0.401s] Level 1:colcon.colcon_core.package_identification:_identify(.) by extension 'ignore'
[0.401s] Level 1:colcon.colcon_core.package_identification:_identify(.) by extension 'ignore_ament_install'
[0.401s] Level 1:colcon.colcon_core.package_identification:_identify(.) by extensions ['colcon_pkg']
[0.401s] Level 1:colcon.colcon_core.package_identification:_identify(.) by extension 'colcon_pkg'
[0.401s] Level 1:colcon.colcon_core.package_identification:_identify(.) by extensions ['colcon_meta']
[0.401s] Level 1:colcon.colcon_core.package_identification:_identify(.) by extension 'colcon_meta'
[0.401s] Level 1:colcon.colcon_core.package_identification:_identify(.) by extensions ['ros']
[0.401s] Level 1:colcon.colcon_core.package_identification:_identify(.) by extension 'ros'
[0.465s] Level 1:colcon.colcon_core.package_identification:_identify(.) by extensions ['cmake', 'python']
[0.465s] Level 1:colcon.colcon_core.package_identification:_identify(.) by extension 'cmake'
[0.465s] Level 1:colcon.colcon_core.package_identification:_identify(.) by extension 'python'
[0.465s] Level 1:colcon.colcon_core.package_identification:_identify(.) by extensions ['python_setup_py']
[0.465s] Level 1:colcon.colcon_core.package_identification:_identify(.) by extension 'python_setup_py'
[0.466s] Level 1:colcon.colcon_core.package_identification:_identify(build) by extensions ['ignore', 'ignore_ament_install']
[0.466s] Level 1:colcon.colcon_core.package_identification:_identify(build) by extension 'ignore'
[0.466s] Level 1:colcon.colcon_core.package_identification:_identify(build) ignored
[0.466s] Level 1:colcon.colcon_core.package_identification:_identify(install) by extensions ['ignore', 'ignore_ament_install']
[0.467s] Level 1:colcon.colcon_core.package_identification:_identify(install) by extension 'ignore'
[0.467s] Level 1:colcon.colcon_core.package_identification:_identify(install) ignored
[0.467s] Level 1:colcon.colcon_core.package_identification:_identify(log) by extensions ['ignore', 'ignore_ament_install']
[0.467s] Level 1:colcon.colcon_core.package_identification:_identify(log) by extension 'ignore'
[0.468s] Level 1:colcon.colcon_core.package_identification:_identify(log) ignored
[0.468s] Level 1:colcon.colcon_core.package_identification:_identify(src) by extensions ['ignore', 'ignore_ament_install']
[0.468s] Level 1:colcon.colcon_core.package_identification:_identify(src) by extension 'ignore'
[0.468s] Level 1:colcon.colcon_core.package_identification:_identify(src) by extension 'ignore_ament_install'
[0.468s] Level 1:colcon.colcon_core.package_identification:_identify(src) by extensions ['colcon_pkg']
[0.468s] Level 1:colcon.colcon_core.package_identification:_identify(src) by extension 'colcon_pkg'
[0.468s] Level 1:colcon.colcon_core.package_identification:_identify(src) by extensions ['colcon_meta']
[0.468s] Level 1:colcon.colcon_core.package_identification:_identify(src) by extension 'colcon_meta'
[0.469s] Level 1:colcon.colcon_core.package_identification:_identify(src) by extensions ['ros']
[0.469s] Level 1:colcon.colcon_core.package_identification:_identify(src) by extension 'ros'
[0.469s] Level 1:colcon.colcon_core.package_identification:_identify(src) by extensions ['cmake', 'python']
[0.469s] Level 1:colcon.colcon_core.package_identification:_identify(src) by extension 'cmake'
[0.469s] Level 1:colcon.colcon_core.package_identification:_identify(src) by extension 'python'
[0.469s] Level 1:colcon.colcon_core.package_identification:_identify(src) by extensions ['python_setup_py']
[0.469s] Level 1:colcon.colcon_core.package_identification:_identify(src) by extension 'python_setup_py'
[0.469s] Level 1:colcon.colcon_core.package_identification:_identify(src/daadbot_controller) by extensions ['ignore', 'ignore_ament_install']
[0.469s] Level 1:colcon.colcon_core.package_identification:_identify(src/daadbot_controller) by extension 'ignore'
[0.470s] Level 1:colcon.colcon_core.package_identification:_identify(src/daadbot_controller) by extension 'ignore_ament_install'
[0.470s] Level 1:colcon.colcon_core.package_identification:_identify(src/daadbot_controller) by extensions ['colcon_pkg']
[0.470s] Level 1:colcon.colcon_core.package_identification:_identify(src/daadbot_controller) by extension 'colcon_pkg'
[0.470s] Level 1:colcon.colcon_core.package_identification:_identify(src/daadbot_controller) by extensions ['colcon_meta']
[0.470s] Level 1:colcon.colcon_core.package_identification:_identify(src/daadbot_controller) by extension 'colcon_meta'
[0.470s] Level 1:colcon.colcon_core.package_identification:_identify(src/daadbot_controller) by extensions ['ros']
[0.470s] Level 1:colcon.colcon_core.package_identification:_identify(src/daadbot_controller) by extension 'ros'
[0.476s] DEBUG:colcon.colcon_core.package_identification:Package 'src/daadbot_controller' with type 'ros.ament_cmake' and name 'daadbot_controller'
[0.477s] Level 1:colcon.colcon_core.package_identification:_identify(src/daadbot_desc) by extensions ['ignore', 'ignore_ament_install']
[0.477s] Level 1:colcon.colcon_core.package_identification:_identify(src/daadbot_desc) by extension 'ignore'
[0.477s] Level 1:colcon.colcon_core.package_identification:_identify(src/daadbot_desc) by extension 'ignore_ament_install'
[0.477s] Level 1:colcon.colcon_core.package_identification:_identify(src/daadbot_desc) by extensions ['colcon_pkg']
[0.478s] Level 1:colcon.colcon_core.package_identification:_identify(src/daadbot_desc) by extension 'colcon_pkg'
[0.478s] Level 1:colcon.colcon_core.package_identification:_identify(src/daadbot_desc) by extensions ['colcon_meta']
[0.478s] Level 1:colcon.colcon_core.package_identification:_identify(src/daadbot_desc) by extension 'colcon_meta'
[0.478s] Level 1:colcon.colcon_core.package_identification:_identify(src/daadbot_desc) by extensions ['ros']
[0.478s] Level 1:colcon.colcon_core.package_identification:_identify(src/daadbot_desc) by extension 'ros'
[0.486s] DEBUG:colcon.colcon_core.package_identification:Package 'src/daadbot_desc' with type 'ros.ament_cmake' and name 'daadbot_desc'
[0.486s] Level 1:colcon.colcon_core.package_identification:_identify(src/daadbot_moveit) by extensions ['ignore', 'ignore_ament_install']
[0.486s] Level 1:colcon.colcon_core.package_identification:_identify(src/daadbot_moveit) by extension 'ignore'
[0.487s] Level 1:colcon.colcon_core.package_identification:_identify(src/daadbot_moveit) by extension 'ignore_ament_install'
[0.487s] Level 1:colcon.colcon_core.package_identification:_identify(src/daadbot_moveit) by extensions ['colcon_pkg']
[0.487s] Level 1:colcon.colcon_core.package_identification:_identify(src/daadbot_moveit) by extension 'colcon_pkg'
[0.487s] Level 1:colcon.colcon_core.package_identification:_identify(src/daadbot_moveit) by extensions ['colcon_meta']
[0.487s] Level 1:colcon.colcon_core.package_identification:_identify(src/daadbot_moveit) by extension 'colcon_meta'
[0.487s] Level 1:colcon.colcon_core.package_identification:_identify(src/daadbot_moveit) by extensions ['ros']
[0.488s] Level 1:colcon.colcon_core.package_identification:_identify(src/daadbot_moveit) by extension 'ros'
[0.489s] DEBUG:colcon.colcon_core.package_identification:Package 'src/daadbot_moveit' with type 'ros.ament_cmake' and name 'daadbot_moveit'
[0.489s] Level 1:colcon.colcon_core.package_identification:_identify(src/some_examples_cpp) by extensions ['ignore', 'ignore_ament_install']
[0.489s] Level 1:colcon.colcon_core.package_identification:_identify(src/some_examples_cpp) by extension 'ignore'
[0.490s] Level 1:colcon.colcon_core.package_identification:_identify(src/some_examples_cpp) by extension 'ignore_ament_install'
[0.490s] Level 1:colcon.colcon_core.package_identification:_identify(src/some_examples_cpp) by extensions ['colcon_pkg']
[0.490s] Level 1:colcon.colcon_core.package_identification:_identify(src/some_examples_cpp) by extension 'colcon_pkg'
[0.490s] Level 1:colcon.colcon_core.package_identification:_identify(src/some_examples_cpp) by extensions ['colcon_meta']
[0.490s] Level 1:colcon.colcon_core.package_identification:_identify(src/some_examples_cpp) by extension 'colcon_meta'
[0.490s] Level 1:colcon.colcon_core.package_identification:_identify(src/some_examples_cpp) by extensions ['ros']
[0.490s] Level 1:colcon.colcon_core.package_identification:_identify(src/some_examples_cpp) by extension 'ros'
[0.492s] DEBUG:colcon.colcon_core.package_identification:Package 'src/some_examples_cpp' with type 'ros.ament_cmake' and name 'some_examples_cpp'
[0.492s] Level 1:colcon.colcon_core.package_identification:_identify(src/some_examples_py) by extensions ['ignore', 'ignore_ament_install']
[0.492s] Level 1:colcon.colcon_core.package_identification:_identify(src/some_examples_py) by extension 'ignore'
[0.492s] Level 1:colcon.colcon_core.package_identification:_identify(src/some_examples_py) by extension 'ignore_ament_install'
[0.492s] Level 1:colcon.colcon_core.package_identification:_identify(src/some_examples_py) by extensions ['colcon_pkg']
[0.493s] Level 1:colcon.colcon_core.package_identification:_identify(src/some_examples_py) by extension 'colcon_pkg'
[0.493s] Level 1:colcon.colcon_core.package_identification:_identify(src/some_examples_py) by extensions ['colcon_meta']
[0.493s] Level 1:colcon.colcon_core.package_identification:_identify(src/some_examples_py) by extension 'colcon_meta'
[0.493s] Level 1:colcon.colcon_core.package_identification:_identify(src/some_examples_py) by extensions ['ros']
[0.493s] Level 1:colcon.colcon_core.package_identification:_identify(src/some_examples_py) by extension 'ros'
[0.494s] DEBUG:colcon.colcon_core.package_identification:Package 'src/some_examples_py' with type 'ros.ament_python' and name 'some_examples_py'
[0.494s] Level 1:colcon.colcon_core.package_discovery:discover_packages(recursive) using defaults
[0.494s] Level 1:colcon.colcon_core.package_discovery:discover_packages(ignore) discover
[0.494s] Level 1:colcon.colcon_core.package_discovery:discover_packages(ignore) using defaults
[0.495s] Level 1:colcon.colcon_core.package_discovery:discover_packages(path) discover
[0.495s] Level 1:colcon.colcon_core.package_discovery:discover_packages(path) using defaults
[0.538s] Level 1:colcon.colcon_core.package_discovery:discover_packages(prefix_path) check parameters
[0.538s] Level 1:colcon.colcon_core.package_discovery:discover_packages(prefix_path) discover
[0.547s] DEBUG:colcon.colcon_installed_package_information.package_discovery:Found 5 installed packages in /home/maryam-mahmood/sdaadof_ws/install
[0.552s] DEBUG:colcon.colcon_installed_package_information.package_discovery:Found 72 installed packages in /home/maryam-mahmood/ws_moveit/install
[0.556s] DEBUG:colcon.colcon_installed_package_information.package_discovery:Found 384 installed packages in /opt/ros/jazzy
[0.558s] Level 1:colcon.colcon_core.package_discovery:discover_packages(prefix_path) using defaults
[0.699s] Level 5:colcon.colcon_core.verb:set package 'daadbot_controller' build argument 'cmake_args' from command line to 'None'
[0.699s] Level 5:colcon.colcon_core.verb:set package 'daadbot_controller' build argument 'cmake_target' from command line to 'None'
[0.699s] Level 5:colcon.colcon_core.verb:set package 'daadbot_controller' build argument 'cmake_target_skip_unavailable' from command line to 'False'
[0.699s] Level 5:colcon.colcon_core.verb:set package 'daadbot_controller' build argument 'cmake_clean_cache' from command line to 'False'
[0.699s] Level 5:colcon.colcon_core.verb:set package 'daadbot_controller' build argument 'cmake_clean_first' from command line to 'False'
[0.699s] Level 5:colcon.colcon_core.verb:set package 'daadbot_controller' build argument 'cmake_force_configure' from command line to 'False'
[0.699s] Level 5:colcon.colcon_core.verb:set package 'daadbot_controller' build argument 'ament_cmake_args' from command line to 'None'
[0.699s] Level 5:colcon.colcon_core.verb:set package 'daadbot_controller' build argument 'catkin_cmake_args' from command line to 'None'
[0.699s] Level 5:colcon.colcon_core.verb:set package 'daadbot_controller' build argument 'catkin_skip_building_tests' from command line to 'False'
[0.699s] DEBUG:colcon.colcon_core.verb:Building package 'daadbot_controller' with the following arguments: {'ament_cmake_args': None, 'build_base': '/home/maryam-mahmood/sdaadof_ws/build/daadbot_controller', 'catkin_cmake_args': None, 'catkin_skip_building_tests': False, 'cmake_args': None, 'cmake_clean_cache': False, 'cmake_clean_first': False, 'cmake_force_configure': False, 'cmake_target': None, 'cmake_target_skip_unavailable': False, 'install_base': '/home/maryam-mahmood/sdaadof_ws/install/daadbot_controller', 'merge_install': False, 'path': '/home/maryam-mahmood/sdaadof_ws/src/daadbot_controller', 'symlink_install': False, 'test_result_base': None}
[0.700s] Level 5:colcon.colcon_core.verb:set package 'daadbot_desc' build argument 'cmake_args' from command line to 'None'
[0.700s] Level 5:colcon.colcon_core.verb:set package 'daadbot_desc' build argument 'cmake_target' from command line to 'None'
[0.700s] Level 5:colcon.colcon_core.verb:set package 'daadbot_desc' build argument 'cmake_target_skip_unavailable' from command line to 'False'
[0.700s] Level 5:colcon.colcon_core.verb:set package 'daadbot_desc' build argument 'cmake_clean_cache' from command line to 'False'
[0.700s] Level 5:colcon.colcon_core.verb:set package 'daadbot_desc' build argument 'cmake_clean_first' from command line to 'False'
[0.700s] Level 5:colcon.colcon_core.verb:set package 'daadbot_desc' build argument 'cmake_force_configure' from command line to 'False'
[0.700s] Level 5:colcon.colcon_core.verb:set package 'daadbot_desc' build argument 'ament_cmake_args' from command line to 'None'
[0.700s] Level 5:colcon.colcon_core.verb:set package 'daadbot_desc' build argument 'catkin_cmake_args' from command line to 'None'
[0.700s] Level 5:colcon.colcon_core.verb:set package 'daadbot_desc' build argument 'catkin_skip_building_tests' from command line to 'False'
[0.700s] DEBUG:colcon.colcon_core.verb:Building package 'daadbot_desc' with the following arguments: {'ament_cmake_args': None, 'build_base': '/home/maryam-mahmood/sdaadof_ws/build/daadbot_desc', 'catkin_cmake_args': None, 'catkin_skip_building_tests': False, 'cmake_args': None, 'cmake_clean_cache': False, 'cmake_clean_first': False, 'cmake_force_configure': False, 'cmake_target': None, 'cmake_target_skip_unavailable': False, 'install_base': '/home/maryam-mahmood/sdaadof_ws/install/daadbot_desc', 'merge_install': False, 'path': '/home/maryam-mahmood/sdaadof_ws/src/daadbot_desc', 'symlink_install': False, 'test_result_base': None}
[0.700s] Level 5:colcon.colcon_core.verb:set package 'daadbot_moveit' build argument 'cmake_args' from command line to 'None'
[0.700s] Level 5:colcon.colcon_core.verb:set package 'daadbot_moveit' build argument 'cmake_target' from command line to 'None'
[0.700s] Level 5:colcon.colcon_core.verb:set package 'daadbot_moveit' build argument 'cmake_target_skip_unavailable' from command line to 'False'
[0.700s] Level 5:colcon.colcon_core.verb:set package 'daadbot_moveit' build argument 'cmake_clean_cache' from command line to 'False'
[0.701s] Level 5:colcon.colcon_core.verb:set package 'daadbot_moveit' build argument 'cmake_clean_first' from command line to 'False'
[0.701s] Level 5:colcon.colcon_core.verb:set package 'daadbot_moveit' build argument 'cmake_force_configure' from command line to 'False'
[0.701s] Level 5:colcon.colcon_core.verb:set package 'daadbot_moveit' build argument 'ament_cmake_args' from command line to 'None'
[0.701s] Level 5:colcon.colcon_core.verb:set package 'daadbot_moveit' build argument 'catkin_cmake_args' from command line to 'None'
[0.701s] Level 5:colcon.colcon_core.verb:set package 'daadbot_moveit' build argument 'catkin_skip_building_tests' from command line to 'False'
[0.701s] DEBUG:colcon.colcon_core.verb:Building package 'daadbot_moveit' with the following arguments: {'ament_cmake_args': None, 'build_base': '/home/maryam-mahmood/sdaadof_ws/build/daadbot_moveit', 'catkin_cmake_args': None, 'catkin_skip_building_tests': False, 'cmake_args': None, 'cmake_clean_cache': False, 'cmake_clean_first': False, 'cmake_force_configure': False, 'cmake_target': None, 'cmake_target_skip_unavailable': False, 'install_base': '/home/maryam-mahmood/sdaadof_ws/install/daadbot_moveit', 'merge_install': False, 'path': '/home/maryam-mahmood/sdaadof_ws/src/daadbot_moveit', 'symlink_install': False, 'test_result_base': None}
[0.701s] Level 5:colcon.colcon_core.verb:set package 'some_examples_cpp' build argument 'cmake_args' from command line to 'None'
[0.701s] Level 5:colcon.colcon_core.verb:set package 'some_examples_cpp' build argument 'cmake_target' from command line to 'None'
[0.701s] Level 5:colcon.colcon_core.verb:set package 'some_examples_cpp' build argument 'cmake_target_skip_unavailable' from command line to 'False'
[0.701s] Level 5:colcon.colcon_core.verb:set package 'some_examples_cpp' build argument 'cmake_clean_cache' from command line to 'False'
[0.701s] Level 5:colcon.colcon_core.verb:set package 'some_examples_cpp' build argument 'cmake_clean_first' from command line to 'False'
[0.701s] Level 5:colcon.colcon_core.verb:set package 'some_examples_cpp' build argument 'cmake_force_configure' from command line to 'False'
[0.701s] Level 5:colcon.colcon_core.verb:set package 'some_examples_cpp' build argument 'ament_cmake_args' from command line to 'None'
[0.701s] Level 5:colcon.colcon_core.verb:set package 'some_examples_cpp' build argument 'catkin_cmake_args' from command line to 'None'
[0.701s] Level 5:colcon.colcon_core.verb:set package 'some_examples_cpp' build argument 'catkin_skip_building_tests' from command line to 'False'
[0.702s] DEBUG:colcon.colcon_core.verb:Building package 'some_examples_cpp' with the following arguments: {'ament_cmake_args': None, 'build_base': '/home/maryam-mahmood/sdaadof_ws/build/some_examples_cpp', 'catkin_cmake_args': None, 'catkin_skip_building_tests': False, 'cmake_args': None, 'cmake_clean_cache': False, 'cmake_clean_first': False, 'cmake_force_configure': False, 'cmake_target': None, 'cmake_target_skip_unavailable': False, 'install_base': '/home/maryam-mahmood/sdaadof_ws/install/some_examples_cpp', 'merge_install': False, 'path': '/home/maryam-mahmood/sdaadof_ws/src/some_examples_cpp', 'symlink_install': False, 'test_result_base': None}
[0.702s] Level 5:colcon.colcon_core.verb:set package 'some_examples_py' build argument 'cmake_args' from command line to 'None'
[0.702s] Level 5:colcon.colcon_core.verb:set package 'some_examples_py' build argument 'cmake_target' from command line to 'None'
[0.702s] Level 5:colcon.colcon_core.verb:set package 'some_examples_py' build argument 'cmake_target_skip_unavailable' from command line to 'False'
[0.702s] Level 5:colcon.colcon_core.verb:set package 'some_examples_py' build argument 'cmake_clean_cache' from command line to 'False'
[0.702s] Level 5:colcon.colcon_core.verb:set package 'some_examples_py' build argument 'cmake_clean_first' from command line to 'False'
[0.702s] Level 5:colcon.colcon_core.verb:set package 'some_examples_py' build argument 'cmake_force_configure' from command line to 'False'
[0.702s] Level 5:colcon.colcon_core.verb:set package 'some_examples_py' build argument 'ament_cmake_args' from command line to 'None'
[0.702s] Level 5:colcon.colcon_core.verb:set package 'some_examples_py' build argument 'catkin_cmake_args' from command line to 'None'
[0.702s] Level 5:colcon.colcon_core.verb:set package 'some_examples_py' build argument 'catkin_skip_building_tests' from command line to 'False'
[0.702s] DEBUG:colcon.colcon_core.verb:Building package 'some_examples_py' with the following arguments: {'ament_cmake_args': None, 'build_base': '/home/maryam-mahmood/sdaadof_ws/build/some_examples_py', 'catkin_cmake_args': None, 'catkin_skip_building_tests': False, 'cmake_args': None, 'cmake_clean_cache': False, 'cmake_clean_first': False, 'cmake_force_configure': False, 'cmake_target': None, 'cmake_target_skip_unavailable': False, 'install_base': '/home/maryam-mahmood/sdaadof_ws/install/some_examples_py', 'merge_install': False, 'path': '/home/maryam-mahmood/sdaadof_ws/src/some_examples_py', 'symlink_install': False, 'test_result_base': None}
[0.702s] INFO:colcon.colcon_core.executor:Executing jobs using 'parallel' executor
[0.704s] DEBUG:colcon.colcon_parallel_executor.executor.parallel:run_until_complete
[0.705s] INFO:colcon.colcon_ros.task.ament_cmake.build:Building ROS package in '/home/maryam-mahmood/sdaadof_ws/src/daadbot_controller' with build type 'ament_cmake'
[0.706s] INFO:colcon.colcon_cmake.task.cmake.build:Building CMake package in '/home/maryam-mahmood/sdaadof_ws/src/daadbot_controller'
[0.711s] INFO:colcon.colcon_core.plugin_system:Skipping extension 'colcon_core.shell.bat': Not used on non-Windows systems
[0.711s] INFO:colcon.colcon_core.shell:Skip shell extension 'powershell' for command environment: Not usable outside of PowerShell
[0.711s] DEBUG:colcon.colcon_core.shell:Skip shell extension 'dsv' for command environment
[0.727s] INFO:colcon.colcon_ros.task.ament_cmake.build:Building ROS package in '/home/maryam-mahmood/sdaadof_ws/src/daadbot_desc' with build type 'ament_cmake'
[0.727s] INFO:colcon.colcon_cmake.task.cmake.build:Building CMake package in '/home/maryam-mahmood/sdaadof_ws/src/daadbot_desc'
[0.727s] INFO:colcon.colcon_core.shell:Skip shell extension 'powershell' for command environment: Not usable outside of PowerShell
[0.727s] DEBUG:colcon.colcon_core.shell:Skip shell extension 'dsv' for command environment
[0.748s] INFO:colcon.colcon_ros.task.ament_cmake.build:Building ROS package in '/home/maryam-mahmood/sdaadof_ws/src/daadbot_moveit' with build type 'ament_cmake'
[0.749s] INFO:colcon.colcon_cmake.task.cmake.build:Building CMake package in '/home/maryam-mahmood/sdaadof_ws/src/daadbot_moveit'
[0.749s] INFO:colcon.colcon_core.shell:Skip shell extension 'powershell' for command environment: Not usable outside of PowerShell
[0.749s] DEBUG:colcon.colcon_core.shell:Skip shell extension 'dsv' for command environment
[0.771s] INFO:colcon.colcon_ros.task.ament_cmake.build:Building ROS package in '/home/maryam-mahmood/sdaadof_ws/src/some_examples_cpp' with build type 'ament_cmake'
[0.772s] INFO:colcon.colcon_cmake.task.cmake.build:Building CMake package in '/home/maryam-mahmood/sdaadof_ws/src/some_examples_cpp'
[0.772s] INFO:colcon.colcon_core.shell:Skip shell extension 'powershell' for command environment: Not usable outside of PowerShell
[0.772s] DEBUG:colcon.colcon_core.shell:Skip shell extension 'dsv' for command environment
[0.790s] INFO:colcon.colcon_ros.task.ament_python.build:Building ROS package in '/home/maryam-mahmood/sdaadof_ws/src/some_examples_py' with build type 'ament_python'
[0.791s] Level 1:colcon.colcon_core.shell:create_environment_hook('some_examples_py', 'ament_prefix_path')
[0.791s] INFO:colcon.colcon_core.shell:Creating environment hook '/home/maryam-mahmood/sdaadof_ws/install/some_examples_py/share/some_examples_py/hook/ament_prefix_path.ps1'
[0.792s] INFO:colcon.colcon_core.shell:Creating environment descriptor '/home/maryam-mahmood/sdaadof_ws/install/some_examples_py/share/some_examples_py/hook/ament_prefix_path.dsv'
[0.793s] INFO:colcon.colcon_core.shell:Creating environment hook '/home/maryam-mahmood/sdaadof_ws/install/some_examples_py/share/some_examples_py/hook/ament_prefix_path.sh'
[0.795s] INFO:colcon.colcon_core.shell:Skip shell extension 'powershell' for command environment: Not usable outside of PowerShell
[0.795s] DEBUG:colcon.colcon_core.shell:Skip shell extension 'dsv' for command environment
[0.823s] DEBUG:colcon.colcon_core.event_handler.log_command:Invoking command in '/home/maryam-mahmood/sdaadof_ws/build/daadbot_controller': CMAKE_PREFIX_PATH=${CMAKE_PREFIX_PATH}:/home/maryam-mahmood/sdaadof_ws/install/some_examples_py:/home/maryam-mahmood/ws_moveit/install/moveit_configs_utils:/opt/ros/jazzy DEBUGINFOD_URLS=https://debuginfod.ubuntu.com /usr/bin/cmake --build /home/maryam-mahmood/sdaadof_ws/build/daadbot_controller -- -j24 -l24
[0.832s] DEBUG:colcon.colcon_core.event_handler.log_command:Invoking command in '/home/maryam-mahmood/sdaadof_ws/build/daadbot_desc': CMAKE_PREFIX_PATH=${CMAKE_PREFIX_PATH}:/home/maryam-mahmood/sdaadof_ws/install/some_examples_py:/home/maryam-mahmood/ws_moveit/install/moveit_configs_utils:/opt/ros/jazzy DEBUGINFOD_URLS=https://debuginfod.ubuntu.com /usr/bin/cmake --build /home/maryam-mahmood/sdaadof_ws/build/daadbot_desc -- -j24 -l24
[0.837s] DEBUG:colcon.colcon_core.event_handler.log_command:Invoking command in '/home/maryam-mahmood/sdaadof_ws/build/daadbot_moveit': CMAKE_PREFIX_PATH=${CMAKE_PREFIX_PATH}:/home/maryam-mahmood/sdaadof_ws/install/some_examples_py:/home/maryam-mahmood/ws_moveit/install/moveit_configs_utils:/opt/ros/jazzy DEBUGINFOD_URLS=https://debuginfod.ubuntu.com /usr/bin/cmake --build /home/maryam-mahmood/sdaadof_ws/build/daadbot_moveit -- -j24 -l24
[0.846s] DEBUG:colcon.colcon_core.event_handler.log_command:Invoking command in '/home/maryam-mahmood/sdaadof_ws/build/some_examples_cpp': CMAKE_PREFIX_PATH=${CMAKE_PREFIX_PATH}:/home/maryam-mahmood/sdaadof_ws/install/some_examples_py:/home/maryam-mahmood/ws_moveit/install/moveit_configs_utils:/opt/ros/jazzy DEBUGINFOD_URLS=https://debuginfod.ubuntu.com /usr/bin/cmake --build /home/maryam-mahmood/sdaadof_ws/build/some_examples_cpp -- -j24 -l24
[1.479s] INFO:colcon.colcon_core.task.python.build:Building Python package in '/home/maryam-mahmood/sdaadof_ws/src/some_examples_py'
[1.480s] INFO:colcon.colcon_core.shell:Skip shell extension 'powershell' for command environment: Not usable outside of PowerShell
[1.480s] DEBUG:colcon.colcon_core.shell:Skip shell extension 'dsv' for command environment
[1.501s] DEBUG:colcon.colcon_core.event_handler.log_command:Invoked command in '/home/maryam-mahmood/sdaadof_ws/build/daadbot_desc' returned '0': CMAKE_PREFIX_PATH=${CMAKE_PREFIX_PATH}:/home/maryam-mahmood/sdaadof_ws/install/some_examples_py:/home/maryam-mahmood/ws_moveit/install/moveit_configs_utils:/opt/ros/jazzy DEBUGINFOD_URLS=https://debuginfod.ubuntu.com /usr/bin/cmake --build /home/maryam-mahmood/sdaadof_ws/build/daadbot_desc -- -j24 -l24
[1.529s] DEBUG:colcon.colcon_core.event_handler.log_command:Invoking command in '/home/maryam-mahmood/sdaadof_ws/build/daadbot_desc': CMAKE_PREFIX_PATH=${CMAKE_PREFIX_PATH}:/home/maryam-mahmood/sdaadof_ws/install/some_examples_py:/home/maryam-mahmood/ws_moveit/install/moveit_configs_utils:/opt/ros/jazzy DEBUGINFOD_URLS=https://debuginfod.ubuntu.com /usr/bin/cmake --install /home/maryam-mahmood/sdaadof_ws/build/daadbot_desc
[1.530s] DEBUG:colcon.colcon_core.event_handler.log_command:Invoked command in '/home/maryam-mahmood/sdaadof_ws/build/daadbot_controller' returned '0': CMAKE_PREFIX_PATH=${CMAKE_PREFIX_PATH}:/home/maryam-mahmood/sdaadof_ws/install/some_examples_py:/home/maryam-mahmood/ws_moveit/install/moveit_configs_utils:/opt/ros/jazzy DEBUGINFOD_URLS=https://debuginfod.ubuntu.com /usr/bin/cmake --build /home/maryam-mahmood/sdaadof_ws/build/daadbot_controller -- -j24 -l24
[1.531s] DEBUG:colcon.colcon_core.event_handler.log_command:Invoking command in '/home/maryam-mahmood/sdaadof_ws/build/daadbot_controller': CMAKE_PREFIX_PATH=${CMAKE_PREFIX_PATH}:/home/maryam-mahmood/sdaadof_ws/install/some_examples_py:/home/maryam-mahmood/ws_moveit/install/moveit_configs_utils:/opt/ros/jazzy DEBUGINFOD_URLS=https://debuginfod.ubuntu.com /usr/bin/cmake --install /home/maryam-mahmood/sdaadof_ws/build/daadbot_controller
[1.533s] DEBUG:colcon.colcon_core.event_handler.log_command:Invoked command in '/home/maryam-mahmood/sdaadof_ws/build/daadbot_moveit' returned '0': CMAKE_PREFIX_PATH=${CMAKE_PREFIX_PATH}:/home/maryam-mahmood/sdaadof_ws/install/some_examples_py:/home/maryam-mahmood/ws_moveit/install/moveit_configs_utils:/opt/ros/jazzy DEBUGINFOD_URLS=https://debuginfod.ubuntu.com /usr/bin/cmake --build /home/maryam-mahmood/sdaadof_ws/build/daadbot_moveit -- -j24 -l24
[1.535s] DEBUG:colcon.colcon_core.event_handler.log_command:Invoking command in '/home/maryam-mahmood/sdaadof_ws/build/daadbot_moveit': CMAKE_PREFIX_PATH=${CMAKE_PREFIX_PATH}:/home/maryam-mahmood/sdaadof_ws/install/some_examples_py:/home/maryam-mahmood/ws_moveit/install/moveit_configs_utils:/opt/ros/jazzy DEBUGINFOD_URLS=https://debuginfod.ubuntu.com /usr/bin/cmake --install /home/maryam-mahmood/sdaadof_ws/build/daadbot_moveit
[1.536s] DEBUG:colcon.colcon_core.event_handler.log_command:Invoked command in '/home/maryam-mahmood/sdaadof_ws/build/some_examples_cpp' returned '0': CMAKE_PREFIX_PATH=${CMAKE_PREFIX_PATH}:/home/maryam-mahmood/sdaadof_ws/install/some_examples_py:/home/maryam-mahmood/ws_moveit/install/moveit_configs_utils:/opt/ros/jazzy DEBUGINFOD_URLS=https://debuginfod.ubuntu.com /usr/bin/cmake --build /home/maryam-mahmood/sdaadof_ws/build/some_examples_cpp -- -j24 -l24
[1.539s] DEBUG:colcon.colcon_core.event_handler.log_command:Invoking command in '/home/maryam-mahmood/sdaadof_ws/build/some_examples_cpp': CMAKE_PREFIX_PATH=${CMAKE_PREFIX_PATH}:/home/maryam-mahmood/sdaadof_ws/install/some_examples_py:/home/maryam-mahmood/ws_moveit/install/moveit_configs_utils:/opt/ros/jazzy DEBUGINFOD_URLS=https://debuginfod.ubuntu.com /usr/bin/cmake --install /home/maryam-mahmood/sdaadof_ws/build/some_examples_cpp
[1.575s] Level 1:colcon.colcon_core.environment:create_environment_scripts_only(daadbot_controller)
[1.578s] DEBUG:colcon.colcon_core.event_handler.log_command:Invoked command in '/home/maryam-mahmood/sdaadof_ws/build/daadbot_controller' returned '0': CMAKE_PREFIX_PATH=${CMAKE_PREFIX_PATH}:/home/maryam-mahmood/sdaadof_ws/install/some_examples_py:/home/maryam-mahmood/ws_moveit/install/moveit_configs_utils:/opt/ros/jazzy DEBUGINFOD_URLS=https://debuginfod.ubuntu.com /usr/bin/cmake --install /home/maryam-mahmood/sdaadof_ws/build/daadbot_controller
[1.581s] Level 1:colcon.colcon_core.environment:checking '/home/maryam-mahmood/sdaadof_ws/install/daadbot_controller' for CMake module files
[1.582s] Level 1:colcon.colcon_core.environment:checking '/home/maryam-mahmood/sdaadof_ws/install/daadbot_controller' for CMake config files
[1.583s] Level 1:colcon.colcon_core.shell:create_environment_hook('daadbot_controller', 'cmake_prefix_path')
[1.583s] INFO:colcon.colcon_core.shell:Creating environment hook '/home/maryam-mahmood/sdaadof_ws/install/daadbot_controller/share/daadbot_controller/hook/cmake_prefix_path.ps1'
[1.584s] INFO:colcon.colcon_core.shell:Creating environment descriptor '/home/maryam-mahmood/sdaadof_ws/install/daadbot_controller/share/daadbot_controller/hook/cmake_prefix_path.dsv'
[1.585s] INFO:colcon.colcon_core.shell:Creating environment hook '/home/maryam-mahmood/sdaadof_ws/install/daadbot_controller/share/daadbot_controller/hook/cmake_prefix_path.sh'
[1.586s] Level 1:colcon.colcon_core.environment:checking '/home/maryam-mahmood/sdaadof_ws/install/daadbot_controller/bin'
[1.587s] Level 1:colcon.colcon_core.environment:checking '/home/maryam-mahmood/sdaadof_ws/install/daadbot_controller/lib/pkgconfig/daadbot_controller.pc'
[1.587s] Level 1:colcon.colcon_core.environment:checking '/home/maryam-mahmood/sdaadof_ws/install/daadbot_controller/lib/python3.12/site-packages'
[1.587s] Level 1:colcon.colcon_core.environment:checking '/home/maryam-mahmood/sdaadof_ws/install/daadbot_controller/bin'
[1.588s] INFO:colcon.colcon_core.shell:Creating package script '/home/maryam-mahmood/sdaadof_ws/install/daadbot_controller/share/daadbot_controller/package.ps1'
[1.589s] INFO:colcon.colcon_core.shell:Creating package descriptor '/home/maryam-mahmood/sdaadof_ws/install/daadbot_controller/share/daadbot_controller/package.dsv'
[1.590s] INFO:colcon.colcon_core.shell:Creating package script '/home/maryam-mahmood/sdaadof_ws/install/daadbot_controller/share/daadbot_controller/package.sh'
[1.591s] INFO:colcon.colcon_core.shell:Creating package script '/home/maryam-mahmood/sdaadof_ws/install/daadbot_controller/share/daadbot_controller/package.bash'
[1.592s] INFO:colcon.colcon_core.shell:Creating package script '/home/maryam-mahmood/sdaadof_ws/install/daadbot_controller/share/daadbot_controller/package.zsh'
[1.593s] Level 1:colcon.colcon_core.environment:create_file_with_runtime_dependencies(/home/maryam-mahmood/sdaadof_ws/install/daadbot_controller/share/colcon-core/packages/daadbot_controller)
[1.594s] Level 1:colcon.colcon_core.environment:create_environment_scripts_only(daadbot_controller)
[1.594s] Level 1:colcon.colcon_core.environment:checking '/home/maryam-mahmood/sdaadof_ws/install/daadbot_controller' for CMake module files
[1.595s] Level 1:colcon.colcon_core.environment:checking '/home/maryam-mahmood/sdaadof_ws/install/daadbot_controller' for CMake config files
[1.596s] Level 1:colcon.colcon_core.shell:create_environment_hook('daadbot_controller', 'cmake_prefix_path')
[1.596s] INFO:colcon.colcon_core.shell:Creating environment hook '/home/maryam-mahmood/sdaadof_ws/install/daadbot_controller/share/daadbot_controller/hook/cmake_prefix_path.ps1'
[1.596s] INFO:colcon.colcon_core.shell:Creating environment descriptor '/home/maryam-mahmood/sdaadof_ws/install/daadbot_controller/share/daadbot_controller/hook/cmake_prefix_path.dsv'
[1.597s] INFO:colcon.colcon_core.shell:Creating environment hook '/home/maryam-mahmood/sdaadof_ws/install/daadbot_controller/share/daadbot_controller/hook/cmake_prefix_path.sh'
[1.598s] Level 1:colcon.colcon_core.environment:checking '/home/maryam-mahmood/sdaadof_ws/install/daadbot_controller/bin'
[1.598s] Level 1:colcon.colcon_core.environment:checking '/home/maryam-mahmood/sdaadof_ws/install/daadbot_controller/lib/pkgconfig/daadbot_controller.pc'
[1.598s] Level 1:colcon.colcon_core.environment:checking '/home/maryam-mahmood/sdaadof_ws/install/daadbot_controller/lib/python3.12/site-packages'
[1.599s] Level 1:colcon.colcon_core.environment:checking '/home/maryam-mahmood/sdaadof_ws/install/daadbot_controller/bin'
[1.599s] INFO:colcon.colcon_core.shell:Creating package script '/home/maryam-mahmood/sdaadof_ws/install/daadbot_controller/share/daadbot_controller/package.ps1'
[1.601s] INFO:colcon.colcon_core.shell:Creating package descriptor '/home/maryam-mahmood/sdaadof_ws/install/daadbot_controller/share/daadbot_controller/package.dsv'
[1.602s] INFO:colcon.colcon_core.shell:Creating package script '/home/maryam-mahmood/sdaadof_ws/install/daadbot_controller/share/daadbot_controller/package.sh'
[1.603s] INFO:colcon.colcon_core.shell:Creating package script '/home/maryam-mahmood/sdaadof_ws/install/daadbot_controller/share/daadbot_controller/package.bash'
[1.604s] INFO:colcon.colcon_core.shell:Creating package script '/home/maryam-mahmood/sdaadof_ws/install/daadbot_controller/share/daadbot_controller/package.zsh'
[1.606s] Level 1:colcon.colcon_core.environment:create_file_with_runtime_dependencies(/home/maryam-mahmood/sdaadof_ws/install/daadbot_controller/share/colcon-core/packages/daadbot_controller)
[1.606s] Level 1:colcon.colcon_core.environment:create_environment_scripts_only(daadbot_desc)
[1.606s] Level 1:colcon.colcon_core.environment:checking '/home/maryam-mahmood/sdaadof_ws/install/daadbot_desc' for CMake module files
[1.608s] Level 1:colcon.colcon_core.environment:checking '/home/maryam-mahmood/sdaadof_ws/install/daadbot_desc' for CMake config files
[1.609s] DEBUG:colcon.colcon_core.event_handler.log_command:Invoked command in '/home/maryam-mahmood/sdaadof_ws/build/daadbot_desc' returned '0': CMAKE_PREFIX_PATH=${CMAKE_PREFIX_PATH}:/home/maryam-mahmood/sdaadof_ws/install/some_examples_py:/home/maryam-mahmood/ws_moveit/install/moveit_configs_utils:/opt/ros/jazzy DEBUGINFOD_URLS=https://debuginfod.ubuntu.com /usr/bin/cmake --install /home/maryam-mahmood/sdaadof_ws/build/daadbot_desc
[1.609s] Level 1:colcon.colcon_core.shell:create_environment_hook('daadbot_desc', 'cmake_prefix_path')
[1.609s] INFO:colcon.colcon_core.shell:Creating environment hook '/home/maryam-mahmood/sdaadof_ws/install/daadbot_desc/share/daadbot_desc/hook/cmake_prefix_path.ps1'
[1.610s] INFO:colcon.colcon_core.shell:Creating environment descriptor '/home/maryam-mahmood/sdaadof_ws/install/daadbot_desc/share/daadbot_desc/hook/cmake_prefix_path.dsv'
[1.611s] INFO:colcon.colcon_core.shell:Creating environment hook '/home/maryam-mahmood/sdaadof_ws/install/daadbot_desc/share/daadbot_desc/hook/cmake_prefix_path.sh'
[1.612s] Level 1:colcon.colcon_core.environment:checking '/home/maryam-mahmood/sdaadof_ws/install/daadbot_desc/bin'
[1.612s] Level 1:colcon.colcon_core.environment:checking '/home/maryam-mahmood/sdaadof_ws/install/daadbot_desc/lib/pkgconfig/daadbot_desc.pc'
[1.613s] Level 1:colcon.colcon_core.environment:checking '/home/maryam-mahmood/sdaadof_ws/install/daadbot_desc/lib/python3.12/site-packages'
[1.613s] Level 1:colcon.colcon_core.environment:checking '/home/maryam-mahmood/sdaadof_ws/install/daadbot_desc/bin'
[1.614s] INFO:colcon.colcon_core.shell:Creating package script '/home/maryam-mahmood/sdaadof_ws/install/daadbot_desc/share/daadbot_desc/package.ps1'
[1.615s] INFO:colcon.colcon_core.shell:Creating package descriptor '/home/maryam-mahmood/sdaadof_ws/install/daadbot_desc/share/daadbot_desc/package.dsv'
[1.616s] INFO:colcon.colcon_core.shell:Creating package script '/home/maryam-mahmood/sdaadof_ws/install/daadbot_desc/share/daadbot_desc/package.sh'
[1.617s] INFO:colcon.colcon_core.shell:Creating package script '/home/maryam-mahmood/sdaadof_ws/install/daadbot_desc/share/daadbot_desc/package.bash'
[1.618s] INFO:colcon.colcon_core.shell:Creating package script '/home/maryam-mahmood/sdaadof_ws/install/daadbot_desc/share/daadbot_desc/package.zsh'
[1.618s] Level 1:colcon.colcon_core.environment:create_file_with_runtime_dependencies(/home/maryam-mahmood/sdaadof_ws/install/daadbot_desc/share/colcon-core/packages/daadbot_desc)
[1.619s] Level 1:colcon.colcon_core.environment:create_environment_scripts_only(daadbot_desc)
[1.620s] Level 1:colcon.colcon_core.environment:checking '/home/maryam-mahmood/sdaadof_ws/install/daadbot_desc' for CMake module files
[1.621s] Level 1:colcon.colcon_core.environment:checking '/home/maryam-mahmood/sdaadof_ws/install/daadbot_desc' for CMake config files
[1.621s] Level 1:colcon.colcon_core.shell:create_environment_hook('daadbot_desc', 'cmake_prefix_path')
[1.621s] INFO:colcon.colcon_core.shell:Creating environment hook '/home/maryam-mahmood/sdaadof_ws/install/daadbot_desc/share/daadbot_desc/hook/cmake_prefix_path.ps1'
[1.622s] INFO:colcon.colcon_core.shell:Creating environment descriptor '/home/maryam-mahmood/sdaadof_ws/install/daadbot_desc/share/daadbot_desc/hook/cmake_prefix_path.dsv'
[1.623s] INFO:colcon.colcon_core.shell:Creating environment hook '/home/maryam-mahmood/sdaadof_ws/install/daadbot_desc/share/daadbot_desc/hook/cmake_prefix_path.sh'
[1.624s] Level 1:colcon.colcon_core.environment:checking '/home/maryam-mahmood/sdaadof_ws/install/daadbot_desc/bin'
[1.624s] Level 1:colcon.colcon_core.environment:checking '/home/maryam-mahmood/sdaadof_ws/install/daadbot_desc/lib/pkgconfig/daadbot_desc.pc'
[1.625s] Level 1:colcon.colcon_core.environment:checking '/home/maryam-mahmood/sdaadof_ws/install/daadbot_desc/lib/python3.12/site-packages'
[1.625s] Level 1:colcon.colcon_core.environment:checking '/home/maryam-mahmood/sdaadof_ws/install/daadbot_desc/bin'
[1.625s] INFO:colcon.colcon_core.shell:Creating package script '/home/maryam-mahmood/sdaadof_ws/install/daadbot_desc/share/daadbot_desc/package.ps1'
[1.627s] INFO:colcon.colcon_core.shell:Creating package descriptor '/home/maryam-mahmood/sdaadof_ws/install/daadbot_desc/share/daadbot_desc/package.dsv'
[1.627s] INFO:colcon.colcon_core.shell:Creating package script '/home/maryam-mahmood/sdaadof_ws/install/daadbot_desc/share/daadbot_desc/package.sh'
[1.628s] INFO:colcon.colcon_core.shell:Creating package script '/home/maryam-mahmood/sdaadof_ws/install/daadbot_desc/share/daadbot_desc/package.bash'
[1.629s] INFO:colcon.colcon_core.shell:Creating package script '/home/maryam-mahmood/sdaadof_ws/install/daadbot_desc/share/daadbot_desc/package.zsh'
[1.630s] Level 1:colcon.colcon_core.environment:create_file_with_runtime_dependencies(/home/maryam-mahmood/sdaadof_ws/install/daadbot_desc/share/colcon-core/packages/daadbot_desc)
[1.630s] Level 1:colcon.colcon_core.environment:create_environment_scripts_only(some_examples_cpp)
[1.631s] Level 1:colcon.colcon_core.environment:checking '/home/maryam-mahmood/sdaadof_ws/install/some_examples_cpp' for CMake module files
[1.633s] Level 1:colcon.colcon_core.environment:checking '/home/maryam-mahmood/sdaadof_ws/install/some_examples_cpp' for CMake config files
[1.634s] DEBUG:colcon.colcon_core.event_handler.log_command:Invoked command in '/home/maryam-mahmood/sdaadof_ws/build/some_examples_cpp' returned '0': CMAKE_PREFIX_PATH=${CMAKE_PREFIX_PATH}:/home/maryam-mahmood/sdaadof_ws/install/some_examples_py:/home/maryam-mahmood/ws_moveit/install/moveit_configs_utils:/opt/ros/jazzy DEBUGINFOD_URLS=https://debuginfod.ubuntu.com /usr/bin/cmake --install /home/maryam-mahmood/sdaadof_ws/build/some_examples_cpp
[1.634s] Level 1:colcon.colcon_core.shell:create_environment_hook('some_examples_cpp', 'cmake_prefix_path')
[1.635s] INFO:colcon.colcon_core.shell:Creating environment hook '/home/maryam-mahmood/sdaadof_ws/install/some_examples_cpp/share/some_examples_cpp/hook/cmake_prefix_path.ps1'
[1.635s] INFO:colcon.colcon_core.shell:Creating environment descriptor '/home/maryam-mahmood/sdaadof_ws/install/some_examples_cpp/share/some_examples_cpp/hook/cmake_prefix_path.dsv'
[1.636s] INFO:colcon.colcon_core.shell:Creating environment hook '/home/maryam-mahmood/sdaadof_ws/install/some_examples_cpp/share/some_examples_cpp/hook/cmake_prefix_path.sh'
[1.637s] Level 1:colcon.colcon_core.environment:checking '/home/maryam-mahmood/sdaadof_ws/install/some_examples_cpp/lib'
[1.637s] Level 1:colcon.colcon_core.environment:checking '/home/maryam-mahmood/sdaadof_ws/install/some_examples_cpp/bin'
[1.637s] Level 1:colcon.colcon_core.environment:checking '/home/maryam-mahmood/sdaadof_ws/install/some_examples_cpp/lib/pkgconfig/some_examples_cpp.pc'
[1.638s] Level 1:colcon.colcon_core.environment:checking '/home/maryam-mahmood/sdaadof_ws/install/some_examples_cpp/lib/python3.12/site-packages'
[1.638s] Level 1:colcon.colcon_core.environment:checking '/home/maryam-mahmood/sdaadof_ws/install/some_examples_cpp/bin'
[1.639s] INFO:colcon.colcon_core.shell:Creating package script '/home/maryam-mahmood/sdaadof_ws/install/some_examples_cpp/share/some_examples_cpp/package.ps1'
[1.639s] INFO:colcon.colcon_core.shell:Creating package descriptor '/home/maryam-mahmood/sdaadof_ws/install/some_examples_cpp/share/some_examples_cpp/package.dsv'
[1.640s] INFO:colcon.colcon_core.shell:Creating package script '/home/maryam-mahmood/sdaadof_ws/install/some_examples_cpp/share/some_examples_cpp/package.sh'
[1.641s] INFO:colcon.colcon_core.shell:Creating package script '/home/maryam-mahmood/sdaadof_ws/install/some_examples_cpp/share/some_examples_cpp/package.bash'
[1.641s] INFO:colcon.colcon_core.shell:Creating package script '/home/maryam-mahmood/sdaadof_ws/install/some_examples_cpp/share/some_examples_cpp/package.zsh'
[1.641s] Level 1:colcon.colcon_core.environment:create_file_with_runtime_dependencies(/home/maryam-mahmood/sdaadof_ws/install/some_examples_cpp/share/colcon-core/packages/some_examples_cpp)
[1.642s] Level 1:colcon.colcon_core.environment:create_environment_scripts_only(some_examples_cpp)
[1.642s] Level 1:colcon.colcon_core.environment:checking '/home/maryam-mahmood/sdaadof_ws/install/some_examples_cpp' for CMake module files
[1.643s] Level 1:colcon.colcon_core.environment:checking '/home/maryam-mahmood/sdaadof_ws/install/some_examples_cpp' for CMake config files
[1.644s] Level 1:colcon.colcon_core.shell:create_environment_hook('some_examples_cpp', 'cmake_prefix_path')
[1.644s] INFO:colcon.colcon_core.shell:Creating environment hook '/home/maryam-mahmood/sdaadof_ws/install/some_examples_cpp/share/some_examples_cpp/hook/cmake_prefix_path.ps1'
[1.645s] INFO:colcon.colcon_core.shell:Creating environment descriptor '/home/maryam-mahmood/sdaadof_ws/install/some_examples_cpp/share/some_examples_cpp/hook/cmake_prefix_path.dsv'
[1.646s] INFO:colcon.colcon_core.shell:Creating environment hook '/home/maryam-mahmood/sdaadof_ws/install/some_examples_cpp/share/some_examples_cpp/hook/cmake_prefix_path.sh'
[1.647s] Level 1:colcon.colcon_core.environment:checking '/home/maryam-mahmood/sdaadof_ws/install/some_examples_cpp/lib'
[1.647s] Level 1:colcon.colcon_core.environment:checking '/home/maryam-mahmood/sdaadof_ws/install/some_examples_cpp/bin'
[1.647s] Level 1:colcon.colcon_core.environment:checking '/home/maryam-mahmood/sdaadof_ws/install/some_examples_cpp/lib/pkgconfig/some_examples_cpp.pc'
[1.648s] Level 1:colcon.colcon_core.environment:checking '/home/maryam-mahmood/sdaadof_ws/install/some_examples_cpp/lib/python3.12/site-packages'
[1.649s] Level 1:colcon.colcon_core.environment:checking '/home/maryam-mahmood/sdaadof_ws/install/some_examples_cpp/bin'
[1.649s] INFO:colcon.colcon_core.shell:Creating package script '/home/maryam-mahmood/sdaadof_ws/install/some_examples_cpp/share/some_examples_cpp/package.ps1'
[1.650s] INFO:colcon.colcon_core.shell:Creating package descriptor '/home/maryam-mahmood/sdaadof_ws/install/some_examples_cpp/share/some_examples_cpp/package.dsv'
[1.651s] INFO:colcon.colcon_core.shell:Creating package script '/home/maryam-mahmood/sdaadof_ws/install/some_examples_cpp/share/some_examples_cpp/package.sh'
[1.651s] INFO:colcon.colcon_core.shell:Creating package script '/home/maryam-mahmood/sdaadof_ws/install/some_examples_cpp/share/some_examples_cpp/package.bash'
[1.652s] INFO:colcon.colcon_core.shell:Creating package script '/home/maryam-mahmood/sdaadof_ws/install/some_examples_cpp/share/some_examples_cpp/package.zsh'
[1.652s] Level 1:colcon.colcon_core.environment:create_file_with_runtime_dependencies(/home/maryam-mahmood/sdaadof_ws/install/some_examples_cpp/share/colcon-core/packages/some_examples_cpp)
[1.653s] Level 1:colcon.colcon_core.environment:create_environment_scripts_only(daadbot_moveit)
[1.653s] Level 1:colcon.colcon_core.environment:checking '/home/maryam-mahmood/sdaadof_ws/install/daadbot_moveit' for CMake module files
[1.654s] Level 1:colcon.colcon_core.environment:checking '/home/maryam-mahmood/sdaadof_ws/install/daadbot_moveit' for CMake config files
[1.655s] DEBUG:colcon.colcon_core.event_handler.log_command:Invoked command in '/home/maryam-mahmood/sdaadof_ws/build/daadbot_moveit' returned '0': CMAKE_PREFIX_PATH=${CMAKE_PREFIX_PATH}:/home/maryam-mahmood/sdaadof_ws/install/some_examples_py:/home/maryam-mahmood/ws_moveit/install/moveit_configs_utils:/opt/ros/jazzy DEBUGINFOD_URLS=https://debuginfod.ubuntu.com /usr/bin/cmake --install /home/maryam-mahmood/sdaadof_ws/build/daadbot_moveit
[1.655s] Level 1:colcon.colcon_core.shell:create_environment_hook('daadbot_moveit', 'cmake_prefix_path')
[1.655s] INFO:colcon.colcon_core.shell:Creating environment hook '/home/maryam-mahmood/sdaadof_ws/install/daadbot_moveit/share/daadbot_moveit/hook/cmake_prefix_path.ps1'
[1.656s] INFO:colcon.colcon_core.shell:Creating environment descriptor '/home/maryam-mahmood/sdaadof_ws/install/daadbot_moveit/share/daadbot_moveit/hook/cmake_prefix_path.dsv'
[1.657s] INFO:colcon.colcon_core.shell:Creating environment hook '/home/maryam-mahmood/sdaadof_ws/install/daadbot_moveit/share/daadbot_moveit/hook/cmake_prefix_path.sh'
[1.658s] Level 1:colcon.colcon_core.environment:checking '/home/maryam-mahmood/sdaadof_ws/install/daadbot_moveit/bin'
[1.659s] Level 1:colcon.colcon_core.environment:checking '/home/maryam-mahmood/sdaadof_ws/install/daadbot_moveit/lib/pkgconfig/daadbot_moveit.pc'
[1.659s] Level 1:colcon.colcon_core.environment:checking '/home/maryam-mahmood/sdaadof_ws/install/daadbot_moveit/lib/python3.12/site-packages'
[1.660s] Level 1:colcon.colcon_core.environment:checking '/home/maryam-mahmood/sdaadof_ws/install/daadbot_moveit/bin'
[1.661s] INFO:colcon.colcon_core.shell:Creating package script '/home/maryam-mahmood/sdaadof_ws/install/daadbot_moveit/share/daadbot_moveit/package.ps1'
[1.662s] INFO:colcon.colcon_core.shell:Creating package descriptor '/home/maryam-mahmood/sdaadof_ws/install/daadbot_moveit/share/daadbot_moveit/package.dsv'
[1.664s] INFO:colcon.colcon_core.shell:Creating package script '/home/maryam-mahmood/sdaadof_ws/install/daadbot_moveit/share/daadbot_moveit/package.sh'
[1.665s] INFO:colcon.colcon_core.shell:Creating package script '/home/maryam-mahmood/sdaadof_ws/install/daadbot_moveit/share/daadbot_moveit/package.bash'
[1.665s] INFO:colcon.colcon_core.shell:Creating package script '/home/maryam-mahmood/sdaadof_ws/install/daadbot_moveit/share/daadbot_moveit/package.zsh'
[1.666s] Level 1:colcon.colcon_core.environment:create_file_with_runtime_dependencies(/home/maryam-mahmood/sdaadof_ws/install/daadbot_moveit/share/colcon-core/packages/daadbot_moveit)
[1.667s] Level 1:colcon.colcon_core.environment:create_environment_scripts_only(daadbot_moveit)
[1.668s] Level 1:colcon.colcon_core.environment:checking '/home/maryam-mahmood/sdaadof_ws/install/daadbot_moveit' for CMake module files
[1.669s] Level 1:colcon.colcon_core.environment:checking '/home/maryam-mahmood/sdaadof_ws/install/daadbot_moveit' for CMake config files
[1.670s] Level 1:colcon.colcon_core.shell:create_environment_hook('daadbot_moveit', 'cmake_prefix_path')
[1.670s] INFO:colcon.colcon_core.shell:Creating environment hook '/home/maryam-mahmood/sdaadof_ws/install/daadbot_moveit/share/daadbot_moveit/hook/cmake_prefix_path.ps1'
[1.671s] INFO:colcon.colcon_core.shell:Creating environment descriptor '/home/maryam-mahmood/sdaadof_ws/install/daadbot_moveit/share/daadbot_moveit/hook/cmake_prefix_path.dsv'
[1.671s] INFO:colcon.colcon_core.shell:Creating environment hook '/home/maryam-mahmood/sdaadof_ws/install/daadbot_moveit/share/daadbot_moveit/hook/cmake_prefix_path.sh'
[1.672s] Level 1:colcon.colcon_core.environment:checking '/home/maryam-mahmood/sdaadof_ws/install/daadbot_moveit/bin'
[1.672s] Level 1:colcon.colcon_core.environment:checking '/home/maryam-mahmood/sdaadof_ws/install/daadbot_moveit/lib/pkgconfig/daadbot_moveit.pc'
[1.673s] Level 1:colcon.colcon_core.environment:checking '/home/maryam-mahmood/sdaadof_ws/install/daadbot_moveit/lib/python3.12/site-packages'
[1.673s] Level 1:colcon.colcon_core.environment:checking '/home/maryam-mahmood/sdaadof_ws/install/daadbot_moveit/bin'
[1.674s] INFO:colcon.colcon_core.shell:Creating package script '/home/maryam-mahmood/sdaadof_ws/install/daadbot_moveit/share/daadbot_moveit/package.ps1'
[1.675s] INFO:colcon.colcon_core.shell:Creating package descriptor '/home/maryam-mahmood/sdaadof_ws/install/daadbot_moveit/share/daadbot_moveit/package.dsv'
[1.676s] INFO:colcon.colcon_core.shell:Creating package script '/home/maryam-mahmood/sdaadof_ws/install/daadbot_moveit/share/daadbot_moveit/package.sh'
[1.676s] INFO:colcon.colcon_core.shell:Creating package script '/home/maryam-mahmood/sdaadof_ws/install/daadbot_moveit/share/daadbot_moveit/package.bash'
[1.677s] INFO:colcon.colcon_core.shell:Creating package script '/home/maryam-mahmood/sdaadof_ws/install/daadbot_moveit/share/daadbot_moveit/package.zsh'
[1.677s] Level 1:colcon.colcon_core.environment:create_file_with_runtime_dependencies(/home/maryam-mahmood/sdaadof_ws/install/daadbot_moveit/share/colcon-core/packages/daadbot_moveit)
[3.296s] DEBUG:colcon.colcon_core.event_handler.log_command:Invoking command in '/home/maryam-mahmood/sdaadof_ws/src/some_examples_py': DEBUGINFOD_URLS=https://debuginfod.ubuntu.com PYTHONPATH=/home/maryam-mahmood/sdaadof_ws/build/some_examples_py/prefix_override:/usr/lib/python3/dist-packages/colcon_core/task/python/colcon_distutils_commands:/home/maryam-mahmood/sdaadof_ws/install/some_examples_py/lib/python3.12/site-packages:${PYTHONPATH} /usr/bin/python3 -W ignore:setup.py install is deprecated -W ignore:easy_install command is deprecated setup.py egg_info --egg-base ../../build/some_examples_py build --build-base /home/maryam-mahmood/sdaadof_ws/build/some_examples_py/build install --record /home/maryam-mahmood/sdaadof_ws/build/some_examples_py/install.log --single-version-externally-managed install_data
[4.881s] Level 1:colcon.colcon_core.environment:checking '/home/maryam-mahmood/sdaadof_ws/install/some_examples_py' for CMake module files
[4.882s] DEBUG:colcon.colcon_core.event_handler.log_command:Invoked command in '/home/maryam-mahmood/sdaadof_ws/src/some_examples_py' returned '0': DEBUGINFOD_URLS=https://debuginfod.ubuntu.com PYTHONPATH=/home/maryam-mahmood/sdaadof_ws/build/some_examples_py/prefix_override:/usr/lib/python3/dist-packages/colcon_core/task/python/colcon_distutils_commands:/home/maryam-mahmood/sdaadof_ws/install/some_examples_py/lib/python3.12/site-packages:${PYTHONPATH} /usr/bin/python3 -W ignore:setup.py install is deprecated -W ignore:easy_install command is deprecated setup.py egg_info --egg-base ../../build/some_examples_py build --build-base /home/maryam-mahmood/sdaadof_ws/build/some_examples_py/build install --record /home/maryam-mahmood/sdaadof_ws/build/some_examples_py/install.log --single-version-externally-managed install_data
[4.883s] Level 1:colcon.colcon_core.environment:checking '/home/maryam-mahmood/sdaadof_ws/install/some_examples_py' for CMake config files
[4.884s] Level 1:colcon.colcon_core.environment:checking '/home/maryam-mahmood/sdaadof_ws/install/some_examples_py/lib'
[4.884s] Level 1:colcon.colcon_core.environment:checking '/home/maryam-mahmood/sdaadof_ws/install/some_examples_py/bin'
[4.884s] Level 1:colcon.colcon_core.environment:checking '/home/maryam-mahmood/sdaadof_ws/install/some_examples_py/lib/pkgconfig/some_examples_py.pc'
[4.885s] Level 1:colcon.colcon_core.environment:checking '/home/maryam-mahmood/sdaadof_ws/install/some_examples_py/lib/python3.12/site-packages'
[4.885s] Level 1:colcon.colcon_core.shell:create_environment_hook('some_examples_py', 'pythonpath')
[4.885s] INFO:colcon.colcon_core.shell:Creating environment hook '/home/maryam-mahmood/sdaadof_ws/install/some_examples_py/share/some_examples_py/hook/pythonpath.ps1'
[4.887s] INFO:colcon.colcon_core.shell:Creating environment descriptor '/home/maryam-mahmood/sdaadof_ws/install/some_examples_py/share/some_examples_py/hook/pythonpath.dsv'
[4.888s] INFO:colcon.colcon_core.shell:Creating environment hook '/home/maryam-mahmood/sdaadof_ws/install/some_examples_py/share/some_examples_py/hook/pythonpath.sh'
[4.890s] Level 1:colcon.colcon_core.environment:checking '/home/maryam-mahmood/sdaadof_ws/install/some_examples_py/bin'
[4.890s] Level 1:colcon.colcon_core.environment:create_environment_scripts_only(some_examples_py)
[4.891s] INFO:colcon.colcon_core.shell:Creating package script '/home/maryam-mahmood/sdaadof_ws/install/some_examples_py/share/some_examples_py/package.ps1'
[4.892s] INFO:colcon.colcon_core.shell:Creating package descriptor '/home/maryam-mahmood/sdaadof_ws/install/some_examples_py/share/some_examples_py/package.dsv'
[4.893s] INFO:colcon.colcon_core.shell:Creating package script '/home/maryam-mahmood/sdaadof_ws/install/some_examples_py/share/some_examples_py/package.sh'
[4.894s] INFO:colcon.colcon_core.shell:Creating package script '/home/maryam-mahmood/sdaadof_ws/install/some_examples_py/share/some_examples_py/package.bash'
[4.895s] INFO:colcon.colcon_core.shell:Creating package script '/home/maryam-mahmood/sdaadof_ws/install/some_examples_py/share/some_examples_py/package.zsh'
[4.896s] Level 1:colcon.colcon_core.environment:create_file_with_runtime_dependencies(/home/maryam-mahmood/sdaadof_ws/install/some_examples_py/share/colcon-core/packages/some_examples_py)
[4.897s] DEBUG:colcon.colcon_parallel_executor.executor.parallel:closing loop
[4.898s] DEBUG:colcon.colcon_parallel_executor.executor.parallel:loop closed
[4.898s] DEBUG:colcon.colcon_parallel_executor.executor.parallel:run_until_complete finished with '0'
[4.898s] DEBUG:colcon.colcon_core.event_reactor:joining thread
[4.913s] INFO:colcon.colcon_core.plugin_system:Skipping extension 'colcon_notification.desktop_notification.terminal_notifier': Not used on non-Darwin systems
[4.913s] INFO:colcon.colcon_core.plugin_system:Skipping extension 'colcon_notification.desktop_notification.win32': Not used on non-Windows systems
[4.913s] INFO:colcon.colcon_notification.desktop_notification:Sending desktop notification using 'notify2'
[4.944s] DEBUG:colcon.colcon_core.event_reactor:joined thread
[4.945s] INFO:colcon.colcon_core.shell:Creating prefix script '/home/maryam-mahmood/sdaadof_ws/install/local_setup.ps1'
[4.947s] INFO:colcon.colcon_core.shell:Creating prefix util module '/home/maryam-mahmood/sdaadof_ws/install/_local_setup_util_ps1.py'
[4.950s] INFO:colcon.colcon_core.shell:Creating prefix chain script '/home/maryam-mahmood/sdaadof_ws/install/setup.ps1'
[4.958s] INFO:colcon.colcon_core.shell:Creating prefix script '/home/maryam-mahmood/sdaadof_ws/install/local_setup.sh'
[4.959s] INFO:colcon.colcon_core.shell:Creating prefix util module '/home/maryam-mahmood/sdaadof_ws/install/_local_setup_util_sh.py'
[4.960s] INFO:colcon.colcon_core.shell:Creating prefix chain script '/home/maryam-mahmood/sdaadof_ws/install/setup.sh'
[4.970s] INFO:colcon.colcon_core.shell:Creating prefix script '/home/maryam-mahmood/sdaadof_ws/install/local_setup.bash'
[4.971s] INFO:colcon.colcon_core.shell:Creating prefix chain script '/home/maryam-mahmood/sdaadof_ws/install/setup.bash'
[4.978s] INFO:colcon.colcon_core.shell:Creating prefix script '/home/maryam-mahmood/sdaadof_ws/install/local_setup.zsh'
[4.979s] INFO:colcon.colcon_core.shell:Creating prefix chain script '/home/maryam-mahmood/sdaadof_ws/install/setup.zsh'
