[0.139s] Invoking command in '/home/maryam-mahmood/sdaadof_ws/build/daadbot_controller': CMAKE_PREFIX_PATH=${CMAKE_PREFIX_PATH}:/home/maryam-mahmood/sdaadof_ws/install/some_examples_py:/home/maryam-mahmood/ws_moveit/install/moveit_configs_utils:/opt/ros/jazzy DEBUGINFOD_URLS=https://debuginfod.ubuntu.com /usr/bin/cmake --build /home/maryam-mahmood/sdaadof_ws/build/daadbot_controller -- -j24 -l24
[0.910s] Invoked command in '/home/maryam-mahmood/sdaadof_ws/build/daadbot_controller' returned '0': CMAKE_PREFIX_PATH=${CMAKE_PREFIX_PATH}:/home/maryam-mahmood/sdaadof_ws/install/some_examples_py:/home/maryam-mahmood/ws_moveit/install/moveit_configs_utils:/opt/ros/jazzy DEBUGINFOD_URLS=https://debuginfod.ubuntu.com /usr/bin/cmake --build /home/maryam-mahmood/sdaadof_ws/build/daadbot_controller -- -j24 -l24
[0.945s] Invoking command in '/home/maryam-mahmood/sdaadof_ws/build/daadbot_controller': CMAKE_PREFIX_PATH=${CMAKE_PREFIX_PATH}:/home/maryam-mahmood/sdaadof_ws/install/some_examples_py:/home/maryam-mahmood/ws_moveit/install/moveit_configs_utils:/opt/ros/jazzy DEBUGINFOD_URLS=https://debuginfod.ubuntu.com /usr/bin/cmake --install /home/maryam-mahmood/sdaadof_ws/build/daadbot_controller
[0.980s] -- Install configuration: ""
[0.980s] -- Up-to-date: /home/maryam-mahmood/sdaadof_ws/install/daadbot_controller/share/daadbot_controller/config
[0.980s] -- Up-to-date: /home/maryam-mahmood/sdaadof_ws/install/daadbot_controller/share/daadbot_controller/config/daadbot_controllers.yaml
[0.981s] -- Up-to-date: /home/maryam-mahmood/sdaadof_ws/install/daadbot_controller/share/daadbot_controller/launch
[0.981s] -- Up-to-date: /home/maryam-mahmood/sdaadof_ws/install/daadbot_controller/share/daadbot_controller/launch/controller.launch.py
[0.981s] -- Up-to-date: /home/maryam-mahmood/sdaadof_ws/install/daadbot_controller/share/ament_index/resource_index/package_run_dependencies/daadbot_controller
[0.981s] -- Up-to-date: /home/maryam-mahmood/sdaadof_ws/install/daadbot_controller/share/ament_index/resource_index/parent_prefix_path/daadbot_controller
[0.981s] -- Up-to-date: /home/maryam-mahmood/sdaadof_ws/install/daadbot_controller/share/daadbot_controller/environment/ament_prefix_path.sh
[0.983s] -- Up-to-date: /home/maryam-mahmood/sdaadof_ws/install/daadbot_controller/share/daadbot_controller/environment/ament_prefix_path.dsv
[0.984s] -- Up-to-date: /home/maryam-mahmood/sdaadof_ws/install/daadbot_controller/share/daadbot_controller/environment/path.sh
[0.984s] -- Up-to-date: /home/maryam-mahmood/sdaadof_ws/install/daadbot_controller/share/daadbot_controller/environment/path.dsv
[0.985s] -- Up-to-date: /home/maryam-mahmood/sdaadof_ws/install/daadbot_controller/share/daadbot_controller/local_setup.bash
[0.987s] -- Up-to-date: /home/maryam-mahmood/sdaadof_ws/install/daadbot_controller/share/daadbot_controller/local_setup.sh
[0.988s] -- Up-to-date: /home/maryam-mahmood/sdaadof_ws/install/daadbot_controller/share/daadbot_controller/local_setup.zsh
[0.989s] -- Up-to-date: /home/maryam-mahmood/sdaadof_ws/install/daadbot_controller/share/daadbot_controller/local_setup.dsv
[0.989s] -- Installing: /home/maryam-mahmood/sdaadof_ws/install/daadbot_controller/share/daadbot_controller/package.dsv
[0.989s] -- Up-to-date: /home/maryam-mahmood/sdaadof_ws/install/daadbot_controller/share/ament_index/resource_index/packages/daadbot_controller
[0.989s] -- Up-to-date: /home/maryam-mahmood/sdaadof_ws/install/daadbot_controller/share/daadbot_controller/cmake/daadbot_controllerConfig.cmake
[0.990s] -- Up-to-date: /home/maryam-mahmood/sdaadof_ws/install/daadbot_controller/share/daadbot_controller/cmake/daadbot_controllerConfig-version.cmake
[0.990s] -- Up-to-date: /home/maryam-mahmood/sdaadof_ws/install/daadbot_controller/share/daadbot_controller/package.xml
[1.004s] Invoked command in '/home/maryam-mahmood/sdaadof_ws/build/daadbot_controller' returned '0': CMAKE_PREFIX_PATH=${CMAKE_PREFIX_PATH}:/home/maryam-mahmood/sdaadof_ws/install/some_examples_py:/home/maryam-mahmood/ws_moveit/install/moveit_configs_utils:/opt/ros/jazzy DEBUGINFOD_URLS=https://debuginfod.ubuntu.com /usr/bin/cmake --install /home/maryam-mahmood/sdaadof_ws/build/daadbot_controller
