[0.130s] Invoking command in '/home/maryam-mahmood/sdaadof_ws/build/daadbot_controller': CMAKE_PREFIX_PATH=${CMAKE_PREFIX_PATH}:/home/maryam-mahmood/ws_moveit/install/moveit_configs_utils:/opt/ros/jazzy DEBUGINFOD_URLS=https://debuginfod.ubuntu.com /usr/bin/cmake --build /home/maryam-mahmood/sdaadof_ws/build/daadbot_controller -- -j24 -l24
[0.930s] Invoked command in '/home/maryam-mahmood/sdaadof_ws/build/daadbot_controller' returned '0': CMAKE_PREFIX_PATH=${CMAKE_PREFIX_PATH}:/home/maryam-mahmood/ws_moveit/install/moveit_configs_utils:/opt/ros/jazzy DEBUGINFOD_URLS=https://debuginfod.ubuntu.com /usr/bin/cmake --build /home/maryam-mahmood/sdaadof_ws/build/daadbot_controller -- -j24 -l24
[0.965s] Invoking command in '/home/maryam-mahmood/sdaadof_ws/build/daadbot_controller': CMAKE_PREFIX_PATH=${CMAKE_PREFIX_PATH}:/home/maryam-mahmood/ws_moveit/install/moveit_configs_utils:/opt/ros/jazzy DEBUGINFOD_URLS=https://debuginfod.ubuntu.com /usr/bin/cmake --install /home/maryam-mahmood/sdaadof_ws/build/daadbot_controller
[0.994s] -- Install configuration: ""
[0.995s] -- Up-to-date: /home/maryam-mahmood/sdaadof_ws/install/daadbot_controller/share/daadbot_controller/config
[0.995s] -- Up-to-date: /home/maryam-mahmood/sdaadof_ws/install/daadbot_controller/share/daadbot_controller/config/daadbot_controllers.yaml
[0.995s] -- Up-to-date: /home/maryam-mahmood/sdaadof_ws/install/daadbot_controller/share/daadbot_controller/launch
[0.995s] -- Up-to-date: /home/maryam-mahmood/sdaadof_ws/install/daadbot_controller/share/daadbot_controller/launch/controller.launch.py
[0.996s] -- Up-to-date: /home/maryam-mahmood/sdaadof_ws/install/daadbot_controller/share/ament_index/resource_index/package_run_dependencies/daadbot_controller
[0.997s] -- Up-to-date: /home/maryam-mahmood/sdaadof_ws/install/daadbot_controller/share/ament_index/resource_index/parent_prefix_path/daadbot_controller
[0.998s] -- Up-to-date: /home/maryam-mahmood/sdaadof_ws/install/daadbot_controller/share/daadbot_controller/environment/ament_prefix_path.sh
[0.998s] -- Up-to-date: /home/maryam-mahmood/sdaadof_ws/install/daadbot_controller/share/daadbot_controller/environment/ament_prefix_path.dsv
[0.998s] -- Up-to-date: /home/maryam-mahmood/sdaadof_ws/install/daadbot_controller/share/daadbot_controller/environment/path.sh
[0.999s] -- Up-to-date: /home/maryam-mahmood/sdaadof_ws/install/daadbot_controller/share/daadbot_controller/environment/path.dsv
[1.000s] -- Up-to-date: /home/maryam-mahmood/sdaadof_ws/install/daadbot_controller/share/daadbot_controller/local_setup.bash
[1.000s] -- Up-to-date: /home/maryam-mahmood/sdaadof_ws/install/daadbot_controller/share/daadbot_controller/local_setup.sh
[1.000s] -- Up-to-date: /home/maryam-mahmood/sdaadof_ws/install/daadbot_controller/share/daadbot_controller/local_setup.zsh
[1.001s] -- Up-to-date: /home/maryam-mahmood/sdaadof_ws/install/daadbot_controller/share/daadbot_controller/local_setup.dsv
[1.002s] -- Installing: /home/maryam-mahmood/sdaadof_ws/install/daadbot_controller/share/daadbot_controller/package.dsv
[1.003s] -- Up-to-date: /home/maryam-mahmood/sdaadof_ws/install/daadbot_controller/share/ament_index/resource_index/packages/daadbot_controller
[1.005s] -- Up-to-date: /home/maryam-mahmood/sdaadof_ws/install/daadbot_controller/share/daadbot_controller/cmake/daadbot_controllerConfig.cmake
[1.006s] -- Up-to-date: /home/maryam-mahmood/sdaadof_ws/install/daadbot_controller/share/daadbot_controller/cmake/daadbot_controllerConfig-version.cmake
[1.006s] -- Up-to-date: /home/maryam-mahmood/sdaadof_ws/install/daadbot_controller/share/daadbot_controller/package.xml
[1.015s] Invoked command in '/home/maryam-mahmood/sdaadof_ws/build/daadbot_controller' returned '0': CMAKE_PREFIX_PATH=${CMAKE_PREFIX_PATH}:/home/maryam-mahmood/ws_moveit/install/moveit_configs_utils:/opt/ros/jazzy DEBUGINFOD_URLS=https://debuginfod.ubuntu.com /usr/bin/cmake --install /home/maryam-mahmood/sdaadof_ws/build/daadbot_controller
