[0.529s] Invoking command in '/home/maryam-mahmood/sdaadof_ws/src/some_examples_py': DEBUGINFOD_URLS=https://debuginfod.ubuntu.com PYTHONPATH=/home/maryam-mahmood/sdaadof_ws/build/some_examples_py/prefix_override:/usr/lib/python3/dist-packages/colcon_core/task/python/colcon_distutils_commands:/home/maryam-mahmood/sdaadof_ws/install/some_examples_py/lib/python3.12/site-packages:${PYTHONPATH} /usr/bin/python3 -W ignore:setup.py install is deprecated -W ignore:easy_install command is deprecated setup.py egg_info --egg-base ../../build/some_examples_py build --build-base /home/maryam-mahmood/sdaadof_ws/build/some_examples_py/build install --record /home/maryam-mahmood/sdaadof_ws/build/some_examples_py/install.log --single-version-externally-managed install_data
[0.707s] running egg_info
[0.719s] writing ../../build/some_examples_py/some_examples_py.egg-info/PKG-INFO
[0.719s] writing dependency_links to ../../build/some_examples_py/some_examples_py.egg-info/dependency_links.txt
[0.720s] writing entry points to ../../build/some_examples_py/some_examples_py.egg-info/entry_points.txt
[0.720s] writing requirements to ../../build/some_examples_py/some_examples_py.egg-info/requires.txt
[0.720s] writing top-level names to ../../build/some_examples_py/some_examples_py.egg-info/top_level.txt
[0.744s] reading manifest file '../../build/some_examples_py/some_examples_py.egg-info/SOURCES.txt'
[0.745s] writing manifest file '../../build/some_examples_py/some_examples_py.egg-info/SOURCES.txt'
[0.745s] running build
[0.745s] running build_py
[0.745s] copying some_examples_py/simple_publisher.py -> /home/maryam-mahmood/sdaadof_ws/build/some_examples_py/build/lib/some_examples_py
[0.745s] running install
[0.749s] running install_lib
[0.761s] copying /home/maryam-mahmood/sdaadof_ws/build/some_examples_py/build/lib/some_examples_py/simple_publisher.py -> /home/maryam-mahmood/sdaadof_ws/install/some_examples_py/lib/python3.12/site-packages/some_examples_py
[0.762s] byte-compiling /home/maryam-mahmood/sdaadof_ws/install/some_examples_py/lib/python3.12/site-packages/some_examples_py/simple_publisher.py to simple_publisher.cpython-312.pyc
[0.762s] running install_data
[0.762s] copying package.xml -> /home/maryam-mahmood/sdaadof_ws/install/some_examples_py/share/some_examples_py
[0.762s] running install_egg_info
[0.775s] removing '/home/maryam-mahmood/sdaadof_ws/install/some_examples_py/lib/python3.12/site-packages/some_examples_py-0.0.0-py3.12.egg-info' (and everything under it)
[0.775s] Copying ../../build/some_examples_py/some_examples_py.egg-info to /home/maryam-mahmood/sdaadof_ws/install/some_examples_py/lib/python3.12/site-packages/some_examples_py-0.0.0-py3.12.egg-info
[0.776s] running install_scripts
[0.858s] Installing simple_publisher script to /home/maryam-mahmood/sdaadof_ws/install/some_examples_py/lib/some_examples_py
[0.858s] writing list of installed files to '/home/maryam-mahmood/sdaadof_ws/build/some_examples_py/install.log'
[0.874s] Invoked command in '/home/maryam-mahmood/sdaadof_ws/src/some_examples_py' returned '0': DEBUGINFOD_URLS=https://debuginfod.ubuntu.com PYTHONPATH=/home/maryam-mahmood/sdaadof_ws/build/some_examples_py/prefix_override:/usr/lib/python3/dist-packages/colcon_core/task/python/colcon_distutils_commands:/home/maryam-mahmood/sdaadof_ws/install/some_examples_py/lib/python3.12/site-packages:${PYTHONPATH} /usr/bin/python3 -W ignore:setup.py install is deprecated -W ignore:easy_install command is deprecated setup.py egg_info --egg-base ../../build/some_examples_py build --build-base /home/maryam-mahmood/sdaadof_ws/build/some_examples_py/build install --record /home/maryam-mahmood/sdaadof_ws/build/some_examples_py/install.log --single-version-externally-managed install_data
