[0.245s] DEBUG:colcon:Command line arguments: ['/usr/bin/colcon', 'build']
[0.245s] DEBUG:colcon:Parsed command line arguments: Namespace(log_base=None, log_level=None, verb_name='build', build_base='build', install_base='install', merge_install=False, symlink_install=False, test_result_base=None, continue_on_error=False, executor='parallel', parallel_workers=24, event_handlers=None, ignore_user_meta=False, metas=['./colcon.meta'], base_paths=['.'], packages_ignore=None, packages_ignore_regex=None, paths=None, packages_up_to=None, packages_up_to_regex=None, packages_above=None, packages_above_and_dependencies=None, packages_above_depth=None, packages_select_by_dep=None, packages_skip_by_dep=None, packages_skip_up_to=None, packages_select_build_failed=False, packages_skip_build_finished=False, packages_select_test_failures=False, packages_skip_test_passed=False, packages_select=None, packages_skip=None, packages_select_regex=None, packages_skip_regex=None, packages_start=None, packages_end=None, allow_overriding=[], cmake_args=None, cmake_target=None, cmake_target_skip_unavailable=False, cmake_clean_cache=False, cmake_clean_first=False, cmake_force_configure=False, ament_cmake_args=None, catkin_cmake_args=None, catkin_skip_building_tests=False, mixin_files=None, mixin=None, verb_parser=<colcon_mixin.mixin.mixin_argument.MixinArgumentDecorator object at 0x73a5612d5ee0>, verb_extension=<colcon_core.verb.build.BuildVerb object at 0x73a5613f8230>, main=<bound method BuildVerb.main of <colcon_core.verb.build.BuildVerb object at 0x73a5613f8230>>, mixin_verb=('build',))
[0.328s] Level 1:colcon.colcon_core.package_discovery:discover_packages(colcon_meta) check parameters
[0.329s] Level 1:colcon.colcon_core.package_discovery:discover_packages(recursive) check parameters
[0.329s] Level 1:colcon.colcon_core.package_discovery:discover_packages(ignore) check parameters
[0.329s] Level 1:colcon.colcon_core.package_discovery:discover_packages(path) check parameters
[0.329s] Level 1:colcon.colcon_core.package_discovery:discover_packages(colcon_meta) discover
[0.329s] Level 1:colcon.colcon_core.package_discovery:discover_packages(recursive) discover
[0.329s] INFO:colcon.colcon_core.package_discovery:Crawling recursively for packages in '/home/maryam-mahmood/sdaadof_ws'
[0.329s] Level 1:colcon.colcon_core.package_identification:_identify(.) by extensions ['ignore', 'ignore_ament_install']
[0.329s] Level 1:colcon.colcon_core.package_identification:_identify(.) by extension 'ignore'
[0.329s] Level 1:colcon.colcon_core.package_identification:_identify(.) by extension 'ignore_ament_install'
[0.330s] Level 1:colcon.colcon_core.package_identification:_identify(.) by extensions ['colcon_pkg']
[0.330s] Level 1:colcon.colcon_core.package_identification:_identify(.) by extension 'colcon_pkg'
[0.330s] Level 1:colcon.colcon_core.package_identification:_identify(.) by extensions ['colcon_meta']
[0.330s] Level 1:colcon.colcon_core.package_identification:_identify(.) by extension 'colcon_meta'
[0.330s] Level 1:colcon.colcon_core.package_identification:_identify(.) by extensions ['ros']
[0.330s] Level 1:colcon.colcon_core.package_identification:_identify(.) by extension 'ros'
[0.367s] Level 1:colcon.colcon_core.package_identification:_identify(.) by extensions ['cmake', 'python']
[0.367s] Level 1:colcon.colcon_core.package_identification:_identify(.) by extension 'cmake'
[0.368s] Level 1:colcon.colcon_core.package_identification:_identify(.) by extension 'python'
[0.368s] Level 1:colcon.colcon_core.package_identification:_identify(.) by extensions ['python_setup_py']
[0.368s] Level 1:colcon.colcon_core.package_identification:_identify(.) by extension 'python_setup_py'
[0.368s] Level 1:colcon.colcon_core.package_identification:_identify(build) by extensions ['ignore', 'ignore_ament_install']
[0.368s] Level 1:colcon.colcon_core.package_identification:_identify(build) by extension 'ignore'
[0.368s] Level 1:colcon.colcon_core.package_identification:_identify(build) ignored
[0.369s] Level 1:colcon.colcon_core.package_identification:_identify(install) by extensions ['ignore', 'ignore_ament_install']
[0.369s] Level 1:colcon.colcon_core.package_identification:_identify(install) by extension 'ignore'
[0.369s] Level 1:colcon.colcon_core.package_identification:_identify(install) ignored
[0.369s] Level 1:colcon.colcon_core.package_identification:_identify(log) by extensions ['ignore', 'ignore_ament_install']
[0.369s] Level 1:colcon.colcon_core.package_identification:_identify(log) by extension 'ignore'
[0.369s] Level 1:colcon.colcon_core.package_identification:_identify(log) ignored
[0.370s] Level 1:colcon.colcon_core.package_identification:_identify(src) by extensions ['ignore', 'ignore_ament_install']
[0.370s] Level 1:colcon.colcon_core.package_identification:_identify(src) by extension 'ignore'
[0.370s] Level 1:colcon.colcon_core.package_identification:_identify(src) by extension 'ignore_ament_install'
[0.370s] Level 1:colcon.colcon_core.package_identification:_identify(src) by extensions ['colcon_pkg']
[0.370s] Level 1:colcon.colcon_core.package_identification:_identify(src) by extension 'colcon_pkg'
[0.370s] Level 1:colcon.colcon_core.package_identification:_identify(src) by extensions ['colcon_meta']
[0.370s] Level 1:colcon.colcon_core.package_identification:_identify(src) by extension 'colcon_meta'
[0.370s] Level 1:colcon.colcon_core.package_identification:_identify(src) by extensions ['ros']
[0.370s] Level 1:colcon.colcon_core.package_identification:_identify(src) by extension 'ros'
[0.370s] Level 1:colcon.colcon_core.package_identification:_identify(src) by extensions ['cmake', 'python']
[0.370s] Level 1:colcon.colcon_core.package_identification:_identify(src) by extension 'cmake'
[0.370s] Level 1:colcon.colcon_core.package_identification:_identify(src) by extension 'python'
[0.370s] Level 1:colcon.colcon_core.package_identification:_identify(src) by extensions ['python_setup_py']
[0.370s] Level 1:colcon.colcon_core.package_identification:_identify(src) by extension 'python_setup_py'
[0.370s] Level 1:colcon.colcon_core.package_identification:_identify(src/daadbot_controller) by extensions ['ignore', 'ignore_ament_install']
[0.370s] Level 1:colcon.colcon_core.package_identification:_identify(src/daadbot_controller) by extension 'ignore'
[0.371s] Level 1:colcon.colcon_core.package_identification:_identify(src/daadbot_controller) by extension 'ignore_ament_install'
[0.371s] Level 1:colcon.colcon_core.package_identification:_identify(src/daadbot_controller) by extensions ['colcon_pkg']
[0.371s] Level 1:colcon.colcon_core.package_identification:_identify(src/daadbot_controller) by extension 'colcon_pkg'
[0.371s] Level 1:colcon.colcon_core.package_identification:_identify(src/daadbot_controller) by extensions ['colcon_meta']
[0.371s] Level 1:colcon.colcon_core.package_identification:_identify(src/daadbot_controller) by extension 'colcon_meta'
[0.371s] Level 1:colcon.colcon_core.package_identification:_identify(src/daadbot_controller) by extensions ['ros']
[0.371s] Level 1:colcon.colcon_core.package_identification:_identify(src/daadbot_controller) by extension 'ros'
[0.377s] DEBUG:colcon.colcon_core.package_identification:Package 'src/daadbot_controller' with type 'ros.ament_cmake' and name 'daadbot_controller'
[0.377s] Level 1:colcon.colcon_core.package_identification:_identify(src/daadbot_desc) by extensions ['ignore', 'ignore_ament_install']
[0.377s] Level 1:colcon.colcon_core.package_identification:_identify(src/daadbot_desc) by extension 'ignore'
[0.378s] Level 1:colcon.colcon_core.package_identification:_identify(src/daadbot_desc) by extension 'ignore_ament_install'
[0.378s] Level 1:colcon.colcon_core.package_identification:_identify(src/daadbot_desc) by extensions ['colcon_pkg']
[0.378s] Level 1:colcon.colcon_core.package_identification:_identify(src/daadbot_desc) by extension 'colcon_pkg'
[0.378s] Level 1:colcon.colcon_core.package_identification:_identify(src/daadbot_desc) by extensions ['colcon_meta']
[0.378s] Level 1:colcon.colcon_core.package_identification:_identify(src/daadbot_desc) by extension 'colcon_meta'
[0.378s] Level 1:colcon.colcon_core.package_identification:_identify(src/daadbot_desc) by extensions ['ros']
[0.378s] Level 1:colcon.colcon_core.package_identification:_identify(src/daadbot_desc) by extension 'ros'
[0.386s] DEBUG:colcon.colcon_core.package_identification:Package 'src/daadbot_desc' with type 'ros.ament_cmake' and name 'daadbot_desc'
[0.387s] Level 1:colcon.colcon_core.package_identification:_identify(src/daadbot_moveit) by extensions ['ignore', 'ignore_ament_install']
[0.387s] Level 1:colcon.colcon_core.package_identification:_identify(src/daadbot_moveit) by extension 'ignore'
[0.387s] Level 1:colcon.colcon_core.package_identification:_identify(src/daadbot_moveit) by extension 'ignore_ament_install'
[0.387s] Level 1:colcon.colcon_core.package_identification:_identify(src/daadbot_moveit) by extensions ['colcon_pkg']
[0.387s] Level 1:colcon.colcon_core.package_identification:_identify(src/daadbot_moveit) by extension 'colcon_pkg'
[0.387s] Level 1:colcon.colcon_core.package_identification:_identify(src/daadbot_moveit) by extensions ['colcon_meta']
[0.387s] Level 1:colcon.colcon_core.package_identification:_identify(src/daadbot_moveit) by extension 'colcon_meta'
[0.387s] Level 1:colcon.colcon_core.package_identification:_identify(src/daadbot_moveit) by extensions ['ros']
[0.387s] Level 1:colcon.colcon_core.package_identification:_identify(src/daadbot_moveit) by extension 'ros'
[0.389s] DEBUG:colcon.colcon_core.package_identification:Package 'src/daadbot_moveit' with type 'ros.ament_cmake' and name 'daadbot_moveit'
[0.389s] Level 1:colcon.colcon_core.package_identification:_identify(src/some_examples_cpp) by extensions ['ignore', 'ignore_ament_install']
[0.389s] Level 1:colcon.colcon_core.package_identification:_identify(src/some_examples_cpp) by extension 'ignore'
[0.389s] Level 1:colcon.colcon_core.package_identification:_identify(src/some_examples_cpp) by extension 'ignore_ament_install'
[0.389s] Level 1:colcon.colcon_core.package_identification:_identify(src/some_examples_cpp) by extensions ['colcon_pkg']
[0.389s] Level 1:colcon.colcon_core.package_identification:_identify(src/some_examples_cpp) by extension 'colcon_pkg'
[0.389s] Level 1:colcon.colcon_core.package_identification:_identify(src/some_examples_cpp) by extensions ['colcon_meta']
[0.390s] Level 1:colcon.colcon_core.package_identification:_identify(src/some_examples_cpp) by extension 'colcon_meta'
[0.390s] Level 1:colcon.colcon_core.package_identification:_identify(src/some_examples_cpp) by extensions ['ros']
[0.390s] Level 1:colcon.colcon_core.package_identification:_identify(src/some_examples_cpp) by extension 'ros'
[0.391s] DEBUG:colcon.colcon_core.package_identification:Package 'src/some_examples_cpp' with type 'ros.ament_cmake' and name 'some_examples_cpp'
[0.391s] Level 1:colcon.colcon_core.package_identification:_identify(src/some_examples_py) by extensions ['ignore', 'ignore_ament_install']
[0.391s] Level 1:colcon.colcon_core.package_identification:_identify(src/some_examples_py) by extension 'ignore'
[0.391s] Level 1:colcon.colcon_core.package_identification:_identify(src/some_examples_py) by extension 'ignore_ament_install'
[0.391s] Level 1:colcon.colcon_core.package_identification:_identify(src/some_examples_py) by extensions ['colcon_pkg']
[0.391s] Level 1:colcon.colcon_core.package_identification:_identify(src/some_examples_py) by extension 'colcon_pkg'
[0.391s] Level 1:colcon.colcon_core.package_identification:_identify(src/some_examples_py) by extensions ['colcon_meta']
[0.392s] Level 1:colcon.colcon_core.package_identification:_identify(src/some_examples_py) by extension 'colcon_meta'
[0.392s] Level 1:colcon.colcon_core.package_identification:_identify(src/some_examples_py) by extensions ['ros']
[0.392s] Level 1:colcon.colcon_core.package_identification:_identify(src/some_examples_py) by extension 'ros'
[0.392s] DEBUG:colcon.colcon_core.package_identification:Package 'src/some_examples_py' with type 'ros.ament_python' and name 'some_examples_py'
[0.393s] Level 1:colcon.colcon_core.package_discovery:discover_packages(recursive) using defaults
[0.393s] Level 1:colcon.colcon_core.package_discovery:discover_packages(ignore) discover
[0.393s] Level 1:colcon.colcon_core.package_discovery:discover_packages(ignore) using defaults
[0.393s] Level 1:colcon.colcon_core.package_discovery:discover_packages(path) discover
[0.393s] Level 1:colcon.colcon_core.package_discovery:discover_packages(path) using defaults
[0.441s] Level 1:colcon.colcon_core.package_discovery:discover_packages(prefix_path) check parameters
[0.442s] Level 1:colcon.colcon_core.package_discovery:discover_packages(prefix_path) discover
[0.453s] DEBUG:colcon.colcon_installed_package_information.package_discovery:Found 5 installed packages in /home/maryam-mahmood/sdaadof_ws/install
[0.458s] DEBUG:colcon.colcon_installed_package_information.package_discovery:Found 72 installed packages in /home/maryam-mahmood/ws_moveit/install
[0.463s] DEBUG:colcon.colcon_installed_package_information.package_discovery:Found 384 installed packages in /opt/ros/jazzy
[0.466s] Level 1:colcon.colcon_core.package_discovery:discover_packages(prefix_path) using defaults
[0.625s] Level 5:colcon.colcon_core.verb:set package 'daadbot_controller' build argument 'cmake_args' from command line to 'None'
[0.625s] Level 5:colcon.colcon_core.verb:set package 'daadbot_controller' build argument 'cmake_target' from command line to 'None'
[0.625s] Level 5:colcon.colcon_core.verb:set package 'daadbot_controller' build argument 'cmake_target_skip_unavailable' from command line to 'False'
[0.625s] Level 5:colcon.colcon_core.verb:set package 'daadbot_controller' build argument 'cmake_clean_cache' from command line to 'False'
[0.625s] Level 5:colcon.colcon_core.verb:set package 'daadbot_controller' build argument 'cmake_clean_first' from command line to 'False'
[0.625s] Level 5:colcon.colcon_core.verb:set package 'daadbot_controller' build argument 'cmake_force_configure' from command line to 'False'
[0.625s] Level 5:colcon.colcon_core.verb:set package 'daadbot_controller' build argument 'ament_cmake_args' from command line to 'None'
[0.625s] Level 5:colcon.colcon_core.verb:set package 'daadbot_controller' build argument 'catkin_cmake_args' from command line to 'None'
[0.625s] Level 5:colcon.colcon_core.verb:set package 'daadbot_controller' build argument 'catkin_skip_building_tests' from command line to 'False'
[0.626s] DEBUG:colcon.colcon_core.verb:Building package 'daadbot_controller' with the following arguments: {'ament_cmake_args': None, 'build_base': '/home/maryam-mahmood/sdaadof_ws/build/daadbot_controller', 'catkin_cmake_args': None, 'catkin_skip_building_tests': False, 'cmake_args': None, 'cmake_clean_cache': False, 'cmake_clean_first': False, 'cmake_force_configure': False, 'cmake_target': None, 'cmake_target_skip_unavailable': False, 'install_base': '/home/maryam-mahmood/sdaadof_ws/install/daadbot_controller', 'merge_install': False, 'path': '/home/maryam-mahmood/sdaadof_ws/src/daadbot_controller', 'symlink_install': False, 'test_result_base': None}
[0.626s] Level 5:colcon.colcon_core.verb:set package 'daadbot_desc' build argument 'cmake_args' from command line to 'None'
[0.626s] Level 5:colcon.colcon_core.verb:set package 'daadbot_desc' build argument 'cmake_target' from command line to 'None'
[0.626s] Level 5:colcon.colcon_core.verb:set package 'daadbot_desc' build argument 'cmake_target_skip_unavailable' from command line to 'False'
[0.626s] Level 5:colcon.colcon_core.verb:set package 'daadbot_desc' build argument 'cmake_clean_cache' from command line to 'False'
[0.626s] Level 5:colcon.colcon_core.verb:set package 'daadbot_desc' build argument 'cmake_clean_first' from command line to 'False'
[0.626s] Level 5:colcon.colcon_core.verb:set package 'daadbot_desc' build argument 'cmake_force_configure' from command line to 'False'
[0.626s] Level 5:colcon.colcon_core.verb:set package 'daadbot_desc' build argument 'ament_cmake_args' from command line to 'None'
[0.626s] Level 5:colcon.colcon_core.verb:set package 'daadbot_desc' build argument 'catkin_cmake_args' from command line to 'None'
[0.627s] Level 5:colcon.colcon_core.verb:set package 'daadbot_desc' build argument 'catkin_skip_building_tests' from command line to 'False'
[0.627s] DEBUG:colcon.colcon_core.verb:Building package 'daadbot_desc' with the following arguments: {'ament_cmake_args': None, 'build_base': '/home/maryam-mahmood/sdaadof_ws/build/daadbot_desc', 'catkin_cmake_args': None, 'catkin_skip_building_tests': False, 'cmake_args': None, 'cmake_clean_cache': False, 'cmake_clean_first': False, 'cmake_force_configure': False, 'cmake_target': None, 'cmake_target_skip_unavailable': False, 'install_base': '/home/maryam-mahmood/sdaadof_ws/install/daadbot_desc', 'merge_install': False, 'path': '/home/maryam-mahmood/sdaadof_ws/src/daadbot_desc', 'symlink_install': False, 'test_result_base': None}
[0.627s] Level 5:colcon.colcon_core.verb:set package 'daadbot_moveit' build argument 'cmake_args' from command line to 'None'
[0.627s] Level 5:colcon.colcon_core.verb:set package 'daadbot_moveit' build argument 'cmake_target' from command line to 'None'
[0.627s] Level 5:colcon.colcon_core.verb:set package 'daadbot_moveit' build argument 'cmake_target_skip_unavailable' from command line to 'False'
[0.627s] Level 5:colcon.colcon_core.verb:set package 'daadbot_moveit' build argument 'cmake_clean_cache' from command line to 'False'
[0.627s] Level 5:colcon.colcon_core.verb:set package 'daadbot_moveit' build argument 'cmake_clean_first' from command line to 'False'
[0.627s] Level 5:colcon.colcon_core.verb:set package 'daadbot_moveit' build argument 'cmake_force_configure' from command line to 'False'
[0.627s] Level 5:colcon.colcon_core.verb:set package 'daadbot_moveit' build argument 'ament_cmake_args' from command line to 'None'
[0.627s] Level 5:colcon.colcon_core.verb:set package 'daadbot_moveit' build argument 'catkin_cmake_args' from command line to 'None'
[0.628s] Level 5:colcon.colcon_core.verb:set package 'daadbot_moveit' build argument 'catkin_skip_building_tests' from command line to 'False'
[0.628s] DEBUG:colcon.colcon_core.verb:Building package 'daadbot_moveit' with the following arguments: {'ament_cmake_args': None, 'build_base': '/home/maryam-mahmood/sdaadof_ws/build/daadbot_moveit', 'catkin_cmake_args': None, 'catkin_skip_building_tests': False, 'cmake_args': None, 'cmake_clean_cache': False, 'cmake_clean_first': False, 'cmake_force_configure': False, 'cmake_target': None, 'cmake_target_skip_unavailable': False, 'install_base': '/home/maryam-mahmood/sdaadof_ws/install/daadbot_moveit', 'merge_install': False, 'path': '/home/maryam-mahmood/sdaadof_ws/src/daadbot_moveit', 'symlink_install': False, 'test_result_base': None}
[0.628s] Level 5:colcon.colcon_core.verb:set package 'some_examples_cpp' build argument 'cmake_args' from command line to 'None'
[0.628s] Level 5:colcon.colcon_core.verb:set package 'some_examples_cpp' build argument 'cmake_target' from command line to 'None'
[0.628s] Level 5:colcon.colcon_core.verb:set package 'some_examples_cpp' build argument 'cmake_target_skip_unavailable' from command line to 'False'
[0.628s] Level 5:colcon.colcon_core.verb:set package 'some_examples_cpp' build argument 'cmake_clean_cache' from command line to 'False'
[0.628s] Level 5:colcon.colcon_core.verb:set package 'some_examples_cpp' build argument 'cmake_clean_first' from command line to 'False'
[0.628s] Level 5:colcon.colcon_core.verb:set package 'some_examples_cpp' build argument 'cmake_force_configure' from command line to 'False'
[0.628s] Level 5:colcon.colcon_core.verb:set package 'some_examples_cpp' build argument 'ament_cmake_args' from command line to 'None'
[0.628s] Level 5:colcon.colcon_core.verb:set package 'some_examples_cpp' build argument 'catkin_cmake_args' from command line to 'None'
[0.628s] Level 5:colcon.colcon_core.verb:set package 'some_examples_cpp' build argument 'catkin_skip_building_tests' from command line to 'False'
[0.628s] DEBUG:colcon.colcon_core.verb:Building package 'some_examples_cpp' with the following arguments: {'ament_cmake_args': None, 'build_base': '/home/maryam-mahmood/sdaadof_ws/build/some_examples_cpp', 'catkin_cmake_args': None, 'catkin_skip_building_tests': False, 'cmake_args': None, 'cmake_clean_cache': False, 'cmake_clean_first': False, 'cmake_force_configure': False, 'cmake_target': None, 'cmake_target_skip_unavailable': False, 'install_base': '/home/maryam-mahmood/sdaadof_ws/install/some_examples_cpp', 'merge_install': False, 'path': '/home/maryam-mahmood/sdaadof_ws/src/some_examples_cpp', 'symlink_install': False, 'test_result_base': None}
[0.628s] Level 5:colcon.colcon_core.verb:set package 'some_examples_py' build argument 'cmake_args' from command line to 'None'
[0.628s] Level 5:colcon.colcon_core.verb:set package 'some_examples_py' build argument 'cmake_target' from command line to 'None'
[0.628s] Level 5:colcon.colcon_core.verb:set package 'some_examples_py' build argument 'cmake_target_skip_unavailable' from command line to 'False'
[0.628s] Level 5:colcon.colcon_core.verb:set package 'some_examples_py' build argument 'cmake_clean_cache' from command line to 'False'
[0.628s] Level 5:colcon.colcon_core.verb:set package 'some_examples_py' build argument 'cmake_clean_first' from command line to 'False'
[0.628s] Level 5:colcon.colcon_core.verb:set package 'some_examples_py' build argument 'cmake_force_configure' from command line to 'False'
[0.628s] Level 5:colcon.colcon_core.verb:set package 'some_examples_py' build argument 'ament_cmake_args' from command line to 'None'
[0.629s] Level 5:colcon.colcon_core.verb:set package 'some_examples_py' build argument 'catkin_cmake_args' from command line to 'None'
[0.629s] Level 5:colcon.colcon_core.verb:set package 'some_examples_py' build argument 'catkin_skip_building_tests' from command line to 'False'
[0.629s] DEBUG:colcon.colcon_core.verb:Building package 'some_examples_py' with the following arguments: {'ament_cmake_args': None, 'build_base': '/home/maryam-mahmood/sdaadof_ws/build/some_examples_py', 'catkin_cmake_args': None, 'catkin_skip_building_tests': False, 'cmake_args': None, 'cmake_clean_cache': False, 'cmake_clean_first': False, 'cmake_force_configure': False, 'cmake_target': None, 'cmake_target_skip_unavailable': False, 'install_base': '/home/maryam-mahmood/sdaadof_ws/install/some_examples_py', 'merge_install': False, 'path': '/home/maryam-mahmood/sdaadof_ws/src/some_examples_py', 'symlink_install': False, 'test_result_base': None}
[0.629s] INFO:colcon.colcon_core.executor:Executing jobs using 'parallel' executor
[0.630s] DEBUG:colcon.colcon_parallel_executor.executor.parallel:run_until_complete
[0.631s] INFO:colcon.colcon_ros.task.ament_cmake.build:Building ROS package in '/home/maryam-mahmood/sdaadof_ws/src/daadbot_controller' with build type 'ament_cmake'
[0.631s] INFO:colcon.colcon_cmake.task.cmake.build:Building CMake package in '/home/maryam-mahmood/sdaadof_ws/src/daadbot_controller'
[0.637s] INFO:colcon.colcon_core.plugin_system:Skipping extension 'colcon_core.shell.bat': Not used on non-Windows systems
[0.637s] INFO:colcon.colcon_core.shell:Skip shell extension 'powershell' for command environment: Not usable outside of PowerShell
[0.637s] DEBUG:colcon.colcon_core.shell:Skip shell extension 'dsv' for command environment
[0.651s] INFO:colcon.colcon_ros.task.ament_cmake.build:Building ROS package in '/home/maryam-mahmood/sdaadof_ws/src/daadbot_desc' with build type 'ament_cmake'
[0.652s] INFO:colcon.colcon_cmake.task.cmake.build:Building CMake package in '/home/maryam-mahmood/sdaadof_ws/src/daadbot_desc'
[0.652s] INFO:colcon.colcon_core.shell:Skip shell extension 'powershell' for command environment: Not usable outside of PowerShell
[0.652s] DEBUG:colcon.colcon_core.shell:Skip shell extension 'dsv' for command environment
[0.662s] INFO:colcon.colcon_ros.task.ament_cmake.build:Building ROS package in '/home/maryam-mahmood/sdaadof_ws/src/daadbot_moveit' with build type 'ament_cmake'
[0.662s] INFO:colcon.colcon_cmake.task.cmake.build:Building CMake package in '/home/maryam-mahmood/sdaadof_ws/src/daadbot_moveit'
[0.663s] INFO:colcon.colcon_core.shell:Skip shell extension 'powershell' for command environment: Not usable outside of PowerShell
[0.663s] DEBUG:colcon.colcon_core.shell:Skip shell extension 'dsv' for command environment
[0.672s] INFO:colcon.colcon_ros.task.ament_cmake.build:Building ROS package in '/home/maryam-mahmood/sdaadof_ws/src/some_examples_cpp' with build type 'ament_cmake'
[0.672s] INFO:colcon.colcon_cmake.task.cmake.build:Building CMake package in '/home/maryam-mahmood/sdaadof_ws/src/some_examples_cpp'
[0.672s] INFO:colcon.colcon_core.shell:Skip shell extension 'powershell' for command environment: Not usable outside of PowerShell
[0.672s] DEBUG:colcon.colcon_core.shell:Skip shell extension 'dsv' for command environment
[0.683s] INFO:colcon.colcon_ros.task.ament_python.build:Building ROS package in '/home/maryam-mahmood/sdaadof_ws/src/some_examples_py' with build type 'ament_python'
[0.683s] Level 1:colcon.colcon_core.shell:create_environment_hook('some_examples_py', 'ament_prefix_path')
[0.684s] INFO:colcon.colcon_core.shell:Creating environment hook '/home/maryam-mahmood/sdaadof_ws/install/some_examples_py/share/some_examples_py/hook/ament_prefix_path.ps1'
[0.684s] INFO:colcon.colcon_core.shell:Creating environment descriptor '/home/maryam-mahmood/sdaadof_ws/install/some_examples_py/share/some_examples_py/hook/ament_prefix_path.dsv'
[0.685s] INFO:colcon.colcon_core.shell:Creating environment hook '/home/maryam-mahmood/sdaadof_ws/install/some_examples_py/share/some_examples_py/hook/ament_prefix_path.sh'
[0.686s] INFO:colcon.colcon_core.shell:Skip shell extension 'powershell' for command environment: Not usable outside of PowerShell
[0.686s] DEBUG:colcon.colcon_core.shell:Skip shell extension 'dsv' for command environment
[0.702s] DEBUG:colcon.colcon_core.event_handler.log_command:Invoking command in '/home/maryam-mahmood/sdaadof_ws/build/daadbot_controller': CMAKE_PREFIX_PATH=${CMAKE_PREFIX_PATH}:/home/maryam-mahmood/sdaadof_ws/install/some_examples_py:/home/maryam-mahmood/ws_moveit/install/moveit_configs_utils:/opt/ros/jazzy DEBUGINFOD_URLS=https://debuginfod.ubuntu.com /usr/bin/cmake --build /home/maryam-mahmood/sdaadof_ws/build/daadbot_controller -- -j24 -l24
[0.705s] DEBUG:colcon.colcon_core.event_handler.log_command:Invoking command in '/home/maryam-mahmood/sdaadof_ws/build/daadbot_desc': CMAKE_PREFIX_PATH=${CMAKE_PREFIX_PATH}:/home/maryam-mahmood/sdaadof_ws/install/some_examples_py:/home/maryam-mahmood/ws_moveit/install/moveit_configs_utils:/opt/ros/jazzy DEBUGINFOD_URLS=https://debuginfod.ubuntu.com /usr/bin/cmake --build /home/maryam-mahmood/sdaadof_ws/build/daadbot_desc -- -j24 -l24
[0.709s] DEBUG:colcon.colcon_core.event_handler.log_command:Invoking command in '/home/maryam-mahmood/sdaadof_ws/build/daadbot_moveit': CMAKE_PREFIX_PATH=${CMAKE_PREFIX_PATH}:/home/maryam-mahmood/sdaadof_ws/install/some_examples_py:/home/maryam-mahmood/ws_moveit/install/moveit_configs_utils:/opt/ros/jazzy DEBUGINFOD_URLS=https://debuginfod.ubuntu.com /usr/bin/cmake --build /home/maryam-mahmood/sdaadof_ws/build/daadbot_moveit -- -j24 -l24
[0.712s] DEBUG:colcon.colcon_core.event_handler.log_command:Invoking command in '/home/maryam-mahmood/sdaadof_ws/build/some_examples_cpp': CMAKE_PREFIX_PATH=${CMAKE_PREFIX_PATH}:/home/maryam-mahmood/sdaadof_ws/install/some_examples_py:/home/maryam-mahmood/ws_moveit/install/moveit_configs_utils:/opt/ros/jazzy DEBUGINFOD_URLS=https://debuginfod.ubuntu.com /usr/bin/cmake --build /home/maryam-mahmood/sdaadof_ws/build/some_examples_cpp -- -j24 -l24
[1.351s] INFO:colcon.colcon_core.task.python.build:Building Python package in '/home/maryam-mahmood/sdaadof_ws/src/some_examples_py'
[1.351s] INFO:colcon.colcon_core.shell:Skip shell extension 'powershell' for command environment: Not usable outside of PowerShell
[1.352s] DEBUG:colcon.colcon_core.shell:Skip shell extension 'dsv' for command environment
[1.376s] DEBUG:colcon.colcon_core.event_handler.log_command:Invoked command in '/home/maryam-mahmood/sdaadof_ws/build/daadbot_moveit' returned '0': CMAKE_PREFIX_PATH=${CMAKE_PREFIX_PATH}:/home/maryam-mahmood/sdaadof_ws/install/some_examples_py:/home/maryam-mahmood/ws_moveit/install/moveit_configs_utils:/opt/ros/jazzy DEBUGINFOD_URLS=https://debuginfod.ubuntu.com /usr/bin/cmake --build /home/maryam-mahmood/sdaadof_ws/build/daadbot_moveit -- -j24 -l24
[1.411s] DEBUG:colcon.colcon_core.event_handler.log_command:Invoking command in '/home/maryam-mahmood/sdaadof_ws/build/daadbot_moveit': CMAKE_PREFIX_PATH=${CMAKE_PREFIX_PATH}:/home/maryam-mahmood/sdaadof_ws/install/some_examples_py:/home/maryam-mahmood/ws_moveit/install/moveit_configs_utils:/opt/ros/jazzy DEBUGINFOD_URLS=https://debuginfod.ubuntu.com /usr/bin/cmake --install /home/maryam-mahmood/sdaadof_ws/build/daadbot_moveit
[1.414s] DEBUG:colcon.colcon_core.event_handler.log_command:Invoked command in '/home/maryam-mahmood/sdaadof_ws/build/some_examples_cpp' returned '0': CMAKE_PREFIX_PATH=${CMAKE_PREFIX_PATH}:/home/maryam-mahmood/sdaadof_ws/install/some_examples_py:/home/maryam-mahmood/ws_moveit/install/moveit_configs_utils:/opt/ros/jazzy DEBUGINFOD_URLS=https://debuginfod.ubuntu.com /usr/bin/cmake --build /home/maryam-mahmood/sdaadof_ws/build/some_examples_cpp -- -j24 -l24
[1.418s] DEBUG:colcon.colcon_core.event_handler.log_command:Invoking command in '/home/maryam-mahmood/sdaadof_ws/build/some_examples_cpp': CMAKE_PREFIX_PATH=${CMAKE_PREFIX_PATH}:/home/maryam-mahmood/sdaadof_ws/install/some_examples_py:/home/maryam-mahmood/ws_moveit/install/moveit_configs_utils:/opt/ros/jazzy DEBUGINFOD_URLS=https://debuginfod.ubuntu.com /usr/bin/cmake --install /home/maryam-mahmood/sdaadof_ws/build/some_examples_cpp
[1.419s] DEBUG:colcon.colcon_core.event_handler.log_command:Invoked command in '/home/maryam-mahmood/sdaadof_ws/build/daadbot_controller' returned '0': CMAKE_PREFIX_PATH=${CMAKE_PREFIX_PATH}:/home/maryam-mahmood/sdaadof_ws/install/some_examples_py:/home/maryam-mahmood/ws_moveit/install/moveit_configs_utils:/opt/ros/jazzy DEBUGINFOD_URLS=https://debuginfod.ubuntu.com /usr/bin/cmake --build /home/maryam-mahmood/sdaadof_ws/build/daadbot_controller -- -j24 -l24
[1.422s] DEBUG:colcon.colcon_core.event_handler.log_command:Invoking command in '/home/maryam-mahmood/sdaadof_ws/build/daadbot_controller': CMAKE_PREFIX_PATH=${CMAKE_PREFIX_PATH}:/home/maryam-mahmood/sdaadof_ws/install/some_examples_py:/home/maryam-mahmood/ws_moveit/install/moveit_configs_utils:/opt/ros/jazzy DEBUGINFOD_URLS=https://debuginfod.ubuntu.com /usr/bin/cmake --install /home/maryam-mahmood/sdaadof_ws/build/daadbot_controller
[1.423s] DEBUG:colcon.colcon_core.event_handler.log_command:Invoked command in '/home/maryam-mahmood/sdaadof_ws/build/daadbot_desc' returned '0': CMAKE_PREFIX_PATH=${CMAKE_PREFIX_PATH}:/home/maryam-mahmood/sdaadof_ws/install/some_examples_py:/home/maryam-mahmood/ws_moveit/install/moveit_configs_utils:/opt/ros/jazzy DEBUGINFOD_URLS=https://debuginfod.ubuntu.com /usr/bin/cmake --build /home/maryam-mahmood/sdaadof_ws/build/daadbot_desc -- -j24 -l24
[1.427s] DEBUG:colcon.colcon_core.event_handler.log_command:Invoking command in '/home/maryam-mahmood/sdaadof_ws/build/daadbot_desc': CMAKE_PREFIX_PATH=${CMAKE_PREFIX_PATH}:/home/maryam-mahmood/sdaadof_ws/install/some_examples_py:/home/maryam-mahmood/ws_moveit/install/moveit_configs_utils:/opt/ros/jazzy DEBUGINFOD_URLS=https://debuginfod.ubuntu.com /usr/bin/cmake --install /home/maryam-mahmood/sdaadof_ws/build/daadbot_desc
[1.447s] Level 1:colcon.colcon_core.environment:create_environment_scripts_only(daadbot_moveit)
[1.451s] DEBUG:colcon.colcon_core.event_handler.log_command:Invoked command in '/home/maryam-mahmood/sdaadof_ws/build/daadbot_moveit' returned '0': CMAKE_PREFIX_PATH=${CMAKE_PREFIX_PATH}:/home/maryam-mahmood/sdaadof_ws/install/some_examples_py:/home/maryam-mahmood/ws_moveit/install/moveit_configs_utils:/opt/ros/jazzy DEBUGINFOD_URLS=https://debuginfod.ubuntu.com /usr/bin/cmake --install /home/maryam-mahmood/sdaadof_ws/build/daadbot_moveit
[1.474s] Level 1:colcon.colcon_core.environment:checking '/home/maryam-mahmood/sdaadof_ws/install/daadbot_moveit' for CMake module files
[1.475s] Level 1:colcon.colcon_core.environment:checking '/home/maryam-mahmood/sdaadof_ws/install/daadbot_moveit' for CMake config files
[1.476s] Level 1:colcon.colcon_core.shell:create_environment_hook('daadbot_moveit', 'cmake_prefix_path')
[1.476s] INFO:colcon.colcon_core.shell:Creating environment hook '/home/maryam-mahmood/sdaadof_ws/install/daadbot_moveit/share/daadbot_moveit/hook/cmake_prefix_path.ps1'
[1.477s] INFO:colcon.colcon_core.shell:Creating environment descriptor '/home/maryam-mahmood/sdaadof_ws/install/daadbot_moveit/share/daadbot_moveit/hook/cmake_prefix_path.dsv'
[1.478s] INFO:colcon.colcon_core.shell:Creating environment hook '/home/maryam-mahmood/sdaadof_ws/install/daadbot_moveit/share/daadbot_moveit/hook/cmake_prefix_path.sh'
[1.480s] Level 1:colcon.colcon_core.environment:checking '/home/maryam-mahmood/sdaadof_ws/install/daadbot_moveit/bin'
[1.480s] Level 1:colcon.colcon_core.environment:checking '/home/maryam-mahmood/sdaadof_ws/install/daadbot_moveit/lib/pkgconfig/daadbot_moveit.pc'
[1.481s] Level 1:colcon.colcon_core.environment:checking '/home/maryam-mahmood/sdaadof_ws/install/daadbot_moveit/lib/python3.12/site-packages'
[1.482s] Level 1:colcon.colcon_core.environment:checking '/home/maryam-mahmood/sdaadof_ws/install/daadbot_moveit/bin'
[1.482s] INFO:colcon.colcon_core.shell:Creating package script '/home/maryam-mahmood/sdaadof_ws/install/daadbot_moveit/share/daadbot_moveit/package.ps1'
[1.484s] INFO:colcon.colcon_core.shell:Creating package descriptor '/home/maryam-mahmood/sdaadof_ws/install/daadbot_moveit/share/daadbot_moveit/package.dsv'
[1.485s] INFO:colcon.colcon_core.shell:Creating package script '/home/maryam-mahmood/sdaadof_ws/install/daadbot_moveit/share/daadbot_moveit/package.sh'
[1.487s] INFO:colcon.colcon_core.shell:Creating package script '/home/maryam-mahmood/sdaadof_ws/install/daadbot_moveit/share/daadbot_moveit/package.bash'
[1.488s] INFO:colcon.colcon_core.shell:Creating package script '/home/maryam-mahmood/sdaadof_ws/install/daadbot_moveit/share/daadbot_moveit/package.zsh'
[1.490s] Level 1:colcon.colcon_core.environment:create_file_with_runtime_dependencies(/home/maryam-mahmood/sdaadof_ws/install/daadbot_moveit/share/colcon-core/packages/daadbot_moveit)
[1.491s] Level 1:colcon.colcon_core.environment:create_environment_scripts_only(daadbot_moveit)
[1.493s] Level 1:colcon.colcon_core.environment:checking '/home/maryam-mahmood/sdaadof_ws/install/daadbot_moveit' for CMake module files
[1.494s] Level 1:colcon.colcon_core.environment:checking '/home/maryam-mahmood/sdaadof_ws/install/daadbot_moveit' for CMake config files
[1.495s] Level 1:colcon.colcon_core.shell:create_environment_hook('daadbot_moveit', 'cmake_prefix_path')
[1.496s] INFO:colcon.colcon_core.shell:Creating environment hook '/home/maryam-mahmood/sdaadof_ws/install/daadbot_moveit/share/daadbot_moveit/hook/cmake_prefix_path.ps1'
[1.497s] INFO:colcon.colcon_core.shell:Creating environment descriptor '/home/maryam-mahmood/sdaadof_ws/install/daadbot_moveit/share/daadbot_moveit/hook/cmake_prefix_path.dsv'
[1.498s] INFO:colcon.colcon_core.shell:Creating environment hook '/home/maryam-mahmood/sdaadof_ws/install/daadbot_moveit/share/daadbot_moveit/hook/cmake_prefix_path.sh'
[1.500s] Level 1:colcon.colcon_core.environment:checking '/home/maryam-mahmood/sdaadof_ws/install/daadbot_moveit/bin'
[1.500s] Level 1:colcon.colcon_core.environment:checking '/home/maryam-mahmood/sdaadof_ws/install/daadbot_moveit/lib/pkgconfig/daadbot_moveit.pc'
[1.501s] Level 1:colcon.colcon_core.environment:checking '/home/maryam-mahmood/sdaadof_ws/install/daadbot_moveit/lib/python3.12/site-packages'
[1.501s] Level 1:colcon.colcon_core.environment:checking '/home/maryam-mahmood/sdaadof_ws/install/daadbot_moveit/bin'
[1.502s] INFO:colcon.colcon_core.shell:Creating package script '/home/maryam-mahmood/sdaadof_ws/install/daadbot_moveit/share/daadbot_moveit/package.ps1'
[1.504s] INFO:colcon.colcon_core.shell:Creating package descriptor '/home/maryam-mahmood/sdaadof_ws/install/daadbot_moveit/share/daadbot_moveit/package.dsv'
[1.505s] INFO:colcon.colcon_core.shell:Creating package script '/home/maryam-mahmood/sdaadof_ws/install/daadbot_moveit/share/daadbot_moveit/package.sh'
[1.506s] INFO:colcon.colcon_core.shell:Creating package script '/home/maryam-mahmood/sdaadof_ws/install/daadbot_moveit/share/daadbot_moveit/package.bash'
[1.507s] INFO:colcon.colcon_core.shell:Creating package script '/home/maryam-mahmood/sdaadof_ws/install/daadbot_moveit/share/daadbot_moveit/package.zsh'
[1.508s] Level 1:colcon.colcon_core.environment:create_file_with_runtime_dependencies(/home/maryam-mahmood/sdaadof_ws/install/daadbot_moveit/share/colcon-core/packages/daadbot_moveit)
[1.512s] Level 1:colcon.colcon_core.environment:create_environment_scripts_only(daadbot_controller)
[1.513s] Level 1:colcon.colcon_core.environment:checking '/home/maryam-mahmood/sdaadof_ws/install/daadbot_controller' for CMake module files
[1.514s] DEBUG:colcon.colcon_core.event_handler.log_command:Invoked command in '/home/maryam-mahmood/sdaadof_ws/build/daadbot_controller' returned '0': CMAKE_PREFIX_PATH=${CMAKE_PREFIX_PATH}:/home/maryam-mahmood/sdaadof_ws/install/some_examples_py:/home/maryam-mahmood/ws_moveit/install/moveit_configs_utils:/opt/ros/jazzy DEBUGINFOD_URLS=https://debuginfod.ubuntu.com /usr/bin/cmake --install /home/maryam-mahmood/sdaadof_ws/build/daadbot_controller
[1.515s] Level 1:colcon.colcon_core.environment:checking '/home/maryam-mahmood/sdaadof_ws/install/daadbot_controller' for CMake config files
[1.516s] Level 1:colcon.colcon_core.shell:create_environment_hook('daadbot_controller', 'cmake_prefix_path')
[1.516s] INFO:colcon.colcon_core.shell:Creating environment hook '/home/maryam-mahmood/sdaadof_ws/install/daadbot_controller/share/daadbot_controller/hook/cmake_prefix_path.ps1'
[1.517s] INFO:colcon.colcon_core.shell:Creating environment descriptor '/home/maryam-mahmood/sdaadof_ws/install/daadbot_controller/share/daadbot_controller/hook/cmake_prefix_path.dsv'
[1.518s] INFO:colcon.colcon_core.shell:Creating environment hook '/home/maryam-mahmood/sdaadof_ws/install/daadbot_controller/share/daadbot_controller/hook/cmake_prefix_path.sh'
[1.519s] Level 1:colcon.colcon_core.environment:checking '/home/maryam-mahmood/sdaadof_ws/install/daadbot_controller/bin'
[1.519s] Level 1:colcon.colcon_core.environment:checking '/home/maryam-mahmood/sdaadof_ws/install/daadbot_controller/lib/pkgconfig/daadbot_controller.pc'
[1.520s] Level 1:colcon.colcon_core.environment:checking '/home/maryam-mahmood/sdaadof_ws/install/daadbot_controller/lib/python3.12/site-packages'
[1.521s] Level 1:colcon.colcon_core.environment:checking '/home/maryam-mahmood/sdaadof_ws/install/daadbot_controller/bin'
[1.521s] INFO:colcon.colcon_core.shell:Creating package script '/home/maryam-mahmood/sdaadof_ws/install/daadbot_controller/share/daadbot_controller/package.ps1'
[1.522s] INFO:colcon.colcon_core.shell:Creating package descriptor '/home/maryam-mahmood/sdaadof_ws/install/daadbot_controller/share/daadbot_controller/package.dsv'
[1.523s] INFO:colcon.colcon_core.shell:Creating package script '/home/maryam-mahmood/sdaadof_ws/install/daadbot_controller/share/daadbot_controller/package.sh'
[1.524s] INFO:colcon.colcon_core.shell:Creating package script '/home/maryam-mahmood/sdaadof_ws/install/daadbot_controller/share/daadbot_controller/package.bash'
[1.524s] INFO:colcon.colcon_core.shell:Creating package script '/home/maryam-mahmood/sdaadof_ws/install/daadbot_controller/share/daadbot_controller/package.zsh'
[1.524s] Level 1:colcon.colcon_core.environment:create_file_with_runtime_dependencies(/home/maryam-mahmood/sdaadof_ws/install/daadbot_controller/share/colcon-core/packages/daadbot_controller)
[1.525s] Level 1:colcon.colcon_core.environment:create_environment_scripts_only(daadbot_controller)
[1.526s] Level 1:colcon.colcon_core.environment:checking '/home/maryam-mahmood/sdaadof_ws/install/daadbot_controller' for CMake module files
[1.527s] Level 1:colcon.colcon_core.environment:checking '/home/maryam-mahmood/sdaadof_ws/install/daadbot_controller' for CMake config files
[1.527s] Level 1:colcon.colcon_core.shell:create_environment_hook('daadbot_controller', 'cmake_prefix_path')
[1.528s] INFO:colcon.colcon_core.shell:Creating environment hook '/home/maryam-mahmood/sdaadof_ws/install/daadbot_controller/share/daadbot_controller/hook/cmake_prefix_path.ps1'
[1.529s] INFO:colcon.colcon_core.shell:Creating environment descriptor '/home/maryam-mahmood/sdaadof_ws/install/daadbot_controller/share/daadbot_controller/hook/cmake_prefix_path.dsv'
[1.530s] INFO:colcon.colcon_core.shell:Creating environment hook '/home/maryam-mahmood/sdaadof_ws/install/daadbot_controller/share/daadbot_controller/hook/cmake_prefix_path.sh'
[1.532s] Level 1:colcon.colcon_core.environment:checking '/home/maryam-mahmood/sdaadof_ws/install/daadbot_controller/bin'
[1.532s] Level 1:colcon.colcon_core.environment:checking '/home/maryam-mahmood/sdaadof_ws/install/daadbot_controller/lib/pkgconfig/daadbot_controller.pc'
[1.533s] Level 1:colcon.colcon_core.environment:checking '/home/maryam-mahmood/sdaadof_ws/install/daadbot_controller/lib/python3.12/site-packages'
[1.533s] Level 1:colcon.colcon_core.environment:checking '/home/maryam-mahmood/sdaadof_ws/install/daadbot_controller/bin'
[1.533s] INFO:colcon.colcon_core.shell:Creating package script '/home/maryam-mahmood/sdaadof_ws/install/daadbot_controller/share/daadbot_controller/package.ps1'
[1.535s] INFO:colcon.colcon_core.shell:Creating package descriptor '/home/maryam-mahmood/sdaadof_ws/install/daadbot_controller/share/daadbot_controller/package.dsv'
[1.536s] INFO:colcon.colcon_core.shell:Creating package script '/home/maryam-mahmood/sdaadof_ws/install/daadbot_controller/share/daadbot_controller/package.sh'
[1.538s] INFO:colcon.colcon_core.shell:Creating package script '/home/maryam-mahmood/sdaadof_ws/install/daadbot_controller/share/daadbot_controller/package.bash'
[1.539s] INFO:colcon.colcon_core.shell:Creating package script '/home/maryam-mahmood/sdaadof_ws/install/daadbot_controller/share/daadbot_controller/package.zsh'
[1.541s] Level 1:colcon.colcon_core.environment:create_file_with_runtime_dependencies(/home/maryam-mahmood/sdaadof_ws/install/daadbot_controller/share/colcon-core/packages/daadbot_controller)
[1.541s] Level 1:colcon.colcon_core.environment:create_environment_scripts_only(some_examples_cpp)
[1.542s] Level 1:colcon.colcon_core.environment:checking '/home/maryam-mahmood/sdaadof_ws/install/some_examples_cpp' for CMake module files
[1.545s] Level 1:colcon.colcon_core.environment:checking '/home/maryam-mahmood/sdaadof_ws/install/some_examples_cpp' for CMake config files
[1.546s] DEBUG:colcon.colcon_core.event_handler.log_command:Invoked command in '/home/maryam-mahmood/sdaadof_ws/build/some_examples_cpp' returned '0': CMAKE_PREFIX_PATH=${CMAKE_PREFIX_PATH}:/home/maryam-mahmood/sdaadof_ws/install/some_examples_py:/home/maryam-mahmood/ws_moveit/install/moveit_configs_utils:/opt/ros/jazzy DEBUGINFOD_URLS=https://debuginfod.ubuntu.com /usr/bin/cmake --install /home/maryam-mahmood/sdaadof_ws/build/some_examples_cpp
[1.546s] Level 1:colcon.colcon_core.shell:create_environment_hook('some_examples_cpp', 'cmake_prefix_path')
[1.547s] INFO:colcon.colcon_core.shell:Creating environment hook '/home/maryam-mahmood/sdaadof_ws/install/some_examples_cpp/share/some_examples_cpp/hook/cmake_prefix_path.ps1'
[1.548s] INFO:colcon.colcon_core.shell:Creating environment descriptor '/home/maryam-mahmood/sdaadof_ws/install/some_examples_cpp/share/some_examples_cpp/hook/cmake_prefix_path.dsv'
[1.548s] INFO:colcon.colcon_core.shell:Creating environment hook '/home/maryam-mahmood/sdaadof_ws/install/some_examples_cpp/share/some_examples_cpp/hook/cmake_prefix_path.sh'
[1.550s] Level 1:colcon.colcon_core.environment:checking '/home/maryam-mahmood/sdaadof_ws/install/some_examples_cpp/lib'
[1.550s] Level 1:colcon.colcon_core.environment:checking '/home/maryam-mahmood/sdaadof_ws/install/some_examples_cpp/bin'
[1.550s] Level 1:colcon.colcon_core.environment:checking '/home/maryam-mahmood/sdaadof_ws/install/some_examples_cpp/lib/pkgconfig/some_examples_cpp.pc'
[1.551s] Level 1:colcon.colcon_core.environment:checking '/home/maryam-mahmood/sdaadof_ws/install/some_examples_cpp/lib/python3.12/site-packages'
[1.552s] Level 1:colcon.colcon_core.environment:checking '/home/maryam-mahmood/sdaadof_ws/install/some_examples_cpp/bin'
[1.553s] INFO:colcon.colcon_core.shell:Creating package script '/home/maryam-mahmood/sdaadof_ws/install/some_examples_cpp/share/some_examples_cpp/package.ps1'
[1.554s] INFO:colcon.colcon_core.shell:Creating package descriptor '/home/maryam-mahmood/sdaadof_ws/install/some_examples_cpp/share/some_examples_cpp/package.dsv'
[1.555s] INFO:colcon.colcon_core.shell:Creating package script '/home/maryam-mahmood/sdaadof_ws/install/some_examples_cpp/share/some_examples_cpp/package.sh'
[1.556s] INFO:colcon.colcon_core.shell:Creating package script '/home/maryam-mahmood/sdaadof_ws/install/some_examples_cpp/share/some_examples_cpp/package.bash'
[1.556s] INFO:colcon.colcon_core.shell:Creating package script '/home/maryam-mahmood/sdaadof_ws/install/some_examples_cpp/share/some_examples_cpp/package.zsh'
[1.557s] Level 1:colcon.colcon_core.environment:create_file_with_runtime_dependencies(/home/maryam-mahmood/sdaadof_ws/install/some_examples_cpp/share/colcon-core/packages/some_examples_cpp)
[1.559s] Level 1:colcon.colcon_core.environment:create_environment_scripts_only(some_examples_cpp)
[1.559s] Level 1:colcon.colcon_core.environment:checking '/home/maryam-mahmood/sdaadof_ws/install/some_examples_cpp' for CMake module files
[1.561s] Level 1:colcon.colcon_core.environment:checking '/home/maryam-mahmood/sdaadof_ws/install/some_examples_cpp' for CMake config files
[1.562s] Level 1:colcon.colcon_core.shell:create_environment_hook('some_examples_cpp', 'cmake_prefix_path')
[1.563s] INFO:colcon.colcon_core.shell:Creating environment hook '/home/maryam-mahmood/sdaadof_ws/install/some_examples_cpp/share/some_examples_cpp/hook/cmake_prefix_path.ps1'
[1.564s] INFO:colcon.colcon_core.shell:Creating environment descriptor '/home/maryam-mahmood/sdaadof_ws/install/some_examples_cpp/share/some_examples_cpp/hook/cmake_prefix_path.dsv'
[1.564s] INFO:colcon.colcon_core.shell:Creating environment hook '/home/maryam-mahmood/sdaadof_ws/install/some_examples_cpp/share/some_examples_cpp/hook/cmake_prefix_path.sh'
[1.566s] Level 1:colcon.colcon_core.environment:checking '/home/maryam-mahmood/sdaadof_ws/install/some_examples_cpp/lib'
[1.566s] Level 1:colcon.colcon_core.environment:checking '/home/maryam-mahmood/sdaadof_ws/install/some_examples_cpp/bin'
[1.566s] Level 1:colcon.colcon_core.environment:checking '/home/maryam-mahmood/sdaadof_ws/install/some_examples_cpp/lib/pkgconfig/some_examples_cpp.pc'
[1.566s] Level 1:colcon.colcon_core.environment:checking '/home/maryam-mahmood/sdaadof_ws/install/some_examples_cpp/lib/python3.12/site-packages'
[1.567s] Level 1:colcon.colcon_core.environment:checking '/home/maryam-mahmood/sdaadof_ws/install/some_examples_cpp/bin'
[1.567s] INFO:colcon.colcon_core.shell:Creating package script '/home/maryam-mahmood/sdaadof_ws/install/some_examples_cpp/share/some_examples_cpp/package.ps1'
[1.569s] INFO:colcon.colcon_core.shell:Creating package descriptor '/home/maryam-mahmood/sdaadof_ws/install/some_examples_cpp/share/some_examples_cpp/package.dsv'
[1.569s] INFO:colcon.colcon_core.shell:Creating package script '/home/maryam-mahmood/sdaadof_ws/install/some_examples_cpp/share/some_examples_cpp/package.sh'
[1.570s] INFO:colcon.colcon_core.shell:Creating package script '/home/maryam-mahmood/sdaadof_ws/install/some_examples_cpp/share/some_examples_cpp/package.bash'
[1.571s] INFO:colcon.colcon_core.shell:Creating package script '/home/maryam-mahmood/sdaadof_ws/install/some_examples_cpp/share/some_examples_cpp/package.zsh'
[1.573s] Level 1:colcon.colcon_core.environment:create_file_with_runtime_dependencies(/home/maryam-mahmood/sdaadof_ws/install/some_examples_cpp/share/colcon-core/packages/some_examples_cpp)
[1.574s] Level 1:colcon.colcon_core.environment:create_environment_scripts_only(daadbot_desc)
[1.574s] Level 1:colcon.colcon_core.environment:checking '/home/maryam-mahmood/sdaadof_ws/install/daadbot_desc' for CMake module files
[1.577s] DEBUG:colcon.colcon_core.event_handler.log_command:Invoked command in '/home/maryam-mahmood/sdaadof_ws/build/daadbot_desc' returned '0': CMAKE_PREFIX_PATH=${CMAKE_PREFIX_PATH}:/home/maryam-mahmood/sdaadof_ws/install/some_examples_py:/home/maryam-mahmood/ws_moveit/install/moveit_configs_utils:/opt/ros/jazzy DEBUGINFOD_URLS=https://debuginfod.ubuntu.com /usr/bin/cmake --install /home/maryam-mahmood/sdaadof_ws/build/daadbot_desc
[1.577s] Level 1:colcon.colcon_core.environment:checking '/home/maryam-mahmood/sdaadof_ws/install/daadbot_desc' for CMake config files
[1.578s] Level 1:colcon.colcon_core.shell:create_environment_hook('daadbot_desc', 'cmake_prefix_path')
[1.578s] INFO:colcon.colcon_core.shell:Creating environment hook '/home/maryam-mahmood/sdaadof_ws/install/daadbot_desc/share/daadbot_desc/hook/cmake_prefix_path.ps1'
[1.579s] INFO:colcon.colcon_core.shell:Creating environment descriptor '/home/maryam-mahmood/sdaadof_ws/install/daadbot_desc/share/daadbot_desc/hook/cmake_prefix_path.dsv'
[1.580s] INFO:colcon.colcon_core.shell:Creating environment hook '/home/maryam-mahmood/sdaadof_ws/install/daadbot_desc/share/daadbot_desc/hook/cmake_prefix_path.sh'
[1.580s] Level 1:colcon.colcon_core.environment:checking '/home/maryam-mahmood/sdaadof_ws/install/daadbot_desc/bin'
[1.581s] Level 1:colcon.colcon_core.environment:checking '/home/maryam-mahmood/sdaadof_ws/install/daadbot_desc/lib/pkgconfig/daadbot_desc.pc'
[1.581s] Level 1:colcon.colcon_core.environment:checking '/home/maryam-mahmood/sdaadof_ws/install/daadbot_desc/lib/python3.12/site-packages'
[1.581s] Level 1:colcon.colcon_core.environment:checking '/home/maryam-mahmood/sdaadof_ws/install/daadbot_desc/bin'
[1.581s] INFO:colcon.colcon_core.shell:Creating package script '/home/maryam-mahmood/sdaadof_ws/install/daadbot_desc/share/daadbot_desc/package.ps1'
[1.582s] INFO:colcon.colcon_core.shell:Creating package descriptor '/home/maryam-mahmood/sdaadof_ws/install/daadbot_desc/share/daadbot_desc/package.dsv'
[1.582s] INFO:colcon.colcon_core.shell:Creating package script '/home/maryam-mahmood/sdaadof_ws/install/daadbot_desc/share/daadbot_desc/package.sh'
[1.583s] INFO:colcon.colcon_core.shell:Creating package script '/home/maryam-mahmood/sdaadof_ws/install/daadbot_desc/share/daadbot_desc/package.bash'
[1.584s] INFO:colcon.colcon_core.shell:Creating package script '/home/maryam-mahmood/sdaadof_ws/install/daadbot_desc/share/daadbot_desc/package.zsh'
[1.584s] Level 1:colcon.colcon_core.environment:create_file_with_runtime_dependencies(/home/maryam-mahmood/sdaadof_ws/install/daadbot_desc/share/colcon-core/packages/daadbot_desc)
[1.585s] Level 1:colcon.colcon_core.environment:create_environment_scripts_only(daadbot_desc)
[1.585s] Level 1:colcon.colcon_core.environment:checking '/home/maryam-mahmood/sdaadof_ws/install/daadbot_desc' for CMake module files
[1.585s] Level 1:colcon.colcon_core.environment:checking '/home/maryam-mahmood/sdaadof_ws/install/daadbot_desc' for CMake config files
[1.586s] Level 1:colcon.colcon_core.shell:create_environment_hook('daadbot_desc', 'cmake_prefix_path')
[1.586s] INFO:colcon.colcon_core.shell:Creating environment hook '/home/maryam-mahmood/sdaadof_ws/install/daadbot_desc/share/daadbot_desc/hook/cmake_prefix_path.ps1'
[1.587s] INFO:colcon.colcon_core.shell:Creating environment descriptor '/home/maryam-mahmood/sdaadof_ws/install/daadbot_desc/share/daadbot_desc/hook/cmake_prefix_path.dsv'
[1.588s] INFO:colcon.colcon_core.shell:Creating environment hook '/home/maryam-mahmood/sdaadof_ws/install/daadbot_desc/share/daadbot_desc/hook/cmake_prefix_path.sh'
[1.589s] Level 1:colcon.colcon_core.environment:checking '/home/maryam-mahmood/sdaadof_ws/install/daadbot_desc/bin'
[1.589s] Level 1:colcon.colcon_core.environment:checking '/home/maryam-mahmood/sdaadof_ws/install/daadbot_desc/lib/pkgconfig/daadbot_desc.pc'
[1.589s] Level 1:colcon.colcon_core.environment:checking '/home/maryam-mahmood/sdaadof_ws/install/daadbot_desc/lib/python3.12/site-packages'
[1.589s] Level 1:colcon.colcon_core.environment:checking '/home/maryam-mahmood/sdaadof_ws/install/daadbot_desc/bin'
[1.590s] INFO:colcon.colcon_core.shell:Creating package script '/home/maryam-mahmood/sdaadof_ws/install/daadbot_desc/share/daadbot_desc/package.ps1'
[1.590s] INFO:colcon.colcon_core.shell:Creating package descriptor '/home/maryam-mahmood/sdaadof_ws/install/daadbot_desc/share/daadbot_desc/package.dsv'
[1.591s] INFO:colcon.colcon_core.shell:Creating package script '/home/maryam-mahmood/sdaadof_ws/install/daadbot_desc/share/daadbot_desc/package.sh'
[1.591s] INFO:colcon.colcon_core.shell:Creating package script '/home/maryam-mahmood/sdaadof_ws/install/daadbot_desc/share/daadbot_desc/package.bash'
[1.591s] INFO:colcon.colcon_core.shell:Creating package script '/home/maryam-mahmood/sdaadof_ws/install/daadbot_desc/share/daadbot_desc/package.zsh'
[1.592s] Level 1:colcon.colcon_core.environment:create_file_with_runtime_dependencies(/home/maryam-mahmood/sdaadof_ws/install/daadbot_desc/share/colcon-core/packages/daadbot_desc)
[3.330s] DEBUG:colcon.colcon_core.event_handler.log_command:Invoking command in '/home/maryam-mahmood/sdaadof_ws/src/some_examples_py': DEBUGINFOD_URLS=https://debuginfod.ubuntu.com PYTHONPATH=/home/maryam-mahmood/sdaadof_ws/build/some_examples_py/prefix_override:/usr/lib/python3/dist-packages/colcon_core/task/python/colcon_distutils_commands:/home/maryam-mahmood/sdaadof_ws/install/some_examples_py/lib/python3.12/site-packages:${PYTHONPATH} /usr/bin/python3 -W ignore:setup.py install is deprecated -W ignore:easy_install command is deprecated setup.py egg_info --egg-base ../../build/some_examples_py build --build-base /home/maryam-mahmood/sdaadof_ws/build/some_examples_py/build install --record /home/maryam-mahmood/sdaadof_ws/build/some_examples_py/install.log --single-version-externally-managed install_data
[5.185s] Level 1:colcon.colcon_core.environment:checking '/home/maryam-mahmood/sdaadof_ws/install/some_examples_py' for CMake module files
[5.187s] DEBUG:colcon.colcon_core.event_handler.log_command:Invoked command in '/home/maryam-mahmood/sdaadof_ws/src/some_examples_py' returned '0': DEBUGINFOD_URLS=https://debuginfod.ubuntu.com PYTHONPATH=/home/maryam-mahmood/sdaadof_ws/build/some_examples_py/prefix_override:/usr/lib/python3/dist-packages/colcon_core/task/python/colcon_distutils_commands:/home/maryam-mahmood/sdaadof_ws/install/some_examples_py/lib/python3.12/site-packages:${PYTHONPATH} /usr/bin/python3 -W ignore:setup.py install is deprecated -W ignore:easy_install command is deprecated setup.py egg_info --egg-base ../../build/some_examples_py build --build-base /home/maryam-mahmood/sdaadof_ws/build/some_examples_py/build install --record /home/maryam-mahmood/sdaadof_ws/build/some_examples_py/install.log --single-version-externally-managed install_data
[5.188s] Level 1:colcon.colcon_core.environment:checking '/home/maryam-mahmood/sdaadof_ws/install/some_examples_py' for CMake config files
[5.190s] Level 1:colcon.colcon_core.environment:checking '/home/maryam-mahmood/sdaadof_ws/install/some_examples_py/lib'
[5.190s] Level 1:colcon.colcon_core.environment:checking '/home/maryam-mahmood/sdaadof_ws/install/some_examples_py/bin'
[5.190s] Level 1:colcon.colcon_core.environment:checking '/home/maryam-mahmood/sdaadof_ws/install/some_examples_py/lib/pkgconfig/some_examples_py.pc'
[5.191s] Level 1:colcon.colcon_core.environment:checking '/home/maryam-mahmood/sdaadof_ws/install/some_examples_py/lib/python3.12/site-packages'
[5.192s] Level 1:colcon.colcon_core.shell:create_environment_hook('some_examples_py', 'pythonpath')
[5.192s] INFO:colcon.colcon_core.shell:Creating environment hook '/home/maryam-mahmood/sdaadof_ws/install/some_examples_py/share/some_examples_py/hook/pythonpath.ps1'
[5.194s] INFO:colcon.colcon_core.shell:Creating environment descriptor '/home/maryam-mahmood/sdaadof_ws/install/some_examples_py/share/some_examples_py/hook/pythonpath.dsv'
[5.195s] INFO:colcon.colcon_core.shell:Creating environment hook '/home/maryam-mahmood/sdaadof_ws/install/some_examples_py/share/some_examples_py/hook/pythonpath.sh'
[5.196s] Level 1:colcon.colcon_core.environment:checking '/home/maryam-mahmood/sdaadof_ws/install/some_examples_py/bin'
[5.196s] Level 1:colcon.colcon_core.environment:create_environment_scripts_only(some_examples_py)
[5.197s] INFO:colcon.colcon_core.shell:Creating package script '/home/maryam-mahmood/sdaadof_ws/install/some_examples_py/share/some_examples_py/package.ps1'
[5.198s] INFO:colcon.colcon_core.shell:Creating package descriptor '/home/maryam-mahmood/sdaadof_ws/install/some_examples_py/share/some_examples_py/package.dsv'
[5.199s] INFO:colcon.colcon_core.shell:Creating package script '/home/maryam-mahmood/sdaadof_ws/install/some_examples_py/share/some_examples_py/package.sh'
[5.199s] INFO:colcon.colcon_core.shell:Creating package script '/home/maryam-mahmood/sdaadof_ws/install/some_examples_py/share/some_examples_py/package.bash'
[5.200s] INFO:colcon.colcon_core.shell:Creating package script '/home/maryam-mahmood/sdaadof_ws/install/some_examples_py/share/some_examples_py/package.zsh'
[5.202s] Level 1:colcon.colcon_core.environment:create_file_with_runtime_dependencies(/home/maryam-mahmood/sdaadof_ws/install/some_examples_py/share/colcon-core/packages/some_examples_py)
[5.203s] DEBUG:colcon.colcon_parallel_executor.executor.parallel:closing loop
[5.204s] DEBUG:colcon.colcon_parallel_executor.executor.parallel:loop closed
[5.204s] DEBUG:colcon.colcon_parallel_executor.executor.parallel:run_until_complete finished with '0'
[5.204s] DEBUG:colcon.colcon_core.event_reactor:joining thread
[5.219s] INFO:colcon.colcon_core.plugin_system:Skipping extension 'colcon_notification.desktop_notification.terminal_notifier': Not used on non-Darwin systems
[5.219s] INFO:colcon.colcon_core.plugin_system:Skipping extension 'colcon_notification.desktop_notification.win32': Not used on non-Windows systems
[5.220s] INFO:colcon.colcon_notification.desktop_notification:Sending desktop notification using 'notify2'
[5.252s] DEBUG:colcon.colcon_core.event_reactor:joined thread
[5.253s] INFO:colcon.colcon_core.shell:Creating prefix script '/home/maryam-mahmood/sdaadof_ws/install/local_setup.ps1'
[5.255s] INFO:colcon.colcon_core.shell:Creating prefix util module '/home/maryam-mahmood/sdaadof_ws/install/_local_setup_util_ps1.py'
[5.257s] INFO:colcon.colcon_core.shell:Creating prefix chain script '/home/maryam-mahmood/sdaadof_ws/install/setup.ps1'
[5.265s] INFO:colcon.colcon_core.shell:Creating prefix script '/home/maryam-mahmood/sdaadof_ws/install/local_setup.sh'
[5.266s] INFO:colcon.colcon_core.shell:Creating prefix util module '/home/maryam-mahmood/sdaadof_ws/install/_local_setup_util_sh.py'
[5.268s] INFO:colcon.colcon_core.shell:Creating prefix chain script '/home/maryam-mahmood/sdaadof_ws/install/setup.sh'
[5.276s] INFO:colcon.colcon_core.shell:Creating prefix script '/home/maryam-mahmood/sdaadof_ws/install/local_setup.bash'
[5.277s] INFO:colcon.colcon_core.shell:Creating prefix chain script '/home/maryam-mahmood/sdaadof_ws/install/setup.bash'
[5.286s] INFO:colcon.colcon_core.shell:Creating prefix script '/home/maryam-mahmood/sdaadof_ws/install/local_setup.zsh'
[5.287s] INFO:colcon.colcon_core.shell:Creating prefix chain script '/home/maryam-mahmood/sdaadof_ws/install/setup.zsh'
