[0.402s] DEBUG:colcon:Command line arguments: ['/usr/bin/colcon', 'build']
[0.402s] DEBUG:colcon:Parsed command line arguments: Namespace(log_base=None, log_level=None, verb_name='build', build_base='build', install_base='install', merge_install=False, symlink_install=False, test_result_base=None, continue_on_error=False, executor='parallel', parallel_workers=24, event_handlers=None, ignore_user_meta=False, metas=['./colcon.meta'], base_paths=['.'], packages_ignore=None, packages_ignore_regex=None, paths=None, packages_up_to=None, packages_up_to_regex=None, packages_above=None, packages_above_and_dependencies=None, packages_above_depth=None, packages_select_by_dep=None, packages_skip_by_dep=None, packages_skip_up_to=None, packages_select_build_failed=False, packages_skip_build_finished=False, packages_select_test_failures=False, packages_skip_test_passed=False, packages_select=None, packages_skip=None, packages_select_regex=None, packages_skip_regex=None, packages_start=None, packages_end=None, allow_overriding=[], cmake_args=None, cmake_target=None, cmake_target_skip_unavailable=False, cmake_clean_cache=False, cmake_clean_first=False, cmake_force_configure=False, ament_cmake_args=None, catkin_cmake_args=None, catkin_skip_building_tests=False, mixin_files=None, mixin=None, verb_parser=<colcon_mixin.mixin.mixin_argument.MixinArgumentDecorator object at 0x77fa3a5ac950>, verb_extension=<colcon_core.verb.build.BuildVerb object at 0x77fa3a6d0e60>, main=<bound method BuildVerb.main of <colcon_core.verb.build.BuildVerb object at 0x77fa3a6d0e60>>, mixin_verb=('build',))
[0.493s] Level 1:colcon.colcon_core.package_discovery:discover_packages(colcon_meta) check parameters
[0.493s] Level 1:colcon.colcon_core.package_discovery:discover_packages(recursive) check parameters
[0.494s] Level 1:colcon.colcon_core.package_discovery:discover_packages(ignore) check parameters
[0.494s] Level 1:colcon.colcon_core.package_discovery:discover_packages(path) check parameters
[0.494s] Level 1:colcon.colcon_core.package_discovery:discover_packages(colcon_meta) discover
[0.494s] Level 1:colcon.colcon_core.package_discovery:discover_packages(recursive) discover
[0.494s] INFO:colcon.colcon_core.package_discovery:Crawling recursively for packages in '/home/maryam-mahmood/sdaadof_ws'
[0.495s] Level 1:colcon.colcon_core.package_identification:_identify(.) by extensions ['ignore', 'ignore_ament_install']
[0.495s] Level 1:colcon.colcon_core.package_identification:_identify(.) by extension 'ignore'
[0.495s] Level 1:colcon.colcon_core.package_identification:_identify(.) by extension 'ignore_ament_install'
[0.496s] Level 1:colcon.colcon_core.package_identification:_identify(.) by extensions ['colcon_pkg']
[0.496s] Level 1:colcon.colcon_core.package_identification:_identify(.) by extension 'colcon_pkg'
[0.496s] Level 1:colcon.colcon_core.package_identification:_identify(.) by extensions ['colcon_meta']
[0.496s] Level 1:colcon.colcon_core.package_identification:_identify(.) by extension 'colcon_meta'
[0.496s] Level 1:colcon.colcon_core.package_identification:_identify(.) by extensions ['ros']
[0.496s] Level 1:colcon.colcon_core.package_identification:_identify(.) by extension 'ros'
[0.584s] Level 1:colcon.colcon_core.package_identification:_identify(.) by extensions ['cmake', 'python']
[0.584s] Level 1:colcon.colcon_core.package_identification:_identify(.) by extension 'cmake'
[0.584s] Level 1:colcon.colcon_core.package_identification:_identify(.) by extension 'python'
[0.585s] Level 1:colcon.colcon_core.package_identification:_identify(.) by extensions ['python_setup_py']
[0.585s] Level 1:colcon.colcon_core.package_identification:_identify(.) by extension 'python_setup_py'
[0.585s] Level 1:colcon.colcon_core.package_identification:_identify(build) by extensions ['ignore', 'ignore_ament_install']
[0.585s] Level 1:colcon.colcon_core.package_identification:_identify(build) by extension 'ignore'
[0.586s] Level 1:colcon.colcon_core.package_identification:_identify(build) ignored
[0.586s] Level 1:colcon.colcon_core.package_identification:_identify(install) by extensions ['ignore', 'ignore_ament_install']
[0.586s] Level 1:colcon.colcon_core.package_identification:_identify(install) by extension 'ignore'
[0.587s] Level 1:colcon.colcon_core.package_identification:_identify(install) ignored
[0.587s] Level 1:colcon.colcon_core.package_identification:_identify(log) by extensions ['ignore', 'ignore_ament_install']
[0.587s] Level 1:colcon.colcon_core.package_identification:_identify(log) by extension 'ignore'
[0.587s] Level 1:colcon.colcon_core.package_identification:_identify(log) ignored
[0.588s] Level 1:colcon.colcon_core.package_identification:_identify(src) by extensions ['ignore', 'ignore_ament_install']
[0.588s] Level 1:colcon.colcon_core.package_identification:_identify(src) by extension 'ignore'
[0.588s] Level 1:colcon.colcon_core.package_identification:_identify(src) by extension 'ignore_ament_install'
[0.588s] Level 1:colcon.colcon_core.package_identification:_identify(src) by extensions ['colcon_pkg']
[0.588s] Level 1:colcon.colcon_core.package_identification:_identify(src) by extension 'colcon_pkg'
[0.588s] Level 1:colcon.colcon_core.package_identification:_identify(src) by extensions ['colcon_meta']
[0.588s] Level 1:colcon.colcon_core.package_identification:_identify(src) by extension 'colcon_meta'
[0.588s] Level 1:colcon.colcon_core.package_identification:_identify(src) by extensions ['ros']
[0.588s] Level 1:colcon.colcon_core.package_identification:_identify(src) by extension 'ros'
[0.589s] Level 1:colcon.colcon_core.package_identification:_identify(src) by extensions ['cmake', 'python']
[0.589s] Level 1:colcon.colcon_core.package_identification:_identify(src) by extension 'cmake'
[0.589s] Level 1:colcon.colcon_core.package_identification:_identify(src) by extension 'python'
[0.589s] Level 1:colcon.colcon_core.package_identification:_identify(src) by extensions ['python_setup_py']
[0.589s] Level 1:colcon.colcon_core.package_identification:_identify(src) by extension 'python_setup_py'
[0.589s] Level 1:colcon.colcon_core.package_identification:_identify(src/daadbot_controller) by extensions ['ignore', 'ignore_ament_install']
[0.589s] Level 1:colcon.colcon_core.package_identification:_identify(src/daadbot_controller) by extension 'ignore'
[0.589s] Level 1:colcon.colcon_core.package_identification:_identify(src/daadbot_controller) by extension 'ignore_ament_install'
[0.590s] Level 1:colcon.colcon_core.package_identification:_identify(src/daadbot_controller) by extensions ['colcon_pkg']
[0.590s] Level 1:colcon.colcon_core.package_identification:_identify(src/daadbot_controller) by extension 'colcon_pkg'
[0.590s] Level 1:colcon.colcon_core.package_identification:_identify(src/daadbot_controller) by extensions ['colcon_meta']
[0.590s] Level 1:colcon.colcon_core.package_identification:_identify(src/daadbot_controller) by extension 'colcon_meta'
[0.590s] Level 1:colcon.colcon_core.package_identification:_identify(src/daadbot_controller) by extensions ['ros']
[0.590s] Level 1:colcon.colcon_core.package_identification:_identify(src/daadbot_controller) by extension 'ros'
[0.597s] DEBUG:colcon.colcon_core.package_identification:Package 'src/daadbot_controller' with type 'ros.ament_cmake' and name 'daadbot_controller'
[0.597s] Level 1:colcon.colcon_core.package_identification:_identify(src/daadbot_desc) by extensions ['ignore', 'ignore_ament_install']
[0.597s] Level 1:colcon.colcon_core.package_identification:_identify(src/daadbot_desc) by extension 'ignore'
[0.598s] Level 1:colcon.colcon_core.package_identification:_identify(src/daadbot_desc) by extension 'ignore_ament_install'
[0.598s] Level 1:colcon.colcon_core.package_identification:_identify(src/daadbot_desc) by extensions ['colcon_pkg']
[0.598s] Level 1:colcon.colcon_core.package_identification:_identify(src/daadbot_desc) by extension 'colcon_pkg'
[0.598s] Level 1:colcon.colcon_core.package_identification:_identify(src/daadbot_desc) by extensions ['colcon_meta']
[0.598s] Level 1:colcon.colcon_core.package_identification:_identify(src/daadbot_desc) by extension 'colcon_meta'
[0.598s] Level 1:colcon.colcon_core.package_identification:_identify(src/daadbot_desc) by extensions ['ros']
[0.598s] Level 1:colcon.colcon_core.package_identification:_identify(src/daadbot_desc) by extension 'ros'
[0.611s] DEBUG:colcon.colcon_core.package_identification:Package 'src/daadbot_desc' with type 'ros.ament_cmake' and name 'daadbot_desc'
[0.611s] Level 1:colcon.colcon_core.package_identification:_identify(src/daadbot_moveit) by extensions ['ignore', 'ignore_ament_install']
[0.611s] Level 1:colcon.colcon_core.package_identification:_identify(src/daadbot_moveit) by extension 'ignore'
[0.612s] Level 1:colcon.colcon_core.package_identification:_identify(src/daadbot_moveit) by extension 'ignore_ament_install'
[0.612s] Level 1:colcon.colcon_core.package_identification:_identify(src/daadbot_moveit) by extensions ['colcon_pkg']
[0.612s] Level 1:colcon.colcon_core.package_identification:_identify(src/daadbot_moveit) by extension 'colcon_pkg'
[0.612s] Level 1:colcon.colcon_core.package_identification:_identify(src/daadbot_moveit) by extensions ['colcon_meta']
[0.612s] Level 1:colcon.colcon_core.package_identification:_identify(src/daadbot_moveit) by extension 'colcon_meta'
[0.613s] Level 1:colcon.colcon_core.package_identification:_identify(src/daadbot_moveit) by extensions ['ros']
[0.613s] Level 1:colcon.colcon_core.package_identification:_identify(src/daadbot_moveit) by extension 'ros'
[0.614s] DEBUG:colcon.colcon_core.package_identification:Package 'src/daadbot_moveit' with type 'ros.ament_cmake' and name 'daadbot_moveit'
[0.614s] Level 1:colcon.colcon_core.package_identification:_identify(src/some_examples_cpp) by extensions ['ignore', 'ignore_ament_install']
[0.615s] Level 1:colcon.colcon_core.package_identification:_identify(src/some_examples_cpp) by extension 'ignore'
[0.615s] Level 1:colcon.colcon_core.package_identification:_identify(src/some_examples_cpp) by extension 'ignore_ament_install'
[0.615s] Level 1:colcon.colcon_core.package_identification:_identify(src/some_examples_cpp) by extensions ['colcon_pkg']
[0.615s] Level 1:colcon.colcon_core.package_identification:_identify(src/some_examples_cpp) by extension 'colcon_pkg'
[0.616s] Level 1:colcon.colcon_core.package_identification:_identify(src/some_examples_cpp) by extensions ['colcon_meta']
[0.616s] Level 1:colcon.colcon_core.package_identification:_identify(src/some_examples_cpp) by extension 'colcon_meta'
[0.616s] Level 1:colcon.colcon_core.package_identification:_identify(src/some_examples_cpp) by extensions ['ros']
[0.616s] Level 1:colcon.colcon_core.package_identification:_identify(src/some_examples_cpp) by extension 'ros'
[0.618s] DEBUG:colcon.colcon_core.package_identification:Package 'src/some_examples_cpp' with type 'ros.ament_cmake' and name 'some_examples_cpp'
[0.619s] Level 1:colcon.colcon_core.package_identification:_identify(src/some_examples_py) by extensions ['ignore', 'ignore_ament_install']
[0.619s] Level 1:colcon.colcon_core.package_identification:_identify(src/some_examples_py) by extension 'ignore'
[0.619s] Level 1:colcon.colcon_core.package_identification:_identify(src/some_examples_py) by extension 'ignore_ament_install'
[0.620s] Level 1:colcon.colcon_core.package_identification:_identify(src/some_examples_py) by extensions ['colcon_pkg']
[0.620s] Level 1:colcon.colcon_core.package_identification:_identify(src/some_examples_py) by extension 'colcon_pkg'
[0.620s] Level 1:colcon.colcon_core.package_identification:_identify(src/some_examples_py) by extensions ['colcon_meta']
[0.620s] Level 1:colcon.colcon_core.package_identification:_identify(src/some_examples_py) by extension 'colcon_meta'
[0.620s] Level 1:colcon.colcon_core.package_identification:_identify(src/some_examples_py) by extensions ['ros']
[0.620s] Level 1:colcon.colcon_core.package_identification:_identify(src/some_examples_py) by extension 'ros'
[0.622s] DEBUG:colcon.colcon_core.package_identification:Package 'src/some_examples_py' with type 'ros.ament_python' and name 'some_examples_py'
[0.622s] Level 1:colcon.colcon_core.package_discovery:discover_packages(recursive) using defaults
[0.623s] Level 1:colcon.colcon_core.package_discovery:discover_packages(ignore) discover
[0.623s] Level 1:colcon.colcon_core.package_discovery:discover_packages(ignore) using defaults
[0.623s] Level 1:colcon.colcon_core.package_discovery:discover_packages(path) discover
[0.623s] Level 1:colcon.colcon_core.package_discovery:discover_packages(path) using defaults
[0.675s] Level 1:colcon.colcon_core.package_discovery:discover_packages(prefix_path) check parameters
[0.675s] Level 1:colcon.colcon_core.package_discovery:discover_packages(prefix_path) discover
[0.679s] DEBUG:colcon.colcon_installed_package_information.package_discovery:Found 5 installed packages in /home/maryam-mahmood/sdaadof_ws/install
[0.684s] DEBUG:colcon.colcon_installed_package_information.package_discovery:Found 421 installed packages in /opt/ros/jazzy
[0.690s] Level 1:colcon.colcon_core.package_discovery:discover_packages(prefix_path) using defaults
[0.826s] Level 5:colcon.colcon_core.verb:set package 'daadbot_controller' build argument 'cmake_args' from command line to 'None'
[0.826s] Level 5:colcon.colcon_core.verb:set package 'daadbot_controller' build argument 'cmake_target' from command line to 'None'
[0.827s] Level 5:colcon.colcon_core.verb:set package 'daadbot_controller' build argument 'cmake_target_skip_unavailable' from command line to 'False'
[0.827s] Level 5:colcon.colcon_core.verb:set package 'daadbot_controller' build argument 'cmake_clean_cache' from command line to 'False'
[0.827s] Level 5:colcon.colcon_core.verb:set package 'daadbot_controller' build argument 'cmake_clean_first' from command line to 'False'
[0.827s] Level 5:colcon.colcon_core.verb:set package 'daadbot_controller' build argument 'cmake_force_configure' from command line to 'False'
[0.827s] Level 5:colcon.colcon_core.verb:set package 'daadbot_controller' build argument 'ament_cmake_args' from command line to 'None'
[0.827s] Level 5:colcon.colcon_core.verb:set package 'daadbot_controller' build argument 'catkin_cmake_args' from command line to 'None'
[0.827s] Level 5:colcon.colcon_core.verb:set package 'daadbot_controller' build argument 'catkin_skip_building_tests' from command line to 'False'
[0.827s] DEBUG:colcon.colcon_core.verb:Building package 'daadbot_controller' with the following arguments: {'ament_cmake_args': None, 'build_base': '/home/maryam-mahmood/sdaadof_ws/build/daadbot_controller', 'catkin_cmake_args': None, 'catkin_skip_building_tests': False, 'cmake_args': None, 'cmake_clean_cache': False, 'cmake_clean_first': False, 'cmake_force_configure': False, 'cmake_target': None, 'cmake_target_skip_unavailable': False, 'install_base': '/home/maryam-mahmood/sdaadof_ws/install/daadbot_controller', 'merge_install': False, 'path': '/home/maryam-mahmood/sdaadof_ws/src/daadbot_controller', 'symlink_install': False, 'test_result_base': None}
[0.827s] Level 5:colcon.colcon_core.verb:set package 'daadbot_desc' build argument 'cmake_args' from command line to 'None'
[0.828s] Level 5:colcon.colcon_core.verb:set package 'daadbot_desc' build argument 'cmake_target' from command line to 'None'
[0.828s] Level 5:colcon.colcon_core.verb:set package 'daadbot_desc' build argument 'cmake_target_skip_unavailable' from command line to 'False'
[0.828s] Level 5:colcon.colcon_core.verb:set package 'daadbot_desc' build argument 'cmake_clean_cache' from command line to 'False'
[0.828s] Level 5:colcon.colcon_core.verb:set package 'daadbot_desc' build argument 'cmake_clean_first' from command line to 'False'
[0.828s] Level 5:colcon.colcon_core.verb:set package 'daadbot_desc' build argument 'cmake_force_configure' from command line to 'False'
[0.828s] Level 5:colcon.colcon_core.verb:set package 'daadbot_desc' build argument 'ament_cmake_args' from command line to 'None'
[0.828s] Level 5:colcon.colcon_core.verb:set package 'daadbot_desc' build argument 'catkin_cmake_args' from command line to 'None'
[0.828s] Level 5:colcon.colcon_core.verb:set package 'daadbot_desc' build argument 'catkin_skip_building_tests' from command line to 'False'
[0.828s] DEBUG:colcon.colcon_core.verb:Building package 'daadbot_desc' with the following arguments: {'ament_cmake_args': None, 'build_base': '/home/maryam-mahmood/sdaadof_ws/build/daadbot_desc', 'catkin_cmake_args': None, 'catkin_skip_building_tests': False, 'cmake_args': None, 'cmake_clean_cache': False, 'cmake_clean_first': False, 'cmake_force_configure': False, 'cmake_target': None, 'cmake_target_skip_unavailable': False, 'install_base': '/home/maryam-mahmood/sdaadof_ws/install/daadbot_desc', 'merge_install': False, 'path': '/home/maryam-mahmood/sdaadof_ws/src/daadbot_desc', 'symlink_install': False, 'test_result_base': None}
[0.828s] Level 5:colcon.colcon_core.verb:set package 'daadbot_moveit' build argument 'cmake_args' from command line to 'None'
[0.828s] Level 5:colcon.colcon_core.verb:set package 'daadbot_moveit' build argument 'cmake_target' from command line to 'None'
[0.829s] Level 5:colcon.colcon_core.verb:set package 'daadbot_moveit' build argument 'cmake_target_skip_unavailable' from command line to 'False'
[0.829s] Level 5:colcon.colcon_core.verb:set package 'daadbot_moveit' build argument 'cmake_clean_cache' from command line to 'False'
[0.829s] Level 5:colcon.colcon_core.verb:set package 'daadbot_moveit' build argument 'cmake_clean_first' from command line to 'False'
[0.829s] Level 5:colcon.colcon_core.verb:set package 'daadbot_moveit' build argument 'cmake_force_configure' from command line to 'False'
[0.829s] Level 5:colcon.colcon_core.verb:set package 'daadbot_moveit' build argument 'ament_cmake_args' from command line to 'None'
[0.829s] Level 5:colcon.colcon_core.verb:set package 'daadbot_moveit' build argument 'catkin_cmake_args' from command line to 'None'
[0.829s] Level 5:colcon.colcon_core.verb:set package 'daadbot_moveit' build argument 'catkin_skip_building_tests' from command line to 'False'
[0.829s] DEBUG:colcon.colcon_core.verb:Building package 'daadbot_moveit' with the following arguments: {'ament_cmake_args': None, 'build_base': '/home/maryam-mahmood/sdaadof_ws/build/daadbot_moveit', 'catkin_cmake_args': None, 'catkin_skip_building_tests': False, 'cmake_args': None, 'cmake_clean_cache': False, 'cmake_clean_first': False, 'cmake_force_configure': False, 'cmake_target': None, 'cmake_target_skip_unavailable': False, 'install_base': '/home/maryam-mahmood/sdaadof_ws/install/daadbot_moveit', 'merge_install': False, 'path': '/home/maryam-mahmood/sdaadof_ws/src/daadbot_moveit', 'symlink_install': False, 'test_result_base': None}
[0.829s] Level 5:colcon.colcon_core.verb:set package 'some_examples_cpp' build argument 'cmake_args' from command line to 'None'
[0.829s] Level 5:colcon.colcon_core.verb:set package 'some_examples_cpp' build argument 'cmake_target' from command line to 'None'
[0.829s] Level 5:colcon.colcon_core.verb:set package 'some_examples_cpp' build argument 'cmake_target_skip_unavailable' from command line to 'False'
[0.830s] Level 5:colcon.colcon_core.verb:set package 'some_examples_cpp' build argument 'cmake_clean_cache' from command line to 'False'
[0.830s] Level 5:colcon.colcon_core.verb:set package 'some_examples_cpp' build argument 'cmake_clean_first' from command line to 'False'
[0.830s] Level 5:colcon.colcon_core.verb:set package 'some_examples_cpp' build argument 'cmake_force_configure' from command line to 'False'
[0.830s] Level 5:colcon.colcon_core.verb:set package 'some_examples_cpp' build argument 'ament_cmake_args' from command line to 'None'
[0.830s] Level 5:colcon.colcon_core.verb:set package 'some_examples_cpp' build argument 'catkin_cmake_args' from command line to 'None'
[0.830s] Level 5:colcon.colcon_core.verb:set package 'some_examples_cpp' build argument 'catkin_skip_building_tests' from command line to 'False'
[0.830s] DEBUG:colcon.colcon_core.verb:Building package 'some_examples_cpp' with the following arguments: {'ament_cmake_args': None, 'build_base': '/home/maryam-mahmood/sdaadof_ws/build/some_examples_cpp', 'catkin_cmake_args': None, 'catkin_skip_building_tests': False, 'cmake_args': None, 'cmake_clean_cache': False, 'cmake_clean_first': False, 'cmake_force_configure': False, 'cmake_target': None, 'cmake_target_skip_unavailable': False, 'install_base': '/home/maryam-mahmood/sdaadof_ws/install/some_examples_cpp', 'merge_install': False, 'path': '/home/maryam-mahmood/sdaadof_ws/src/some_examples_cpp', 'symlink_install': False, 'test_result_base': None}
[0.830s] Level 5:colcon.colcon_core.verb:set package 'some_examples_py' build argument 'cmake_args' from command line to 'None'
[0.830s] Level 5:colcon.colcon_core.verb:set package 'some_examples_py' build argument 'cmake_target' from command line to 'None'
[0.831s] Level 5:colcon.colcon_core.verb:set package 'some_examples_py' build argument 'cmake_target_skip_unavailable' from command line to 'False'
[0.831s] Level 5:colcon.colcon_core.verb:set package 'some_examples_py' build argument 'cmake_clean_cache' from command line to 'False'
[0.831s] Level 5:colcon.colcon_core.verb:set package 'some_examples_py' build argument 'cmake_clean_first' from command line to 'False'
[0.831s] Level 5:colcon.colcon_core.verb:set package 'some_examples_py' build argument 'cmake_force_configure' from command line to 'False'
[0.831s] Level 5:colcon.colcon_core.verb:set package 'some_examples_py' build argument 'ament_cmake_args' from command line to 'None'
[0.831s] Level 5:colcon.colcon_core.verb:set package 'some_examples_py' build argument 'catkin_cmake_args' from command line to 'None'
[0.831s] Level 5:colcon.colcon_core.verb:set package 'some_examples_py' build argument 'catkin_skip_building_tests' from command line to 'False'
[0.831s] DEBUG:colcon.colcon_core.verb:Building package 'some_examples_py' with the following arguments: {'ament_cmake_args': None, 'build_base': '/home/maryam-mahmood/sdaadof_ws/build/some_examples_py', 'catkin_cmake_args': None, 'catkin_skip_building_tests': False, 'cmake_args': None, 'cmake_clean_cache': False, 'cmake_clean_first': False, 'cmake_force_configure': False, 'cmake_target': None, 'cmake_target_skip_unavailable': False, 'install_base': '/home/maryam-mahmood/sdaadof_ws/install/some_examples_py', 'merge_install': False, 'path': '/home/maryam-mahmood/sdaadof_ws/src/some_examples_py', 'symlink_install': False, 'test_result_base': None}
[0.831s] INFO:colcon.colcon_core.executor:Executing jobs using 'parallel' executor
[0.833s] DEBUG:colcon.colcon_parallel_executor.executor.parallel:run_until_complete
[0.834s] INFO:colcon.colcon_ros.task.ament_cmake.build:Building ROS package in '/home/maryam-mahmood/sdaadof_ws/src/daadbot_controller' with build type 'ament_cmake'
[0.835s] INFO:colcon.colcon_cmake.task.cmake.build:Building CMake package in '/home/maryam-mahmood/sdaadof_ws/src/daadbot_controller'
[0.840s] INFO:colcon.colcon_core.plugin_system:Skipping extension 'colcon_core.shell.bat': Not used on non-Windows systems
[0.841s] INFO:colcon.colcon_core.shell:Skip shell extension 'powershell' for command environment: Not usable outside of PowerShell
[0.841s] DEBUG:colcon.colcon_core.shell:Skip shell extension 'dsv' for command environment
[0.853s] INFO:colcon.colcon_ros.task.ament_cmake.build:Building ROS package in '/home/maryam-mahmood/sdaadof_ws/src/daadbot_desc' with build type 'ament_cmake'
[0.853s] INFO:colcon.colcon_cmake.task.cmake.build:Building CMake package in '/home/maryam-mahmood/sdaadof_ws/src/daadbot_desc'
[0.854s] INFO:colcon.colcon_core.shell:Skip shell extension 'powershell' for command environment: Not usable outside of PowerShell
[0.854s] DEBUG:colcon.colcon_core.shell:Skip shell extension 'dsv' for command environment
[0.864s] INFO:colcon.colcon_ros.task.ament_cmake.build:Building ROS package in '/home/maryam-mahmood/sdaadof_ws/src/daadbot_moveit' with build type 'ament_cmake'
[0.865s] INFO:colcon.colcon_cmake.task.cmake.build:Building CMake package in '/home/maryam-mahmood/sdaadof_ws/src/daadbot_moveit'
[0.866s] INFO:colcon.colcon_core.shell:Skip shell extension 'powershell' for command environment: Not usable outside of PowerShell
[0.866s] DEBUG:colcon.colcon_core.shell:Skip shell extension 'dsv' for command environment
[0.877s] INFO:colcon.colcon_ros.task.ament_cmake.build:Building ROS package in '/home/maryam-mahmood/sdaadof_ws/src/some_examples_cpp' with build type 'ament_cmake'
[0.878s] INFO:colcon.colcon_cmake.task.cmake.build:Building CMake package in '/home/maryam-mahmood/sdaadof_ws/src/some_examples_cpp'
[0.879s] INFO:colcon.colcon_core.shell:Skip shell extension 'powershell' for command environment: Not usable outside of PowerShell
[0.879s] DEBUG:colcon.colcon_core.shell:Skip shell extension 'dsv' for command environment
[0.889s] INFO:colcon.colcon_ros.task.ament_python.build:Building ROS package in '/home/maryam-mahmood/sdaadof_ws/src/some_examples_py' with build type 'ament_python'
[0.889s] Level 1:colcon.colcon_core.shell:create_environment_hook('some_examples_py', 'ament_prefix_path')
[0.890s] INFO:colcon.colcon_core.shell:Creating environment hook '/home/maryam-mahmood/sdaadof_ws/install/some_examples_py/share/some_examples_py/hook/ament_prefix_path.ps1'
[0.891s] INFO:colcon.colcon_core.shell:Creating environment descriptor '/home/maryam-mahmood/sdaadof_ws/install/some_examples_py/share/some_examples_py/hook/ament_prefix_path.dsv'
[0.892s] INFO:colcon.colcon_core.shell:Creating environment hook '/home/maryam-mahmood/sdaadof_ws/install/some_examples_py/share/some_examples_py/hook/ament_prefix_path.sh'
[0.893s] INFO:colcon.colcon_core.shell:Skip shell extension 'powershell' for command environment: Not usable outside of PowerShell
[0.893s] DEBUG:colcon.colcon_core.shell:Skip shell extension 'dsv' for command environment
[0.918s] DEBUG:colcon.colcon_core.event_handler.log_command:Invoking command in '/home/maryam-mahmood/sdaadof_ws/build/daadbot_controller': CMAKE_PREFIX_PATH=${CMAKE_PREFIX_PATH}:/home/maryam-mahmood/sdaadof_ws/install/some_examples_py:/opt/ros/jazzy DEBUGINFOD_URLS=https://debuginfod.ubuntu.com /usr/bin/cmake --build /home/maryam-mahmood/sdaadof_ws/build/daadbot_controller -- -j24 -l24
[0.923s] DEBUG:colcon.colcon_core.event_handler.log_command:Invoking command in '/home/maryam-mahmood/sdaadof_ws/build/daadbot_desc': CMAKE_PREFIX_PATH=${CMAKE_PREFIX_PATH}:/home/maryam-mahmood/sdaadof_ws/install/some_examples_py:/opt/ros/jazzy DEBUGINFOD_URLS=https://debuginfod.ubuntu.com /usr/bin/cmake --build /home/maryam-mahmood/sdaadof_ws/build/daadbot_desc -- -j24 -l24
[0.930s] DEBUG:colcon.colcon_core.event_handler.log_command:Invoking command in '/home/maryam-mahmood/sdaadof_ws/build/daadbot_moveit': CMAKE_PREFIX_PATH=${CMAKE_PREFIX_PATH}:/home/maryam-mahmood/sdaadof_ws/install/some_examples_py:/opt/ros/jazzy DEBUGINFOD_URLS=https://debuginfod.ubuntu.com /usr/bin/cmake --build /home/maryam-mahmood/sdaadof_ws/build/daadbot_moveit -- -j24 -l24
[0.937s] DEBUG:colcon.colcon_core.event_handler.log_command:Invoking command in '/home/maryam-mahmood/sdaadof_ws/build/some_examples_cpp': CMAKE_PREFIX_PATH=${CMAKE_PREFIX_PATH}:/home/maryam-mahmood/sdaadof_ws/install/some_examples_py:/opt/ros/jazzy DEBUGINFOD_URLS=https://debuginfod.ubuntu.com /usr/bin/cmake --build /home/maryam-mahmood/sdaadof_ws/build/some_examples_cpp -- -j24 -l24
[1.387s] INFO:colcon.colcon_core.task.python.build:Building Python package in '/home/maryam-mahmood/sdaadof_ws/src/some_examples_py'
[1.388s] INFO:colcon.colcon_core.shell:Skip shell extension 'powershell' for command environment: Not usable outside of PowerShell
[1.388s] DEBUG:colcon.colcon_core.shell:Skip shell extension 'dsv' for command environment
[1.402s] DEBUG:colcon.colcon_core.event_handler.log_command:Invoked command in '/home/maryam-mahmood/sdaadof_ws/build/daadbot_controller' returned '0': CMAKE_PREFIX_PATH=${CMAKE_PREFIX_PATH}:/home/maryam-mahmood/sdaadof_ws/install/some_examples_py:/opt/ros/jazzy DEBUGINFOD_URLS=https://debuginfod.ubuntu.com /usr/bin/cmake --build /home/maryam-mahmood/sdaadof_ws/build/daadbot_controller -- -j24 -l24
[1.426s] DEBUG:colcon.colcon_core.event_handler.log_command:Invoking command in '/home/maryam-mahmood/sdaadof_ws/build/daadbot_controller': CMAKE_PREFIX_PATH=${CMAKE_PREFIX_PATH}:/home/maryam-mahmood/sdaadof_ws/install/some_examples_py:/opt/ros/jazzy DEBUGINFOD_URLS=https://debuginfod.ubuntu.com /usr/bin/cmake --install /home/maryam-mahmood/sdaadof_ws/build/daadbot_controller
[1.429s] DEBUG:colcon.colcon_core.event_handler.log_command:Invoked command in '/home/maryam-mahmood/sdaadof_ws/build/daadbot_desc' returned '0': CMAKE_PREFIX_PATH=${CMAKE_PREFIX_PATH}:/home/maryam-mahmood/sdaadof_ws/install/some_examples_py:/opt/ros/jazzy DEBUGINFOD_URLS=https://debuginfod.ubuntu.com /usr/bin/cmake --build /home/maryam-mahmood/sdaadof_ws/build/daadbot_desc -- -j24 -l24
[1.432s] DEBUG:colcon.colcon_core.event_handler.log_command:Invoking command in '/home/maryam-mahmood/sdaadof_ws/build/daadbot_desc': CMAKE_PREFIX_PATH=${CMAKE_PREFIX_PATH}:/home/maryam-mahmood/sdaadof_ws/install/some_examples_py:/opt/ros/jazzy DEBUGINFOD_URLS=https://debuginfod.ubuntu.com /usr/bin/cmake --install /home/maryam-mahmood/sdaadof_ws/build/daadbot_desc
[1.433s] DEBUG:colcon.colcon_core.event_handler.log_command:Invoked command in '/home/maryam-mahmood/sdaadof_ws/build/some_examples_cpp' returned '0': CMAKE_PREFIX_PATH=${CMAKE_PREFIX_PATH}:/home/maryam-mahmood/sdaadof_ws/install/some_examples_py:/opt/ros/jazzy DEBUGINFOD_URLS=https://debuginfod.ubuntu.com /usr/bin/cmake --build /home/maryam-mahmood/sdaadof_ws/build/some_examples_cpp -- -j24 -l24
[1.436s] DEBUG:colcon.colcon_core.event_handler.log_command:Invoking command in '/home/maryam-mahmood/sdaadof_ws/build/some_examples_cpp': CMAKE_PREFIX_PATH=${CMAKE_PREFIX_PATH}:/home/maryam-mahmood/sdaadof_ws/install/some_examples_py:/opt/ros/jazzy DEBUGINFOD_URLS=https://debuginfod.ubuntu.com /usr/bin/cmake --install /home/maryam-mahmood/sdaadof_ws/build/some_examples_cpp
[1.437s] DEBUG:colcon.colcon_core.event_handler.log_command:Invoked command in '/home/maryam-mahmood/sdaadof_ws/build/daadbot_moveit' returned '0': CMAKE_PREFIX_PATH=${CMAKE_PREFIX_PATH}:/home/maryam-mahmood/sdaadof_ws/install/some_examples_py:/opt/ros/jazzy DEBUGINFOD_URLS=https://debuginfod.ubuntu.com /usr/bin/cmake --build /home/maryam-mahmood/sdaadof_ws/build/daadbot_moveit -- -j24 -l24
[1.443s] DEBUG:colcon.colcon_core.event_handler.log_command:Invoking command in '/home/maryam-mahmood/sdaadof_ws/build/daadbot_moveit': CMAKE_PREFIX_PATH=${CMAKE_PREFIX_PATH}:/home/maryam-mahmood/sdaadof_ws/install/some_examples_py:/opt/ros/jazzy DEBUGINFOD_URLS=https://debuginfod.ubuntu.com /usr/bin/cmake --install /home/maryam-mahmood/sdaadof_ws/build/daadbot_moveit
[1.458s] Level 1:colcon.colcon_core.environment:create_environment_scripts_only(daadbot_controller)
[1.475s] DEBUG:colcon.colcon_core.event_handler.log_command:Invoked command in '/home/maryam-mahmood/sdaadof_ws/build/daadbot_controller' returned '0': CMAKE_PREFIX_PATH=${CMAKE_PREFIX_PATH}:/home/maryam-mahmood/sdaadof_ws/install/some_examples_py:/opt/ros/jazzy DEBUGINFOD_URLS=https://debuginfod.ubuntu.com /usr/bin/cmake --install /home/maryam-mahmood/sdaadof_ws/build/daadbot_controller
[1.485s] Level 1:colcon.colcon_core.environment:checking '/home/maryam-mahmood/sdaadof_ws/install/daadbot_controller' for CMake module files
[1.487s] Level 1:colcon.colcon_core.environment:checking '/home/maryam-mahmood/sdaadof_ws/install/daadbot_controller' for CMake config files
[1.487s] Level 1:colcon.colcon_core.shell:create_environment_hook('daadbot_controller', 'cmake_prefix_path')
[1.488s] INFO:colcon.colcon_core.shell:Creating environment hook '/home/maryam-mahmood/sdaadof_ws/install/daadbot_controller/share/daadbot_controller/hook/cmake_prefix_path.ps1'
[1.489s] INFO:colcon.colcon_core.shell:Creating environment descriptor '/home/maryam-mahmood/sdaadof_ws/install/daadbot_controller/share/daadbot_controller/hook/cmake_prefix_path.dsv'
[1.489s] INFO:colcon.colcon_core.shell:Creating environment hook '/home/maryam-mahmood/sdaadof_ws/install/daadbot_controller/share/daadbot_controller/hook/cmake_prefix_path.sh'
[1.491s] Level 1:colcon.colcon_core.environment:checking '/home/maryam-mahmood/sdaadof_ws/install/daadbot_controller/bin'
[1.491s] Level 1:colcon.colcon_core.environment:checking '/home/maryam-mahmood/sdaadof_ws/install/daadbot_controller/lib/pkgconfig/daadbot_controller.pc'
[1.491s] Level 1:colcon.colcon_core.environment:checking '/home/maryam-mahmood/sdaadof_ws/install/daadbot_controller/lib/python3.12/site-packages'
[1.492s] Level 1:colcon.colcon_core.environment:checking '/home/maryam-mahmood/sdaadof_ws/install/daadbot_controller/bin'
[1.492s] INFO:colcon.colcon_core.shell:Creating package script '/home/maryam-mahmood/sdaadof_ws/install/daadbot_controller/share/daadbot_controller/package.ps1'
[1.494s] INFO:colcon.colcon_core.shell:Creating package descriptor '/home/maryam-mahmood/sdaadof_ws/install/daadbot_controller/share/daadbot_controller/package.dsv'
[1.495s] INFO:colcon.colcon_core.shell:Creating package script '/home/maryam-mahmood/sdaadof_ws/install/daadbot_controller/share/daadbot_controller/package.sh'
[1.497s] INFO:colcon.colcon_core.shell:Creating package script '/home/maryam-mahmood/sdaadof_ws/install/daadbot_controller/share/daadbot_controller/package.bash'
[1.498s] INFO:colcon.colcon_core.shell:Creating package script '/home/maryam-mahmood/sdaadof_ws/install/daadbot_controller/share/daadbot_controller/package.zsh'
[1.500s] Level 1:colcon.colcon_core.environment:create_file_with_runtime_dependencies(/home/maryam-mahmood/sdaadof_ws/install/daadbot_controller/share/colcon-core/packages/daadbot_controller)
[1.501s] Level 1:colcon.colcon_core.environment:create_environment_scripts_only(daadbot_controller)
[1.502s] Level 1:colcon.colcon_core.environment:checking '/home/maryam-mahmood/sdaadof_ws/install/daadbot_controller' for CMake module files
[1.503s] Level 1:colcon.colcon_core.environment:checking '/home/maryam-mahmood/sdaadof_ws/install/daadbot_controller' for CMake config files
[1.503s] Level 1:colcon.colcon_core.shell:create_environment_hook('daadbot_controller', 'cmake_prefix_path')
[1.504s] INFO:colcon.colcon_core.shell:Creating environment hook '/home/maryam-mahmood/sdaadof_ws/install/daadbot_controller/share/daadbot_controller/hook/cmake_prefix_path.ps1'
[1.505s] INFO:colcon.colcon_core.shell:Creating environment descriptor '/home/maryam-mahmood/sdaadof_ws/install/daadbot_controller/share/daadbot_controller/hook/cmake_prefix_path.dsv'
[1.506s] INFO:colcon.colcon_core.shell:Creating environment hook '/home/maryam-mahmood/sdaadof_ws/install/daadbot_controller/share/daadbot_controller/hook/cmake_prefix_path.sh'
[1.507s] Level 1:colcon.colcon_core.environment:checking '/home/maryam-mahmood/sdaadof_ws/install/daadbot_controller/bin'
[1.507s] Level 1:colcon.colcon_core.environment:checking '/home/maryam-mahmood/sdaadof_ws/install/daadbot_controller/lib/pkgconfig/daadbot_controller.pc'
[1.508s] Level 1:colcon.colcon_core.environment:checking '/home/maryam-mahmood/sdaadof_ws/install/daadbot_controller/lib/python3.12/site-packages'
[1.508s] Level 1:colcon.colcon_core.environment:checking '/home/maryam-mahmood/sdaadof_ws/install/daadbot_controller/bin'
[1.509s] INFO:colcon.colcon_core.shell:Creating package script '/home/maryam-mahmood/sdaadof_ws/install/daadbot_controller/share/daadbot_controller/package.ps1'
[1.510s] INFO:colcon.colcon_core.shell:Creating package descriptor '/home/maryam-mahmood/sdaadof_ws/install/daadbot_controller/share/daadbot_controller/package.dsv'
[1.512s] INFO:colcon.colcon_core.shell:Creating package script '/home/maryam-mahmood/sdaadof_ws/install/daadbot_controller/share/daadbot_controller/package.sh'
[1.513s] INFO:colcon.colcon_core.shell:Creating package script '/home/maryam-mahmood/sdaadof_ws/install/daadbot_controller/share/daadbot_controller/package.bash'
[1.514s] INFO:colcon.colcon_core.shell:Creating package script '/home/maryam-mahmood/sdaadof_ws/install/daadbot_controller/share/daadbot_controller/package.zsh'
[1.515s] Level 1:colcon.colcon_core.environment:create_file_with_runtime_dependencies(/home/maryam-mahmood/sdaadof_ws/install/daadbot_controller/share/colcon-core/packages/daadbot_controller)
[1.518s] Level 1:colcon.colcon_core.environment:create_environment_scripts_only(daadbot_desc)
[1.519s] Level 1:colcon.colcon_core.environment:checking '/home/maryam-mahmood/sdaadof_ws/install/daadbot_desc' for CMake module files
[1.520s] DEBUG:colcon.colcon_core.event_handler.log_command:Invoked command in '/home/maryam-mahmood/sdaadof_ws/build/daadbot_desc' returned '0': CMAKE_PREFIX_PATH=${CMAKE_PREFIX_PATH}:/home/maryam-mahmood/sdaadof_ws/install/some_examples_py:/opt/ros/jazzy DEBUGINFOD_URLS=https://debuginfod.ubuntu.com /usr/bin/cmake --install /home/maryam-mahmood/sdaadof_ws/build/daadbot_desc
[1.521s] Level 1:colcon.colcon_core.environment:checking '/home/maryam-mahmood/sdaadof_ws/install/daadbot_desc' for CMake config files
[1.521s] Level 1:colcon.colcon_core.shell:create_environment_hook('daadbot_desc', 'cmake_prefix_path')
[1.522s] INFO:colcon.colcon_core.shell:Creating environment hook '/home/maryam-mahmood/sdaadof_ws/install/daadbot_desc/share/daadbot_desc/hook/cmake_prefix_path.ps1'
[1.523s] INFO:colcon.colcon_core.shell:Creating environment descriptor '/home/maryam-mahmood/sdaadof_ws/install/daadbot_desc/share/daadbot_desc/hook/cmake_prefix_path.dsv'
[1.523s] INFO:colcon.colcon_core.shell:Creating environment hook '/home/maryam-mahmood/sdaadof_ws/install/daadbot_desc/share/daadbot_desc/hook/cmake_prefix_path.sh'
[1.524s] Level 1:colcon.colcon_core.environment:checking '/home/maryam-mahmood/sdaadof_ws/install/daadbot_desc/bin'
[1.525s] Level 1:colcon.colcon_core.environment:checking '/home/maryam-mahmood/sdaadof_ws/install/daadbot_desc/lib/pkgconfig/daadbot_desc.pc'
[1.525s] Level 1:colcon.colcon_core.environment:checking '/home/maryam-mahmood/sdaadof_ws/install/daadbot_desc/lib/python3.12/site-packages'
[1.526s] Level 1:colcon.colcon_core.environment:checking '/home/maryam-mahmood/sdaadof_ws/install/daadbot_desc/bin'
[1.527s] INFO:colcon.colcon_core.shell:Creating package script '/home/maryam-mahmood/sdaadof_ws/install/daadbot_desc/share/daadbot_desc/package.ps1'
[1.528s] INFO:colcon.colcon_core.shell:Creating package descriptor '/home/maryam-mahmood/sdaadof_ws/install/daadbot_desc/share/daadbot_desc/package.dsv'
[1.529s] INFO:colcon.colcon_core.shell:Creating package script '/home/maryam-mahmood/sdaadof_ws/install/daadbot_desc/share/daadbot_desc/package.sh'
[1.530s] INFO:colcon.colcon_core.shell:Creating package script '/home/maryam-mahmood/sdaadof_ws/install/daadbot_desc/share/daadbot_desc/package.bash'
[1.531s] INFO:colcon.colcon_core.shell:Creating package script '/home/maryam-mahmood/sdaadof_ws/install/daadbot_desc/share/daadbot_desc/package.zsh'
[1.532s] Level 1:colcon.colcon_core.environment:create_file_with_runtime_dependencies(/home/maryam-mahmood/sdaadof_ws/install/daadbot_desc/share/colcon-core/packages/daadbot_desc)
[1.534s] Level 1:colcon.colcon_core.environment:create_environment_scripts_only(daadbot_desc)
[1.534s] Level 1:colcon.colcon_core.environment:checking '/home/maryam-mahmood/sdaadof_ws/install/daadbot_desc' for CMake module files
[1.536s] Level 1:colcon.colcon_core.environment:checking '/home/maryam-mahmood/sdaadof_ws/install/daadbot_desc' for CMake config files
[1.536s] Level 1:colcon.colcon_core.shell:create_environment_hook('daadbot_desc', 'cmake_prefix_path')
[1.537s] INFO:colcon.colcon_core.shell:Creating environment hook '/home/maryam-mahmood/sdaadof_ws/install/daadbot_desc/share/daadbot_desc/hook/cmake_prefix_path.ps1'
[1.538s] INFO:colcon.colcon_core.shell:Creating environment descriptor '/home/maryam-mahmood/sdaadof_ws/install/daadbot_desc/share/daadbot_desc/hook/cmake_prefix_path.dsv'
[1.539s] INFO:colcon.colcon_core.shell:Creating environment hook '/home/maryam-mahmood/sdaadof_ws/install/daadbot_desc/share/daadbot_desc/hook/cmake_prefix_path.sh'
[1.541s] Level 1:colcon.colcon_core.environment:checking '/home/maryam-mahmood/sdaadof_ws/install/daadbot_desc/bin'
[1.541s] Level 1:colcon.colcon_core.environment:checking '/home/maryam-mahmood/sdaadof_ws/install/daadbot_desc/lib/pkgconfig/daadbot_desc.pc'
[1.541s] Level 1:colcon.colcon_core.environment:checking '/home/maryam-mahmood/sdaadof_ws/install/daadbot_desc/lib/python3.12/site-packages'
[1.542s] Level 1:colcon.colcon_core.environment:checking '/home/maryam-mahmood/sdaadof_ws/install/daadbot_desc/bin'
[1.542s] INFO:colcon.colcon_core.shell:Creating package script '/home/maryam-mahmood/sdaadof_ws/install/daadbot_desc/share/daadbot_desc/package.ps1'
[1.544s] INFO:colcon.colcon_core.shell:Creating package descriptor '/home/maryam-mahmood/sdaadof_ws/install/daadbot_desc/share/daadbot_desc/package.dsv'
[1.545s] INFO:colcon.colcon_core.shell:Creating package script '/home/maryam-mahmood/sdaadof_ws/install/daadbot_desc/share/daadbot_desc/package.sh'
[1.546s] INFO:colcon.colcon_core.shell:Creating package script '/home/maryam-mahmood/sdaadof_ws/install/daadbot_desc/share/daadbot_desc/package.bash'
[1.547s] INFO:colcon.colcon_core.shell:Creating package script '/home/maryam-mahmood/sdaadof_ws/install/daadbot_desc/share/daadbot_desc/package.zsh'
[1.547s] Level 1:colcon.colcon_core.environment:create_file_with_runtime_dependencies(/home/maryam-mahmood/sdaadof_ws/install/daadbot_desc/share/colcon-core/packages/daadbot_desc)
[1.548s] Level 1:colcon.colcon_core.environment:create_environment_scripts_only(daadbot_moveit)
[1.548s] Level 1:colcon.colcon_core.environment:checking '/home/maryam-mahmood/sdaadof_ws/install/daadbot_moveit' for CMake module files
[1.552s] DEBUG:colcon.colcon_core.event_handler.log_command:Invoked command in '/home/maryam-mahmood/sdaadof_ws/build/daadbot_moveit' returned '0': CMAKE_PREFIX_PATH=${CMAKE_PREFIX_PATH}:/home/maryam-mahmood/sdaadof_ws/install/some_examples_py:/opt/ros/jazzy DEBUGINFOD_URLS=https://debuginfod.ubuntu.com /usr/bin/cmake --install /home/maryam-mahmood/sdaadof_ws/build/daadbot_moveit
[1.552s] Level 1:colcon.colcon_core.environment:checking '/home/maryam-mahmood/sdaadof_ws/install/daadbot_moveit' for CMake config files
[1.552s] Level 1:colcon.colcon_core.shell:create_environment_hook('daadbot_moveit', 'cmake_prefix_path')
[1.553s] INFO:colcon.colcon_core.shell:Creating environment hook '/home/maryam-mahmood/sdaadof_ws/install/daadbot_moveit/share/daadbot_moveit/hook/cmake_prefix_path.ps1'
[1.554s] INFO:colcon.colcon_core.shell:Creating environment descriptor '/home/maryam-mahmood/sdaadof_ws/install/daadbot_moveit/share/daadbot_moveit/hook/cmake_prefix_path.dsv'
[1.555s] INFO:colcon.colcon_core.shell:Creating environment hook '/home/maryam-mahmood/sdaadof_ws/install/daadbot_moveit/share/daadbot_moveit/hook/cmake_prefix_path.sh'
[1.556s] Level 1:colcon.colcon_core.environment:checking '/home/maryam-mahmood/sdaadof_ws/install/daadbot_moveit/bin'
[1.556s] Level 1:colcon.colcon_core.environment:checking '/home/maryam-mahmood/sdaadof_ws/install/daadbot_moveit/lib/pkgconfig/daadbot_moveit.pc'
[1.556s] Level 1:colcon.colcon_core.environment:checking '/home/maryam-mahmood/sdaadof_ws/install/daadbot_moveit/lib/python3.12/site-packages'
[1.556s] Level 1:colcon.colcon_core.environment:checking '/home/maryam-mahmood/sdaadof_ws/install/daadbot_moveit/bin'
[1.557s] INFO:colcon.colcon_core.shell:Creating package script '/home/maryam-mahmood/sdaadof_ws/install/daadbot_moveit/share/daadbot_moveit/package.ps1'
[1.557s] INFO:colcon.colcon_core.shell:Creating package descriptor '/home/maryam-mahmood/sdaadof_ws/install/daadbot_moveit/share/daadbot_moveit/package.dsv'
[1.558s] INFO:colcon.colcon_core.shell:Creating package script '/home/maryam-mahmood/sdaadof_ws/install/daadbot_moveit/share/daadbot_moveit/package.sh'
[1.559s] INFO:colcon.colcon_core.shell:Creating package script '/home/maryam-mahmood/sdaadof_ws/install/daadbot_moveit/share/daadbot_moveit/package.bash'
[1.560s] INFO:colcon.colcon_core.shell:Creating package script '/home/maryam-mahmood/sdaadof_ws/install/daadbot_moveit/share/daadbot_moveit/package.zsh'
[1.561s] Level 1:colcon.colcon_core.environment:create_file_with_runtime_dependencies(/home/maryam-mahmood/sdaadof_ws/install/daadbot_moveit/share/colcon-core/packages/daadbot_moveit)
[1.562s] Level 1:colcon.colcon_core.environment:create_environment_scripts_only(daadbot_moveit)
[1.562s] Level 1:colcon.colcon_core.environment:checking '/home/maryam-mahmood/sdaadof_ws/install/daadbot_moveit' for CMake module files
[1.563s] Level 1:colcon.colcon_core.environment:checking '/home/maryam-mahmood/sdaadof_ws/install/daadbot_moveit' for CMake config files
[1.563s] Level 1:colcon.colcon_core.shell:create_environment_hook('daadbot_moveit', 'cmake_prefix_path')
[1.563s] INFO:colcon.colcon_core.shell:Creating environment hook '/home/maryam-mahmood/sdaadof_ws/install/daadbot_moveit/share/daadbot_moveit/hook/cmake_prefix_path.ps1'
[1.563s] INFO:colcon.colcon_core.shell:Creating environment descriptor '/home/maryam-mahmood/sdaadof_ws/install/daadbot_moveit/share/daadbot_moveit/hook/cmake_prefix_path.dsv'
[1.564s] INFO:colcon.colcon_core.shell:Creating environment hook '/home/maryam-mahmood/sdaadof_ws/install/daadbot_moveit/share/daadbot_moveit/hook/cmake_prefix_path.sh'
[1.564s] Level 1:colcon.colcon_core.environment:checking '/home/maryam-mahmood/sdaadof_ws/install/daadbot_moveit/bin'
[1.564s] Level 1:colcon.colcon_core.environment:checking '/home/maryam-mahmood/sdaadof_ws/install/daadbot_moveit/lib/pkgconfig/daadbot_moveit.pc'
[1.565s] Level 1:colcon.colcon_core.environment:checking '/home/maryam-mahmood/sdaadof_ws/install/daadbot_moveit/lib/python3.12/site-packages'
[1.565s] Level 1:colcon.colcon_core.environment:checking '/home/maryam-mahmood/sdaadof_ws/install/daadbot_moveit/bin'
[1.565s] INFO:colcon.colcon_core.shell:Creating package script '/home/maryam-mahmood/sdaadof_ws/install/daadbot_moveit/share/daadbot_moveit/package.ps1'
[1.566s] INFO:colcon.colcon_core.shell:Creating package descriptor '/home/maryam-mahmood/sdaadof_ws/install/daadbot_moveit/share/daadbot_moveit/package.dsv'
[1.566s] INFO:colcon.colcon_core.shell:Creating package script '/home/maryam-mahmood/sdaadof_ws/install/daadbot_moveit/share/daadbot_moveit/package.sh'
[1.567s] INFO:colcon.colcon_core.shell:Creating package script '/home/maryam-mahmood/sdaadof_ws/install/daadbot_moveit/share/daadbot_moveit/package.bash'
[1.567s] INFO:colcon.colcon_core.shell:Creating package script '/home/maryam-mahmood/sdaadof_ws/install/daadbot_moveit/share/daadbot_moveit/package.zsh'
[1.568s] Level 1:colcon.colcon_core.environment:create_file_with_runtime_dependencies(/home/maryam-mahmood/sdaadof_ws/install/daadbot_moveit/share/colcon-core/packages/daadbot_moveit)
[1.568s] Level 1:colcon.colcon_core.environment:create_environment_scripts_only(some_examples_cpp)
[1.568s] Level 1:colcon.colcon_core.environment:checking '/home/maryam-mahmood/sdaadof_ws/install/some_examples_cpp' for CMake module files
[1.569s] Level 1:colcon.colcon_core.environment:checking '/home/maryam-mahmood/sdaadof_ws/install/some_examples_cpp' for CMake config files
[1.570s] DEBUG:colcon.colcon_core.event_handler.log_command:Invoked command in '/home/maryam-mahmood/sdaadof_ws/build/some_examples_cpp' returned '0': CMAKE_PREFIX_PATH=${CMAKE_PREFIX_PATH}:/home/maryam-mahmood/sdaadof_ws/install/some_examples_py:/opt/ros/jazzy DEBUGINFOD_URLS=https://debuginfod.ubuntu.com /usr/bin/cmake --install /home/maryam-mahmood/sdaadof_ws/build/some_examples_cpp
[1.570s] Level 1:colcon.colcon_core.shell:create_environment_hook('some_examples_cpp', 'cmake_prefix_path')
[1.570s] INFO:colcon.colcon_core.shell:Creating environment hook '/home/maryam-mahmood/sdaadof_ws/install/some_examples_cpp/share/some_examples_cpp/hook/cmake_prefix_path.ps1'
[1.571s] INFO:colcon.colcon_core.shell:Creating environment descriptor '/home/maryam-mahmood/sdaadof_ws/install/some_examples_cpp/share/some_examples_cpp/hook/cmake_prefix_path.dsv'
[1.571s] INFO:colcon.colcon_core.shell:Creating environment hook '/home/maryam-mahmood/sdaadof_ws/install/some_examples_cpp/share/some_examples_cpp/hook/cmake_prefix_path.sh'
[1.572s] Level 1:colcon.colcon_core.environment:checking '/home/maryam-mahmood/sdaadof_ws/install/some_examples_cpp/lib'
[1.572s] Level 1:colcon.colcon_core.environment:checking '/home/maryam-mahmood/sdaadof_ws/install/some_examples_cpp/bin'
[1.572s] Level 1:colcon.colcon_core.environment:checking '/home/maryam-mahmood/sdaadof_ws/install/some_examples_cpp/lib/pkgconfig/some_examples_cpp.pc'
[1.573s] Level 1:colcon.colcon_core.environment:checking '/home/maryam-mahmood/sdaadof_ws/install/some_examples_cpp/lib/python3.12/site-packages'
[1.573s] Level 1:colcon.colcon_core.environment:checking '/home/maryam-mahmood/sdaadof_ws/install/some_examples_cpp/bin'
[1.573s] INFO:colcon.colcon_core.shell:Creating package script '/home/maryam-mahmood/sdaadof_ws/install/some_examples_cpp/share/some_examples_cpp/package.ps1'
[1.574s] INFO:colcon.colcon_core.shell:Creating package descriptor '/home/maryam-mahmood/sdaadof_ws/install/some_examples_cpp/share/some_examples_cpp/package.dsv'
[1.575s] INFO:colcon.colcon_core.shell:Creating package script '/home/maryam-mahmood/sdaadof_ws/install/some_examples_cpp/share/some_examples_cpp/package.sh'
[1.575s] INFO:colcon.colcon_core.shell:Creating package script '/home/maryam-mahmood/sdaadof_ws/install/some_examples_cpp/share/some_examples_cpp/package.bash'
[1.576s] INFO:colcon.colcon_core.shell:Creating package script '/home/maryam-mahmood/sdaadof_ws/install/some_examples_cpp/share/some_examples_cpp/package.zsh'
[1.576s] Level 1:colcon.colcon_core.environment:create_file_with_runtime_dependencies(/home/maryam-mahmood/sdaadof_ws/install/some_examples_cpp/share/colcon-core/packages/some_examples_cpp)
[1.576s] Level 1:colcon.colcon_core.environment:create_environment_scripts_only(some_examples_cpp)
[1.577s] Level 1:colcon.colcon_core.environment:checking '/home/maryam-mahmood/sdaadof_ws/install/some_examples_cpp' for CMake module files
[1.577s] Level 1:colcon.colcon_core.environment:checking '/home/maryam-mahmood/sdaadof_ws/install/some_examples_cpp' for CMake config files
[1.578s] Level 1:colcon.colcon_core.shell:create_environment_hook('some_examples_cpp', 'cmake_prefix_path')
[1.578s] INFO:colcon.colcon_core.shell:Creating environment hook '/home/maryam-mahmood/sdaadof_ws/install/some_examples_cpp/share/some_examples_cpp/hook/cmake_prefix_path.ps1'
[1.579s] INFO:colcon.colcon_core.shell:Creating environment descriptor '/home/maryam-mahmood/sdaadof_ws/install/some_examples_cpp/share/some_examples_cpp/hook/cmake_prefix_path.dsv'
[1.579s] INFO:colcon.colcon_core.shell:Creating environment hook '/home/maryam-mahmood/sdaadof_ws/install/some_examples_cpp/share/some_examples_cpp/hook/cmake_prefix_path.sh'
[1.580s] Level 1:colcon.colcon_core.environment:checking '/home/maryam-mahmood/sdaadof_ws/install/some_examples_cpp/lib'
[1.580s] Level 1:colcon.colcon_core.environment:checking '/home/maryam-mahmood/sdaadof_ws/install/some_examples_cpp/bin'
[1.581s] Level 1:colcon.colcon_core.environment:checking '/home/maryam-mahmood/sdaadof_ws/install/some_examples_cpp/lib/pkgconfig/some_examples_cpp.pc'
[1.581s] Level 1:colcon.colcon_core.environment:checking '/home/maryam-mahmood/sdaadof_ws/install/some_examples_cpp/lib/python3.12/site-packages'
[1.581s] Level 1:colcon.colcon_core.environment:checking '/home/maryam-mahmood/sdaadof_ws/install/some_examples_cpp/bin'
[1.581s] INFO:colcon.colcon_core.shell:Creating package script '/home/maryam-mahmood/sdaadof_ws/install/some_examples_cpp/share/some_examples_cpp/package.ps1'
[1.582s] INFO:colcon.colcon_core.shell:Creating package descriptor '/home/maryam-mahmood/sdaadof_ws/install/some_examples_cpp/share/some_examples_cpp/package.dsv'
[1.582s] INFO:colcon.colcon_core.shell:Creating package script '/home/maryam-mahmood/sdaadof_ws/install/some_examples_cpp/share/some_examples_cpp/package.sh'
[1.583s] INFO:colcon.colcon_core.shell:Creating package script '/home/maryam-mahmood/sdaadof_ws/install/some_examples_cpp/share/some_examples_cpp/package.bash'
[1.584s] INFO:colcon.colcon_core.shell:Creating package script '/home/maryam-mahmood/sdaadof_ws/install/some_examples_cpp/share/some_examples_cpp/package.zsh'
[1.584s] Level 1:colcon.colcon_core.environment:create_file_with_runtime_dependencies(/home/maryam-mahmood/sdaadof_ws/install/some_examples_cpp/share/colcon-core/packages/some_examples_cpp)
[3.011s] DEBUG:colcon.colcon_core.event_handler.log_command:Invoking command in '/home/maryam-mahmood/sdaadof_ws/src/some_examples_py': DEBUGINFOD_URLS=https://debuginfod.ubuntu.com PYTHONPATH=/home/maryam-mahmood/sdaadof_ws/build/some_examples_py/prefix_override:/usr/lib/python3/dist-packages/colcon_core/task/python/colcon_distutils_commands:/home/maryam-mahmood/sdaadof_ws/install/some_examples_py/lib/python3.12/site-packages:${PYTHONPATH} /usr/bin/python3 -W ignore:setup.py install is deprecated -W ignore:easy_install command is deprecated setup.py egg_info --egg-base ../../build/some_examples_py build --build-base /home/maryam-mahmood/sdaadof_ws/build/some_examples_py/build install --record /home/maryam-mahmood/sdaadof_ws/build/some_examples_py/install.log --single-version-externally-managed install_data
[4.403s] Level 1:colcon.colcon_core.environment:checking '/home/maryam-mahmood/sdaadof_ws/install/some_examples_py' for CMake module files
[4.405s] DEBUG:colcon.colcon_core.event_handler.log_command:Invoked command in '/home/maryam-mahmood/sdaadof_ws/src/some_examples_py' returned '0': DEBUGINFOD_URLS=https://debuginfod.ubuntu.com PYTHONPATH=/home/maryam-mahmood/sdaadof_ws/build/some_examples_py/prefix_override:/usr/lib/python3/dist-packages/colcon_core/task/python/colcon_distutils_commands:/home/maryam-mahmood/sdaadof_ws/install/some_examples_py/lib/python3.12/site-packages:${PYTHONPATH} /usr/bin/python3 -W ignore:setup.py install is deprecated -W ignore:easy_install command is deprecated setup.py egg_info --egg-base ../../build/some_examples_py build --build-base /home/maryam-mahmood/sdaadof_ws/build/some_examples_py/build install --record /home/maryam-mahmood/sdaadof_ws/build/some_examples_py/install.log --single-version-externally-managed install_data
[4.406s] Level 1:colcon.colcon_core.environment:checking '/home/maryam-mahmood/sdaadof_ws/install/some_examples_py' for CMake config files
[4.407s] Level 1:colcon.colcon_core.environment:checking '/home/maryam-mahmood/sdaadof_ws/install/some_examples_py/lib'
[4.408s] Level 1:colcon.colcon_core.environment:checking '/home/maryam-mahmood/sdaadof_ws/install/some_examples_py/bin'
[4.408s] Level 1:colcon.colcon_core.environment:checking '/home/maryam-mahmood/sdaadof_ws/install/some_examples_py/lib/pkgconfig/some_examples_py.pc'
[4.409s] Level 1:colcon.colcon_core.environment:checking '/home/maryam-mahmood/sdaadof_ws/install/some_examples_py/lib/python3.12/site-packages'
[4.409s] Level 1:colcon.colcon_core.shell:create_environment_hook('some_examples_py', 'pythonpath')
[4.410s] INFO:colcon.colcon_core.shell:Creating environment hook '/home/maryam-mahmood/sdaadof_ws/install/some_examples_py/share/some_examples_py/hook/pythonpath.ps1'
[4.412s] INFO:colcon.colcon_core.shell:Creating environment descriptor '/home/maryam-mahmood/sdaadof_ws/install/some_examples_py/share/some_examples_py/hook/pythonpath.dsv'
[4.413s] INFO:colcon.colcon_core.shell:Creating environment hook '/home/maryam-mahmood/sdaadof_ws/install/some_examples_py/share/some_examples_py/hook/pythonpath.sh'
[4.415s] Level 1:colcon.colcon_core.environment:checking '/home/maryam-mahmood/sdaadof_ws/install/some_examples_py/bin'
[4.415s] Level 1:colcon.colcon_core.environment:create_environment_scripts_only(some_examples_py)
[4.416s] INFO:colcon.colcon_core.shell:Creating package script '/home/maryam-mahmood/sdaadof_ws/install/some_examples_py/share/some_examples_py/package.ps1'
[4.417s] INFO:colcon.colcon_core.shell:Creating package descriptor '/home/maryam-mahmood/sdaadof_ws/install/some_examples_py/share/some_examples_py/package.dsv'
[4.418s] INFO:colcon.colcon_core.shell:Creating package script '/home/maryam-mahmood/sdaadof_ws/install/some_examples_py/share/some_examples_py/package.sh'
[4.419s] INFO:colcon.colcon_core.shell:Creating package script '/home/maryam-mahmood/sdaadof_ws/install/some_examples_py/share/some_examples_py/package.bash'
[4.420s] INFO:colcon.colcon_core.shell:Creating package script '/home/maryam-mahmood/sdaadof_ws/install/some_examples_py/share/some_examples_py/package.zsh'
[4.421s] Level 1:colcon.colcon_core.environment:create_file_with_runtime_dependencies(/home/maryam-mahmood/sdaadof_ws/install/some_examples_py/share/colcon-core/packages/some_examples_py)
[4.422s] DEBUG:colcon.colcon_parallel_executor.executor.parallel:closing loop
[4.422s] DEBUG:colcon.colcon_parallel_executor.executor.parallel:loop closed
[4.422s] DEBUG:colcon.colcon_parallel_executor.executor.parallel:run_until_complete finished with '0'
[4.422s] DEBUG:colcon.colcon_core.event_reactor:joining thread
[4.458s] INFO:colcon.colcon_core.plugin_system:Skipping extension 'colcon_notification.desktop_notification.terminal_notifier': Not used on non-Darwin systems
[4.458s] INFO:colcon.colcon_core.plugin_system:Skipping extension 'colcon_notification.desktop_notification.win32': Not used on non-Windows systems
[4.458s] INFO:colcon.colcon_notification.desktop_notification:Sending desktop notification using 'notify2'
[4.504s] DEBUG:colcon.colcon_core.event_reactor:joined thread
[4.504s] INFO:colcon.colcon_core.shell:Creating prefix script '/home/maryam-mahmood/sdaadof_ws/install/local_setup.ps1'
[4.505s] INFO:colcon.colcon_core.shell:Creating prefix util module '/home/maryam-mahmood/sdaadof_ws/install/_local_setup_util_ps1.py'
[4.507s] INFO:colcon.colcon_core.shell:Creating prefix chain script '/home/maryam-mahmood/sdaadof_ws/install/setup.ps1'
[4.509s] INFO:colcon.colcon_core.shell:Creating prefix script '/home/maryam-mahmood/sdaadof_ws/install/local_setup.sh'
[4.510s] INFO:colcon.colcon_core.shell:Creating prefix util module '/home/maryam-mahmood/sdaadof_ws/install/_local_setup_util_sh.py'
[4.510s] INFO:colcon.colcon_core.shell:Creating prefix chain script '/home/maryam-mahmood/sdaadof_ws/install/setup.sh'
[4.512s] INFO:colcon.colcon_core.shell:Creating prefix script '/home/maryam-mahmood/sdaadof_ws/install/local_setup.bash'
[4.512s] INFO:colcon.colcon_core.shell:Creating prefix chain script '/home/maryam-mahmood/sdaadof_ws/install/setup.bash'
[4.514s] INFO:colcon.colcon_core.shell:Creating prefix script '/home/maryam-mahmood/sdaadof_ws/install/local_setup.zsh'
[4.514s] INFO:colcon.colcon_core.shell:Creating prefix chain script '/home/maryam-mahmood/sdaadof_ws/install/setup.zsh'
